[2022-07-31 06:56:47,090] {processor.py:153} INFO - Started process (PID=61) to work on /home/airflow/.local/lib/python3.7/site-packages/airflow/example_dags/example_local_kubernetes_executor.py
[2022-07-31 06:56:47,093] {processor.py:641} INFO - Processing file /home/airflow/.local/lib/python3.7/site-packages/airflow/example_dags/example_local_kubernetes_executor.py for tasks to queue
[2022-07-31 06:56:47,096] {logging_mixin.py:115} INFO - [2022-07-31 06:56:47,096] {dagbag.py:508} INFO - Filling up the DagBag from /home/airflow/.local/lib/python3.7/site-packages/airflow/example_dags/example_local_kubernetes_executor.py
[2022-07-31 06:56:47,160] {processor.py:651} INFO - DAG(s) dict_keys(['example_local_kubernetes_executor']) retrieved from /home/airflow/.local/lib/python3.7/site-packages/airflow/example_dags/example_local_kubernetes_executor.py
[2022-07-31 06:56:47,673] {logging_mixin.py:115} INFO - [2022-07-31 06:56:47,673] {manager.py:508} INFO - Created Permission View: can edit on DAG:example_local_kubernetes_executor
[2022-07-31 06:56:47,731] {logging_mixin.py:115} INFO - [2022-07-31 06:56:47,731] {manager.py:508} INFO - Created Permission View: can read on DAG:example_local_kubernetes_executor
[2022-07-31 06:56:48,322] {logging_mixin.py:115} INFO - [2022-07-31 06:56:48,322] {manager.py:508} INFO - Created Permission View: can delete on DAG:example_local_kubernetes_executor
[2022-07-31 06:56:48,325] {logging_mixin.py:115} INFO - [2022-07-31 06:56:48,325] {dag.py:2420} INFO - Sync 1 DAGs
[2022-07-31 06:56:48,864] {logging_mixin.py:115} INFO - [2022-07-31 06:56:48,864] {dag.py:2439} INFO - Creating ORM DAG for example_local_kubernetes_executor
[2022-07-31 06:56:48,955] {logging_mixin.py:115} INFO - [2022-07-31 06:56:48,955] {dag.py:2972} INFO - Setting next_dagrun for example_local_kubernetes_executor to None, run_after=None
[2022-07-31 06:56:51,027] {processor.py:161} INFO - Processing /home/airflow/.local/lib/python3.7/site-packages/airflow/example_dags/example_local_kubernetes_executor.py took 3.941 seconds
[2022-07-31 06:57:21,686] {processor.py:153} INFO - Started process (PID=113) to work on /home/airflow/.local/lib/python3.7/site-packages/airflow/example_dags/example_local_kubernetes_executor.py
[2022-07-31 06:57:21,687] {processor.py:641} INFO - Processing file /home/airflow/.local/lib/python3.7/site-packages/airflow/example_dags/example_local_kubernetes_executor.py for tasks to queue
[2022-07-31 06:57:21,687] {logging_mixin.py:115} INFO - [2022-07-31 06:57:21,687] {dagbag.py:508} INFO - Filling up the DagBag from /home/airflow/.local/lib/python3.7/site-packages/airflow/example_dags/example_local_kubernetes_executor.py
[2022-07-31 06:57:21,713] {processor.py:651} INFO - DAG(s) dict_keys(['example_local_kubernetes_executor']) retrieved from /home/airflow/.local/lib/python3.7/site-packages/airflow/example_dags/example_local_kubernetes_executor.py
[2022-07-31 06:57:21,752] {logging_mixin.py:115} INFO - [2022-07-31 06:57:21,752] {dag.py:2420} INFO - Sync 1 DAGs
[2022-07-31 06:57:21,778] {logging_mixin.py:115} INFO - [2022-07-31 06:57:21,778] {dag.py:2972} INFO - Setting next_dagrun for example_local_kubernetes_executor to None, run_after=None
[2022-07-31 06:57:21,792] {processor.py:161} INFO - Processing /home/airflow/.local/lib/python3.7/site-packages/airflow/example_dags/example_local_kubernetes_executor.py took 0.111 seconds
[2022-07-31 06:57:51,979] {processor.py:153} INFO - Started process (PID=165) to work on /home/airflow/.local/lib/python3.7/site-packages/airflow/example_dags/example_local_kubernetes_executor.py
[2022-07-31 06:57:51,979] {processor.py:641} INFO - Processing file /home/airflow/.local/lib/python3.7/site-packages/airflow/example_dags/example_local_kubernetes_executor.py for tasks to queue
[2022-07-31 06:57:51,980] {logging_mixin.py:115} INFO - [2022-07-31 06:57:51,980] {dagbag.py:508} INFO - Filling up the DagBag from /home/airflow/.local/lib/python3.7/site-packages/airflow/example_dags/example_local_kubernetes_executor.py
[2022-07-31 06:57:52,006] {processor.py:651} INFO - DAG(s) dict_keys(['example_local_kubernetes_executor']) retrieved from /home/airflow/.local/lib/python3.7/site-packages/airflow/example_dags/example_local_kubernetes_executor.py
[2022-07-31 06:57:52,035] {logging_mixin.py:115} INFO - [2022-07-31 06:57:52,035] {dag.py:2420} INFO - Sync 1 DAGs
[2022-07-31 06:57:52,063] {logging_mixin.py:115} INFO - [2022-07-31 06:57:52,063] {dag.py:2972} INFO - Setting next_dagrun for example_local_kubernetes_executor to None, run_after=None
[2022-07-31 06:57:52,078] {processor.py:161} INFO - Processing /home/airflow/.local/lib/python3.7/site-packages/airflow/example_dags/example_local_kubernetes_executor.py took 0.104 seconds
[2022-07-31 06:58:22,691] {processor.py:153} INFO - Started process (PID=226) to work on /home/airflow/.local/lib/python3.7/site-packages/airflow/example_dags/example_local_kubernetes_executor.py
[2022-07-31 06:58:22,693] {processor.py:641} INFO - Processing file /home/airflow/.local/lib/python3.7/site-packages/airflow/example_dags/example_local_kubernetes_executor.py for tasks to queue
[2022-07-31 06:58:22,695] {logging_mixin.py:115} INFO - [2022-07-31 06:58:22,695] {dagbag.py:508} INFO - Filling up the DagBag from /home/airflow/.local/lib/python3.7/site-packages/airflow/example_dags/example_local_kubernetes_executor.py
[2022-07-31 06:58:22,725] {processor.py:651} INFO - DAG(s) dict_keys(['example_local_kubernetes_executor']) retrieved from /home/airflow/.local/lib/python3.7/site-packages/airflow/example_dags/example_local_kubernetes_executor.py
[2022-07-31 06:58:22,759] {logging_mixin.py:115} INFO - [2022-07-31 06:58:22,759] {dag.py:2420} INFO - Sync 1 DAGs
[2022-07-31 06:58:22,788] {logging_mixin.py:115} INFO - [2022-07-31 06:58:22,788] {dag.py:2972} INFO - Setting next_dagrun for example_local_kubernetes_executor to None, run_after=None
[2022-07-31 06:58:22,806] {processor.py:161} INFO - Processing /home/airflow/.local/lib/python3.7/site-packages/airflow/example_dags/example_local_kubernetes_executor.py took 0.134 seconds
[2022-07-31 06:58:52,969] {processor.py:153} INFO - Started process (PID=278) to work on /home/airflow/.local/lib/python3.7/site-packages/airflow/example_dags/example_local_kubernetes_executor.py
[2022-07-31 06:58:52,970] {processor.py:641} INFO - Processing file /home/airflow/.local/lib/python3.7/site-packages/airflow/example_dags/example_local_kubernetes_executor.py for tasks to queue
[2022-07-31 06:58:52,971] {logging_mixin.py:115} INFO - [2022-07-31 06:58:52,971] {dagbag.py:508} INFO - Filling up the DagBag from /home/airflow/.local/lib/python3.7/site-packages/airflow/example_dags/example_local_kubernetes_executor.py
[2022-07-31 06:58:53,002] {processor.py:651} INFO - DAG(s) dict_keys(['example_local_kubernetes_executor']) retrieved from /home/airflow/.local/lib/python3.7/site-packages/airflow/example_dags/example_local_kubernetes_executor.py
[2022-07-31 06:58:53,047] {logging_mixin.py:115} INFO - [2022-07-31 06:58:53,047] {dag.py:2420} INFO - Sync 1 DAGs
[2022-07-31 06:58:53,102] {logging_mixin.py:115} INFO - [2022-07-31 06:58:53,102] {dag.py:2972} INFO - Setting next_dagrun for example_local_kubernetes_executor to None, run_after=None
[2022-07-31 06:58:53,125] {processor.py:161} INFO - Processing /home/airflow/.local/lib/python3.7/site-packages/airflow/example_dags/example_local_kubernetes_executor.py took 0.162 seconds
[2022-07-31 06:59:23,428] {processor.py:153} INFO - Started process (PID=339) to work on /home/airflow/.local/lib/python3.7/site-packages/airflow/example_dags/example_local_kubernetes_executor.py
[2022-07-31 06:59:23,429] {processor.py:641} INFO - Processing file /home/airflow/.local/lib/python3.7/site-packages/airflow/example_dags/example_local_kubernetes_executor.py for tasks to queue
[2022-07-31 06:59:23,430] {logging_mixin.py:115} INFO - [2022-07-31 06:59:23,430] {dagbag.py:508} INFO - Filling up the DagBag from /home/airflow/.local/lib/python3.7/site-packages/airflow/example_dags/example_local_kubernetes_executor.py
[2022-07-31 06:59:23,455] {processor.py:651} INFO - DAG(s) dict_keys(['example_local_kubernetes_executor']) retrieved from /home/airflow/.local/lib/python3.7/site-packages/airflow/example_dags/example_local_kubernetes_executor.py
[2022-07-31 06:59:23,483] {logging_mixin.py:115} INFO - [2022-07-31 06:59:23,483] {dag.py:2420} INFO - Sync 1 DAGs
[2022-07-31 06:59:23,509] {logging_mixin.py:115} INFO - [2022-07-31 06:59:23,508] {dag.py:2972} INFO - Setting next_dagrun for example_local_kubernetes_executor to None, run_after=None
[2022-07-31 06:59:23,536] {processor.py:161} INFO - Processing /home/airflow/.local/lib/python3.7/site-packages/airflow/example_dags/example_local_kubernetes_executor.py took 0.123 seconds
[2022-07-31 06:59:54,375] {processor.py:153} INFO - Started process (PID=400) to work on /home/airflow/.local/lib/python3.7/site-packages/airflow/example_dags/example_local_kubernetes_executor.py
[2022-07-31 06:59:54,376] {processor.py:641} INFO - Processing file /home/airflow/.local/lib/python3.7/site-packages/airflow/example_dags/example_local_kubernetes_executor.py for tasks to queue
[2022-07-31 06:59:54,377] {logging_mixin.py:115} INFO - [2022-07-31 06:59:54,377] {dagbag.py:508} INFO - Filling up the DagBag from /home/airflow/.local/lib/python3.7/site-packages/airflow/example_dags/example_local_kubernetes_executor.py
[2022-07-31 06:59:54,402] {processor.py:651} INFO - DAG(s) dict_keys(['example_local_kubernetes_executor']) retrieved from /home/airflow/.local/lib/python3.7/site-packages/airflow/example_dags/example_local_kubernetes_executor.py
[2022-07-31 06:59:54,429] {logging_mixin.py:115} INFO - [2022-07-31 06:59:54,429] {dag.py:2420} INFO - Sync 1 DAGs
[2022-07-31 06:59:54,453] {logging_mixin.py:115} INFO - [2022-07-31 06:59:54,453] {dag.py:2972} INFO - Setting next_dagrun for example_local_kubernetes_executor to None, run_after=None
[2022-07-31 06:59:54,466] {processor.py:161} INFO - Processing /home/airflow/.local/lib/python3.7/site-packages/airflow/example_dags/example_local_kubernetes_executor.py took 0.100 seconds
[2022-07-31 07:00:24,949] {processor.py:153} INFO - Started process (PID=453) to work on /home/airflow/.local/lib/python3.7/site-packages/airflow/example_dags/example_local_kubernetes_executor.py
[2022-07-31 07:00:24,951] {processor.py:641} INFO - Processing file /home/airflow/.local/lib/python3.7/site-packages/airflow/example_dags/example_local_kubernetes_executor.py for tasks to queue
[2022-07-31 07:00:24,952] {logging_mixin.py:115} INFO - [2022-07-31 07:00:24,952] {dagbag.py:508} INFO - Filling up the DagBag from /home/airflow/.local/lib/python3.7/site-packages/airflow/example_dags/example_local_kubernetes_executor.py
[2022-07-31 07:00:24,978] {processor.py:651} INFO - DAG(s) dict_keys(['example_local_kubernetes_executor']) retrieved from /home/airflow/.local/lib/python3.7/site-packages/airflow/example_dags/example_local_kubernetes_executor.py
[2022-07-31 07:00:25,030] {logging_mixin.py:115} INFO - [2022-07-31 07:00:25,030] {dag.py:2420} INFO - Sync 1 DAGs
[2022-07-31 07:00:25,066] {logging_mixin.py:115} INFO - [2022-07-31 07:00:25,066] {dag.py:2972} INFO - Setting next_dagrun for example_local_kubernetes_executor to None, run_after=None
[2022-07-31 07:00:25,086] {processor.py:161} INFO - Processing /home/airflow/.local/lib/python3.7/site-packages/airflow/example_dags/example_local_kubernetes_executor.py took 0.143 seconds
[2022-07-31 07:00:55,824] {processor.py:153} INFO - Started process (PID=514) to work on /home/airflow/.local/lib/python3.7/site-packages/airflow/example_dags/example_local_kubernetes_executor.py
[2022-07-31 07:00:55,825] {processor.py:641} INFO - Processing file /home/airflow/.local/lib/python3.7/site-packages/airflow/example_dags/example_local_kubernetes_executor.py for tasks to queue
[2022-07-31 07:00:55,827] {logging_mixin.py:115} INFO - [2022-07-31 07:00:55,827] {dagbag.py:508} INFO - Filling up the DagBag from /home/airflow/.local/lib/python3.7/site-packages/airflow/example_dags/example_local_kubernetes_executor.py
[2022-07-31 07:00:55,857] {processor.py:651} INFO - DAG(s) dict_keys(['example_local_kubernetes_executor']) retrieved from /home/airflow/.local/lib/python3.7/site-packages/airflow/example_dags/example_local_kubernetes_executor.py
[2022-07-31 07:00:55,898] {logging_mixin.py:115} INFO - [2022-07-31 07:00:55,898] {dag.py:2420} INFO - Sync 1 DAGs
[2022-07-31 07:00:55,934] {logging_mixin.py:115} INFO - [2022-07-31 07:00:55,934] {dag.py:2972} INFO - Setting next_dagrun for example_local_kubernetes_executor to None, run_after=None
[2022-07-31 07:00:55,952] {processor.py:161} INFO - Processing /home/airflow/.local/lib/python3.7/site-packages/airflow/example_dags/example_local_kubernetes_executor.py took 0.140 seconds
[2022-07-31 07:01:26,910] {processor.py:153} INFO - Started process (PID=573) to work on /home/airflow/.local/lib/python3.7/site-packages/airflow/example_dags/example_local_kubernetes_executor.py
[2022-07-31 07:01:26,911] {processor.py:641} INFO - Processing file /home/airflow/.local/lib/python3.7/site-packages/airflow/example_dags/example_local_kubernetes_executor.py for tasks to queue
[2022-07-31 07:01:26,911] {logging_mixin.py:115} INFO - [2022-07-31 07:01:26,911] {dagbag.py:508} INFO - Filling up the DagBag from /home/airflow/.local/lib/python3.7/site-packages/airflow/example_dags/example_local_kubernetes_executor.py
[2022-07-31 07:01:26,946] {processor.py:651} INFO - DAG(s) dict_keys(['example_local_kubernetes_executor']) retrieved from /home/airflow/.local/lib/python3.7/site-packages/airflow/example_dags/example_local_kubernetes_executor.py
[2022-07-31 07:01:26,977] {logging_mixin.py:115} INFO - [2022-07-31 07:01:26,977] {dag.py:2420} INFO - Sync 1 DAGs
[2022-07-31 07:01:27,005] {logging_mixin.py:115} INFO - [2022-07-31 07:01:27,004] {dag.py:2972} INFO - Setting next_dagrun for example_local_kubernetes_executor to None, run_after=None
[2022-07-31 07:01:27,022] {processor.py:161} INFO - Processing /home/airflow/.local/lib/python3.7/site-packages/airflow/example_dags/example_local_kubernetes_executor.py took 0.116 seconds
[2022-07-31 07:01:57,412] {processor.py:153} INFO - Started process (PID=627) to work on /home/airflow/.local/lib/python3.7/site-packages/airflow/example_dags/example_local_kubernetes_executor.py
[2022-07-31 07:01:57,413] {processor.py:641} INFO - Processing file /home/airflow/.local/lib/python3.7/site-packages/airflow/example_dags/example_local_kubernetes_executor.py for tasks to queue
[2022-07-31 07:01:57,414] {logging_mixin.py:115} INFO - [2022-07-31 07:01:57,414] {dagbag.py:508} INFO - Filling up the DagBag from /home/airflow/.local/lib/python3.7/site-packages/airflow/example_dags/example_local_kubernetes_executor.py
[2022-07-31 07:01:57,444] {processor.py:651} INFO - DAG(s) dict_keys(['example_local_kubernetes_executor']) retrieved from /home/airflow/.local/lib/python3.7/site-packages/airflow/example_dags/example_local_kubernetes_executor.py
[2022-07-31 07:01:57,476] {logging_mixin.py:115} INFO - [2022-07-31 07:01:57,475] {dag.py:2420} INFO - Sync 1 DAGs
[2022-07-31 07:01:57,501] {logging_mixin.py:115} INFO - [2022-07-31 07:01:57,501] {dag.py:2972} INFO - Setting next_dagrun for example_local_kubernetes_executor to None, run_after=None
[2022-07-31 07:01:57,514] {processor.py:161} INFO - Processing /home/airflow/.local/lib/python3.7/site-packages/airflow/example_dags/example_local_kubernetes_executor.py took 0.108 seconds
[2022-07-31 07:02:27,905] {processor.py:153} INFO - Started process (PID=688) to work on /home/airflow/.local/lib/python3.7/site-packages/airflow/example_dags/example_local_kubernetes_executor.py
[2022-07-31 07:02:27,906] {processor.py:641} INFO - Processing file /home/airflow/.local/lib/python3.7/site-packages/airflow/example_dags/example_local_kubernetes_executor.py for tasks to queue
[2022-07-31 07:02:27,909] {logging_mixin.py:115} INFO - [2022-07-31 07:02:27,908] {dagbag.py:508} INFO - Filling up the DagBag from /home/airflow/.local/lib/python3.7/site-packages/airflow/example_dags/example_local_kubernetes_executor.py
[2022-07-31 07:02:27,953] {processor.py:651} INFO - DAG(s) dict_keys(['example_local_kubernetes_executor']) retrieved from /home/airflow/.local/lib/python3.7/site-packages/airflow/example_dags/example_local_kubernetes_executor.py
[2022-07-31 07:02:28,021] {logging_mixin.py:115} INFO - [2022-07-31 07:02:28,021] {dag.py:2420} INFO - Sync 1 DAGs
[2022-07-31 07:02:28,082] {logging_mixin.py:115} INFO - [2022-07-31 07:02:28,082] {dag.py:2972} INFO - Setting next_dagrun for example_local_kubernetes_executor to None, run_after=None
[2022-07-31 07:02:28,124] {processor.py:161} INFO - Processing /home/airflow/.local/lib/python3.7/site-packages/airflow/example_dags/example_local_kubernetes_executor.py took 0.229 seconds
[2022-07-31 07:02:58,513] {processor.py:153} INFO - Started process (PID=740) to work on /home/airflow/.local/lib/python3.7/site-packages/airflow/example_dags/example_local_kubernetes_executor.py
[2022-07-31 07:02:58,514] {processor.py:641} INFO - Processing file /home/airflow/.local/lib/python3.7/site-packages/airflow/example_dags/example_local_kubernetes_executor.py for tasks to queue
[2022-07-31 07:02:58,515] {logging_mixin.py:115} INFO - [2022-07-31 07:02:58,515] {dagbag.py:508} INFO - Filling up the DagBag from /home/airflow/.local/lib/python3.7/site-packages/airflow/example_dags/example_local_kubernetes_executor.py
[2022-07-31 07:02:58,546] {processor.py:651} INFO - DAG(s) dict_keys(['example_local_kubernetes_executor']) retrieved from /home/airflow/.local/lib/python3.7/site-packages/airflow/example_dags/example_local_kubernetes_executor.py
[2022-07-31 07:02:58,597] {logging_mixin.py:115} INFO - [2022-07-31 07:02:58,597] {dag.py:2420} INFO - Sync 1 DAGs
[2022-07-31 07:02:58,638] {logging_mixin.py:115} INFO - [2022-07-31 07:02:58,638] {dag.py:2972} INFO - Setting next_dagrun for example_local_kubernetes_executor to None, run_after=None
[2022-07-31 07:02:58,666] {processor.py:161} INFO - Processing /home/airflow/.local/lib/python3.7/site-packages/airflow/example_dags/example_local_kubernetes_executor.py took 0.161 seconds
[2022-07-31 07:03:28,756] {processor.py:153} INFO - Started process (PID=792) to work on /home/airflow/.local/lib/python3.7/site-packages/airflow/example_dags/example_local_kubernetes_executor.py
[2022-07-31 07:03:28,757] {processor.py:641} INFO - Processing file /home/airflow/.local/lib/python3.7/site-packages/airflow/example_dags/example_local_kubernetes_executor.py for tasks to queue
[2022-07-31 07:03:28,758] {logging_mixin.py:115} INFO - [2022-07-31 07:03:28,757] {dagbag.py:508} INFO - Filling up the DagBag from /home/airflow/.local/lib/python3.7/site-packages/airflow/example_dags/example_local_kubernetes_executor.py
[2022-07-31 07:03:28,798] {processor.py:651} INFO - DAG(s) dict_keys(['example_local_kubernetes_executor']) retrieved from /home/airflow/.local/lib/python3.7/site-packages/airflow/example_dags/example_local_kubernetes_executor.py
[2022-07-31 07:03:28,853] {logging_mixin.py:115} INFO - [2022-07-31 07:03:28,853] {dag.py:2420} INFO - Sync 1 DAGs
[2022-07-31 07:03:28,897] {logging_mixin.py:115} INFO - [2022-07-31 07:03:28,896] {dag.py:2972} INFO - Setting next_dagrun for example_local_kubernetes_executor to None, run_after=None
[2022-07-31 07:03:28,921] {processor.py:161} INFO - Processing /home/airflow/.local/lib/python3.7/site-packages/airflow/example_dags/example_local_kubernetes_executor.py took 0.174 seconds
[2022-07-31 07:03:59,554] {processor.py:153} INFO - Started process (PID=853) to work on /home/airflow/.local/lib/python3.7/site-packages/airflow/example_dags/example_local_kubernetes_executor.py
[2022-07-31 07:03:59,555] {processor.py:641} INFO - Processing file /home/airflow/.local/lib/python3.7/site-packages/airflow/example_dags/example_local_kubernetes_executor.py for tasks to queue
[2022-07-31 07:03:59,556] {logging_mixin.py:115} INFO - [2022-07-31 07:03:59,556] {dagbag.py:508} INFO - Filling up the DagBag from /home/airflow/.local/lib/python3.7/site-packages/airflow/example_dags/example_local_kubernetes_executor.py
[2022-07-31 07:03:59,580] {processor.py:651} INFO - DAG(s) dict_keys(['example_local_kubernetes_executor']) retrieved from /home/airflow/.local/lib/python3.7/site-packages/airflow/example_dags/example_local_kubernetes_executor.py
[2022-07-31 07:03:59,610] {logging_mixin.py:115} INFO - [2022-07-31 07:03:59,610] {dag.py:2420} INFO - Sync 1 DAGs
[2022-07-31 07:03:59,639] {logging_mixin.py:115} INFO - [2022-07-31 07:03:59,639] {dag.py:2972} INFO - Setting next_dagrun for example_local_kubernetes_executor to None, run_after=None
[2022-07-31 07:03:59,655] {processor.py:161} INFO - Processing /home/airflow/.local/lib/python3.7/site-packages/airflow/example_dags/example_local_kubernetes_executor.py took 0.107 seconds
[2022-07-31 07:04:30,535] {processor.py:153} INFO - Started process (PID=905) to work on /home/airflow/.local/lib/python3.7/site-packages/airflow/example_dags/example_local_kubernetes_executor.py
[2022-07-31 07:04:30,536] {processor.py:641} INFO - Processing file /home/airflow/.local/lib/python3.7/site-packages/airflow/example_dags/example_local_kubernetes_executor.py for tasks to queue
[2022-07-31 07:04:30,537] {logging_mixin.py:115} INFO - [2022-07-31 07:04:30,537] {dagbag.py:508} INFO - Filling up the DagBag from /home/airflow/.local/lib/python3.7/site-packages/airflow/example_dags/example_local_kubernetes_executor.py
[2022-07-31 07:04:30,560] {processor.py:651} INFO - DAG(s) dict_keys(['example_local_kubernetes_executor']) retrieved from /home/airflow/.local/lib/python3.7/site-packages/airflow/example_dags/example_local_kubernetes_executor.py
[2022-07-31 07:04:30,598] {logging_mixin.py:115} INFO - [2022-07-31 07:04:30,598] {dag.py:2420} INFO - Sync 1 DAGs
[2022-07-31 07:04:30,624] {logging_mixin.py:115} INFO - [2022-07-31 07:04:30,624] {dag.py:2972} INFO - Setting next_dagrun for example_local_kubernetes_executor to None, run_after=None
[2022-07-31 07:04:30,638] {processor.py:161} INFO - Processing /home/airflow/.local/lib/python3.7/site-packages/airflow/example_dags/example_local_kubernetes_executor.py took 0.108 seconds
[2022-07-31 07:05:01,088] {processor.py:153} INFO - Started process (PID=966) to work on /home/airflow/.local/lib/python3.7/site-packages/airflow/example_dags/example_local_kubernetes_executor.py
[2022-07-31 07:05:01,090] {processor.py:641} INFO - Processing file /home/airflow/.local/lib/python3.7/site-packages/airflow/example_dags/example_local_kubernetes_executor.py for tasks to queue
[2022-07-31 07:05:01,092] {logging_mixin.py:115} INFO - [2022-07-31 07:05:01,092] {dagbag.py:508} INFO - Filling up the DagBag from /home/airflow/.local/lib/python3.7/site-packages/airflow/example_dags/example_local_kubernetes_executor.py
[2022-07-31 07:05:01,153] {processor.py:651} INFO - DAG(s) dict_keys(['example_local_kubernetes_executor']) retrieved from /home/airflow/.local/lib/python3.7/site-packages/airflow/example_dags/example_local_kubernetes_executor.py
[2022-07-31 07:05:01,191] {logging_mixin.py:115} INFO - [2022-07-31 07:05:01,191] {dag.py:2420} INFO - Sync 1 DAGs
[2022-07-31 07:05:01,220] {logging_mixin.py:115} INFO - [2022-07-31 07:05:01,220] {dag.py:2972} INFO - Setting next_dagrun for example_local_kubernetes_executor to None, run_after=None
[2022-07-31 07:05:01,234] {processor.py:161} INFO - Processing /home/airflow/.local/lib/python3.7/site-packages/airflow/example_dags/example_local_kubernetes_executor.py took 0.155 seconds
[2022-07-31 07:05:31,880] {processor.py:153} INFO - Started process (PID=1028) to work on /home/airflow/.local/lib/python3.7/site-packages/airflow/example_dags/example_local_kubernetes_executor.py
[2022-07-31 07:05:31,881] {processor.py:641} INFO - Processing file /home/airflow/.local/lib/python3.7/site-packages/airflow/example_dags/example_local_kubernetes_executor.py for tasks to queue
[2022-07-31 07:05:31,882] {logging_mixin.py:115} INFO - [2022-07-31 07:05:31,882] {dagbag.py:508} INFO - Filling up the DagBag from /home/airflow/.local/lib/python3.7/site-packages/airflow/example_dags/example_local_kubernetes_executor.py
[2022-07-31 07:05:31,909] {processor.py:651} INFO - DAG(s) dict_keys(['example_local_kubernetes_executor']) retrieved from /home/airflow/.local/lib/python3.7/site-packages/airflow/example_dags/example_local_kubernetes_executor.py
[2022-07-31 07:05:31,948] {logging_mixin.py:115} INFO - [2022-07-31 07:05:31,948] {dag.py:2420} INFO - Sync 1 DAGs
[2022-07-31 07:05:31,974] {logging_mixin.py:115} INFO - [2022-07-31 07:05:31,974] {dag.py:2972} INFO - Setting next_dagrun for example_local_kubernetes_executor to None, run_after=None
[2022-07-31 07:05:31,988] {processor.py:161} INFO - Processing /home/airflow/.local/lib/python3.7/site-packages/airflow/example_dags/example_local_kubernetes_executor.py took 0.115 seconds
[2022-07-31 07:06:02,308] {processor.py:153} INFO - Started process (PID=1080) to work on /home/airflow/.local/lib/python3.7/site-packages/airflow/example_dags/example_local_kubernetes_executor.py
[2022-07-31 07:06:02,308] {processor.py:641} INFO - Processing file /home/airflow/.local/lib/python3.7/site-packages/airflow/example_dags/example_local_kubernetes_executor.py for tasks to queue
[2022-07-31 07:06:02,309] {logging_mixin.py:115} INFO - [2022-07-31 07:06:02,309] {dagbag.py:508} INFO - Filling up the DagBag from /home/airflow/.local/lib/python3.7/site-packages/airflow/example_dags/example_local_kubernetes_executor.py
[2022-07-31 07:06:02,330] {processor.py:651} INFO - DAG(s) dict_keys(['example_local_kubernetes_executor']) retrieved from /home/airflow/.local/lib/python3.7/site-packages/airflow/example_dags/example_local_kubernetes_executor.py
[2022-07-31 07:06:02,358] {logging_mixin.py:115} INFO - [2022-07-31 07:06:02,358] {dag.py:2420} INFO - Sync 1 DAGs
[2022-07-31 07:06:02,383] {logging_mixin.py:115} INFO - [2022-07-31 07:06:02,383] {dag.py:2972} INFO - Setting next_dagrun for example_local_kubernetes_executor to None, run_after=None
[2022-07-31 07:06:02,396] {processor.py:161} INFO - Processing /home/airflow/.local/lib/python3.7/site-packages/airflow/example_dags/example_local_kubernetes_executor.py took 0.092 seconds
[2022-07-31 07:06:32,673] {processor.py:153} INFO - Started process (PID=1142) to work on /home/airflow/.local/lib/python3.7/site-packages/airflow/example_dags/example_local_kubernetes_executor.py
[2022-07-31 07:06:32,673] {processor.py:641} INFO - Processing file /home/airflow/.local/lib/python3.7/site-packages/airflow/example_dags/example_local_kubernetes_executor.py for tasks to queue
[2022-07-31 07:06:32,674] {logging_mixin.py:115} INFO - [2022-07-31 07:06:32,674] {dagbag.py:508} INFO - Filling up the DagBag from /home/airflow/.local/lib/python3.7/site-packages/airflow/example_dags/example_local_kubernetes_executor.py
[2022-07-31 07:06:32,702] {processor.py:651} INFO - DAG(s) dict_keys(['example_local_kubernetes_executor']) retrieved from /home/airflow/.local/lib/python3.7/site-packages/airflow/example_dags/example_local_kubernetes_executor.py
[2022-07-31 07:06:32,735] {logging_mixin.py:115} INFO - [2022-07-31 07:06:32,735] {dag.py:2420} INFO - Sync 1 DAGs
[2022-07-31 07:06:32,760] {logging_mixin.py:115} INFO - [2022-07-31 07:06:32,760] {dag.py:2972} INFO - Setting next_dagrun for example_local_kubernetes_executor to None, run_after=None
[2022-07-31 07:06:32,774] {processor.py:161} INFO - Processing /home/airflow/.local/lib/python3.7/site-packages/airflow/example_dags/example_local_kubernetes_executor.py took 0.108 seconds
[2022-07-31 07:07:02,893] {processor.py:153} INFO - Started process (PID=1203) to work on /home/airflow/.local/lib/python3.7/site-packages/airflow/example_dags/example_local_kubernetes_executor.py
[2022-07-31 07:07:02,894] {processor.py:641} INFO - Processing file /home/airflow/.local/lib/python3.7/site-packages/airflow/example_dags/example_local_kubernetes_executor.py for tasks to queue
[2022-07-31 07:07:02,896] {logging_mixin.py:115} INFO - [2022-07-31 07:07:02,896] {dagbag.py:508} INFO - Filling up the DagBag from /home/airflow/.local/lib/python3.7/site-packages/airflow/example_dags/example_local_kubernetes_executor.py
[2022-07-31 07:07:02,927] {processor.py:651} INFO - DAG(s) dict_keys(['example_local_kubernetes_executor']) retrieved from /home/airflow/.local/lib/python3.7/site-packages/airflow/example_dags/example_local_kubernetes_executor.py
[2022-07-31 07:07:02,959] {logging_mixin.py:115} INFO - [2022-07-31 07:07:02,959] {dag.py:2420} INFO - Sync 1 DAGs
[2022-07-31 07:07:02,994] {logging_mixin.py:115} INFO - [2022-07-31 07:07:02,994] {dag.py:2972} INFO - Setting next_dagrun for example_local_kubernetes_executor to None, run_after=None
[2022-07-31 07:07:03,008] {processor.py:161} INFO - Processing /home/airflow/.local/lib/python3.7/site-packages/airflow/example_dags/example_local_kubernetes_executor.py took 0.128 seconds
[2022-07-31 07:07:33,574] {processor.py:153} INFO - Started process (PID=1255) to work on /home/airflow/.local/lib/python3.7/site-packages/airflow/example_dags/example_local_kubernetes_executor.py
[2022-07-31 07:07:33,575] {processor.py:641} INFO - Processing file /home/airflow/.local/lib/python3.7/site-packages/airflow/example_dags/example_local_kubernetes_executor.py for tasks to queue
[2022-07-31 07:07:33,577] {logging_mixin.py:115} INFO - [2022-07-31 07:07:33,576] {dagbag.py:508} INFO - Filling up the DagBag from /home/airflow/.local/lib/python3.7/site-packages/airflow/example_dags/example_local_kubernetes_executor.py
[2022-07-31 07:07:33,609] {processor.py:651} INFO - DAG(s) dict_keys(['example_local_kubernetes_executor']) retrieved from /home/airflow/.local/lib/python3.7/site-packages/airflow/example_dags/example_local_kubernetes_executor.py
[2022-07-31 07:07:33,638] {logging_mixin.py:115} INFO - [2022-07-31 07:07:33,638] {dag.py:2420} INFO - Sync 1 DAGs
[2022-07-31 07:07:33,662] {logging_mixin.py:115} INFO - [2022-07-31 07:07:33,662] {dag.py:2972} INFO - Setting next_dagrun for example_local_kubernetes_executor to None, run_after=None
[2022-07-31 07:07:33,676] {processor.py:161} INFO - Processing /home/airflow/.local/lib/python3.7/site-packages/airflow/example_dags/example_local_kubernetes_executor.py took 0.109 seconds
