[2022-07-31 06:56:46,257] {processor.py:153} INFO - Started process (PID=56) to work on /home/airflow/.local/lib/python3.7/site-packages/airflow/example_dags/example_external_task_marker_dag.py
[2022-07-31 06:56:46,269] {processor.py:641} INFO - Processing file /home/airflow/.local/lib/python3.7/site-packages/airflow/example_dags/example_external_task_marker_dag.py for tasks to queue
[2022-07-31 06:56:46,270] {logging_mixin.py:115} INFO - [2022-07-31 06:56:46,269] {dagbag.py:508} INFO - Filling up the DagBag from /home/airflow/.local/lib/python3.7/site-packages/airflow/example_dags/example_external_task_marker_dag.py
[2022-07-31 06:56:46,277] {processor.py:651} INFO - DAG(s) dict_keys(['example_external_task_marker_parent', 'example_external_task_marker_child']) retrieved from /home/airflow/.local/lib/python3.7/site-packages/airflow/example_dags/example_external_task_marker_dag.py
[2022-07-31 06:56:46,659] {logging_mixin.py:115} INFO - [2022-07-31 06:56:46,659] {manager.py:508} INFO - Created Permission View: can edit on DAG:example_external_task_marker_parent
[2022-07-31 06:56:46,697] {logging_mixin.py:115} INFO - [2022-07-31 06:56:46,697] {manager.py:508} INFO - Created Permission View: can read on DAG:example_external_task_marker_parent
[2022-07-31 06:56:46,725] {logging_mixin.py:115} INFO - [2022-07-31 06:56:46,725] {manager.py:508} INFO - Created Permission View: can delete on DAG:example_external_task_marker_parent
[2022-07-31 06:56:46,834] {logging_mixin.py:115} INFO - [2022-07-31 06:56:46,834] {manager.py:508} INFO - Created Permission View: can edit on DAG:example_external_task_marker_child
[2022-07-31 06:56:46,848] {logging_mixin.py:115} INFO - [2022-07-31 06:56:46,848] {manager.py:508} INFO - Created Permission View: can read on DAG:example_external_task_marker_child
[2022-07-31 06:56:46,864] {logging_mixin.py:115} INFO - [2022-07-31 06:56:46,864] {manager.py:508} INFO - Created Permission View: can delete on DAG:example_external_task_marker_child
[2022-07-31 06:56:46,865] {logging_mixin.py:115} INFO - [2022-07-31 06:56:46,865] {dag.py:2420} INFO - Sync 2 DAGs
[2022-07-31 06:56:46,891] {logging_mixin.py:115} INFO - [2022-07-31 06:56:46,891] {dag.py:2439} INFO - Creating ORM DAG for example_external_task_marker_child
[2022-07-31 06:56:46,892] {logging_mixin.py:115} INFO - [2022-07-31 06:56:46,892] {dag.py:2439} INFO - Creating ORM DAG for example_external_task_marker_parent
[2022-07-31 06:56:46,920] {logging_mixin.py:115} INFO - [2022-07-31 06:56:46,919] {dag.py:2972} INFO - Setting next_dagrun for example_external_task_marker_child to None, run_after=None
[2022-07-31 06:56:46,924] {logging_mixin.py:115} INFO - [2022-07-31 06:56:46,923] {dag.py:2972} INFO - Setting next_dagrun for example_external_task_marker_parent to None, run_after=None
[2022-07-31 06:56:46,972] {processor.py:161} INFO - Processing /home/airflow/.local/lib/python3.7/site-packages/airflow/example_dags/example_external_task_marker_dag.py took 0.720 seconds
[2022-07-31 06:57:17,152] {processor.py:153} INFO - Started process (PID=110) to work on /home/airflow/.local/lib/python3.7/site-packages/airflow/example_dags/example_external_task_marker_dag.py
[2022-07-31 06:57:17,164] {processor.py:641} INFO - Processing file /home/airflow/.local/lib/python3.7/site-packages/airflow/example_dags/example_external_task_marker_dag.py for tasks to queue
[2022-07-31 06:57:17,167] {logging_mixin.py:115} INFO - [2022-07-31 06:57:17,167] {dagbag.py:508} INFO - Filling up the DagBag from /home/airflow/.local/lib/python3.7/site-packages/airflow/example_dags/example_external_task_marker_dag.py
[2022-07-31 06:57:17,185] {processor.py:651} INFO - DAG(s) dict_keys(['example_external_task_marker_parent', 'example_external_task_marker_child']) retrieved from /home/airflow/.local/lib/python3.7/site-packages/airflow/example_dags/example_external_task_marker_dag.py
[2022-07-31 06:57:17,384] {logging_mixin.py:115} INFO - [2022-07-31 06:57:17,383] {dag.py:2420} INFO - Sync 2 DAGs
[2022-07-31 06:57:17,452] {logging_mixin.py:115} INFO - [2022-07-31 06:57:17,452] {dag.py:2972} INFO - Setting next_dagrun for example_external_task_marker_child to None, run_after=None
[2022-07-31 06:57:17,453] {logging_mixin.py:115} INFO - [2022-07-31 06:57:17,453] {dag.py:2972} INFO - Setting next_dagrun for example_external_task_marker_parent to None, run_after=None
[2022-07-31 06:57:17,478] {processor.py:161} INFO - Processing /home/airflow/.local/lib/python3.7/site-packages/airflow/example_dags/example_external_task_marker_dag.py took 0.361 seconds
[2022-07-31 06:57:47,590] {processor.py:153} INFO - Started process (PID=162) to work on /home/airflow/.local/lib/python3.7/site-packages/airflow/example_dags/example_external_task_marker_dag.py
[2022-07-31 06:57:47,592] {processor.py:641} INFO - Processing file /home/airflow/.local/lib/python3.7/site-packages/airflow/example_dags/example_external_task_marker_dag.py for tasks to queue
[2022-07-31 06:57:47,593] {logging_mixin.py:115} INFO - [2022-07-31 06:57:47,593] {dagbag.py:508} INFO - Filling up the DagBag from /home/airflow/.local/lib/python3.7/site-packages/airflow/example_dags/example_external_task_marker_dag.py
[2022-07-31 06:57:47,603] {processor.py:651} INFO - DAG(s) dict_keys(['example_external_task_marker_parent', 'example_external_task_marker_child']) retrieved from /home/airflow/.local/lib/python3.7/site-packages/airflow/example_dags/example_external_task_marker_dag.py
[2022-07-31 06:57:47,685] {logging_mixin.py:115} INFO - [2022-07-31 06:57:47,684] {dag.py:2420} INFO - Sync 2 DAGs
[2022-07-31 06:57:47,726] {logging_mixin.py:115} INFO - [2022-07-31 06:57:47,726] {dag.py:2972} INFO - Setting next_dagrun for example_external_task_marker_child to None, run_after=None
[2022-07-31 06:57:47,727] {logging_mixin.py:115} INFO - [2022-07-31 06:57:47,727] {dag.py:2972} INFO - Setting next_dagrun for example_external_task_marker_parent to None, run_after=None
[2022-07-31 06:57:47,748] {processor.py:161} INFO - Processing /home/airflow/.local/lib/python3.7/site-packages/airflow/example_dags/example_external_task_marker_dag.py took 0.164 seconds
[2022-07-31 06:58:18,595] {processor.py:153} INFO - Started process (PID=223) to work on /home/airflow/.local/lib/python3.7/site-packages/airflow/example_dags/example_external_task_marker_dag.py
[2022-07-31 06:58:18,596] {processor.py:641} INFO - Processing file /home/airflow/.local/lib/python3.7/site-packages/airflow/example_dags/example_external_task_marker_dag.py for tasks to queue
[2022-07-31 06:58:18,597] {logging_mixin.py:115} INFO - [2022-07-31 06:58:18,597] {dagbag.py:508} INFO - Filling up the DagBag from /home/airflow/.local/lib/python3.7/site-packages/airflow/example_dags/example_external_task_marker_dag.py
[2022-07-31 06:58:18,605] {processor.py:651} INFO - DAG(s) dict_keys(['example_external_task_marker_parent', 'example_external_task_marker_child']) retrieved from /home/airflow/.local/lib/python3.7/site-packages/airflow/example_dags/example_external_task_marker_dag.py
[2022-07-31 06:58:18,742] {logging_mixin.py:115} INFO - [2022-07-31 06:58:18,742] {dag.py:2420} INFO - Sync 2 DAGs
[2022-07-31 06:58:18,789] {logging_mixin.py:115} INFO - [2022-07-31 06:58:18,789] {dag.py:2972} INFO - Setting next_dagrun for example_external_task_marker_child to None, run_after=None
[2022-07-31 06:58:18,790] {logging_mixin.py:115} INFO - [2022-07-31 06:58:18,790] {dag.py:2972} INFO - Setting next_dagrun for example_external_task_marker_parent to None, run_after=None
[2022-07-31 06:58:18,811] {processor.py:161} INFO - Processing /home/airflow/.local/lib/python3.7/site-packages/airflow/example_dags/example_external_task_marker_dag.py took 0.223 seconds
[2022-07-31 06:58:49,513] {processor.py:153} INFO - Started process (PID=275) to work on /home/airflow/.local/lib/python3.7/site-packages/airflow/example_dags/example_external_task_marker_dag.py
[2022-07-31 06:58:49,514] {processor.py:641} INFO - Processing file /home/airflow/.local/lib/python3.7/site-packages/airflow/example_dags/example_external_task_marker_dag.py for tasks to queue
[2022-07-31 06:58:49,515] {logging_mixin.py:115} INFO - [2022-07-31 06:58:49,515] {dagbag.py:508} INFO - Filling up the DagBag from /home/airflow/.local/lib/python3.7/site-packages/airflow/example_dags/example_external_task_marker_dag.py
[2022-07-31 06:58:49,527] {processor.py:651} INFO - DAG(s) dict_keys(['example_external_task_marker_parent', 'example_external_task_marker_child']) retrieved from /home/airflow/.local/lib/python3.7/site-packages/airflow/example_dags/example_external_task_marker_dag.py
[2022-07-31 06:58:49,624] {logging_mixin.py:115} INFO - [2022-07-31 06:58:49,624] {dag.py:2420} INFO - Sync 2 DAGs
[2022-07-31 06:58:49,667] {logging_mixin.py:115} INFO - [2022-07-31 06:58:49,667] {dag.py:2972} INFO - Setting next_dagrun for example_external_task_marker_child to None, run_after=None
[2022-07-31 06:58:49,668] {logging_mixin.py:115} INFO - [2022-07-31 06:58:49,667] {dag.py:2972} INFO - Setting next_dagrun for example_external_task_marker_parent to None, run_after=None
[2022-07-31 06:58:49,723] {processor.py:161} INFO - Processing /home/airflow/.local/lib/python3.7/site-packages/airflow/example_dags/example_external_task_marker_dag.py took 0.217 seconds
[2022-07-31 06:59:20,200] {processor.py:153} INFO - Started process (PID=336) to work on /home/airflow/.local/lib/python3.7/site-packages/airflow/example_dags/example_external_task_marker_dag.py
[2022-07-31 06:59:20,201] {processor.py:641} INFO - Processing file /home/airflow/.local/lib/python3.7/site-packages/airflow/example_dags/example_external_task_marker_dag.py for tasks to queue
[2022-07-31 06:59:20,202] {logging_mixin.py:115} INFO - [2022-07-31 06:59:20,202] {dagbag.py:508} INFO - Filling up the DagBag from /home/airflow/.local/lib/python3.7/site-packages/airflow/example_dags/example_external_task_marker_dag.py
[2022-07-31 06:59:20,210] {processor.py:651} INFO - DAG(s) dict_keys(['example_external_task_marker_parent', 'example_external_task_marker_child']) retrieved from /home/airflow/.local/lib/python3.7/site-packages/airflow/example_dags/example_external_task_marker_dag.py
[2022-07-31 06:59:20,285] {logging_mixin.py:115} INFO - [2022-07-31 06:59:20,284] {dag.py:2420} INFO - Sync 2 DAGs
[2022-07-31 06:59:20,318] {logging_mixin.py:115} INFO - [2022-07-31 06:59:20,318] {dag.py:2972} INFO - Setting next_dagrun for example_external_task_marker_child to None, run_after=None
[2022-07-31 06:59:20,318] {logging_mixin.py:115} INFO - [2022-07-31 06:59:20,318] {dag.py:2972} INFO - Setting next_dagrun for example_external_task_marker_parent to None, run_after=None
[2022-07-31 06:59:20,335] {processor.py:161} INFO - Processing /home/airflow/.local/lib/python3.7/site-packages/airflow/example_dags/example_external_task_marker_dag.py took 0.143 seconds
[2022-07-31 06:59:51,099] {processor.py:153} INFO - Started process (PID=388) to work on /home/airflow/.local/lib/python3.7/site-packages/airflow/example_dags/example_external_task_marker_dag.py
[2022-07-31 06:59:51,100] {processor.py:641} INFO - Processing file /home/airflow/.local/lib/python3.7/site-packages/airflow/example_dags/example_external_task_marker_dag.py for tasks to queue
[2022-07-31 06:59:51,101] {logging_mixin.py:115} INFO - [2022-07-31 06:59:51,101] {dagbag.py:508} INFO - Filling up the DagBag from /home/airflow/.local/lib/python3.7/site-packages/airflow/example_dags/example_external_task_marker_dag.py
[2022-07-31 06:59:51,109] {processor.py:651} INFO - DAG(s) dict_keys(['example_external_task_marker_parent', 'example_external_task_marker_child']) retrieved from /home/airflow/.local/lib/python3.7/site-packages/airflow/example_dags/example_external_task_marker_dag.py
[2022-07-31 06:59:51,172] {logging_mixin.py:115} INFO - [2022-07-31 06:59:51,172] {dag.py:2420} INFO - Sync 2 DAGs
[2022-07-31 06:59:51,203] {logging_mixin.py:115} INFO - [2022-07-31 06:59:51,202] {dag.py:2972} INFO - Setting next_dagrun for example_external_task_marker_child to None, run_after=None
[2022-07-31 06:59:51,203] {logging_mixin.py:115} INFO - [2022-07-31 06:59:51,203] {dag.py:2972} INFO - Setting next_dagrun for example_external_task_marker_parent to None, run_after=None
[2022-07-31 06:59:51,220] {processor.py:161} INFO - Processing /home/airflow/.local/lib/python3.7/site-packages/airflow/example_dags/example_external_task_marker_dag.py took 0.128 seconds
[2022-07-31 07:00:21,669] {processor.py:153} INFO - Started process (PID=450) to work on /home/airflow/.local/lib/python3.7/site-packages/airflow/example_dags/example_external_task_marker_dag.py
[2022-07-31 07:00:21,671] {processor.py:641} INFO - Processing file /home/airflow/.local/lib/python3.7/site-packages/airflow/example_dags/example_external_task_marker_dag.py for tasks to queue
[2022-07-31 07:00:21,673] {logging_mixin.py:115} INFO - [2022-07-31 07:00:21,673] {dagbag.py:508} INFO - Filling up the DagBag from /home/airflow/.local/lib/python3.7/site-packages/airflow/example_dags/example_external_task_marker_dag.py
[2022-07-31 07:00:21,692] {processor.py:651} INFO - DAG(s) dict_keys(['example_external_task_marker_parent', 'example_external_task_marker_child']) retrieved from /home/airflow/.local/lib/python3.7/site-packages/airflow/example_dags/example_external_task_marker_dag.py
[2022-07-31 07:00:21,809] {logging_mixin.py:115} INFO - [2022-07-31 07:00:21,808] {dag.py:2420} INFO - Sync 2 DAGs
[2022-07-31 07:00:21,848] {logging_mixin.py:115} INFO - [2022-07-31 07:00:21,848] {dag.py:2972} INFO - Setting next_dagrun for example_external_task_marker_child to None, run_after=None
[2022-07-31 07:00:21,849] {logging_mixin.py:115} INFO - [2022-07-31 07:00:21,849] {dag.py:2972} INFO - Setting next_dagrun for example_external_task_marker_parent to None, run_after=None
[2022-07-31 07:00:21,876] {processor.py:161} INFO - Processing /home/airflow/.local/lib/python3.7/site-packages/airflow/example_dags/example_external_task_marker_dag.py took 0.229 seconds
[2022-07-31 07:00:52,598] {processor.py:153} INFO - Started process (PID=511) to work on /home/airflow/.local/lib/python3.7/site-packages/airflow/example_dags/example_external_task_marker_dag.py
[2022-07-31 07:00:52,599] {processor.py:641} INFO - Processing file /home/airflow/.local/lib/python3.7/site-packages/airflow/example_dags/example_external_task_marker_dag.py for tasks to queue
[2022-07-31 07:00:52,600] {logging_mixin.py:115} INFO - [2022-07-31 07:00:52,600] {dagbag.py:508} INFO - Filling up the DagBag from /home/airflow/.local/lib/python3.7/site-packages/airflow/example_dags/example_external_task_marker_dag.py
[2022-07-31 07:00:52,607] {processor.py:651} INFO - DAG(s) dict_keys(['example_external_task_marker_parent', 'example_external_task_marker_child']) retrieved from /home/airflow/.local/lib/python3.7/site-packages/airflow/example_dags/example_external_task_marker_dag.py
[2022-07-31 07:00:52,667] {logging_mixin.py:115} INFO - [2022-07-31 07:00:52,667] {dag.py:2420} INFO - Sync 2 DAGs
[2022-07-31 07:00:52,701] {logging_mixin.py:115} INFO - [2022-07-31 07:00:52,701] {dag.py:2972} INFO - Setting next_dagrun for example_external_task_marker_child to None, run_after=None
[2022-07-31 07:00:52,702] {logging_mixin.py:115} INFO - [2022-07-31 07:00:52,702] {dag.py:2972} INFO - Setting next_dagrun for example_external_task_marker_parent to None, run_after=None
[2022-07-31 07:00:52,724] {processor.py:161} INFO - Processing /home/airflow/.local/lib/python3.7/site-packages/airflow/example_dags/example_external_task_marker_dag.py took 0.132 seconds
[2022-07-31 07:01:23,639] {processor.py:153} INFO - Started process (PID=563) to work on /home/airflow/.local/lib/python3.7/site-packages/airflow/example_dags/example_external_task_marker_dag.py
[2022-07-31 07:01:23,639] {processor.py:641} INFO - Processing file /home/airflow/.local/lib/python3.7/site-packages/airflow/example_dags/example_external_task_marker_dag.py for tasks to queue
[2022-07-31 07:01:23,640] {logging_mixin.py:115} INFO - [2022-07-31 07:01:23,640] {dagbag.py:508} INFO - Filling up the DagBag from /home/airflow/.local/lib/python3.7/site-packages/airflow/example_dags/example_external_task_marker_dag.py
[2022-07-31 07:01:23,646] {processor.py:651} INFO - DAG(s) dict_keys(['example_external_task_marker_parent', 'example_external_task_marker_child']) retrieved from /home/airflow/.local/lib/python3.7/site-packages/airflow/example_dags/example_external_task_marker_dag.py
[2022-07-31 07:01:23,708] {logging_mixin.py:115} INFO - [2022-07-31 07:01:23,708] {dag.py:2420} INFO - Sync 2 DAGs
[2022-07-31 07:01:23,740] {logging_mixin.py:115} INFO - [2022-07-31 07:01:23,740] {dag.py:2972} INFO - Setting next_dagrun for example_external_task_marker_child to None, run_after=None
[2022-07-31 07:01:23,741] {logging_mixin.py:115} INFO - [2022-07-31 07:01:23,741] {dag.py:2972} INFO - Setting next_dagrun for example_external_task_marker_parent to None, run_after=None
[2022-07-31 07:01:23,757] {processor.py:161} INFO - Processing /home/airflow/.local/lib/python3.7/site-packages/airflow/example_dags/example_external_task_marker_dag.py took 0.123 seconds
[2022-07-31 07:01:54,139] {processor.py:153} INFO - Started process (PID=624) to work on /home/airflow/.local/lib/python3.7/site-packages/airflow/example_dags/example_external_task_marker_dag.py
[2022-07-31 07:01:54,140] {processor.py:641} INFO - Processing file /home/airflow/.local/lib/python3.7/site-packages/airflow/example_dags/example_external_task_marker_dag.py for tasks to queue
[2022-07-31 07:01:54,141] {logging_mixin.py:115} INFO - [2022-07-31 07:01:54,140] {dagbag.py:508} INFO - Filling up the DagBag from /home/airflow/.local/lib/python3.7/site-packages/airflow/example_dags/example_external_task_marker_dag.py
[2022-07-31 07:01:54,147] {processor.py:651} INFO - DAG(s) dict_keys(['example_external_task_marker_parent', 'example_external_task_marker_child']) retrieved from /home/airflow/.local/lib/python3.7/site-packages/airflow/example_dags/example_external_task_marker_dag.py
[2022-07-31 07:01:54,200] {logging_mixin.py:115} INFO - [2022-07-31 07:01:54,200] {dag.py:2420} INFO - Sync 2 DAGs
[2022-07-31 07:01:54,233] {logging_mixin.py:115} INFO - [2022-07-31 07:01:54,233] {dag.py:2972} INFO - Setting next_dagrun for example_external_task_marker_child to None, run_after=None
[2022-07-31 07:01:54,233] {logging_mixin.py:115} INFO - [2022-07-31 07:01:54,233] {dag.py:2972} INFO - Setting next_dagrun for example_external_task_marker_parent to None, run_after=None
[2022-07-31 07:01:54,263] {processor.py:161} INFO - Processing /home/airflow/.local/lib/python3.7/site-packages/airflow/example_dags/example_external_task_marker_dag.py took 0.129 seconds
[2022-07-31 07:02:24,419] {processor.py:153} INFO - Started process (PID=676) to work on /home/airflow/.local/lib/python3.7/site-packages/airflow/example_dags/example_external_task_marker_dag.py
[2022-07-31 07:02:24,420] {processor.py:641} INFO - Processing file /home/airflow/.local/lib/python3.7/site-packages/airflow/example_dags/example_external_task_marker_dag.py for tasks to queue
[2022-07-31 07:02:24,422] {logging_mixin.py:115} INFO - [2022-07-31 07:02:24,422] {dagbag.py:508} INFO - Filling up the DagBag from /home/airflow/.local/lib/python3.7/site-packages/airflow/example_dags/example_external_task_marker_dag.py
[2022-07-31 07:02:24,434] {processor.py:651} INFO - DAG(s) dict_keys(['example_external_task_marker_parent', 'example_external_task_marker_child']) retrieved from /home/airflow/.local/lib/python3.7/site-packages/airflow/example_dags/example_external_task_marker_dag.py
[2022-07-31 07:02:24,551] {logging_mixin.py:115} INFO - [2022-07-31 07:02:24,551] {dag.py:2420} INFO - Sync 2 DAGs
[2022-07-31 07:02:24,614] {logging_mixin.py:115} INFO - [2022-07-31 07:02:24,614] {dag.py:2972} INFO - Setting next_dagrun for example_external_task_marker_child to None, run_after=None
[2022-07-31 07:02:24,615] {logging_mixin.py:115} INFO - [2022-07-31 07:02:24,615] {dag.py:2972} INFO - Setting next_dagrun for example_external_task_marker_parent to None, run_after=None
[2022-07-31 07:02:24,640] {processor.py:161} INFO - Processing /home/airflow/.local/lib/python3.7/site-packages/airflow/example_dags/example_external_task_marker_dag.py took 0.229 seconds
[2022-07-31 07:02:55,133] {processor.py:153} INFO - Started process (PID=737) to work on /home/airflow/.local/lib/python3.7/site-packages/airflow/example_dags/example_external_task_marker_dag.py
[2022-07-31 07:02:55,134] {processor.py:641} INFO - Processing file /home/airflow/.local/lib/python3.7/site-packages/airflow/example_dags/example_external_task_marker_dag.py for tasks to queue
[2022-07-31 07:02:55,137] {logging_mixin.py:115} INFO - [2022-07-31 07:02:55,137] {dagbag.py:508} INFO - Filling up the DagBag from /home/airflow/.local/lib/python3.7/site-packages/airflow/example_dags/example_external_task_marker_dag.py
[2022-07-31 07:02:55,149] {processor.py:651} INFO - DAG(s) dict_keys(['example_external_task_marker_parent', 'example_external_task_marker_child']) retrieved from /home/airflow/.local/lib/python3.7/site-packages/airflow/example_dags/example_external_task_marker_dag.py
[2022-07-31 07:02:55,247] {logging_mixin.py:115} INFO - [2022-07-31 07:02:55,247] {dag.py:2420} INFO - Sync 2 DAGs
[2022-07-31 07:02:55,291] {logging_mixin.py:115} INFO - [2022-07-31 07:02:55,290] {dag.py:2972} INFO - Setting next_dagrun for example_external_task_marker_child to None, run_after=None
[2022-07-31 07:02:55,291] {logging_mixin.py:115} INFO - [2022-07-31 07:02:55,291] {dag.py:2972} INFO - Setting next_dagrun for example_external_task_marker_parent to None, run_after=None
[2022-07-31 07:02:55,314] {processor.py:161} INFO - Processing /home/airflow/.local/lib/python3.7/site-packages/airflow/example_dags/example_external_task_marker_dag.py took 0.189 seconds
[2022-07-31 07:03:25,435] {processor.py:153} INFO - Started process (PID=789) to work on /home/airflow/.local/lib/python3.7/site-packages/airflow/example_dags/example_external_task_marker_dag.py
[2022-07-31 07:03:25,436] {processor.py:641} INFO - Processing file /home/airflow/.local/lib/python3.7/site-packages/airflow/example_dags/example_external_task_marker_dag.py for tasks to queue
[2022-07-31 07:03:25,437] {logging_mixin.py:115} INFO - [2022-07-31 07:03:25,436] {dagbag.py:508} INFO - Filling up the DagBag from /home/airflow/.local/lib/python3.7/site-packages/airflow/example_dags/example_external_task_marker_dag.py
[2022-07-31 07:03:25,444] {processor.py:651} INFO - DAG(s) dict_keys(['example_external_task_marker_parent', 'example_external_task_marker_child']) retrieved from /home/airflow/.local/lib/python3.7/site-packages/airflow/example_dags/example_external_task_marker_dag.py
[2022-07-31 07:03:25,537] {logging_mixin.py:115} INFO - [2022-07-31 07:03:25,537] {dag.py:2420} INFO - Sync 2 DAGs
[2022-07-31 07:03:25,579] {logging_mixin.py:115} INFO - [2022-07-31 07:03:25,578] {dag.py:2972} INFO - Setting next_dagrun for example_external_task_marker_child to None, run_after=None
[2022-07-31 07:03:25,579] {logging_mixin.py:115} INFO - [2022-07-31 07:03:25,579] {dag.py:2972} INFO - Setting next_dagrun for example_external_task_marker_parent to None, run_after=None
[2022-07-31 07:03:25,609] {processor.py:161} INFO - Processing /home/airflow/.local/lib/python3.7/site-packages/airflow/example_dags/example_external_task_marker_dag.py took 0.182 seconds
[2022-07-31 07:03:56,232] {processor.py:153} INFO - Started process (PID=850) to work on /home/airflow/.local/lib/python3.7/site-packages/airflow/example_dags/example_external_task_marker_dag.py
[2022-07-31 07:03:56,234] {processor.py:641} INFO - Processing file /home/airflow/.local/lib/python3.7/site-packages/airflow/example_dags/example_external_task_marker_dag.py for tasks to queue
[2022-07-31 07:03:56,236] {logging_mixin.py:115} INFO - [2022-07-31 07:03:56,236] {dagbag.py:508} INFO - Filling up the DagBag from /home/airflow/.local/lib/python3.7/site-packages/airflow/example_dags/example_external_task_marker_dag.py
[2022-07-31 07:03:56,250] {processor.py:651} INFO - DAG(s) dict_keys(['example_external_task_marker_parent', 'example_external_task_marker_child']) retrieved from /home/airflow/.local/lib/python3.7/site-packages/airflow/example_dags/example_external_task_marker_dag.py
[2022-07-31 07:03:56,359] {logging_mixin.py:115} INFO - [2022-07-31 07:03:56,358] {dag.py:2420} INFO - Sync 2 DAGs
[2022-07-31 07:03:56,415] {logging_mixin.py:115} INFO - [2022-07-31 07:03:56,415] {dag.py:2972} INFO - Setting next_dagrun for example_external_task_marker_child to None, run_after=None
[2022-07-31 07:03:56,416] {logging_mixin.py:115} INFO - [2022-07-31 07:03:56,416] {dag.py:2972} INFO - Setting next_dagrun for example_external_task_marker_parent to None, run_after=None
[2022-07-31 07:03:56,440] {processor.py:161} INFO - Processing /home/airflow/.local/lib/python3.7/site-packages/airflow/example_dags/example_external_task_marker_dag.py took 0.220 seconds
[2022-07-31 07:04:27,245] {processor.py:153} INFO - Started process (PID=902) to work on /home/airflow/.local/lib/python3.7/site-packages/airflow/example_dags/example_external_task_marker_dag.py
[2022-07-31 07:04:27,246] {processor.py:641} INFO - Processing file /home/airflow/.local/lib/python3.7/site-packages/airflow/example_dags/example_external_task_marker_dag.py for tasks to queue
[2022-07-31 07:04:27,247] {logging_mixin.py:115} INFO - [2022-07-31 07:04:27,247] {dagbag.py:508} INFO - Filling up the DagBag from /home/airflow/.local/lib/python3.7/site-packages/airflow/example_dags/example_external_task_marker_dag.py
[2022-07-31 07:04:27,256] {processor.py:651} INFO - DAG(s) dict_keys(['example_external_task_marker_parent', 'example_external_task_marker_child']) retrieved from /home/airflow/.local/lib/python3.7/site-packages/airflow/example_dags/example_external_task_marker_dag.py
[2022-07-31 07:04:27,347] {logging_mixin.py:115} INFO - [2022-07-31 07:04:27,347] {dag.py:2420} INFO - Sync 2 DAGs
[2022-07-31 07:04:27,383] {logging_mixin.py:115} INFO - [2022-07-31 07:04:27,383] {dag.py:2972} INFO - Setting next_dagrun for example_external_task_marker_child to None, run_after=None
[2022-07-31 07:04:27,384] {logging_mixin.py:115} INFO - [2022-07-31 07:04:27,384] {dag.py:2972} INFO - Setting next_dagrun for example_external_task_marker_parent to None, run_after=None
[2022-07-31 07:04:27,400] {processor.py:161} INFO - Processing /home/airflow/.local/lib/python3.7/site-packages/airflow/example_dags/example_external_task_marker_dag.py took 0.163 seconds
[2022-07-31 07:04:57,731] {processor.py:153} INFO - Started process (PID=963) to work on /home/airflow/.local/lib/python3.7/site-packages/airflow/example_dags/example_external_task_marker_dag.py
[2022-07-31 07:04:57,732] {processor.py:641} INFO - Processing file /home/airflow/.local/lib/python3.7/site-packages/airflow/example_dags/example_external_task_marker_dag.py for tasks to queue
[2022-07-31 07:04:57,733] {logging_mixin.py:115} INFO - [2022-07-31 07:04:57,733] {dagbag.py:508} INFO - Filling up the DagBag from /home/airflow/.local/lib/python3.7/site-packages/airflow/example_dags/example_external_task_marker_dag.py
[2022-07-31 07:04:57,739] {processor.py:651} INFO - DAG(s) dict_keys(['example_external_task_marker_parent', 'example_external_task_marker_child']) retrieved from /home/airflow/.local/lib/python3.7/site-packages/airflow/example_dags/example_external_task_marker_dag.py
[2022-07-31 07:04:57,835] {logging_mixin.py:115} INFO - [2022-07-31 07:04:57,832] {dag.py:2420} INFO - Sync 2 DAGs
[2022-07-31 07:04:57,888] {logging_mixin.py:115} INFO - [2022-07-31 07:04:57,888] {dag.py:2972} INFO - Setting next_dagrun for example_external_task_marker_child to None, run_after=None
[2022-07-31 07:04:57,889] {logging_mixin.py:115} INFO - [2022-07-31 07:04:57,889] {dag.py:2972} INFO - Setting next_dagrun for example_external_task_marker_parent to None, run_after=None
[2022-07-31 07:04:57,917] {processor.py:161} INFO - Processing /home/airflow/.local/lib/python3.7/site-packages/airflow/example_dags/example_external_task_marker_dag.py took 0.193 seconds
[2022-07-31 07:05:28,610] {processor.py:153} INFO - Started process (PID=1016) to work on /home/airflow/.local/lib/python3.7/site-packages/airflow/example_dags/example_external_task_marker_dag.py
[2022-07-31 07:05:28,611] {processor.py:641} INFO - Processing file /home/airflow/.local/lib/python3.7/site-packages/airflow/example_dags/example_external_task_marker_dag.py for tasks to queue
[2022-07-31 07:05:28,612] {logging_mixin.py:115} INFO - [2022-07-31 07:05:28,612] {dagbag.py:508} INFO - Filling up the DagBag from /home/airflow/.local/lib/python3.7/site-packages/airflow/example_dags/example_external_task_marker_dag.py
[2022-07-31 07:05:28,619] {processor.py:651} INFO - DAG(s) dict_keys(['example_external_task_marker_parent', 'example_external_task_marker_child']) retrieved from /home/airflow/.local/lib/python3.7/site-packages/airflow/example_dags/example_external_task_marker_dag.py
[2022-07-31 07:05:28,678] {logging_mixin.py:115} INFO - [2022-07-31 07:05:28,677] {dag.py:2420} INFO - Sync 2 DAGs
[2022-07-31 07:05:28,709] {logging_mixin.py:115} INFO - [2022-07-31 07:05:28,709] {dag.py:2972} INFO - Setting next_dagrun for example_external_task_marker_child to None, run_after=None
[2022-07-31 07:05:28,709] {logging_mixin.py:115} INFO - [2022-07-31 07:05:28,709] {dag.py:2972} INFO - Setting next_dagrun for example_external_task_marker_parent to None, run_after=None
[2022-07-31 07:05:28,726] {processor.py:161} INFO - Processing /home/airflow/.local/lib/python3.7/site-packages/airflow/example_dags/example_external_task_marker_dag.py took 0.122 seconds
[2022-07-31 07:05:59,055] {processor.py:153} INFO - Started process (PID=1077) to work on /home/airflow/.local/lib/python3.7/site-packages/airflow/example_dags/example_external_task_marker_dag.py
[2022-07-31 07:05:59,056] {processor.py:641} INFO - Processing file /home/airflow/.local/lib/python3.7/site-packages/airflow/example_dags/example_external_task_marker_dag.py for tasks to queue
[2022-07-31 07:05:59,056] {logging_mixin.py:115} INFO - [2022-07-31 07:05:59,056] {dagbag.py:508} INFO - Filling up the DagBag from /home/airflow/.local/lib/python3.7/site-packages/airflow/example_dags/example_external_task_marker_dag.py
[2022-07-31 07:05:59,062] {processor.py:651} INFO - DAG(s) dict_keys(['example_external_task_marker_parent', 'example_external_task_marker_child']) retrieved from /home/airflow/.local/lib/python3.7/site-packages/airflow/example_dags/example_external_task_marker_dag.py
[2022-07-31 07:05:59,131] {logging_mixin.py:115} INFO - [2022-07-31 07:05:59,131] {dag.py:2420} INFO - Sync 2 DAGs
[2022-07-31 07:05:59,163] {logging_mixin.py:115} INFO - [2022-07-31 07:05:59,163] {dag.py:2972} INFO - Setting next_dagrun for example_external_task_marker_child to None, run_after=None
[2022-07-31 07:05:59,164] {logging_mixin.py:115} INFO - [2022-07-31 07:05:59,163] {dag.py:2972} INFO - Setting next_dagrun for example_external_task_marker_parent to None, run_after=None
[2022-07-31 07:05:59,180] {processor.py:161} INFO - Processing /home/airflow/.local/lib/python3.7/site-packages/airflow/example_dags/example_external_task_marker_dag.py took 0.129 seconds
[2022-07-31 07:06:29,519] {processor.py:153} INFO - Started process (PID=1139) to work on /home/airflow/.local/lib/python3.7/site-packages/airflow/example_dags/example_external_task_marker_dag.py
[2022-07-31 07:06:29,519] {processor.py:641} INFO - Processing file /home/airflow/.local/lib/python3.7/site-packages/airflow/example_dags/example_external_task_marker_dag.py for tasks to queue
[2022-07-31 07:06:29,520] {logging_mixin.py:115} INFO - [2022-07-31 07:06:29,520] {dagbag.py:508} INFO - Filling up the DagBag from /home/airflow/.local/lib/python3.7/site-packages/airflow/example_dags/example_external_task_marker_dag.py
[2022-07-31 07:06:29,526] {processor.py:651} INFO - DAG(s) dict_keys(['example_external_task_marker_parent', 'example_external_task_marker_child']) retrieved from /home/airflow/.local/lib/python3.7/site-packages/airflow/example_dags/example_external_task_marker_dag.py
[2022-07-31 07:06:29,580] {logging_mixin.py:115} INFO - [2022-07-31 07:06:29,579] {dag.py:2420} INFO - Sync 2 DAGs
[2022-07-31 07:06:29,607] {logging_mixin.py:115} INFO - [2022-07-31 07:06:29,607] {dag.py:2972} INFO - Setting next_dagrun for example_external_task_marker_child to None, run_after=None
[2022-07-31 07:06:29,608] {logging_mixin.py:115} INFO - [2022-07-31 07:06:29,608] {dag.py:2972} INFO - Setting next_dagrun for example_external_task_marker_parent to None, run_after=None
[2022-07-31 07:06:29,625] {processor.py:161} INFO - Processing /home/airflow/.local/lib/python3.7/site-packages/airflow/example_dags/example_external_task_marker_dag.py took 0.112 seconds
[2022-07-31 07:07:00,612] {processor.py:153} INFO - Started process (PID=1191) to work on /home/airflow/.local/lib/python3.7/site-packages/airflow/example_dags/example_external_task_marker_dag.py
[2022-07-31 07:07:00,613] {processor.py:641} INFO - Processing file /home/airflow/.local/lib/python3.7/site-packages/airflow/example_dags/example_external_task_marker_dag.py for tasks to queue
[2022-07-31 07:07:00,613] {logging_mixin.py:115} INFO - [2022-07-31 07:07:00,613] {dagbag.py:508} INFO - Filling up the DagBag from /home/airflow/.local/lib/python3.7/site-packages/airflow/example_dags/example_external_task_marker_dag.py
[2022-07-31 07:07:00,619] {processor.py:651} INFO - DAG(s) dict_keys(['example_external_task_marker_parent', 'example_external_task_marker_child']) retrieved from /home/airflow/.local/lib/python3.7/site-packages/airflow/example_dags/example_external_task_marker_dag.py
[2022-07-31 07:07:00,670] {logging_mixin.py:115} INFO - [2022-07-31 07:07:00,670] {dag.py:2420} INFO - Sync 2 DAGs
[2022-07-31 07:07:00,699] {logging_mixin.py:115} INFO - [2022-07-31 07:07:00,699] {dag.py:2972} INFO - Setting next_dagrun for example_external_task_marker_child to None, run_after=None
[2022-07-31 07:07:00,700] {logging_mixin.py:115} INFO - [2022-07-31 07:07:00,700] {dag.py:2972} INFO - Setting next_dagrun for example_external_task_marker_parent to None, run_after=None
[2022-07-31 07:07:00,716] {processor.py:161} INFO - Processing /home/airflow/.local/lib/python3.7/site-packages/airflow/example_dags/example_external_task_marker_dag.py took 0.109 seconds
[2022-07-31 07:07:31,302] {processor.py:153} INFO - Started process (PID=1252) to work on /home/airflow/.local/lib/python3.7/site-packages/airflow/example_dags/example_external_task_marker_dag.py
[2022-07-31 07:07:31,303] {processor.py:641} INFO - Processing file /home/airflow/.local/lib/python3.7/site-packages/airflow/example_dags/example_external_task_marker_dag.py for tasks to queue
[2022-07-31 07:07:31,304] {logging_mixin.py:115} INFO - [2022-07-31 07:07:31,304] {dagbag.py:508} INFO - Filling up the DagBag from /home/airflow/.local/lib/python3.7/site-packages/airflow/example_dags/example_external_task_marker_dag.py
[2022-07-31 07:07:31,312] {processor.py:651} INFO - DAG(s) dict_keys(['example_external_task_marker_parent', 'example_external_task_marker_child']) retrieved from /home/airflow/.local/lib/python3.7/site-packages/airflow/example_dags/example_external_task_marker_dag.py
[2022-07-31 07:07:31,371] {logging_mixin.py:115} INFO - [2022-07-31 07:07:31,371] {dag.py:2420} INFO - Sync 2 DAGs
[2022-07-31 07:07:31,410] {logging_mixin.py:115} INFO - [2022-07-31 07:07:31,410] {dag.py:2972} INFO - Setting next_dagrun for example_external_task_marker_child to None, run_after=None
[2022-07-31 07:07:31,410] {logging_mixin.py:115} INFO - [2022-07-31 07:07:31,410] {dag.py:2972} INFO - Setting next_dagrun for example_external_task_marker_parent to None, run_after=None
[2022-07-31 07:07:31,426] {processor.py:161} INFO - Processing /home/airflow/.local/lib/python3.7/site-packages/airflow/example_dags/example_external_task_marker_dag.py took 0.130 seconds
