[2022-07-31 06:56:55,148] {processor.py:153} INFO - Started process (PID=74) to work on /home/airflow/.local/lib/python3.7/site-packages/airflow/example_dags/example_branch_operator_decorator.py
[2022-07-31 06:56:55,149] {processor.py:641} INFO - Processing file /home/airflow/.local/lib/python3.7/site-packages/airflow/example_dags/example_branch_operator_decorator.py for tasks to queue
[2022-07-31 06:56:55,150] {logging_mixin.py:115} INFO - [2022-07-31 06:56:55,150] {dagbag.py:508} INFO - Filling up the DagBag from /home/airflow/.local/lib/python3.7/site-packages/airflow/example_dags/example_branch_operator_decorator.py
[2022-07-31 06:56:55,184] {processor.py:651} INFO - DAG(s) dict_keys(['example_branch_python_operator_decorator']) retrieved from /home/airflow/.local/lib/python3.7/site-packages/airflow/example_dags/example_branch_operator_decorator.py
[2022-07-31 06:56:55,473] {logging_mixin.py:115} INFO - [2022-07-31 06:56:55,473] {manager.py:508} INFO - Created Permission View: can edit on DAG:example_branch_python_operator_decorator
[2022-07-31 06:56:55,496] {logging_mixin.py:115} INFO - [2022-07-31 06:56:55,496] {manager.py:508} INFO - Created Permission View: can read on DAG:example_branch_python_operator_decorator
[2022-07-31 06:56:55,515] {logging_mixin.py:115} INFO - [2022-07-31 06:56:55,515] {manager.py:508} INFO - Created Permission View: can delete on DAG:example_branch_python_operator_decorator
[2022-07-31 06:56:55,516] {logging_mixin.py:115} INFO - [2022-07-31 06:56:55,516] {dag.py:2420} INFO - Sync 1 DAGs
[2022-07-31 06:56:55,533] {logging_mixin.py:115} INFO - [2022-07-31 06:56:55,533] {dag.py:2439} INFO - Creating ORM DAG for example_branch_python_operator_decorator
[2022-07-31 06:56:55,567] {logging_mixin.py:115} INFO - [2022-07-31 06:56:55,566] {dag.py:2972} INFO - Setting next_dagrun for example_branch_python_operator_decorator to 2022-07-30T00:00:00+00:00, run_after=2022-07-31T00:00:00+00:00
[2022-07-31 06:56:55,595] {processor.py:161} INFO - Processing /home/airflow/.local/lib/python3.7/site-packages/airflow/example_dags/example_branch_operator_decorator.py took 0.453 seconds
[2022-07-31 06:57:26,068] {processor.py:153} INFO - Started process (PID=126) to work on /home/airflow/.local/lib/python3.7/site-packages/airflow/example_dags/example_branch_operator_decorator.py
[2022-07-31 06:57:26,069] {processor.py:641} INFO - Processing file /home/airflow/.local/lib/python3.7/site-packages/airflow/example_dags/example_branch_operator_decorator.py for tasks to queue
[2022-07-31 06:57:26,070] {logging_mixin.py:115} INFO - [2022-07-31 06:57:26,070] {dagbag.py:508} INFO - Filling up the DagBag from /home/airflow/.local/lib/python3.7/site-packages/airflow/example_dags/example_branch_operator_decorator.py
[2022-07-31 06:57:26,100] {processor.py:651} INFO - DAG(s) dict_keys(['example_branch_python_operator_decorator']) retrieved from /home/airflow/.local/lib/python3.7/site-packages/airflow/example_dags/example_branch_operator_decorator.py
[2022-07-31 06:57:26,133] {logging_mixin.py:115} INFO - [2022-07-31 06:57:26,133] {dag.py:2420} INFO - Sync 1 DAGs
[2022-07-31 06:57:26,171] {logging_mixin.py:115} INFO - [2022-07-31 06:57:26,171] {dag.py:2972} INFO - Setting next_dagrun for example_branch_python_operator_decorator to 2022-07-30T00:00:00+00:00, run_after=2022-07-31T00:00:00+00:00
[2022-07-31 06:57:26,187] {processor.py:161} INFO - Processing /home/airflow/.local/lib/python3.7/site-packages/airflow/example_dags/example_branch_operator_decorator.py took 0.125 seconds
[2022-07-31 06:57:56,954] {processor.py:153} INFO - Started process (PID=187) to work on /home/airflow/.local/lib/python3.7/site-packages/airflow/example_dags/example_branch_operator_decorator.py
[2022-07-31 06:57:56,955] {processor.py:641} INFO - Processing file /home/airflow/.local/lib/python3.7/site-packages/airflow/example_dags/example_branch_operator_decorator.py for tasks to queue
[2022-07-31 06:57:56,957] {logging_mixin.py:115} INFO - [2022-07-31 06:57:56,957] {dagbag.py:508} INFO - Filling up the DagBag from /home/airflow/.local/lib/python3.7/site-packages/airflow/example_dags/example_branch_operator_decorator.py
[2022-07-31 06:57:56,988] {processor.py:651} INFO - DAG(s) dict_keys(['example_branch_python_operator_decorator']) retrieved from /home/airflow/.local/lib/python3.7/site-packages/airflow/example_dags/example_branch_operator_decorator.py
[2022-07-31 06:57:57,030] {logging_mixin.py:115} INFO - [2022-07-31 06:57:57,030] {dag.py:2420} INFO - Sync 1 DAGs
[2022-07-31 06:57:57,076] {logging_mixin.py:115} INFO - [2022-07-31 06:57:57,076] {dag.py:2972} INFO - Setting next_dagrun for example_branch_python_operator_decorator to 2022-07-30T00:00:00+00:00, run_after=2022-07-31T00:00:00+00:00
[2022-07-31 06:57:57,093] {processor.py:161} INFO - Processing /home/airflow/.local/lib/python3.7/site-packages/airflow/example_dags/example_branch_operator_decorator.py took 0.144 seconds
[2022-07-31 06:58:28,048] {processor.py:153} INFO - Started process (PID=239) to work on /home/airflow/.local/lib/python3.7/site-packages/airflow/example_dags/example_branch_operator_decorator.py
[2022-07-31 06:58:28,050] {processor.py:641} INFO - Processing file /home/airflow/.local/lib/python3.7/site-packages/airflow/example_dags/example_branch_operator_decorator.py for tasks to queue
[2022-07-31 06:58:28,051] {logging_mixin.py:115} INFO - [2022-07-31 06:58:28,050] {dagbag.py:508} INFO - Filling up the DagBag from /home/airflow/.local/lib/python3.7/site-packages/airflow/example_dags/example_branch_operator_decorator.py
[2022-07-31 06:58:28,088] {processor.py:651} INFO - DAG(s) dict_keys(['example_branch_python_operator_decorator']) retrieved from /home/airflow/.local/lib/python3.7/site-packages/airflow/example_dags/example_branch_operator_decorator.py
[2022-07-31 06:58:28,144] {logging_mixin.py:115} INFO - [2022-07-31 06:58:28,144] {dag.py:2420} INFO - Sync 1 DAGs
[2022-07-31 06:58:28,194] {logging_mixin.py:115} INFO - [2022-07-31 06:58:28,194] {dag.py:2972} INFO - Setting next_dagrun for example_branch_python_operator_decorator to 2022-07-30T00:00:00+00:00, run_after=2022-07-31T00:00:00+00:00
[2022-07-31 06:58:28,219] {processor.py:161} INFO - Processing /home/airflow/.local/lib/python3.7/site-packages/airflow/example_dags/example_branch_operator_decorator.py took 0.178 seconds
[2022-07-31 06:58:58,314] {processor.py:153} INFO - Started process (PID=300) to work on /home/airflow/.local/lib/python3.7/site-packages/airflow/example_dags/example_branch_operator_decorator.py
[2022-07-31 06:58:58,315] {processor.py:641} INFO - Processing file /home/airflow/.local/lib/python3.7/site-packages/airflow/example_dags/example_branch_operator_decorator.py for tasks to queue
[2022-07-31 06:58:58,316] {logging_mixin.py:115} INFO - [2022-07-31 06:58:58,316] {dagbag.py:508} INFO - Filling up the DagBag from /home/airflow/.local/lib/python3.7/site-packages/airflow/example_dags/example_branch_operator_decorator.py
[2022-07-31 06:58:58,342] {processor.py:651} INFO - DAG(s) dict_keys(['example_branch_python_operator_decorator']) retrieved from /home/airflow/.local/lib/python3.7/site-packages/airflow/example_dags/example_branch_operator_decorator.py
[2022-07-31 06:58:58,377] {logging_mixin.py:115} INFO - [2022-07-31 06:58:58,377] {dag.py:2420} INFO - Sync 1 DAGs
[2022-07-31 06:58:58,408] {logging_mixin.py:115} INFO - [2022-07-31 06:58:58,408] {dag.py:2972} INFO - Setting next_dagrun for example_branch_python_operator_decorator to 2022-07-30T00:00:00+00:00, run_after=2022-07-31T00:00:00+00:00
[2022-07-31 06:58:58,431] {processor.py:161} INFO - Processing /home/airflow/.local/lib/python3.7/site-packages/airflow/example_dags/example_branch_operator_decorator.py took 0.123 seconds
[2022-07-31 06:59:28,509] {processor.py:153} INFO - Started process (PID=352) to work on /home/airflow/.local/lib/python3.7/site-packages/airflow/example_dags/example_branch_operator_decorator.py
[2022-07-31 06:59:28,510] {processor.py:641} INFO - Processing file /home/airflow/.local/lib/python3.7/site-packages/airflow/example_dags/example_branch_operator_decorator.py for tasks to queue
[2022-07-31 06:59:28,511] {logging_mixin.py:115} INFO - [2022-07-31 06:59:28,511] {dagbag.py:508} INFO - Filling up the DagBag from /home/airflow/.local/lib/python3.7/site-packages/airflow/example_dags/example_branch_operator_decorator.py
[2022-07-31 06:59:28,536] {processor.py:651} INFO - DAG(s) dict_keys(['example_branch_python_operator_decorator']) retrieved from /home/airflow/.local/lib/python3.7/site-packages/airflow/example_dags/example_branch_operator_decorator.py
[2022-07-31 06:59:28,569] {logging_mixin.py:115} INFO - [2022-07-31 06:59:28,569] {dag.py:2420} INFO - Sync 1 DAGs
[2022-07-31 06:59:28,598] {logging_mixin.py:115} INFO - [2022-07-31 06:59:28,598] {dag.py:2972} INFO - Setting next_dagrun for example_branch_python_operator_decorator to 2022-07-30T00:00:00+00:00, run_after=2022-07-31T00:00:00+00:00
[2022-07-31 06:59:28,612] {processor.py:161} INFO - Processing /home/airflow/.local/lib/python3.7/site-packages/airflow/example_dags/example_branch_operator_decorator.py took 0.109 seconds
[2022-07-31 06:59:59,383] {processor.py:153} INFO - Started process (PID=413) to work on /home/airflow/.local/lib/python3.7/site-packages/airflow/example_dags/example_branch_operator_decorator.py
[2022-07-31 06:59:59,384] {processor.py:641} INFO - Processing file /home/airflow/.local/lib/python3.7/site-packages/airflow/example_dags/example_branch_operator_decorator.py for tasks to queue
[2022-07-31 06:59:59,385] {logging_mixin.py:115} INFO - [2022-07-31 06:59:59,385] {dagbag.py:508} INFO - Filling up the DagBag from /home/airflow/.local/lib/python3.7/site-packages/airflow/example_dags/example_branch_operator_decorator.py
[2022-07-31 06:59:59,422] {processor.py:651} INFO - DAG(s) dict_keys(['example_branch_python_operator_decorator']) retrieved from /home/airflow/.local/lib/python3.7/site-packages/airflow/example_dags/example_branch_operator_decorator.py
[2022-07-31 06:59:59,466] {logging_mixin.py:115} INFO - [2022-07-31 06:59:59,465] {dag.py:2420} INFO - Sync 1 DAGs
[2022-07-31 06:59:59,502] {logging_mixin.py:115} INFO - [2022-07-31 06:59:59,502] {dag.py:2972} INFO - Setting next_dagrun for example_branch_python_operator_decorator to 2022-07-30T00:00:00+00:00, run_after=2022-07-31T00:00:00+00:00
[2022-07-31 06:59:59,520] {processor.py:161} INFO - Processing /home/airflow/.local/lib/python3.7/site-packages/airflow/example_dags/example_branch_operator_decorator.py took 0.142 seconds
[2022-07-31 07:00:30,116] {processor.py:153} INFO - Started process (PID=475) to work on /home/airflow/.local/lib/python3.7/site-packages/airflow/example_dags/example_branch_operator_decorator.py
[2022-07-31 07:00:30,117] {processor.py:641} INFO - Processing file /home/airflow/.local/lib/python3.7/site-packages/airflow/example_dags/example_branch_operator_decorator.py for tasks to queue
[2022-07-31 07:00:30,118] {logging_mixin.py:115} INFO - [2022-07-31 07:00:30,118] {dagbag.py:508} INFO - Filling up the DagBag from /home/airflow/.local/lib/python3.7/site-packages/airflow/example_dags/example_branch_operator_decorator.py
[2022-07-31 07:00:30,165] {processor.py:651} INFO - DAG(s) dict_keys(['example_branch_python_operator_decorator']) retrieved from /home/airflow/.local/lib/python3.7/site-packages/airflow/example_dags/example_branch_operator_decorator.py
[2022-07-31 07:00:30,223] {logging_mixin.py:115} INFO - [2022-07-31 07:00:30,223] {dag.py:2420} INFO - Sync 1 DAGs
[2022-07-31 07:00:30,281] {logging_mixin.py:115} INFO - [2022-07-31 07:00:30,281] {dag.py:2972} INFO - Setting next_dagrun for example_branch_python_operator_decorator to 2022-07-30T00:00:00+00:00, run_after=2022-07-31T00:00:00+00:00
[2022-07-31 07:00:30,307] {processor.py:161} INFO - Processing /home/airflow/.local/lib/python3.7/site-packages/airflow/example_dags/example_branch_operator_decorator.py took 0.199 seconds
[2022-07-31 07:01:01,196] {processor.py:153} INFO - Started process (PID=527) to work on /home/airflow/.local/lib/python3.7/site-packages/airflow/example_dags/example_branch_operator_decorator.py
[2022-07-31 07:01:01,197] {processor.py:641} INFO - Processing file /home/airflow/.local/lib/python3.7/site-packages/airflow/example_dags/example_branch_operator_decorator.py for tasks to queue
[2022-07-31 07:01:01,199] {logging_mixin.py:115} INFO - [2022-07-31 07:01:01,199] {dagbag.py:508} INFO - Filling up the DagBag from /home/airflow/.local/lib/python3.7/site-packages/airflow/example_dags/example_branch_operator_decorator.py
[2022-07-31 07:01:01,243] {processor.py:651} INFO - DAG(s) dict_keys(['example_branch_python_operator_decorator']) retrieved from /home/airflow/.local/lib/python3.7/site-packages/airflow/example_dags/example_branch_operator_decorator.py
[2022-07-31 07:01:01,294] {logging_mixin.py:115} INFO - [2022-07-31 07:01:01,293] {dag.py:2420} INFO - Sync 1 DAGs
[2022-07-31 07:01:01,336] {logging_mixin.py:115} INFO - [2022-07-31 07:01:01,336] {dag.py:2972} INFO - Setting next_dagrun for example_branch_python_operator_decorator to 2022-07-30T00:00:00+00:00, run_after=2022-07-31T00:00:00+00:00
[2022-07-31 07:01:01,362] {processor.py:161} INFO - Processing /home/airflow/.local/lib/python3.7/site-packages/airflow/example_dags/example_branch_operator_decorator.py took 0.174 seconds
[2022-07-31 07:01:31,920] {processor.py:153} INFO - Started process (PID=588) to work on /home/airflow/.local/lib/python3.7/site-packages/airflow/example_dags/example_branch_operator_decorator.py
[2022-07-31 07:01:31,921] {processor.py:641} INFO - Processing file /home/airflow/.local/lib/python3.7/site-packages/airflow/example_dags/example_branch_operator_decorator.py for tasks to queue
[2022-07-31 07:01:31,922] {logging_mixin.py:115} INFO - [2022-07-31 07:01:31,922] {dagbag.py:508} INFO - Filling up the DagBag from /home/airflow/.local/lib/python3.7/site-packages/airflow/example_dags/example_branch_operator_decorator.py
[2022-07-31 07:01:31,947] {processor.py:651} INFO - DAG(s) dict_keys(['example_branch_python_operator_decorator']) retrieved from /home/airflow/.local/lib/python3.7/site-packages/airflow/example_dags/example_branch_operator_decorator.py
[2022-07-31 07:01:31,981] {logging_mixin.py:115} INFO - [2022-07-31 07:01:31,981] {dag.py:2420} INFO - Sync 1 DAGs
[2022-07-31 07:01:32,015] {logging_mixin.py:115} INFO - [2022-07-31 07:01:32,015] {dag.py:2972} INFO - Setting next_dagrun for example_branch_python_operator_decorator to 2022-07-30T00:00:00+00:00, run_after=2022-07-31T00:00:00+00:00
[2022-07-31 07:01:32,036] {processor.py:161} INFO - Processing /home/airflow/.local/lib/python3.7/site-packages/airflow/example_dags/example_branch_operator_decorator.py took 0.121 seconds
[2022-07-31 07:02:02,531] {processor.py:153} INFO - Started process (PID=649) to work on /home/airflow/.local/lib/python3.7/site-packages/airflow/example_dags/example_branch_operator_decorator.py
[2022-07-31 07:02:02,533] {processor.py:641} INFO - Processing file /home/airflow/.local/lib/python3.7/site-packages/airflow/example_dags/example_branch_operator_decorator.py for tasks to queue
[2022-07-31 07:02:02,536] {logging_mixin.py:115} INFO - [2022-07-31 07:02:02,536] {dagbag.py:508} INFO - Filling up the DagBag from /home/airflow/.local/lib/python3.7/site-packages/airflow/example_dags/example_branch_operator_decorator.py
[2022-07-31 07:02:02,576] {processor.py:651} INFO - DAG(s) dict_keys(['example_branch_python_operator_decorator']) retrieved from /home/airflow/.local/lib/python3.7/site-packages/airflow/example_dags/example_branch_operator_decorator.py
[2022-07-31 07:02:02,614] {logging_mixin.py:115} INFO - [2022-07-31 07:02:02,613] {dag.py:2420} INFO - Sync 1 DAGs
[2022-07-31 07:02:02,644] {logging_mixin.py:115} INFO - [2022-07-31 07:02:02,643] {dag.py:2972} INFO - Setting next_dagrun for example_branch_python_operator_decorator to 2022-07-30T00:00:00+00:00, run_after=2022-07-31T00:00:00+00:00
[2022-07-31 07:02:02,658] {processor.py:161} INFO - Processing /home/airflow/.local/lib/python3.7/site-packages/airflow/example_dags/example_branch_operator_decorator.py took 0.135 seconds
[2022-07-31 07:02:33,285] {processor.py:153} INFO - Started process (PID=701) to work on /home/airflow/.local/lib/python3.7/site-packages/airflow/example_dags/example_branch_operator_decorator.py
[2022-07-31 07:02:33,286] {processor.py:641} INFO - Processing file /home/airflow/.local/lib/python3.7/site-packages/airflow/example_dags/example_branch_operator_decorator.py for tasks to queue
[2022-07-31 07:02:33,287] {logging_mixin.py:115} INFO - [2022-07-31 07:02:33,287] {dagbag.py:508} INFO - Filling up the DagBag from /home/airflow/.local/lib/python3.7/site-packages/airflow/example_dags/example_branch_operator_decorator.py
[2022-07-31 07:02:33,329] {processor.py:651} INFO - DAG(s) dict_keys(['example_branch_python_operator_decorator']) retrieved from /home/airflow/.local/lib/python3.7/site-packages/airflow/example_dags/example_branch_operator_decorator.py
[2022-07-31 07:02:33,382] {logging_mixin.py:115} INFO - [2022-07-31 07:02:33,382] {dag.py:2420} INFO - Sync 1 DAGs
[2022-07-31 07:02:33,430] {logging_mixin.py:115} INFO - [2022-07-31 07:02:33,430] {dag.py:2972} INFO - Setting next_dagrun for example_branch_python_operator_decorator to 2022-07-30T00:00:00+00:00, run_after=2022-07-31T00:00:00+00:00
[2022-07-31 07:02:33,459] {processor.py:161} INFO - Processing /home/airflow/.local/lib/python3.7/site-packages/airflow/example_dags/example_branch_operator_decorator.py took 0.182 seconds
[2022-07-31 07:03:04,237] {processor.py:153} INFO - Started process (PID=762) to work on /home/airflow/.local/lib/python3.7/site-packages/airflow/example_dags/example_branch_operator_decorator.py
[2022-07-31 07:03:04,239] {processor.py:641} INFO - Processing file /home/airflow/.local/lib/python3.7/site-packages/airflow/example_dags/example_branch_operator_decorator.py for tasks to queue
[2022-07-31 07:03:04,241] {logging_mixin.py:115} INFO - [2022-07-31 07:03:04,240] {dagbag.py:508} INFO - Filling up the DagBag from /home/airflow/.local/lib/python3.7/site-packages/airflow/example_dags/example_branch_operator_decorator.py
[2022-07-31 07:03:04,293] {processor.py:651} INFO - DAG(s) dict_keys(['example_branch_python_operator_decorator']) retrieved from /home/airflow/.local/lib/python3.7/site-packages/airflow/example_dags/example_branch_operator_decorator.py
[2022-07-31 07:03:04,372] {logging_mixin.py:115} INFO - [2022-07-31 07:03:04,372] {dag.py:2420} INFO - Sync 1 DAGs
[2022-07-31 07:03:04,437] {logging_mixin.py:115} INFO - [2022-07-31 07:03:04,437] {dag.py:2972} INFO - Setting next_dagrun for example_branch_python_operator_decorator to 2022-07-30T00:00:00+00:00, run_after=2022-07-31T00:00:00+00:00
[2022-07-31 07:03:04,493] {processor.py:161} INFO - Processing /home/airflow/.local/lib/python3.7/site-packages/airflow/example_dags/example_branch_operator_decorator.py took 0.265 seconds
[2022-07-31 07:03:34,744] {processor.py:153} INFO - Started process (PID=814) to work on /home/airflow/.local/lib/python3.7/site-packages/airflow/example_dags/example_branch_operator_decorator.py
[2022-07-31 07:03:34,745] {processor.py:641} INFO - Processing file /home/airflow/.local/lib/python3.7/site-packages/airflow/example_dags/example_branch_operator_decorator.py for tasks to queue
[2022-07-31 07:03:34,746] {logging_mixin.py:115} INFO - [2022-07-31 07:03:34,746] {dagbag.py:508} INFO - Filling up the DagBag from /home/airflow/.local/lib/python3.7/site-packages/airflow/example_dags/example_branch_operator_decorator.py
[2022-07-31 07:03:34,782] {processor.py:651} INFO - DAG(s) dict_keys(['example_branch_python_operator_decorator']) retrieved from /home/airflow/.local/lib/python3.7/site-packages/airflow/example_dags/example_branch_operator_decorator.py
[2022-07-31 07:03:34,830] {logging_mixin.py:115} INFO - [2022-07-31 07:03:34,830] {dag.py:2420} INFO - Sync 1 DAGs
[2022-07-31 07:03:34,881] {logging_mixin.py:115} INFO - [2022-07-31 07:03:34,881] {dag.py:2972} INFO - Setting next_dagrun for example_branch_python_operator_decorator to 2022-07-30T00:00:00+00:00, run_after=2022-07-31T00:00:00+00:00
[2022-07-31 07:03:34,907] {processor.py:161} INFO - Processing /home/airflow/.local/lib/python3.7/site-packages/airflow/example_dags/example_branch_operator_decorator.py took 0.172 seconds
[2022-07-31 07:04:05,666] {processor.py:153} INFO - Started process (PID=866) to work on /home/airflow/.local/lib/python3.7/site-packages/airflow/example_dags/example_branch_operator_decorator.py
[2022-07-31 07:04:05,667] {processor.py:641} INFO - Processing file /home/airflow/.local/lib/python3.7/site-packages/airflow/example_dags/example_branch_operator_decorator.py for tasks to queue
[2022-07-31 07:04:05,668] {logging_mixin.py:115} INFO - [2022-07-31 07:04:05,668] {dagbag.py:508} INFO - Filling up the DagBag from /home/airflow/.local/lib/python3.7/site-packages/airflow/example_dags/example_branch_operator_decorator.py
[2022-07-31 07:04:05,723] {processor.py:651} INFO - DAG(s) dict_keys(['example_branch_python_operator_decorator']) retrieved from /home/airflow/.local/lib/python3.7/site-packages/airflow/example_dags/example_branch_operator_decorator.py
[2022-07-31 07:04:05,775] {logging_mixin.py:115} INFO - [2022-07-31 07:04:05,774] {dag.py:2420} INFO - Sync 1 DAGs
[2022-07-31 07:04:05,813] {logging_mixin.py:115} INFO - [2022-07-31 07:04:05,812] {dag.py:2972} INFO - Setting next_dagrun for example_branch_python_operator_decorator to 2022-07-30T00:00:00+00:00, run_after=2022-07-31T00:00:00+00:00
[2022-07-31 07:04:05,829] {processor.py:161} INFO - Processing /home/airflow/.local/lib/python3.7/site-packages/airflow/example_dags/example_branch_operator_decorator.py took 0.172 seconds
[2022-07-31 07:04:36,634] {processor.py:153} INFO - Started process (PID=927) to work on /home/airflow/.local/lib/python3.7/site-packages/airflow/example_dags/example_branch_operator_decorator.py
[2022-07-31 07:04:36,636] {processor.py:641} INFO - Processing file /home/airflow/.local/lib/python3.7/site-packages/airflow/example_dags/example_branch_operator_decorator.py for tasks to queue
[2022-07-31 07:04:36,638] {logging_mixin.py:115} INFO - [2022-07-31 07:04:36,638] {dagbag.py:508} INFO - Filling up the DagBag from /home/airflow/.local/lib/python3.7/site-packages/airflow/example_dags/example_branch_operator_decorator.py
[2022-07-31 07:04:36,692] {processor.py:651} INFO - DAG(s) dict_keys(['example_branch_python_operator_decorator']) retrieved from /home/airflow/.local/lib/python3.7/site-packages/airflow/example_dags/example_branch_operator_decorator.py
[2022-07-31 07:04:36,785] {logging_mixin.py:115} INFO - [2022-07-31 07:04:36,785] {dag.py:2420} INFO - Sync 1 DAGs
[2022-07-31 07:04:36,864] {logging_mixin.py:115} INFO - [2022-07-31 07:04:36,864] {dag.py:2972} INFO - Setting next_dagrun for example_branch_python_operator_decorator to 2022-07-30T00:00:00+00:00, run_after=2022-07-31T00:00:00+00:00
[2022-07-31 07:04:36,899] {processor.py:161} INFO - Processing /home/airflow/.local/lib/python3.7/site-packages/airflow/example_dags/example_branch_operator_decorator.py took 0.272 seconds
[2022-07-31 07:05:07,100] {processor.py:153} INFO - Started process (PID=988) to work on /home/airflow/.local/lib/python3.7/site-packages/airflow/example_dags/example_branch_operator_decorator.py
[2022-07-31 07:05:07,101] {processor.py:641} INFO - Processing file /home/airflow/.local/lib/python3.7/site-packages/airflow/example_dags/example_branch_operator_decorator.py for tasks to queue
[2022-07-31 07:05:07,102] {logging_mixin.py:115} INFO - [2022-07-31 07:05:07,101] {dagbag.py:508} INFO - Filling up the DagBag from /home/airflow/.local/lib/python3.7/site-packages/airflow/example_dags/example_branch_operator_decorator.py
[2022-07-31 07:05:07,130] {processor.py:651} INFO - DAG(s) dict_keys(['example_branch_python_operator_decorator']) retrieved from /home/airflow/.local/lib/python3.7/site-packages/airflow/example_dags/example_branch_operator_decorator.py
[2022-07-31 07:05:07,190] {logging_mixin.py:115} INFO - [2022-07-31 07:05:07,190] {dag.py:2420} INFO - Sync 1 DAGs
[2022-07-31 07:05:07,234] {logging_mixin.py:115} INFO - [2022-07-31 07:05:07,234] {dag.py:2972} INFO - Setting next_dagrun for example_branch_python_operator_decorator to 2022-07-30T00:00:00+00:00, run_after=2022-07-31T00:00:00+00:00
[2022-07-31 07:05:07,257] {processor.py:161} INFO - Processing /home/airflow/.local/lib/python3.7/site-packages/airflow/example_dags/example_branch_operator_decorator.py took 0.163 seconds
[2022-07-31 07:05:37,717] {processor.py:153} INFO - Started process (PID=1041) to work on /home/airflow/.local/lib/python3.7/site-packages/airflow/example_dags/example_branch_operator_decorator.py
[2022-07-31 07:05:37,718] {processor.py:641} INFO - Processing file /home/airflow/.local/lib/python3.7/site-packages/airflow/example_dags/example_branch_operator_decorator.py for tasks to queue
[2022-07-31 07:05:37,719] {logging_mixin.py:115} INFO - [2022-07-31 07:05:37,719] {dagbag.py:508} INFO - Filling up the DagBag from /home/airflow/.local/lib/python3.7/site-packages/airflow/example_dags/example_branch_operator_decorator.py
[2022-07-31 07:05:37,742] {processor.py:651} INFO - DAG(s) dict_keys(['example_branch_python_operator_decorator']) retrieved from /home/airflow/.local/lib/python3.7/site-packages/airflow/example_dags/example_branch_operator_decorator.py
[2022-07-31 07:05:37,773] {logging_mixin.py:115} INFO - [2022-07-31 07:05:37,773] {dag.py:2420} INFO - Sync 1 DAGs
[2022-07-31 07:05:37,800] {logging_mixin.py:115} INFO - [2022-07-31 07:05:37,799] {dag.py:2972} INFO - Setting next_dagrun for example_branch_python_operator_decorator to 2022-07-30T00:00:00+00:00, run_after=2022-07-31T00:00:00+00:00
[2022-07-31 07:05:37,813] {processor.py:161} INFO - Processing /home/airflow/.local/lib/python3.7/site-packages/airflow/example_dags/example_branch_operator_decorator.py took 0.100 seconds
[2022-07-31 07:06:08,243] {processor.py:153} INFO - Started process (PID=1103) to work on /home/airflow/.local/lib/python3.7/site-packages/airflow/example_dags/example_branch_operator_decorator.py
[2022-07-31 07:06:08,244] {processor.py:641} INFO - Processing file /home/airflow/.local/lib/python3.7/site-packages/airflow/example_dags/example_branch_operator_decorator.py for tasks to queue
[2022-07-31 07:06:08,245] {logging_mixin.py:115} INFO - [2022-07-31 07:06:08,245] {dagbag.py:508} INFO - Filling up the DagBag from /home/airflow/.local/lib/python3.7/site-packages/airflow/example_dags/example_branch_operator_decorator.py
[2022-07-31 07:06:08,268] {processor.py:651} INFO - DAG(s) dict_keys(['example_branch_python_operator_decorator']) retrieved from /home/airflow/.local/lib/python3.7/site-packages/airflow/example_dags/example_branch_operator_decorator.py
[2022-07-31 07:06:08,310] {logging_mixin.py:115} INFO - [2022-07-31 07:06:08,310] {dag.py:2420} INFO - Sync 1 DAGs
[2022-07-31 07:06:08,337] {logging_mixin.py:115} INFO - [2022-07-31 07:06:08,337] {dag.py:2972} INFO - Setting next_dagrun for example_branch_python_operator_decorator to 2022-07-30T00:00:00+00:00, run_after=2022-07-31T00:00:00+00:00
[2022-07-31 07:06:08,353] {processor.py:161} INFO - Processing /home/airflow/.local/lib/python3.7/site-packages/airflow/example_dags/example_branch_operator_decorator.py took 0.114 seconds
[2022-07-31 07:06:38,683] {processor.py:153} INFO - Started process (PID=1164) to work on /home/airflow/.local/lib/python3.7/site-packages/airflow/example_dags/example_branch_operator_decorator.py
[2022-07-31 07:06:38,684] {processor.py:641} INFO - Processing file /home/airflow/.local/lib/python3.7/site-packages/airflow/example_dags/example_branch_operator_decorator.py for tasks to queue
[2022-07-31 07:06:38,685] {logging_mixin.py:115} INFO - [2022-07-31 07:06:38,685] {dagbag.py:508} INFO - Filling up the DagBag from /home/airflow/.local/lib/python3.7/site-packages/airflow/example_dags/example_branch_operator_decorator.py
[2022-07-31 07:06:38,712] {processor.py:651} INFO - DAG(s) dict_keys(['example_branch_python_operator_decorator']) retrieved from /home/airflow/.local/lib/python3.7/site-packages/airflow/example_dags/example_branch_operator_decorator.py
[2022-07-31 07:06:38,745] {logging_mixin.py:115} INFO - [2022-07-31 07:06:38,745] {dag.py:2420} INFO - Sync 1 DAGs
[2022-07-31 07:06:38,773] {logging_mixin.py:115} INFO - [2022-07-31 07:06:38,773] {dag.py:2972} INFO - Setting next_dagrun for example_branch_python_operator_decorator to 2022-07-30T00:00:00+00:00, run_after=2022-07-31T00:00:00+00:00
[2022-07-31 07:06:38,789] {processor.py:161} INFO - Processing /home/airflow/.local/lib/python3.7/site-packages/airflow/example_dags/example_branch_operator_decorator.py took 0.113 seconds
[2022-07-31 07:07:09,012] {processor.py:153} INFO - Started process (PID=1216) to work on /home/airflow/.local/lib/python3.7/site-packages/airflow/example_dags/example_branch_operator_decorator.py
[2022-07-31 07:07:09,013] {processor.py:641} INFO - Processing file /home/airflow/.local/lib/python3.7/site-packages/airflow/example_dags/example_branch_operator_decorator.py for tasks to queue
[2022-07-31 07:07:09,014] {logging_mixin.py:115} INFO - [2022-07-31 07:07:09,014] {dagbag.py:508} INFO - Filling up the DagBag from /home/airflow/.local/lib/python3.7/site-packages/airflow/example_dags/example_branch_operator_decorator.py
[2022-07-31 07:07:09,041] {processor.py:651} INFO - DAG(s) dict_keys(['example_branch_python_operator_decorator']) retrieved from /home/airflow/.local/lib/python3.7/site-packages/airflow/example_dags/example_branch_operator_decorator.py
[2022-07-31 07:07:09,073] {logging_mixin.py:115} INFO - [2022-07-31 07:07:09,073] {dag.py:2420} INFO - Sync 1 DAGs
[2022-07-31 07:07:09,100] {logging_mixin.py:115} INFO - [2022-07-31 07:07:09,100] {dag.py:2972} INFO - Setting next_dagrun for example_branch_python_operator_decorator to 2022-07-30T00:00:00+00:00, run_after=2022-07-31T00:00:00+00:00
[2022-07-31 07:07:09,114] {processor.py:161} INFO - Processing /home/airflow/.local/lib/python3.7/site-packages/airflow/example_dags/example_branch_operator_decorator.py took 0.108 seconds
[2022-07-31 07:07:39,392] {processor.py:153} INFO - Started process (PID=1277) to work on /home/airflow/.local/lib/python3.7/site-packages/airflow/example_dags/example_branch_operator_decorator.py
[2022-07-31 07:07:39,393] {processor.py:641} INFO - Processing file /home/airflow/.local/lib/python3.7/site-packages/airflow/example_dags/example_branch_operator_decorator.py for tasks to queue
[2022-07-31 07:07:39,393] {logging_mixin.py:115} INFO - [2022-07-31 07:07:39,393] {dagbag.py:508} INFO - Filling up the DagBag from /home/airflow/.local/lib/python3.7/site-packages/airflow/example_dags/example_branch_operator_decorator.py
[2022-07-31 07:07:39,416] {processor.py:651} INFO - DAG(s) dict_keys(['example_branch_python_operator_decorator']) retrieved from /home/airflow/.local/lib/python3.7/site-packages/airflow/example_dags/example_branch_operator_decorator.py
[2022-07-31 07:07:39,446] {logging_mixin.py:115} INFO - [2022-07-31 07:07:39,446] {dag.py:2420} INFO - Sync 1 DAGs
[2022-07-31 07:07:39,473] {logging_mixin.py:115} INFO - [2022-07-31 07:07:39,473] {dag.py:2972} INFO - Setting next_dagrun for example_branch_python_operator_decorator to 2022-07-30T00:00:00+00:00, run_after=2022-07-31T00:00:00+00:00
[2022-07-31 07:07:39,487] {processor.py:161} INFO - Processing /home/airflow/.local/lib/python3.7/site-packages/airflow/example_dags/example_branch_operator_decorator.py took 0.099 seconds
