[2022-07-31 06:56:49,136] {processor.py:153} INFO - Started process (PID=62) to work on /home/airflow/.local/lib/python3.7/site-packages/airflow/example_dags/example_branch_day_of_week_operator.py
[2022-07-31 06:56:49,137] {processor.py:641} INFO - Processing file /home/airflow/.local/lib/python3.7/site-packages/airflow/example_dags/example_branch_day_of_week_operator.py for tasks to queue
[2022-07-31 06:56:49,142] {logging_mixin.py:115} INFO - [2022-07-31 06:56:49,141] {dagbag.py:508} INFO - Filling up the DagBag from /home/airflow/.local/lib/python3.7/site-packages/airflow/example_dags/example_branch_day_of_week_operator.py
[2022-07-31 06:56:50,045] {processor.py:651} INFO - DAG(s) dict_keys(['example_weekday_branch_operator']) retrieved from /home/airflow/.local/lib/python3.7/site-packages/airflow/example_dags/example_branch_day_of_week_operator.py
[2022-07-31 06:56:51,752] {logging_mixin.py:115} INFO - [2022-07-31 06:56:51,752] {manager.py:508} INFO - Created Permission View: can edit on DAG:example_weekday_branch_operator
[2022-07-31 06:56:51,836] {logging_mixin.py:115} INFO - [2022-07-31 06:56:51,836] {manager.py:508} INFO - Created Permission View: can read on DAG:example_weekday_branch_operator
[2022-07-31 06:56:51,872] {logging_mixin.py:115} INFO - [2022-07-31 06:56:51,872] {manager.py:508} INFO - Created Permission View: can delete on DAG:example_weekday_branch_operator
[2022-07-31 06:56:51,876] {logging_mixin.py:115} INFO - [2022-07-31 06:56:51,876] {dag.py:2420} INFO - Sync 1 DAGs
[2022-07-31 06:56:51,945] {logging_mixin.py:115} INFO - [2022-07-31 06:56:51,945] {dag.py:2439} INFO - Creating ORM DAG for example_weekday_branch_operator
[2022-07-31 06:56:52,014] {logging_mixin.py:115} INFO - [2022-07-31 06:56:52,013] {dag.py:2972} INFO - Setting next_dagrun for example_weekday_branch_operator to 2022-07-30T00:00:00+00:00, run_after=2022-07-31T00:00:00+00:00
[2022-07-31 06:56:52,130] {processor.py:161} INFO - Processing /home/airflow/.local/lib/python3.7/site-packages/airflow/example_dags/example_branch_day_of_week_operator.py took 3.009 seconds
[2022-07-31 06:57:22,721] {processor.py:153} INFO - Started process (PID=114) to work on /home/airflow/.local/lib/python3.7/site-packages/airflow/example_dags/example_branch_day_of_week_operator.py
[2022-07-31 06:57:22,722] {processor.py:641} INFO - Processing file /home/airflow/.local/lib/python3.7/site-packages/airflow/example_dags/example_branch_day_of_week_operator.py for tasks to queue
[2022-07-31 06:57:22,723] {logging_mixin.py:115} INFO - [2022-07-31 06:57:22,723] {dagbag.py:508} INFO - Filling up the DagBag from /home/airflow/.local/lib/python3.7/site-packages/airflow/example_dags/example_branch_day_of_week_operator.py
[2022-07-31 06:57:22,739] {processor.py:651} INFO - DAG(s) dict_keys(['example_weekday_branch_operator']) retrieved from /home/airflow/.local/lib/python3.7/site-packages/airflow/example_dags/example_branch_day_of_week_operator.py
[2022-07-31 06:57:22,777] {logging_mixin.py:115} INFO - [2022-07-31 06:57:22,777] {dag.py:2420} INFO - Sync 1 DAGs
[2022-07-31 06:57:22,807] {logging_mixin.py:115} INFO - [2022-07-31 06:57:22,807] {dag.py:2972} INFO - Setting next_dagrun for example_weekday_branch_operator to 2022-07-30T00:00:00+00:00, run_after=2022-07-31T00:00:00+00:00
[2022-07-31 06:57:22,821] {processor.py:161} INFO - Processing /home/airflow/.local/lib/python3.7/site-packages/airflow/example_dags/example_branch_day_of_week_operator.py took 0.109 seconds
[2022-07-31 06:57:52,990] {processor.py:153} INFO - Started process (PID=173) to work on /home/airflow/.local/lib/python3.7/site-packages/airflow/example_dags/example_branch_day_of_week_operator.py
[2022-07-31 06:57:52,990] {processor.py:641} INFO - Processing file /home/airflow/.local/lib/python3.7/site-packages/airflow/example_dags/example_branch_day_of_week_operator.py for tasks to queue
[2022-07-31 06:57:52,991] {logging_mixin.py:115} INFO - [2022-07-31 06:57:52,991] {dagbag.py:508} INFO - Filling up the DagBag from /home/airflow/.local/lib/python3.7/site-packages/airflow/example_dags/example_branch_day_of_week_operator.py
[2022-07-31 06:57:53,007] {processor.py:651} INFO - DAG(s) dict_keys(['example_weekday_branch_operator']) retrieved from /home/airflow/.local/lib/python3.7/site-packages/airflow/example_dags/example_branch_day_of_week_operator.py
[2022-07-31 06:57:53,055] {logging_mixin.py:115} INFO - [2022-07-31 06:57:53,055] {dag.py:2420} INFO - Sync 1 DAGs
[2022-07-31 06:57:53,100] {logging_mixin.py:115} INFO - [2022-07-31 06:57:53,100] {dag.py:2972} INFO - Setting next_dagrun for example_weekday_branch_operator to 2022-07-30T00:00:00+00:00, run_after=2022-07-31T00:00:00+00:00
[2022-07-31 06:57:53,119] {processor.py:161} INFO - Processing /home/airflow/.local/lib/python3.7/site-packages/airflow/example_dags/example_branch_day_of_week_operator.py took 0.135 seconds
[2022-07-31 06:58:23,789] {processor.py:153} INFO - Started process (PID=227) to work on /home/airflow/.local/lib/python3.7/site-packages/airflow/example_dags/example_branch_day_of_week_operator.py
[2022-07-31 06:58:23,790] {processor.py:641} INFO - Processing file /home/airflow/.local/lib/python3.7/site-packages/airflow/example_dags/example_branch_day_of_week_operator.py for tasks to queue
[2022-07-31 06:58:23,791] {logging_mixin.py:115} INFO - [2022-07-31 06:58:23,791] {dagbag.py:508} INFO - Filling up the DagBag from /home/airflow/.local/lib/python3.7/site-packages/airflow/example_dags/example_branch_day_of_week_operator.py
[2022-07-31 06:58:23,805] {processor.py:651} INFO - DAG(s) dict_keys(['example_weekday_branch_operator']) retrieved from /home/airflow/.local/lib/python3.7/site-packages/airflow/example_dags/example_branch_day_of_week_operator.py
[2022-07-31 06:58:23,857] {logging_mixin.py:115} INFO - [2022-07-31 06:58:23,857] {dag.py:2420} INFO - Sync 1 DAGs
[2022-07-31 06:58:23,897] {logging_mixin.py:115} INFO - [2022-07-31 06:58:23,897] {dag.py:2972} INFO - Setting next_dagrun for example_weekday_branch_operator to 2022-07-30T00:00:00+00:00, run_after=2022-07-31T00:00:00+00:00
[2022-07-31 06:58:23,914] {processor.py:161} INFO - Processing /home/airflow/.local/lib/python3.7/site-packages/airflow/example_dags/example_branch_day_of_week_operator.py took 0.130 seconds
[2022-07-31 06:58:53,979] {processor.py:153} INFO - Started process (PID=286) to work on /home/airflow/.local/lib/python3.7/site-packages/airflow/example_dags/example_branch_day_of_week_operator.py
[2022-07-31 06:58:53,980] {processor.py:641} INFO - Processing file /home/airflow/.local/lib/python3.7/site-packages/airflow/example_dags/example_branch_day_of_week_operator.py for tasks to queue
[2022-07-31 06:58:53,981] {logging_mixin.py:115} INFO - [2022-07-31 06:58:53,981] {dagbag.py:508} INFO - Filling up the DagBag from /home/airflow/.local/lib/python3.7/site-packages/airflow/example_dags/example_branch_day_of_week_operator.py
[2022-07-31 06:58:54,001] {processor.py:651} INFO - DAG(s) dict_keys(['example_weekday_branch_operator']) retrieved from /home/airflow/.local/lib/python3.7/site-packages/airflow/example_dags/example_branch_day_of_week_operator.py
[2022-07-31 06:58:54,063] {logging_mixin.py:115} INFO - [2022-07-31 06:58:54,063] {dag.py:2420} INFO - Sync 1 DAGs
[2022-07-31 06:58:54,132] {logging_mixin.py:115} INFO - [2022-07-31 06:58:54,132] {dag.py:2972} INFO - Setting next_dagrun for example_weekday_branch_operator to 2022-07-30T00:00:00+00:00, run_after=2022-07-31T00:00:00+00:00
[2022-07-31 06:58:54,167] {processor.py:161} INFO - Processing /home/airflow/.local/lib/python3.7/site-packages/airflow/example_dags/example_branch_day_of_week_operator.py took 0.195 seconds
[2022-07-31 06:59:24,532] {processor.py:153} INFO - Started process (PID=340) to work on /home/airflow/.local/lib/python3.7/site-packages/airflow/example_dags/example_branch_day_of_week_operator.py
[2022-07-31 06:59:24,532] {processor.py:641} INFO - Processing file /home/airflow/.local/lib/python3.7/site-packages/airflow/example_dags/example_branch_day_of_week_operator.py for tasks to queue
[2022-07-31 06:59:24,533] {logging_mixin.py:115} INFO - [2022-07-31 06:59:24,533] {dagbag.py:508} INFO - Filling up the DagBag from /home/airflow/.local/lib/python3.7/site-packages/airflow/example_dags/example_branch_day_of_week_operator.py
[2022-07-31 06:59:24,549] {processor.py:651} INFO - DAG(s) dict_keys(['example_weekday_branch_operator']) retrieved from /home/airflow/.local/lib/python3.7/site-packages/airflow/example_dags/example_branch_day_of_week_operator.py
[2022-07-31 06:59:24,582] {logging_mixin.py:115} INFO - [2022-07-31 06:59:24,582] {dag.py:2420} INFO - Sync 1 DAGs
[2022-07-31 06:59:24,617] {logging_mixin.py:115} INFO - [2022-07-31 06:59:24,617] {dag.py:2972} INFO - Setting next_dagrun for example_weekday_branch_operator to 2022-07-30T00:00:00+00:00, run_after=2022-07-31T00:00:00+00:00
[2022-07-31 06:59:24,632] {processor.py:161} INFO - Processing /home/airflow/.local/lib/python3.7/site-packages/airflow/example_dags/example_branch_day_of_week_operator.py took 0.106 seconds
[2022-07-31 06:59:55,428] {processor.py:153} INFO - Started process (PID=401) to work on /home/airflow/.local/lib/python3.7/site-packages/airflow/example_dags/example_branch_day_of_week_operator.py
[2022-07-31 06:59:55,429] {processor.py:641} INFO - Processing file /home/airflow/.local/lib/python3.7/site-packages/airflow/example_dags/example_branch_day_of_week_operator.py for tasks to queue
[2022-07-31 06:59:55,430] {logging_mixin.py:115} INFO - [2022-07-31 06:59:55,430] {dagbag.py:508} INFO - Filling up the DagBag from /home/airflow/.local/lib/python3.7/site-packages/airflow/example_dags/example_branch_day_of_week_operator.py
[2022-07-31 06:59:55,448] {processor.py:651} INFO - DAG(s) dict_keys(['example_weekday_branch_operator']) retrieved from /home/airflow/.local/lib/python3.7/site-packages/airflow/example_dags/example_branch_day_of_week_operator.py
[2022-07-31 06:59:55,481] {logging_mixin.py:115} INFO - [2022-07-31 06:59:55,481] {dag.py:2420} INFO - Sync 1 DAGs
[2022-07-31 06:59:55,510] {logging_mixin.py:115} INFO - [2022-07-31 06:59:55,510] {dag.py:2972} INFO - Setting next_dagrun for example_weekday_branch_operator to 2022-07-30T00:00:00+00:00, run_after=2022-07-31T00:00:00+00:00
[2022-07-31 06:59:55,525] {processor.py:161} INFO - Processing /home/airflow/.local/lib/python3.7/site-packages/airflow/example_dags/example_branch_day_of_week_operator.py took 0.102 seconds
[2022-07-31 07:00:26,092] {processor.py:153} INFO - Started process (PID=454) to work on /home/airflow/.local/lib/python3.7/site-packages/airflow/example_dags/example_branch_day_of_week_operator.py
[2022-07-31 07:00:26,093] {processor.py:641} INFO - Processing file /home/airflow/.local/lib/python3.7/site-packages/airflow/example_dags/example_branch_day_of_week_operator.py for tasks to queue
[2022-07-31 07:00:26,095] {logging_mixin.py:115} INFO - [2022-07-31 07:00:26,094] {dagbag.py:508} INFO - Filling up the DagBag from /home/airflow/.local/lib/python3.7/site-packages/airflow/example_dags/example_branch_day_of_week_operator.py
[2022-07-31 07:00:26,115] {processor.py:651} INFO - DAG(s) dict_keys(['example_weekday_branch_operator']) retrieved from /home/airflow/.local/lib/python3.7/site-packages/airflow/example_dags/example_branch_day_of_week_operator.py
[2022-07-31 07:00:26,163] {logging_mixin.py:115} INFO - [2022-07-31 07:00:26,163] {dag.py:2420} INFO - Sync 1 DAGs
[2022-07-31 07:00:26,204] {logging_mixin.py:115} INFO - [2022-07-31 07:00:26,204] {dag.py:2972} INFO - Setting next_dagrun for example_weekday_branch_operator to 2022-07-30T00:00:00+00:00, run_after=2022-07-31T00:00:00+00:00
[2022-07-31 07:00:26,222] {processor.py:161} INFO - Processing /home/airflow/.local/lib/python3.7/site-packages/airflow/example_dags/example_branch_day_of_week_operator.py took 0.137 seconds
[2022-07-31 07:00:56,952] {processor.py:153} INFO - Started process (PID=515) to work on /home/airflow/.local/lib/python3.7/site-packages/airflow/example_dags/example_branch_day_of_week_operator.py
[2022-07-31 07:00:56,953] {processor.py:641} INFO - Processing file /home/airflow/.local/lib/python3.7/site-packages/airflow/example_dags/example_branch_day_of_week_operator.py for tasks to queue
[2022-07-31 07:00:56,954] {logging_mixin.py:115} INFO - [2022-07-31 07:00:56,954] {dagbag.py:508} INFO - Filling up the DagBag from /home/airflow/.local/lib/python3.7/site-packages/airflow/example_dags/example_branch_day_of_week_operator.py
[2022-07-31 07:00:56,969] {processor.py:651} INFO - DAG(s) dict_keys(['example_weekday_branch_operator']) retrieved from /home/airflow/.local/lib/python3.7/site-packages/airflow/example_dags/example_branch_day_of_week_operator.py
[2022-07-31 07:00:57,011] {logging_mixin.py:115} INFO - [2022-07-31 07:00:57,011] {dag.py:2420} INFO - Sync 1 DAGs
[2022-07-31 07:00:57,050] {logging_mixin.py:115} INFO - [2022-07-31 07:00:57,050] {dag.py:2972} INFO - Setting next_dagrun for example_weekday_branch_operator to 2022-07-30T00:00:00+00:00, run_after=2022-07-31T00:00:00+00:00
[2022-07-31 07:00:57,070] {processor.py:161} INFO - Processing /home/airflow/.local/lib/python3.7/site-packages/airflow/example_dags/example_branch_day_of_week_operator.py took 0.124 seconds
[2022-07-31 07:01:27,934] {processor.py:153} INFO - Started process (PID=576) to work on /home/airflow/.local/lib/python3.7/site-packages/airflow/example_dags/example_branch_day_of_week_operator.py
[2022-07-31 07:01:27,935] {processor.py:641} INFO - Processing file /home/airflow/.local/lib/python3.7/site-packages/airflow/example_dags/example_branch_day_of_week_operator.py for tasks to queue
[2022-07-31 07:01:27,936] {logging_mixin.py:115} INFO - [2022-07-31 07:01:27,936] {dagbag.py:508} INFO - Filling up the DagBag from /home/airflow/.local/lib/python3.7/site-packages/airflow/example_dags/example_branch_day_of_week_operator.py
[2022-07-31 07:01:27,953] {processor.py:651} INFO - DAG(s) dict_keys(['example_weekday_branch_operator']) retrieved from /home/airflow/.local/lib/python3.7/site-packages/airflow/example_dags/example_branch_day_of_week_operator.py
[2022-07-31 07:01:27,991] {logging_mixin.py:115} INFO - [2022-07-31 07:01:27,990] {dag.py:2420} INFO - Sync 1 DAGs
[2022-07-31 07:01:28,033] {logging_mixin.py:115} INFO - [2022-07-31 07:01:28,033] {dag.py:2972} INFO - Setting next_dagrun for example_weekday_branch_operator to 2022-07-30T00:00:00+00:00, run_after=2022-07-31T00:00:00+00:00
[2022-07-31 07:01:28,055] {processor.py:161} INFO - Processing /home/airflow/.local/lib/python3.7/site-packages/airflow/example_dags/example_branch_day_of_week_operator.py took 0.126 seconds
[2022-07-31 07:01:58,470] {processor.py:153} INFO - Started process (PID=628) to work on /home/airflow/.local/lib/python3.7/site-packages/airflow/example_dags/example_branch_day_of_week_operator.py
[2022-07-31 07:01:58,471] {processor.py:641} INFO - Processing file /home/airflow/.local/lib/python3.7/site-packages/airflow/example_dags/example_branch_day_of_week_operator.py for tasks to queue
[2022-07-31 07:01:58,472] {logging_mixin.py:115} INFO - [2022-07-31 07:01:58,472] {dagbag.py:508} INFO - Filling up the DagBag from /home/airflow/.local/lib/python3.7/site-packages/airflow/example_dags/example_branch_day_of_week_operator.py
[2022-07-31 07:01:58,486] {processor.py:651} INFO - DAG(s) dict_keys(['example_weekday_branch_operator']) retrieved from /home/airflow/.local/lib/python3.7/site-packages/airflow/example_dags/example_branch_day_of_week_operator.py
[2022-07-31 07:01:58,539] {logging_mixin.py:115} INFO - [2022-07-31 07:01:58,539] {dag.py:2420} INFO - Sync 1 DAGs
[2022-07-31 07:01:58,579] {logging_mixin.py:115} INFO - [2022-07-31 07:01:58,579] {dag.py:2972} INFO - Setting next_dagrun for example_weekday_branch_operator to 2022-07-30T00:00:00+00:00, run_after=2022-07-31T00:00:00+00:00
[2022-07-31 07:01:58,597] {processor.py:161} INFO - Processing /home/airflow/.local/lib/python3.7/site-packages/airflow/example_dags/example_branch_day_of_week_operator.py took 0.132 seconds
[2022-07-31 07:02:28,961] {processor.py:153} INFO - Started process (PID=689) to work on /home/airflow/.local/lib/python3.7/site-packages/airflow/example_dags/example_branch_day_of_week_operator.py
[2022-07-31 07:02:28,963] {processor.py:641} INFO - Processing file /home/airflow/.local/lib/python3.7/site-packages/airflow/example_dags/example_branch_day_of_week_operator.py for tasks to queue
[2022-07-31 07:02:28,964] {logging_mixin.py:115} INFO - [2022-07-31 07:02:28,964] {dagbag.py:508} INFO - Filling up the DagBag from /home/airflow/.local/lib/python3.7/site-packages/airflow/example_dags/example_branch_day_of_week_operator.py
[2022-07-31 07:02:28,980] {processor.py:651} INFO - DAG(s) dict_keys(['example_weekday_branch_operator']) retrieved from /home/airflow/.local/lib/python3.7/site-packages/airflow/example_dags/example_branch_day_of_week_operator.py
[2022-07-31 07:02:29,029] {logging_mixin.py:115} INFO - [2022-07-31 07:02:29,029] {dag.py:2420} INFO - Sync 1 DAGs
[2022-07-31 07:02:29,075] {logging_mixin.py:115} INFO - [2022-07-31 07:02:29,074] {dag.py:2972} INFO - Setting next_dagrun for example_weekday_branch_operator to 2022-07-30T00:00:00+00:00, run_after=2022-07-31T00:00:00+00:00
[2022-07-31 07:02:29,097] {processor.py:161} INFO - Processing /home/airflow/.local/lib/python3.7/site-packages/airflow/example_dags/example_branch_day_of_week_operator.py took 0.142 seconds
[2022-07-31 07:02:59,546] {processor.py:153} INFO - Started process (PID=741) to work on /home/airflow/.local/lib/python3.7/site-packages/airflow/example_dags/example_branch_day_of_week_operator.py
[2022-07-31 07:02:59,547] {processor.py:641} INFO - Processing file /home/airflow/.local/lib/python3.7/site-packages/airflow/example_dags/example_branch_day_of_week_operator.py for tasks to queue
[2022-07-31 07:02:59,549] {logging_mixin.py:115} INFO - [2022-07-31 07:02:59,548] {dagbag.py:508} INFO - Filling up the DagBag from /home/airflow/.local/lib/python3.7/site-packages/airflow/example_dags/example_branch_day_of_week_operator.py
[2022-07-31 07:02:59,566] {processor.py:651} INFO - DAG(s) dict_keys(['example_weekday_branch_operator']) retrieved from /home/airflow/.local/lib/python3.7/site-packages/airflow/example_dags/example_branch_day_of_week_operator.py
[2022-07-31 07:02:59,618] {logging_mixin.py:115} INFO - [2022-07-31 07:02:59,618] {dag.py:2420} INFO - Sync 1 DAGs
[2022-07-31 07:02:59,663] {logging_mixin.py:115} INFO - [2022-07-31 07:02:59,662] {dag.py:2972} INFO - Setting next_dagrun for example_weekday_branch_operator to 2022-07-30T00:00:00+00:00, run_after=2022-07-31T00:00:00+00:00
[2022-07-31 07:02:59,690] {processor.py:161} INFO - Processing /home/airflow/.local/lib/python3.7/site-packages/airflow/example_dags/example_branch_day_of_week_operator.py took 0.153 seconds
[2022-07-31 07:03:29,859] {processor.py:153} INFO - Started process (PID=800) to work on /home/airflow/.local/lib/python3.7/site-packages/airflow/example_dags/example_branch_day_of_week_operator.py
[2022-07-31 07:03:29,866] {processor.py:641} INFO - Processing file /home/airflow/.local/lib/python3.7/site-packages/airflow/example_dags/example_branch_day_of_week_operator.py for tasks to queue
[2022-07-31 07:03:29,868] {logging_mixin.py:115} INFO - [2022-07-31 07:03:29,867] {dagbag.py:508} INFO - Filling up the DagBag from /home/airflow/.local/lib/python3.7/site-packages/airflow/example_dags/example_branch_day_of_week_operator.py
[2022-07-31 07:03:29,906] {processor.py:651} INFO - DAG(s) dict_keys(['example_weekday_branch_operator']) retrieved from /home/airflow/.local/lib/python3.7/site-packages/airflow/example_dags/example_branch_day_of_week_operator.py
[2022-07-31 07:03:29,985] {logging_mixin.py:115} INFO - [2022-07-31 07:03:29,984] {dag.py:2420} INFO - Sync 1 DAGs
[2022-07-31 07:03:30,036] {logging_mixin.py:115} INFO - [2022-07-31 07:03:30,036] {dag.py:2972} INFO - Setting next_dagrun for example_weekday_branch_operator to 2022-07-30T00:00:00+00:00, run_after=2022-07-31T00:00:00+00:00
[2022-07-31 07:03:30,103] {processor.py:161} INFO - Processing /home/airflow/.local/lib/python3.7/site-packages/airflow/example_dags/example_branch_day_of_week_operator.py took 0.255 seconds
[2022-07-31 07:04:00,667] {processor.py:153} INFO - Started process (PID=854) to work on /home/airflow/.local/lib/python3.7/site-packages/airflow/example_dags/example_branch_day_of_week_operator.py
[2022-07-31 07:04:00,668] {processor.py:641} INFO - Processing file /home/airflow/.local/lib/python3.7/site-packages/airflow/example_dags/example_branch_day_of_week_operator.py for tasks to queue
[2022-07-31 07:04:00,669] {logging_mixin.py:115} INFO - [2022-07-31 07:04:00,669] {dagbag.py:508} INFO - Filling up the DagBag from /home/airflow/.local/lib/python3.7/site-packages/airflow/example_dags/example_branch_day_of_week_operator.py
[2022-07-31 07:04:00,681] {processor.py:651} INFO - DAG(s) dict_keys(['example_weekday_branch_operator']) retrieved from /home/airflow/.local/lib/python3.7/site-packages/airflow/example_dags/example_branch_day_of_week_operator.py
[2022-07-31 07:04:00,717] {logging_mixin.py:115} INFO - [2022-07-31 07:04:00,717] {dag.py:2420} INFO - Sync 1 DAGs
[2022-07-31 07:04:00,745] {logging_mixin.py:115} INFO - [2022-07-31 07:04:00,745] {dag.py:2972} INFO - Setting next_dagrun for example_weekday_branch_operator to 2022-07-30T00:00:00+00:00, run_after=2022-07-31T00:00:00+00:00
[2022-07-31 07:04:00,759] {processor.py:161} INFO - Processing /home/airflow/.local/lib/python3.7/site-packages/airflow/example_dags/example_branch_day_of_week_operator.py took 0.098 seconds
[2022-07-31 07:04:31,599] {processor.py:153} INFO - Started process (PID=915) to work on /home/airflow/.local/lib/python3.7/site-packages/airflow/example_dags/example_branch_day_of_week_operator.py
[2022-07-31 07:04:31,607] {processor.py:641} INFO - Processing file /home/airflow/.local/lib/python3.7/site-packages/airflow/example_dags/example_branch_day_of_week_operator.py for tasks to queue
[2022-07-31 07:04:31,608] {logging_mixin.py:115} INFO - [2022-07-31 07:04:31,608] {dagbag.py:508} INFO - Filling up the DagBag from /home/airflow/.local/lib/python3.7/site-packages/airflow/example_dags/example_branch_day_of_week_operator.py
[2022-07-31 07:04:31,626] {processor.py:651} INFO - DAG(s) dict_keys(['example_weekday_branch_operator']) retrieved from /home/airflow/.local/lib/python3.7/site-packages/airflow/example_dags/example_branch_day_of_week_operator.py
[2022-07-31 07:04:31,669] {logging_mixin.py:115} INFO - [2022-07-31 07:04:31,669] {dag.py:2420} INFO - Sync 1 DAGs
[2022-07-31 07:04:31,710] {logging_mixin.py:115} INFO - [2022-07-31 07:04:31,710] {dag.py:2972} INFO - Setting next_dagrun for example_weekday_branch_operator to 2022-07-30T00:00:00+00:00, run_after=2022-07-31T00:00:00+00:00
[2022-07-31 07:04:31,728] {processor.py:161} INFO - Processing /home/airflow/.local/lib/python3.7/site-packages/airflow/example_dags/example_branch_day_of_week_operator.py took 0.135 seconds
[2022-07-31 07:05:02,121] {processor.py:153} INFO - Started process (PID=967) to work on /home/airflow/.local/lib/python3.7/site-packages/airflow/example_dags/example_branch_day_of_week_operator.py
[2022-07-31 07:05:02,121] {processor.py:641} INFO - Processing file /home/airflow/.local/lib/python3.7/site-packages/airflow/example_dags/example_branch_day_of_week_operator.py for tasks to queue
[2022-07-31 07:05:02,122] {logging_mixin.py:115} INFO - [2022-07-31 07:05:02,122] {dagbag.py:508} INFO - Filling up the DagBag from /home/airflow/.local/lib/python3.7/site-packages/airflow/example_dags/example_branch_day_of_week_operator.py
[2022-07-31 07:05:02,137] {processor.py:651} INFO - DAG(s) dict_keys(['example_weekday_branch_operator']) retrieved from /home/airflow/.local/lib/python3.7/site-packages/airflow/example_dags/example_branch_day_of_week_operator.py
[2022-07-31 07:05:02,193] {logging_mixin.py:115} INFO - [2022-07-31 07:05:02,193] {dag.py:2420} INFO - Sync 1 DAGs
[2022-07-31 07:05:02,231] {logging_mixin.py:115} INFO - [2022-07-31 07:05:02,231] {dag.py:2972} INFO - Setting next_dagrun for example_weekday_branch_operator to 2022-07-30T00:00:00+00:00, run_after=2022-07-31T00:00:00+00:00
[2022-07-31 07:05:02,251] {processor.py:161} INFO - Processing /home/airflow/.local/lib/python3.7/site-packages/airflow/example_dags/example_branch_day_of_week_operator.py took 0.136 seconds
[2022-07-31 07:05:32,894] {processor.py:153} INFO - Started process (PID=1029) to work on /home/airflow/.local/lib/python3.7/site-packages/airflow/example_dags/example_branch_day_of_week_operator.py
[2022-07-31 07:05:32,895] {processor.py:641} INFO - Processing file /home/airflow/.local/lib/python3.7/site-packages/airflow/example_dags/example_branch_day_of_week_operator.py for tasks to queue
[2022-07-31 07:05:32,896] {logging_mixin.py:115} INFO - [2022-07-31 07:05:32,896] {dagbag.py:508} INFO - Filling up the DagBag from /home/airflow/.local/lib/python3.7/site-packages/airflow/example_dags/example_branch_day_of_week_operator.py
[2022-07-31 07:05:32,907] {processor.py:651} INFO - DAG(s) dict_keys(['example_weekday_branch_operator']) retrieved from /home/airflow/.local/lib/python3.7/site-packages/airflow/example_dags/example_branch_day_of_week_operator.py
[2022-07-31 07:05:32,943] {logging_mixin.py:115} INFO - [2022-07-31 07:05:32,943] {dag.py:2420} INFO - Sync 1 DAGs
[2022-07-31 07:05:32,977] {logging_mixin.py:115} INFO - [2022-07-31 07:05:32,976] {dag.py:2972} INFO - Setting next_dagrun for example_weekday_branch_operator to 2022-07-30T00:00:00+00:00, run_after=2022-07-31T00:00:00+00:00
[2022-07-31 07:05:32,991] {processor.py:161} INFO - Processing /home/airflow/.local/lib/python3.7/site-packages/airflow/example_dags/example_branch_day_of_week_operator.py took 0.102 seconds
[2022-07-31 07:06:03,431] {processor.py:153} INFO - Started process (PID=1081) to work on /home/airflow/.local/lib/python3.7/site-packages/airflow/example_dags/example_branch_day_of_week_operator.py
[2022-07-31 07:06:03,432] {processor.py:641} INFO - Processing file /home/airflow/.local/lib/python3.7/site-packages/airflow/example_dags/example_branch_day_of_week_operator.py for tasks to queue
[2022-07-31 07:06:03,433] {logging_mixin.py:115} INFO - [2022-07-31 07:06:03,433] {dagbag.py:508} INFO - Filling up the DagBag from /home/airflow/.local/lib/python3.7/site-packages/airflow/example_dags/example_branch_day_of_week_operator.py
[2022-07-31 07:06:03,451] {processor.py:651} INFO - DAG(s) dict_keys(['example_weekday_branch_operator']) retrieved from /home/airflow/.local/lib/python3.7/site-packages/airflow/example_dags/example_branch_day_of_week_operator.py
[2022-07-31 07:06:03,489] {logging_mixin.py:115} INFO - [2022-07-31 07:06:03,489] {dag.py:2420} INFO - Sync 1 DAGs
[2022-07-31 07:06:03,518] {logging_mixin.py:115} INFO - [2022-07-31 07:06:03,518] {dag.py:2972} INFO - Setting next_dagrun for example_weekday_branch_operator to 2022-07-30T00:00:00+00:00, run_after=2022-07-31T00:00:00+00:00
[2022-07-31 07:06:03,532] {processor.py:161} INFO - Processing /home/airflow/.local/lib/python3.7/site-packages/airflow/example_dags/example_branch_day_of_week_operator.py took 0.112 seconds
[2022-07-31 07:06:33,785] {processor.py:153} INFO - Started process (PID=1143) to work on /home/airflow/.local/lib/python3.7/site-packages/airflow/example_dags/example_branch_day_of_week_operator.py
[2022-07-31 07:06:33,786] {processor.py:641} INFO - Processing file /home/airflow/.local/lib/python3.7/site-packages/airflow/example_dags/example_branch_day_of_week_operator.py for tasks to queue
[2022-07-31 07:06:33,787] {logging_mixin.py:115} INFO - [2022-07-31 07:06:33,787] {dagbag.py:508} INFO - Filling up the DagBag from /home/airflow/.local/lib/python3.7/site-packages/airflow/example_dags/example_branch_day_of_week_operator.py
[2022-07-31 07:06:33,802] {processor.py:651} INFO - DAG(s) dict_keys(['example_weekday_branch_operator']) retrieved from /home/airflow/.local/lib/python3.7/site-packages/airflow/example_dags/example_branch_day_of_week_operator.py
[2022-07-31 07:06:33,838] {logging_mixin.py:115} INFO - [2022-07-31 07:06:33,838] {dag.py:2420} INFO - Sync 1 DAGs
[2022-07-31 07:06:33,873] {logging_mixin.py:115} INFO - [2022-07-31 07:06:33,873] {dag.py:2972} INFO - Setting next_dagrun for example_weekday_branch_operator to 2022-07-30T00:00:00+00:00, run_after=2022-07-31T00:00:00+00:00
[2022-07-31 07:06:33,889] {processor.py:161} INFO - Processing /home/airflow/.local/lib/python3.7/site-packages/airflow/example_dags/example_branch_day_of_week_operator.py took 0.110 seconds
[2022-07-31 07:07:04,067] {processor.py:153} INFO - Started process (PID=1204) to work on /home/airflow/.local/lib/python3.7/site-packages/airflow/example_dags/example_branch_day_of_week_operator.py
[2022-07-31 07:07:04,069] {processor.py:641} INFO - Processing file /home/airflow/.local/lib/python3.7/site-packages/airflow/example_dags/example_branch_day_of_week_operator.py for tasks to queue
[2022-07-31 07:07:04,071] {logging_mixin.py:115} INFO - [2022-07-31 07:07:04,070] {dagbag.py:508} INFO - Filling up the DagBag from /home/airflow/.local/lib/python3.7/site-packages/airflow/example_dags/example_branch_day_of_week_operator.py
[2022-07-31 07:07:04,093] {processor.py:651} INFO - DAG(s) dict_keys(['example_weekday_branch_operator']) retrieved from /home/airflow/.local/lib/python3.7/site-packages/airflow/example_dags/example_branch_day_of_week_operator.py
[2022-07-31 07:07:04,134] {logging_mixin.py:115} INFO - [2022-07-31 07:07:04,134] {dag.py:2420} INFO - Sync 1 DAGs
[2022-07-31 07:07:04,167] {logging_mixin.py:115} INFO - [2022-07-31 07:07:04,167] {dag.py:2972} INFO - Setting next_dagrun for example_weekday_branch_operator to 2022-07-30T00:00:00+00:00, run_after=2022-07-31T00:00:00+00:00
[2022-07-31 07:07:04,181] {processor.py:161} INFO - Processing /home/airflow/.local/lib/python3.7/site-packages/airflow/example_dags/example_branch_day_of_week_operator.py took 0.141 seconds
[2022-07-31 07:07:34,612] {processor.py:153} INFO - Started process (PID=1256) to work on /home/airflow/.local/lib/python3.7/site-packages/airflow/example_dags/example_branch_day_of_week_operator.py
[2022-07-31 07:07:34,613] {processor.py:641} INFO - Processing file /home/airflow/.local/lib/python3.7/site-packages/airflow/example_dags/example_branch_day_of_week_operator.py for tasks to queue
[2022-07-31 07:07:34,614] {logging_mixin.py:115} INFO - [2022-07-31 07:07:34,614] {dagbag.py:508} INFO - Filling up the DagBag from /home/airflow/.local/lib/python3.7/site-packages/airflow/example_dags/example_branch_day_of_week_operator.py
[2022-07-31 07:07:34,632] {processor.py:651} INFO - DAG(s) dict_keys(['example_weekday_branch_operator']) retrieved from /home/airflow/.local/lib/python3.7/site-packages/airflow/example_dags/example_branch_day_of_week_operator.py
[2022-07-31 07:07:34,687] {logging_mixin.py:115} INFO - [2022-07-31 07:07:34,687] {dag.py:2420} INFO - Sync 1 DAGs
[2022-07-31 07:07:34,740] {logging_mixin.py:115} INFO - [2022-07-31 07:07:34,739] {dag.py:2972} INFO - Setting next_dagrun for example_weekday_branch_operator to 2022-07-30T00:00:00+00:00, run_after=2022-07-31T00:00:00+00:00
[2022-07-31 07:07:34,761] {processor.py:161} INFO - Processing /home/airflow/.local/lib/python3.7/site-packages/airflow/example_dags/example_branch_day_of_week_operator.py took 0.154 seconds
