[2022-07-31 06:56:55,207] {processor.py:153} INFO - Started process (PID=75) to work on /home/airflow/.local/lib/python3.7/site-packages/airflow/example_dags/example_branch_datetime_operator.py
[2022-07-31 06:56:55,210] {processor.py:641} INFO - Processing file /home/airflow/.local/lib/python3.7/site-packages/airflow/example_dags/example_branch_datetime_operator.py for tasks to queue
[2022-07-31 06:56:55,211] {logging_mixin.py:115} INFO - [2022-07-31 06:56:55,211] {dagbag.py:508} INFO - Filling up the DagBag from /home/airflow/.local/lib/python3.7/site-packages/airflow/example_dags/example_branch_datetime_operator.py
[2022-07-31 06:56:55,240] {processor.py:651} INFO - DAG(s) dict_keys(['example_branch_datetime_operator', 'example_branch_datetime_operator_2']) retrieved from /home/airflow/.local/lib/python3.7/site-packages/airflow/example_dags/example_branch_datetime_operator.py
[2022-07-31 06:56:55,486] {logging_mixin.py:115} INFO - [2022-07-31 06:56:55,486] {manager.py:508} INFO - Created Permission View: can edit on DAG:example_branch_datetime_operator
[2022-07-31 06:56:55,506] {logging_mixin.py:115} INFO - [2022-07-31 06:56:55,506] {manager.py:508} INFO - Created Permission View: can read on DAG:example_branch_datetime_operator
[2022-07-31 06:56:55,522] {logging_mixin.py:115} INFO - [2022-07-31 06:56:55,521] {manager.py:508} INFO - Created Permission View: can delete on DAG:example_branch_datetime_operator
[2022-07-31 06:56:55,553] {logging_mixin.py:115} INFO - [2022-07-31 06:56:55,553] {manager.py:508} INFO - Created Permission View: can edit on DAG:example_branch_datetime_operator_2
[2022-07-31 06:56:55,566] {logging_mixin.py:115} INFO - [2022-07-31 06:56:55,566] {manager.py:508} INFO - Created Permission View: can read on DAG:example_branch_datetime_operator_2
[2022-07-31 06:56:55,580] {logging_mixin.py:115} INFO - [2022-07-31 06:56:55,580] {manager.py:508} INFO - Created Permission View: can delete on DAG:example_branch_datetime_operator_2
[2022-07-31 06:56:55,580] {logging_mixin.py:115} INFO - [2022-07-31 06:56:55,580] {dag.py:2420} INFO - Sync 2 DAGs
[2022-07-31 06:56:55,599] {logging_mixin.py:115} INFO - [2022-07-31 06:56:55,599] {dag.py:2439} INFO - Creating ORM DAG for example_branch_datetime_operator_2
[2022-07-31 06:56:55,601] {logging_mixin.py:115} INFO - [2022-07-31 06:56:55,601] {dag.py:2439} INFO - Creating ORM DAG for example_branch_datetime_operator
[2022-07-31 06:56:55,622] {logging_mixin.py:115} INFO - [2022-07-31 06:56:55,622] {dag.py:2972} INFO - Setting next_dagrun for example_branch_datetime_operator to 2022-07-30T00:00:00+00:00, run_after=2022-07-31T00:00:00+00:00
[2022-07-31 06:56:55,625] {logging_mixin.py:115} INFO - [2022-07-31 06:56:55,625] {dag.py:2972} INFO - Setting next_dagrun for example_branch_datetime_operator_2 to 2022-07-30T00:00:00+00:00, run_after=2022-07-31T00:00:00+00:00
[2022-07-31 06:56:55,656] {processor.py:161} INFO - Processing /home/airflow/.local/lib/python3.7/site-packages/airflow/example_dags/example_branch_datetime_operator.py took 0.454 seconds
[2022-07-31 06:57:26,162] {processor.py:153} INFO - Started process (PID=127) to work on /home/airflow/.local/lib/python3.7/site-packages/airflow/example_dags/example_branch_datetime_operator.py
[2022-07-31 06:57:26,163] {processor.py:641} INFO - Processing file /home/airflow/.local/lib/python3.7/site-packages/airflow/example_dags/example_branch_datetime_operator.py for tasks to queue
[2022-07-31 06:57:26,164] {logging_mixin.py:115} INFO - [2022-07-31 06:57:26,164] {dagbag.py:508} INFO - Filling up the DagBag from /home/airflow/.local/lib/python3.7/site-packages/airflow/example_dags/example_branch_datetime_operator.py
[2022-07-31 06:57:26,177] {processor.py:651} INFO - DAG(s) dict_keys(['example_branch_datetime_operator', 'example_branch_datetime_operator_2']) retrieved from /home/airflow/.local/lib/python3.7/site-packages/airflow/example_dags/example_branch_datetime_operator.py
[2022-07-31 06:57:26,225] {logging_mixin.py:115} INFO - [2022-07-31 06:57:26,225] {dag.py:2420} INFO - Sync 2 DAGs
[2022-07-31 06:57:26,264] {logging_mixin.py:115} INFO - [2022-07-31 06:57:26,264] {dag.py:2972} INFO - Setting next_dagrun for example_branch_datetime_operator to 2022-07-30T00:00:00+00:00, run_after=2022-07-31T00:00:00+00:00
[2022-07-31 06:57:26,267] {logging_mixin.py:115} INFO - [2022-07-31 06:57:26,267] {dag.py:2972} INFO - Setting next_dagrun for example_branch_datetime_operator_2 to 2022-07-30T00:00:00+00:00, run_after=2022-07-31T00:00:00+00:00
[2022-07-31 06:57:26,286] {processor.py:161} INFO - Processing /home/airflow/.local/lib/python3.7/site-packages/airflow/example_dags/example_branch_datetime_operator.py took 0.128 seconds
[2022-07-31 06:57:57,064] {processor.py:153} INFO - Started process (PID=188) to work on /home/airflow/.local/lib/python3.7/site-packages/airflow/example_dags/example_branch_datetime_operator.py
[2022-07-31 06:57:57,065] {processor.py:641} INFO - Processing file /home/airflow/.local/lib/python3.7/site-packages/airflow/example_dags/example_branch_datetime_operator.py for tasks to queue
[2022-07-31 06:57:57,066] {logging_mixin.py:115} INFO - [2022-07-31 06:57:57,066] {dagbag.py:508} INFO - Filling up the DagBag from /home/airflow/.local/lib/python3.7/site-packages/airflow/example_dags/example_branch_datetime_operator.py
[2022-07-31 06:57:57,080] {processor.py:651} INFO - DAG(s) dict_keys(['example_branch_datetime_operator', 'example_branch_datetime_operator_2']) retrieved from /home/airflow/.local/lib/python3.7/site-packages/airflow/example_dags/example_branch_datetime_operator.py
[2022-07-31 06:57:57,119] {logging_mixin.py:115} INFO - [2022-07-31 06:57:57,119] {dag.py:2420} INFO - Sync 2 DAGs
[2022-07-31 06:57:57,149] {logging_mixin.py:115} INFO - [2022-07-31 06:57:57,149] {dag.py:2972} INFO - Setting next_dagrun for example_branch_datetime_operator to 2022-07-30T00:00:00+00:00, run_after=2022-07-31T00:00:00+00:00
[2022-07-31 06:57:57,151] {logging_mixin.py:115} INFO - [2022-07-31 06:57:57,151] {dag.py:2972} INFO - Setting next_dagrun for example_branch_datetime_operator_2 to 2022-07-30T00:00:00+00:00, run_after=2022-07-31T00:00:00+00:00
[2022-07-31 06:57:57,165] {processor.py:161} INFO - Processing /home/airflow/.local/lib/python3.7/site-packages/airflow/example_dags/example_branch_datetime_operator.py took 0.107 seconds
[2022-07-31 06:58:28,197] {processor.py:153} INFO - Started process (PID=240) to work on /home/airflow/.local/lib/python3.7/site-packages/airflow/example_dags/example_branch_datetime_operator.py
[2022-07-31 06:58:28,199] {processor.py:641} INFO - Processing file /home/airflow/.local/lib/python3.7/site-packages/airflow/example_dags/example_branch_datetime_operator.py for tasks to queue
[2022-07-31 06:58:28,201] {logging_mixin.py:115} INFO - [2022-07-31 06:58:28,200] {dagbag.py:508} INFO - Filling up the DagBag from /home/airflow/.local/lib/python3.7/site-packages/airflow/example_dags/example_branch_datetime_operator.py
[2022-07-31 06:58:28,227] {processor.py:651} INFO - DAG(s) dict_keys(['example_branch_datetime_operator', 'example_branch_datetime_operator_2']) retrieved from /home/airflow/.local/lib/python3.7/site-packages/airflow/example_dags/example_branch_datetime_operator.py
[2022-07-31 06:58:28,307] {logging_mixin.py:115} INFO - [2022-07-31 06:58:28,307] {dag.py:2420} INFO - Sync 2 DAGs
[2022-07-31 06:58:28,361] {logging_mixin.py:115} INFO - [2022-07-31 06:58:28,361] {dag.py:2972} INFO - Setting next_dagrun for example_branch_datetime_operator to 2022-07-30T00:00:00+00:00, run_after=2022-07-31T00:00:00+00:00
[2022-07-31 06:58:28,364] {logging_mixin.py:115} INFO - [2022-07-31 06:58:28,364] {dag.py:2972} INFO - Setting next_dagrun for example_branch_datetime_operator_2 to 2022-07-30T00:00:00+00:00, run_after=2022-07-31T00:00:00+00:00
[2022-07-31 06:58:28,389] {processor.py:161} INFO - Processing /home/airflow/.local/lib/python3.7/site-packages/airflow/example_dags/example_branch_datetime_operator.py took 0.199 seconds
[2022-07-31 06:58:58,443] {processor.py:153} INFO - Started process (PID=301) to work on /home/airflow/.local/lib/python3.7/site-packages/airflow/example_dags/example_branch_datetime_operator.py
[2022-07-31 06:58:58,444] {processor.py:641} INFO - Processing file /home/airflow/.local/lib/python3.7/site-packages/airflow/example_dags/example_branch_datetime_operator.py for tasks to queue
[2022-07-31 06:58:58,445] {logging_mixin.py:115} INFO - [2022-07-31 06:58:58,445] {dagbag.py:508} INFO - Filling up the DagBag from /home/airflow/.local/lib/python3.7/site-packages/airflow/example_dags/example_branch_datetime_operator.py
[2022-07-31 06:58:58,461] {processor.py:651} INFO - DAG(s) dict_keys(['example_branch_datetime_operator', 'example_branch_datetime_operator_2']) retrieved from /home/airflow/.local/lib/python3.7/site-packages/airflow/example_dags/example_branch_datetime_operator.py
[2022-07-31 06:58:58,502] {logging_mixin.py:115} INFO - [2022-07-31 06:58:58,502] {dag.py:2420} INFO - Sync 2 DAGs
[2022-07-31 06:58:58,532] {logging_mixin.py:115} INFO - [2022-07-31 06:58:58,531] {dag.py:2972} INFO - Setting next_dagrun for example_branch_datetime_operator to 2022-07-30T00:00:00+00:00, run_after=2022-07-31T00:00:00+00:00
[2022-07-31 06:58:58,534] {logging_mixin.py:115} INFO - [2022-07-31 06:58:58,534] {dag.py:2972} INFO - Setting next_dagrun for example_branch_datetime_operator_2 to 2022-07-30T00:00:00+00:00, run_after=2022-07-31T00:00:00+00:00
[2022-07-31 06:58:58,551] {processor.py:161} INFO - Processing /home/airflow/.local/lib/python3.7/site-packages/airflow/example_dags/example_branch_datetime_operator.py took 0.114 seconds
[2022-07-31 06:59:28,643] {processor.py:153} INFO - Started process (PID=353) to work on /home/airflow/.local/lib/python3.7/site-packages/airflow/example_dags/example_branch_datetime_operator.py
[2022-07-31 06:59:28,644] {processor.py:641} INFO - Processing file /home/airflow/.local/lib/python3.7/site-packages/airflow/example_dags/example_branch_datetime_operator.py for tasks to queue
[2022-07-31 06:59:28,644] {logging_mixin.py:115} INFO - [2022-07-31 06:59:28,644] {dagbag.py:508} INFO - Filling up the DagBag from /home/airflow/.local/lib/python3.7/site-packages/airflow/example_dags/example_branch_datetime_operator.py
[2022-07-31 06:59:28,658] {processor.py:651} INFO - DAG(s) dict_keys(['example_branch_datetime_operator', 'example_branch_datetime_operator_2']) retrieved from /home/airflow/.local/lib/python3.7/site-packages/airflow/example_dags/example_branch_datetime_operator.py
[2022-07-31 06:59:28,708] {logging_mixin.py:115} INFO - [2022-07-31 06:59:28,708] {dag.py:2420} INFO - Sync 2 DAGs
[2022-07-31 06:59:28,741] {logging_mixin.py:115} INFO - [2022-07-31 06:59:28,741] {dag.py:2972} INFO - Setting next_dagrun for example_branch_datetime_operator to 2022-07-30T00:00:00+00:00, run_after=2022-07-31T00:00:00+00:00
[2022-07-31 06:59:28,744] {logging_mixin.py:115} INFO - [2022-07-31 06:59:28,743] {dag.py:2972} INFO - Setting next_dagrun for example_branch_datetime_operator_2 to 2022-07-30T00:00:00+00:00, run_after=2022-07-31T00:00:00+00:00
[2022-07-31 06:59:28,760] {processor.py:161} INFO - Processing /home/airflow/.local/lib/python3.7/site-packages/airflow/example_dags/example_branch_datetime_operator.py took 0.122 seconds
[2022-07-31 06:59:59,472] {processor.py:153} INFO - Started process (PID=414) to work on /home/airflow/.local/lib/python3.7/site-packages/airflow/example_dags/example_branch_datetime_operator.py
[2022-07-31 06:59:59,473] {processor.py:641} INFO - Processing file /home/airflow/.local/lib/python3.7/site-packages/airflow/example_dags/example_branch_datetime_operator.py for tasks to queue
[2022-07-31 06:59:59,474] {logging_mixin.py:115} INFO - [2022-07-31 06:59:59,474] {dagbag.py:508} INFO - Filling up the DagBag from /home/airflow/.local/lib/python3.7/site-packages/airflow/example_dags/example_branch_datetime_operator.py
[2022-07-31 06:59:59,490] {processor.py:651} INFO - DAG(s) dict_keys(['example_branch_datetime_operator', 'example_branch_datetime_operator_2']) retrieved from /home/airflow/.local/lib/python3.7/site-packages/airflow/example_dags/example_branch_datetime_operator.py
[2022-07-31 06:59:59,538] {logging_mixin.py:115} INFO - [2022-07-31 06:59:59,537] {dag.py:2420} INFO - Sync 2 DAGs
[2022-07-31 06:59:59,577] {logging_mixin.py:115} INFO - [2022-07-31 06:59:59,577] {dag.py:2972} INFO - Setting next_dagrun for example_branch_datetime_operator to 2022-07-30T00:00:00+00:00, run_after=2022-07-31T00:00:00+00:00
[2022-07-31 06:59:59,579] {logging_mixin.py:115} INFO - [2022-07-31 06:59:59,579] {dag.py:2972} INFO - Setting next_dagrun for example_branch_datetime_operator_2 to 2022-07-30T00:00:00+00:00, run_after=2022-07-31T00:00:00+00:00
[2022-07-31 06:59:59,595] {processor.py:161} INFO - Processing /home/airflow/.local/lib/python3.7/site-packages/airflow/example_dags/example_branch_datetime_operator.py took 0.129 seconds
[2022-07-31 07:00:30,254] {processor.py:153} INFO - Started process (PID=476) to work on /home/airflow/.local/lib/python3.7/site-packages/airflow/example_dags/example_branch_datetime_operator.py
[2022-07-31 07:00:30,256] {processor.py:641} INFO - Processing file /home/airflow/.local/lib/python3.7/site-packages/airflow/example_dags/example_branch_datetime_operator.py for tasks to queue
[2022-07-31 07:00:30,257] {logging_mixin.py:115} INFO - [2022-07-31 07:00:30,257] {dagbag.py:508} INFO - Filling up the DagBag from /home/airflow/.local/lib/python3.7/site-packages/airflow/example_dags/example_branch_datetime_operator.py
[2022-07-31 07:00:30,281] {processor.py:651} INFO - DAG(s) dict_keys(['example_branch_datetime_operator', 'example_branch_datetime_operator_2']) retrieved from /home/airflow/.local/lib/python3.7/site-packages/airflow/example_dags/example_branch_datetime_operator.py
[2022-07-31 07:00:30,358] {logging_mixin.py:115} INFO - [2022-07-31 07:00:30,357] {dag.py:2420} INFO - Sync 2 DAGs
[2022-07-31 07:00:30,412] {logging_mixin.py:115} INFO - [2022-07-31 07:00:30,411] {dag.py:2972} INFO - Setting next_dagrun for example_branch_datetime_operator to 2022-07-30T00:00:00+00:00, run_after=2022-07-31T00:00:00+00:00
[2022-07-31 07:00:30,414] {logging_mixin.py:115} INFO - [2022-07-31 07:00:30,414] {dag.py:2972} INFO - Setting next_dagrun for example_branch_datetime_operator_2 to 2022-07-30T00:00:00+00:00, run_after=2022-07-31T00:00:00+00:00
[2022-07-31 07:00:30,440] {processor.py:161} INFO - Processing /home/airflow/.local/lib/python3.7/site-packages/airflow/example_dags/example_branch_datetime_operator.py took 0.195 seconds
[2022-07-31 07:01:01,354] {processor.py:153} INFO - Started process (PID=528) to work on /home/airflow/.local/lib/python3.7/site-packages/airflow/example_dags/example_branch_datetime_operator.py
[2022-07-31 07:01:01,356] {processor.py:641} INFO - Processing file /home/airflow/.local/lib/python3.7/site-packages/airflow/example_dags/example_branch_datetime_operator.py for tasks to queue
[2022-07-31 07:01:01,357] {logging_mixin.py:115} INFO - [2022-07-31 07:01:01,356] {dagbag.py:508} INFO - Filling up the DagBag from /home/airflow/.local/lib/python3.7/site-packages/airflow/example_dags/example_branch_datetime_operator.py
[2022-07-31 07:01:01,377] {processor.py:651} INFO - DAG(s) dict_keys(['example_branch_datetime_operator', 'example_branch_datetime_operator_2']) retrieved from /home/airflow/.local/lib/python3.7/site-packages/airflow/example_dags/example_branch_datetime_operator.py
[2022-07-31 07:01:01,440] {logging_mixin.py:115} INFO - [2022-07-31 07:01:01,439] {dag.py:2420} INFO - Sync 2 DAGs
[2022-07-31 07:01:01,478] {logging_mixin.py:115} INFO - [2022-07-31 07:01:01,478] {dag.py:2972} INFO - Setting next_dagrun for example_branch_datetime_operator to 2022-07-30T00:00:00+00:00, run_after=2022-07-31T00:00:00+00:00
[2022-07-31 07:01:01,482] {logging_mixin.py:115} INFO - [2022-07-31 07:01:01,481] {dag.py:2972} INFO - Setting next_dagrun for example_branch_datetime_operator_2 to 2022-07-30T00:00:00+00:00, run_after=2022-07-31T00:00:00+00:00
[2022-07-31 07:01:01,513] {processor.py:161} INFO - Processing /home/airflow/.local/lib/python3.7/site-packages/airflow/example_dags/example_branch_datetime_operator.py took 0.164 seconds
[2022-07-31 07:01:32,032] {processor.py:153} INFO - Started process (PID=589) to work on /home/airflow/.local/lib/python3.7/site-packages/airflow/example_dags/example_branch_datetime_operator.py
[2022-07-31 07:01:32,033] {processor.py:641} INFO - Processing file /home/airflow/.local/lib/python3.7/site-packages/airflow/example_dags/example_branch_datetime_operator.py for tasks to queue
[2022-07-31 07:01:32,034] {logging_mixin.py:115} INFO - [2022-07-31 07:01:32,034] {dagbag.py:508} INFO - Filling up the DagBag from /home/airflow/.local/lib/python3.7/site-packages/airflow/example_dags/example_branch_datetime_operator.py
[2022-07-31 07:01:32,048] {processor.py:651} INFO - DAG(s) dict_keys(['example_branch_datetime_operator', 'example_branch_datetime_operator_2']) retrieved from /home/airflow/.local/lib/python3.7/site-packages/airflow/example_dags/example_branch_datetime_operator.py
[2022-07-31 07:01:32,089] {logging_mixin.py:115} INFO - [2022-07-31 07:01:32,089] {dag.py:2420} INFO - Sync 2 DAGs
[2022-07-31 07:01:32,123] {logging_mixin.py:115} INFO - [2022-07-31 07:01:32,123] {dag.py:2972} INFO - Setting next_dagrun for example_branch_datetime_operator to 2022-07-30T00:00:00+00:00, run_after=2022-07-31T00:00:00+00:00
[2022-07-31 07:01:32,125] {logging_mixin.py:115} INFO - [2022-07-31 07:01:32,125] {dag.py:2972} INFO - Setting next_dagrun for example_branch_datetime_operator_2 to 2022-07-30T00:00:00+00:00, run_after=2022-07-31T00:00:00+00:00
[2022-07-31 07:01:32,139] {processor.py:161} INFO - Processing /home/airflow/.local/lib/python3.7/site-packages/airflow/example_dags/example_branch_datetime_operator.py took 0.113 seconds
[2022-07-31 07:02:02,617] {processor.py:153} INFO - Started process (PID=650) to work on /home/airflow/.local/lib/python3.7/site-packages/airflow/example_dags/example_branch_datetime_operator.py
[2022-07-31 07:02:02,618] {processor.py:641} INFO - Processing file /home/airflow/.local/lib/python3.7/site-packages/airflow/example_dags/example_branch_datetime_operator.py for tasks to queue
[2022-07-31 07:02:02,618] {logging_mixin.py:115} INFO - [2022-07-31 07:02:02,618] {dagbag.py:508} INFO - Filling up the DagBag from /home/airflow/.local/lib/python3.7/site-packages/airflow/example_dags/example_branch_datetime_operator.py
[2022-07-31 07:02:02,630] {processor.py:651} INFO - DAG(s) dict_keys(['example_branch_datetime_operator', 'example_branch_datetime_operator_2']) retrieved from /home/airflow/.local/lib/python3.7/site-packages/airflow/example_dags/example_branch_datetime_operator.py
[2022-07-31 07:02:02,669] {logging_mixin.py:115} INFO - [2022-07-31 07:02:02,669] {dag.py:2420} INFO - Sync 2 DAGs
[2022-07-31 07:02:02,697] {logging_mixin.py:115} INFO - [2022-07-31 07:02:02,696] {dag.py:2972} INFO - Setting next_dagrun for example_branch_datetime_operator to 2022-07-30T00:00:00+00:00, run_after=2022-07-31T00:00:00+00:00
[2022-07-31 07:02:02,698] {logging_mixin.py:115} INFO - [2022-07-31 07:02:02,698] {dag.py:2972} INFO - Setting next_dagrun for example_branch_datetime_operator_2 to 2022-07-30T00:00:00+00:00, run_after=2022-07-31T00:00:00+00:00
[2022-07-31 07:02:02,712] {processor.py:161} INFO - Processing /home/airflow/.local/lib/python3.7/site-packages/airflow/example_dags/example_branch_datetime_operator.py took 0.100 seconds
[2022-07-31 07:02:33,343] {processor.py:153} INFO - Started process (PID=702) to work on /home/airflow/.local/lib/python3.7/site-packages/airflow/example_dags/example_branch_datetime_operator.py
[2022-07-31 07:02:33,345] {processor.py:641} INFO - Processing file /home/airflow/.local/lib/python3.7/site-packages/airflow/example_dags/example_branch_datetime_operator.py for tasks to queue
[2022-07-31 07:02:33,346] {logging_mixin.py:115} INFO - [2022-07-31 07:02:33,346] {dagbag.py:508} INFO - Filling up the DagBag from /home/airflow/.local/lib/python3.7/site-packages/airflow/example_dags/example_branch_datetime_operator.py
[2022-07-31 07:02:33,364] {processor.py:651} INFO - DAG(s) dict_keys(['example_branch_datetime_operator', 'example_branch_datetime_operator_2']) retrieved from /home/airflow/.local/lib/python3.7/site-packages/airflow/example_dags/example_branch_datetime_operator.py
[2022-07-31 07:02:33,419] {logging_mixin.py:115} INFO - [2022-07-31 07:02:33,418] {dag.py:2420} INFO - Sync 2 DAGs
[2022-07-31 07:02:33,480] {logging_mixin.py:115} INFO - [2022-07-31 07:02:33,480] {dag.py:2972} INFO - Setting next_dagrun for example_branch_datetime_operator to 2022-07-30T00:00:00+00:00, run_after=2022-07-31T00:00:00+00:00
[2022-07-31 07:02:33,483] {logging_mixin.py:115} INFO - [2022-07-31 07:02:33,483] {dag.py:2972} INFO - Setting next_dagrun for example_branch_datetime_operator_2 to 2022-07-30T00:00:00+00:00, run_after=2022-07-31T00:00:00+00:00
[2022-07-31 07:02:33,510] {processor.py:161} INFO - Processing /home/airflow/.local/lib/python3.7/site-packages/airflow/example_dags/example_branch_datetime_operator.py took 0.175 seconds
[2022-07-31 07:03:04,389] {processor.py:153} INFO - Started process (PID=763) to work on /home/airflow/.local/lib/python3.7/site-packages/airflow/example_dags/example_branch_datetime_operator.py
[2022-07-31 07:03:04,391] {processor.py:641} INFO - Processing file /home/airflow/.local/lib/python3.7/site-packages/airflow/example_dags/example_branch_datetime_operator.py for tasks to queue
[2022-07-31 07:03:04,392] {logging_mixin.py:115} INFO - [2022-07-31 07:03:04,392] {dagbag.py:508} INFO - Filling up the DagBag from /home/airflow/.local/lib/python3.7/site-packages/airflow/example_dags/example_branch_datetime_operator.py
[2022-07-31 07:03:04,420] {processor.py:651} INFO - DAG(s) dict_keys(['example_branch_datetime_operator', 'example_branch_datetime_operator_2']) retrieved from /home/airflow/.local/lib/python3.7/site-packages/airflow/example_dags/example_branch_datetime_operator.py
[2022-07-31 07:03:04,526] {logging_mixin.py:115} INFO - [2022-07-31 07:03:04,526] {dag.py:2420} INFO - Sync 2 DAGs
[2022-07-31 07:03:04,575] {logging_mixin.py:115} INFO - [2022-07-31 07:03:04,575] {dag.py:2972} INFO - Setting next_dagrun for example_branch_datetime_operator to 2022-07-30T00:00:00+00:00, run_after=2022-07-31T00:00:00+00:00
[2022-07-31 07:03:04,579] {logging_mixin.py:115} INFO - [2022-07-31 07:03:04,578] {dag.py:2972} INFO - Setting next_dagrun for example_branch_datetime_operator_2 to 2022-07-30T00:00:00+00:00, run_after=2022-07-31T00:00:00+00:00
[2022-07-31 07:03:04,607] {processor.py:161} INFO - Processing /home/airflow/.local/lib/python3.7/site-packages/airflow/example_dags/example_branch_datetime_operator.py took 0.227 seconds
[2022-07-31 07:03:34,754] {processor.py:153} INFO - Started process (PID=815) to work on /home/airflow/.local/lib/python3.7/site-packages/airflow/example_dags/example_branch_datetime_operator.py
[2022-07-31 07:03:34,755] {processor.py:641} INFO - Processing file /home/airflow/.local/lib/python3.7/site-packages/airflow/example_dags/example_branch_datetime_operator.py for tasks to queue
[2022-07-31 07:03:34,756] {logging_mixin.py:115} INFO - [2022-07-31 07:03:34,756] {dagbag.py:508} INFO - Filling up the DagBag from /home/airflow/.local/lib/python3.7/site-packages/airflow/example_dags/example_branch_datetime_operator.py
[2022-07-31 07:03:34,781] {processor.py:651} INFO - DAG(s) dict_keys(['example_branch_datetime_operator', 'example_branch_datetime_operator_2']) retrieved from /home/airflow/.local/lib/python3.7/site-packages/airflow/example_dags/example_branch_datetime_operator.py
[2022-07-31 07:03:34,836] {logging_mixin.py:115} INFO - [2022-07-31 07:03:34,836] {dag.py:2420} INFO - Sync 2 DAGs
[2022-07-31 07:03:34,892] {logging_mixin.py:115} INFO - [2022-07-31 07:03:34,892] {dag.py:2972} INFO - Setting next_dagrun for example_branch_datetime_operator to 2022-07-30T00:00:00+00:00, run_after=2022-07-31T00:00:00+00:00
[2022-07-31 07:03:34,898] {logging_mixin.py:115} INFO - [2022-07-31 07:03:34,898] {dag.py:2972} INFO - Setting next_dagrun for example_branch_datetime_operator_2 to 2022-07-30T00:00:00+00:00, run_after=2022-07-31T00:00:00+00:00
[2022-07-31 07:03:34,928] {processor.py:161} INFO - Processing /home/airflow/.local/lib/python3.7/site-packages/airflow/example_dags/example_branch_datetime_operator.py took 0.182 seconds
[2022-07-31 07:04:05,866] {processor.py:153} INFO - Started process (PID=867) to work on /home/airflow/.local/lib/python3.7/site-packages/airflow/example_dags/example_branch_datetime_operator.py
[2022-07-31 07:04:05,867] {processor.py:641} INFO - Processing file /home/airflow/.local/lib/python3.7/site-packages/airflow/example_dags/example_branch_datetime_operator.py for tasks to queue
[2022-07-31 07:04:05,869] {logging_mixin.py:115} INFO - [2022-07-31 07:04:05,869] {dagbag.py:508} INFO - Filling up the DagBag from /home/airflow/.local/lib/python3.7/site-packages/airflow/example_dags/example_branch_datetime_operator.py
[2022-07-31 07:04:05,888] {processor.py:651} INFO - DAG(s) dict_keys(['example_branch_datetime_operator', 'example_branch_datetime_operator_2']) retrieved from /home/airflow/.local/lib/python3.7/site-packages/airflow/example_dags/example_branch_datetime_operator.py
[2022-07-31 07:04:05,953] {logging_mixin.py:115} INFO - [2022-07-31 07:04:05,953] {dag.py:2420} INFO - Sync 2 DAGs
[2022-07-31 07:04:06,010] {logging_mixin.py:115} INFO - [2022-07-31 07:04:06,010] {dag.py:2972} INFO - Setting next_dagrun for example_branch_datetime_operator to 2022-07-30T00:00:00+00:00, run_after=2022-07-31T00:00:00+00:00
[2022-07-31 07:04:06,015] {logging_mixin.py:115} INFO - [2022-07-31 07:04:06,015] {dag.py:2972} INFO - Setting next_dagrun for example_branch_datetime_operator_2 to 2022-07-30T00:00:00+00:00, run_after=2022-07-31T00:00:00+00:00
[2022-07-31 07:04:06,037] {processor.py:161} INFO - Processing /home/airflow/.local/lib/python3.7/site-packages/airflow/example_dags/example_branch_datetime_operator.py took 0.176 seconds
[2022-07-31 07:04:36,964] {processor.py:153} INFO - Started process (PID=928) to work on /home/airflow/.local/lib/python3.7/site-packages/airflow/example_dags/example_branch_datetime_operator.py
[2022-07-31 07:04:36,967] {processor.py:641} INFO - Processing file /home/airflow/.local/lib/python3.7/site-packages/airflow/example_dags/example_branch_datetime_operator.py for tasks to queue
[2022-07-31 07:04:36,971] {logging_mixin.py:115} INFO - [2022-07-31 07:04:36,971] {dagbag.py:508} INFO - Filling up the DagBag from /home/airflow/.local/lib/python3.7/site-packages/airflow/example_dags/example_branch_datetime_operator.py
[2022-07-31 07:04:36,995] {processor.py:651} INFO - DAG(s) dict_keys(['example_branch_datetime_operator', 'example_branch_datetime_operator_2']) retrieved from /home/airflow/.local/lib/python3.7/site-packages/airflow/example_dags/example_branch_datetime_operator.py
[2022-07-31 07:04:37,084] {logging_mixin.py:115} INFO - [2022-07-31 07:04:37,083] {dag.py:2420} INFO - Sync 2 DAGs
[2022-07-31 07:04:37,147] {logging_mixin.py:115} INFO - [2022-07-31 07:04:37,146] {dag.py:2972} INFO - Setting next_dagrun for example_branch_datetime_operator to 2022-07-30T00:00:00+00:00, run_after=2022-07-31T00:00:00+00:00
[2022-07-31 07:04:37,150] {logging_mixin.py:115} INFO - [2022-07-31 07:04:37,150] {dag.py:2972} INFO - Setting next_dagrun for example_branch_datetime_operator_2 to 2022-07-30T00:00:00+00:00, run_after=2022-07-31T00:00:00+00:00
[2022-07-31 07:04:37,177] {processor.py:161} INFO - Processing /home/airflow/.local/lib/python3.7/site-packages/airflow/example_dags/example_branch_datetime_operator.py took 0.225 seconds
[2022-07-31 07:05:07,297] {processor.py:153} INFO - Started process (PID=989) to work on /home/airflow/.local/lib/python3.7/site-packages/airflow/example_dags/example_branch_datetime_operator.py
[2022-07-31 07:05:07,299] {processor.py:641} INFO - Processing file /home/airflow/.local/lib/python3.7/site-packages/airflow/example_dags/example_branch_datetime_operator.py for tasks to queue
[2022-07-31 07:05:07,300] {logging_mixin.py:115} INFO - [2022-07-31 07:05:07,300] {dagbag.py:508} INFO - Filling up the DagBag from /home/airflow/.local/lib/python3.7/site-packages/airflow/example_dags/example_branch_datetime_operator.py
[2022-07-31 07:05:07,316] {processor.py:651} INFO - DAG(s) dict_keys(['example_branch_datetime_operator', 'example_branch_datetime_operator_2']) retrieved from /home/airflow/.local/lib/python3.7/site-packages/airflow/example_dags/example_branch_datetime_operator.py
[2022-07-31 07:05:07,369] {logging_mixin.py:115} INFO - [2022-07-31 07:05:07,369] {dag.py:2420} INFO - Sync 2 DAGs
[2022-07-31 07:05:07,416] {logging_mixin.py:115} INFO - [2022-07-31 07:05:07,416] {dag.py:2972} INFO - Setting next_dagrun for example_branch_datetime_operator to 2022-07-30T00:00:00+00:00, run_after=2022-07-31T00:00:00+00:00
[2022-07-31 07:05:07,419] {logging_mixin.py:115} INFO - [2022-07-31 07:05:07,419] {dag.py:2972} INFO - Setting next_dagrun for example_branch_datetime_operator_2 to 2022-07-30T00:00:00+00:00, run_after=2022-07-31T00:00:00+00:00
[2022-07-31 07:05:07,441] {processor.py:161} INFO - Processing /home/airflow/.local/lib/python3.7/site-packages/airflow/example_dags/example_branch_datetime_operator.py took 0.150 seconds
[2022-07-31 07:05:37,840] {processor.py:153} INFO - Started process (PID=1042) to work on /home/airflow/.local/lib/python3.7/site-packages/airflow/example_dags/example_branch_datetime_operator.py
[2022-07-31 07:05:37,840] {processor.py:641} INFO - Processing file /home/airflow/.local/lib/python3.7/site-packages/airflow/example_dags/example_branch_datetime_operator.py for tasks to queue
[2022-07-31 07:05:37,841] {logging_mixin.py:115} INFO - [2022-07-31 07:05:37,841] {dagbag.py:508} INFO - Filling up the DagBag from /home/airflow/.local/lib/python3.7/site-packages/airflow/example_dags/example_branch_datetime_operator.py
[2022-07-31 07:05:37,852] {processor.py:651} INFO - DAG(s) dict_keys(['example_branch_datetime_operator', 'example_branch_datetime_operator_2']) retrieved from /home/airflow/.local/lib/python3.7/site-packages/airflow/example_dags/example_branch_datetime_operator.py
[2022-07-31 07:05:37,888] {logging_mixin.py:115} INFO - [2022-07-31 07:05:37,888] {dag.py:2420} INFO - Sync 2 DAGs
[2022-07-31 07:05:37,916] {logging_mixin.py:115} INFO - [2022-07-31 07:05:37,916] {dag.py:2972} INFO - Setting next_dagrun for example_branch_datetime_operator to 2022-07-30T00:00:00+00:00, run_after=2022-07-31T00:00:00+00:00
[2022-07-31 07:05:37,918] {logging_mixin.py:115} INFO - [2022-07-31 07:05:37,918] {dag.py:2972} INFO - Setting next_dagrun for example_branch_datetime_operator_2 to 2022-07-30T00:00:00+00:00, run_after=2022-07-31T00:00:00+00:00
[2022-07-31 07:05:37,932] {processor.py:161} INFO - Processing /home/airflow/.local/lib/python3.7/site-packages/airflow/example_dags/example_branch_datetime_operator.py took 0.097 seconds
[2022-07-31 07:06:08,390] {processor.py:153} INFO - Started process (PID=1104) to work on /home/airflow/.local/lib/python3.7/site-packages/airflow/example_dags/example_branch_datetime_operator.py
[2022-07-31 07:06:08,391] {processor.py:641} INFO - Processing file /home/airflow/.local/lib/python3.7/site-packages/airflow/example_dags/example_branch_datetime_operator.py for tasks to queue
[2022-07-31 07:06:08,393] {logging_mixin.py:115} INFO - [2022-07-31 07:06:08,393] {dagbag.py:508} INFO - Filling up the DagBag from /home/airflow/.local/lib/python3.7/site-packages/airflow/example_dags/example_branch_datetime_operator.py
[2022-07-31 07:06:08,414] {processor.py:651} INFO - DAG(s) dict_keys(['example_branch_datetime_operator', 'example_branch_datetime_operator_2']) retrieved from /home/airflow/.local/lib/python3.7/site-packages/airflow/example_dags/example_branch_datetime_operator.py
[2022-07-31 07:06:08,464] {logging_mixin.py:115} INFO - [2022-07-31 07:06:08,463] {dag.py:2420} INFO - Sync 2 DAGs
[2022-07-31 07:06:08,501] {logging_mixin.py:115} INFO - [2022-07-31 07:06:08,500] {dag.py:2972} INFO - Setting next_dagrun for example_branch_datetime_operator to 2022-07-30T00:00:00+00:00, run_after=2022-07-31T00:00:00+00:00
[2022-07-31 07:06:08,503] {logging_mixin.py:115} INFO - [2022-07-31 07:06:08,503] {dag.py:2972} INFO - Setting next_dagrun for example_branch_datetime_operator_2 to 2022-07-30T00:00:00+00:00, run_after=2022-07-31T00:00:00+00:00
[2022-07-31 07:06:08,522] {processor.py:161} INFO - Processing /home/airflow/.local/lib/python3.7/site-packages/airflow/example_dags/example_branch_datetime_operator.py took 0.139 seconds
[2022-07-31 07:06:38,820] {processor.py:153} INFO - Started process (PID=1165) to work on /home/airflow/.local/lib/python3.7/site-packages/airflow/example_dags/example_branch_datetime_operator.py
[2022-07-31 07:06:38,821] {processor.py:641} INFO - Processing file /home/airflow/.local/lib/python3.7/site-packages/airflow/example_dags/example_branch_datetime_operator.py for tasks to queue
[2022-07-31 07:06:38,822] {logging_mixin.py:115} INFO - [2022-07-31 07:06:38,822] {dagbag.py:508} INFO - Filling up the DagBag from /home/airflow/.local/lib/python3.7/site-packages/airflow/example_dags/example_branch_datetime_operator.py
[2022-07-31 07:06:38,836] {processor.py:651} INFO - DAG(s) dict_keys(['example_branch_datetime_operator', 'example_branch_datetime_operator_2']) retrieved from /home/airflow/.local/lib/python3.7/site-packages/airflow/example_dags/example_branch_datetime_operator.py
[2022-07-31 07:06:38,873] {logging_mixin.py:115} INFO - [2022-07-31 07:06:38,873] {dag.py:2420} INFO - Sync 2 DAGs
[2022-07-31 07:06:38,919] {logging_mixin.py:115} INFO - [2022-07-31 07:06:38,919] {dag.py:2972} INFO - Setting next_dagrun for example_branch_datetime_operator to 2022-07-30T00:00:00+00:00, run_after=2022-07-31T00:00:00+00:00
[2022-07-31 07:06:38,921] {logging_mixin.py:115} INFO - [2022-07-31 07:06:38,921] {dag.py:2972} INFO - Setting next_dagrun for example_branch_datetime_operator_2 to 2022-07-30T00:00:00+00:00, run_after=2022-07-31T00:00:00+00:00
[2022-07-31 07:06:38,947] {processor.py:161} INFO - Processing /home/airflow/.local/lib/python3.7/site-packages/airflow/example_dags/example_branch_datetime_operator.py took 0.132 seconds
[2022-07-31 07:07:09,142] {processor.py:153} INFO - Started process (PID=1217) to work on /home/airflow/.local/lib/python3.7/site-packages/airflow/example_dags/example_branch_datetime_operator.py
[2022-07-31 07:07:09,143] {processor.py:641} INFO - Processing file /home/airflow/.local/lib/python3.7/site-packages/airflow/example_dags/example_branch_datetime_operator.py for tasks to queue
[2022-07-31 07:07:09,144] {logging_mixin.py:115} INFO - [2022-07-31 07:07:09,143] {dagbag.py:508} INFO - Filling up the DagBag from /home/airflow/.local/lib/python3.7/site-packages/airflow/example_dags/example_branch_datetime_operator.py
[2022-07-31 07:07:09,155] {processor.py:651} INFO - DAG(s) dict_keys(['example_branch_datetime_operator', 'example_branch_datetime_operator_2']) retrieved from /home/airflow/.local/lib/python3.7/site-packages/airflow/example_dags/example_branch_datetime_operator.py
[2022-07-31 07:07:09,194] {logging_mixin.py:115} INFO - [2022-07-31 07:07:09,194] {dag.py:2420} INFO - Sync 2 DAGs
[2022-07-31 07:07:09,223] {logging_mixin.py:115} INFO - [2022-07-31 07:07:09,222] {dag.py:2972} INFO - Setting next_dagrun for example_branch_datetime_operator to 2022-07-30T00:00:00+00:00, run_after=2022-07-31T00:00:00+00:00
[2022-07-31 07:07:09,225] {logging_mixin.py:115} INFO - [2022-07-31 07:07:09,225] {dag.py:2972} INFO - Setting next_dagrun for example_branch_datetime_operator_2 to 2022-07-30T00:00:00+00:00, run_after=2022-07-31T00:00:00+00:00
[2022-07-31 07:07:09,241] {processor.py:161} INFO - Processing /home/airflow/.local/lib/python3.7/site-packages/airflow/example_dags/example_branch_datetime_operator.py took 0.103 seconds
[2022-07-31 07:07:39,519] {processor.py:153} INFO - Started process (PID=1278) to work on /home/airflow/.local/lib/python3.7/site-packages/airflow/example_dags/example_branch_datetime_operator.py
[2022-07-31 07:07:39,519] {processor.py:641} INFO - Processing file /home/airflow/.local/lib/python3.7/site-packages/airflow/example_dags/example_branch_datetime_operator.py for tasks to queue
[2022-07-31 07:07:39,520] {logging_mixin.py:115} INFO - [2022-07-31 07:07:39,520] {dagbag.py:508} INFO - Filling up the DagBag from /home/airflow/.local/lib/python3.7/site-packages/airflow/example_dags/example_branch_datetime_operator.py
[2022-07-31 07:07:39,532] {processor.py:651} INFO - DAG(s) dict_keys(['example_branch_datetime_operator', 'example_branch_datetime_operator_2']) retrieved from /home/airflow/.local/lib/python3.7/site-packages/airflow/example_dags/example_branch_datetime_operator.py
[2022-07-31 07:07:39,567] {logging_mixin.py:115} INFO - [2022-07-31 07:07:39,567] {dag.py:2420} INFO - Sync 2 DAGs
[2022-07-31 07:07:39,594] {logging_mixin.py:115} INFO - [2022-07-31 07:07:39,594] {dag.py:2972} INFO - Setting next_dagrun for example_branch_datetime_operator to 2022-07-30T00:00:00+00:00, run_after=2022-07-31T00:00:00+00:00
[2022-07-31 07:07:39,596] {logging_mixin.py:115} INFO - [2022-07-31 07:07:39,596] {dag.py:2972} INFO - Setting next_dagrun for example_branch_datetime_operator_2 to 2022-07-30T00:00:00+00:00, run_after=2022-07-31T00:00:00+00:00
[2022-07-31 07:07:39,609] {processor.py:161} INFO - Processing /home/airflow/.local/lib/python3.7/site-packages/airflow/example_dags/example_branch_datetime_operator.py took 0.095 seconds
