[2022-07-31 06:56:45,710] {processor.py:153} INFO - Started process (PID=55) to work on /home/airflow/.local/lib/python3.7/site-packages/airflow/example_dags/example_latest_only.py
[2022-07-31 06:56:45,721] {processor.py:641} INFO - Processing file /home/airflow/.local/lib/python3.7/site-packages/airflow/example_dags/example_latest_only.py for tasks to queue
[2022-07-31 06:56:45,722] {logging_mixin.py:115} INFO - [2022-07-31 06:56:45,722] {dagbag.py:508} INFO - Filling up the DagBag from /home/airflow/.local/lib/python3.7/site-packages/airflow/example_dags/example_latest_only.py
[2022-07-31 06:56:45,741] {processor.py:651} INFO - DAG(s) dict_keys(['latest_only']) retrieved from /home/airflow/.local/lib/python3.7/site-packages/airflow/example_dags/example_latest_only.py
[2022-07-31 06:56:46,160] {logging_mixin.py:115} INFO - [2022-07-31 06:56:46,160] {manager.py:508} INFO - Created Permission View: can edit on DAG:latest_only
[2022-07-31 06:56:46,223] {logging_mixin.py:115} INFO - [2022-07-31 06:56:46,223] {manager.py:508} INFO - Created Permission View: can read on DAG:latest_only
[2022-07-31 06:56:46,258] {logging_mixin.py:115} INFO - [2022-07-31 06:56:46,257] {manager.py:508} INFO - Created Permission View: can delete on DAG:latest_only
[2022-07-31 06:56:46,258] {logging_mixin.py:115} INFO - [2022-07-31 06:56:46,258] {dag.py:2420} INFO - Sync 1 DAGs
[2022-07-31 06:56:46,280] {logging_mixin.py:115} INFO - [2022-07-31 06:56:46,280] {dag.py:2439} INFO - Creating ORM DAG for latest_only
[2022-07-31 06:56:46,303] {logging_mixin.py:115} INFO - [2022-07-31 06:56:46,303] {dag.py:2972} INFO - Setting next_dagrun for latest_only to 2022-07-31T02:56:46.302817+00:00, run_after=2022-07-31T06:56:46.302817+00:00
[2022-07-31 06:56:46,361] {processor.py:161} INFO - Processing /home/airflow/.local/lib/python3.7/site-packages/airflow/example_dags/example_latest_only.py took 0.656 seconds
[2022-07-31 06:57:16,855] {processor.py:153} INFO - Started process (PID=107) to work on /home/airflow/.local/lib/python3.7/site-packages/airflow/example_dags/example_latest_only.py
[2022-07-31 06:57:16,862] {processor.py:641} INFO - Processing file /home/airflow/.local/lib/python3.7/site-packages/airflow/example_dags/example_latest_only.py for tasks to queue
[2022-07-31 06:57:16,870] {logging_mixin.py:115} INFO - [2022-07-31 06:57:16,870] {dagbag.py:508} INFO - Filling up the DagBag from /home/airflow/.local/lib/python3.7/site-packages/airflow/example_dags/example_latest_only.py
[2022-07-31 06:57:16,891] {processor.py:651} INFO - DAG(s) dict_keys(['latest_only']) retrieved from /home/airflow/.local/lib/python3.7/site-packages/airflow/example_dags/example_latest_only.py
[2022-07-31 06:57:16,974] {logging_mixin.py:115} INFO - [2022-07-31 06:57:16,974] {dag.py:2420} INFO - Sync 1 DAGs
[2022-07-31 06:57:17,093] {logging_mixin.py:115} INFO - [2022-07-31 06:57:17,093] {dag.py:2972} INFO - Setting next_dagrun for latest_only to 2022-07-31T02:57:17.093194+00:00, run_after=2022-07-31T06:57:17.093194+00:00
[2022-07-31 06:57:17,223] {processor.py:161} INFO - Processing /home/airflow/.local/lib/python3.7/site-packages/airflow/example_dags/example_latest_only.py took 0.376 seconds
[2022-07-31 06:57:47,452] {processor.py:153} INFO - Started process (PID=161) to work on /home/airflow/.local/lib/python3.7/site-packages/airflow/example_dags/example_latest_only.py
[2022-07-31 06:57:47,452] {processor.py:641} INFO - Processing file /home/airflow/.local/lib/python3.7/site-packages/airflow/example_dags/example_latest_only.py for tasks to queue
[2022-07-31 06:57:47,453] {logging_mixin.py:115} INFO - [2022-07-31 06:57:47,453] {dagbag.py:508} INFO - Filling up the DagBag from /home/airflow/.local/lib/python3.7/site-packages/airflow/example_dags/example_latest_only.py
[2022-07-31 06:57:47,461] {processor.py:651} INFO - DAG(s) dict_keys(['latest_only']) retrieved from /home/airflow/.local/lib/python3.7/site-packages/airflow/example_dags/example_latest_only.py
[2022-07-31 06:57:47,498] {logging_mixin.py:115} INFO - [2022-07-31 06:57:47,498] {dag.py:2420} INFO - Sync 1 DAGs
[2022-07-31 06:57:47,531] {logging_mixin.py:115} INFO - [2022-07-31 06:57:47,530] {dag.py:2972} INFO - Setting next_dagrun for latest_only to 2022-07-31T02:57:47.530291+00:00, run_after=2022-07-31T06:57:47.530291+00:00
[2022-07-31 06:57:47,550] {processor.py:161} INFO - Processing /home/airflow/.local/lib/python3.7/site-packages/airflow/example_dags/example_latest_only.py took 0.103 seconds
[2022-07-31 06:58:18,439] {processor.py:153} INFO - Started process (PID=222) to work on /home/airflow/.local/lib/python3.7/site-packages/airflow/example_dags/example_latest_only.py
[2022-07-31 06:58:18,441] {processor.py:641} INFO - Processing file /home/airflow/.local/lib/python3.7/site-packages/airflow/example_dags/example_latest_only.py for tasks to queue
[2022-07-31 06:58:18,442] {logging_mixin.py:115} INFO - [2022-07-31 06:58:18,442] {dagbag.py:508} INFO - Filling up the DagBag from /home/airflow/.local/lib/python3.7/site-packages/airflow/example_dags/example_latest_only.py
[2022-07-31 06:58:18,457] {processor.py:651} INFO - DAG(s) dict_keys(['latest_only']) retrieved from /home/airflow/.local/lib/python3.7/site-packages/airflow/example_dags/example_latest_only.py
[2022-07-31 06:58:18,512] {logging_mixin.py:115} INFO - [2022-07-31 06:58:18,512] {dag.py:2420} INFO - Sync 1 DAGs
[2022-07-31 06:58:18,554] {logging_mixin.py:115} INFO - [2022-07-31 06:58:18,554] {dag.py:2972} INFO - Setting next_dagrun for latest_only to 2022-07-31T02:58:18.554327+00:00, run_after=2022-07-31T06:58:18.554327+00:00
[2022-07-31 06:58:18,581] {processor.py:161} INFO - Processing /home/airflow/.local/lib/python3.7/site-packages/airflow/example_dags/example_latest_only.py took 0.153 seconds
[2022-07-31 06:58:49,303] {processor.py:153} INFO - Started process (PID=274) to work on /home/airflow/.local/lib/python3.7/site-packages/airflow/example_dags/example_latest_only.py
[2022-07-31 06:58:49,305] {processor.py:641} INFO - Processing file /home/airflow/.local/lib/python3.7/site-packages/airflow/example_dags/example_latest_only.py for tasks to queue
[2022-07-31 06:58:49,306] {logging_mixin.py:115} INFO - [2022-07-31 06:58:49,306] {dagbag.py:508} INFO - Filling up the DagBag from /home/airflow/.local/lib/python3.7/site-packages/airflow/example_dags/example_latest_only.py
[2022-07-31 06:58:49,320] {processor.py:651} INFO - DAG(s) dict_keys(['latest_only']) retrieved from /home/airflow/.local/lib/python3.7/site-packages/airflow/example_dags/example_latest_only.py
[2022-07-31 06:58:49,400] {logging_mixin.py:115} INFO - [2022-07-31 06:58:49,400] {dag.py:2420} INFO - Sync 1 DAGs
[2022-07-31 06:58:49,447] {logging_mixin.py:115} INFO - [2022-07-31 06:58:49,447] {dag.py:2972} INFO - Setting next_dagrun for latest_only to 2022-07-31T02:58:49.447106+00:00, run_after=2022-07-31T06:58:49.447106+00:00
[2022-07-31 06:58:49,471] {processor.py:161} INFO - Processing /home/airflow/.local/lib/python3.7/site-packages/airflow/example_dags/example_latest_only.py took 0.180 seconds
[2022-07-31 06:59:19,990] {processor.py:153} INFO - Started process (PID=335) to work on /home/airflow/.local/lib/python3.7/site-packages/airflow/example_dags/example_latest_only.py
[2022-07-31 06:59:19,991] {processor.py:641} INFO - Processing file /home/airflow/.local/lib/python3.7/site-packages/airflow/example_dags/example_latest_only.py for tasks to queue
[2022-07-31 06:59:19,993] {logging_mixin.py:115} INFO - [2022-07-31 06:59:19,993] {dagbag.py:508} INFO - Filling up the DagBag from /home/airflow/.local/lib/python3.7/site-packages/airflow/example_dags/example_latest_only.py
[2022-07-31 06:59:20,002] {processor.py:651} INFO - DAG(s) dict_keys(['latest_only']) retrieved from /home/airflow/.local/lib/python3.7/site-packages/airflow/example_dags/example_latest_only.py
[2022-07-31 06:59:20,058] {logging_mixin.py:115} INFO - [2022-07-31 06:59:20,058] {dag.py:2420} INFO - Sync 1 DAGs
[2022-07-31 06:59:20,134] {logging_mixin.py:115} INFO - [2022-07-31 06:59:20,134] {dag.py:2972} INFO - Setting next_dagrun for latest_only to 2022-07-31T02:59:20.133791+00:00, run_after=2022-07-31T06:59:20.133791+00:00
[2022-07-31 06:59:20,157] {processor.py:161} INFO - Processing /home/airflow/.local/lib/python3.7/site-packages/airflow/example_dags/example_latest_only.py took 0.176 seconds
[2022-07-31 06:59:51,091] {processor.py:153} INFO - Started process (PID=387) to work on /home/airflow/.local/lib/python3.7/site-packages/airflow/example_dags/example_latest_only.py
[2022-07-31 06:59:51,092] {processor.py:641} INFO - Processing file /home/airflow/.local/lib/python3.7/site-packages/airflow/example_dags/example_latest_only.py for tasks to queue
[2022-07-31 06:59:51,093] {logging_mixin.py:115} INFO - [2022-07-31 06:59:51,093] {dagbag.py:508} INFO - Filling up the DagBag from /home/airflow/.local/lib/python3.7/site-packages/airflow/example_dags/example_latest_only.py
[2022-07-31 06:59:51,102] {processor.py:651} INFO - DAG(s) dict_keys(['latest_only']) retrieved from /home/airflow/.local/lib/python3.7/site-packages/airflow/example_dags/example_latest_only.py
[2022-07-31 06:59:51,142] {logging_mixin.py:115} INFO - [2022-07-31 06:59:51,142] {dag.py:2420} INFO - Sync 1 DAGs
[2022-07-31 06:59:51,173] {logging_mixin.py:115} INFO - [2022-07-31 06:59:51,173] {dag.py:2972} INFO - Setting next_dagrun for latest_only to 2022-07-31T02:59:51.172643+00:00, run_after=2022-07-31T06:59:51.172643+00:00
[2022-07-31 06:59:51,189] {processor.py:161} INFO - Processing /home/airflow/.local/lib/python3.7/site-packages/airflow/example_dags/example_latest_only.py took 0.106 seconds
[2022-07-31 07:00:21,664] {processor.py:153} INFO - Started process (PID=449) to work on /home/airflow/.local/lib/python3.7/site-packages/airflow/example_dags/example_latest_only.py
[2022-07-31 07:00:21,673] {processor.py:641} INFO - Processing file /home/airflow/.local/lib/python3.7/site-packages/airflow/example_dags/example_latest_only.py for tasks to queue
[2022-07-31 07:00:21,678] {logging_mixin.py:115} INFO - [2022-07-31 07:00:21,677] {dagbag.py:508} INFO - Filling up the DagBag from /home/airflow/.local/lib/python3.7/site-packages/airflow/example_dags/example_latest_only.py
[2022-07-31 07:00:21,697] {processor.py:651} INFO - DAG(s) dict_keys(['latest_only']) retrieved from /home/airflow/.local/lib/python3.7/site-packages/airflow/example_dags/example_latest_only.py
[2022-07-31 07:00:21,779] {logging_mixin.py:115} INFO - [2022-07-31 07:00:21,778] {dag.py:2420} INFO - Sync 1 DAGs
[2022-07-31 07:00:21,837] {logging_mixin.py:115} INFO - [2022-07-31 07:00:21,836] {dag.py:2972} INFO - Setting next_dagrun for latest_only to 2022-07-31T03:00:21.835920+00:00, run_after=2022-07-31T07:00:21.835920+00:00
[2022-07-31 07:00:21,860] {processor.py:161} INFO - Processing /home/airflow/.local/lib/python3.7/site-packages/airflow/example_dags/example_latest_only.py took 0.211 seconds
[2022-07-31 07:00:52,590] {processor.py:153} INFO - Started process (PID=510) to work on /home/airflow/.local/lib/python3.7/site-packages/airflow/example_dags/example_latest_only.py
[2022-07-31 07:00:52,591] {processor.py:641} INFO - Processing file /home/airflow/.local/lib/python3.7/site-packages/airflow/example_dags/example_latest_only.py for tasks to queue
[2022-07-31 07:00:52,593] {logging_mixin.py:115} INFO - [2022-07-31 07:00:52,592] {dagbag.py:508} INFO - Filling up the DagBag from /home/airflow/.local/lib/python3.7/site-packages/airflow/example_dags/example_latest_only.py
[2022-07-31 07:00:52,604] {processor.py:651} INFO - DAG(s) dict_keys(['latest_only']) retrieved from /home/airflow/.local/lib/python3.7/site-packages/airflow/example_dags/example_latest_only.py
[2022-07-31 07:00:52,656] {logging_mixin.py:115} INFO - [2022-07-31 07:00:52,656] {dag.py:2420} INFO - Sync 1 DAGs
[2022-07-31 07:00:52,690] {logging_mixin.py:115} INFO - [2022-07-31 07:00:52,690] {dag.py:2972} INFO - Setting next_dagrun for latest_only to 2022-07-31T03:00:52.689678+00:00, run_after=2022-07-31T07:00:52.689678+00:00
[2022-07-31 07:00:52,713] {processor.py:161} INFO - Processing /home/airflow/.local/lib/python3.7/site-packages/airflow/example_dags/example_latest_only.py took 0.128 seconds
[2022-07-31 07:01:23,631] {processor.py:153} INFO - Started process (PID=562) to work on /home/airflow/.local/lib/python3.7/site-packages/airflow/example_dags/example_latest_only.py
[2022-07-31 07:01:23,632] {processor.py:641} INFO - Processing file /home/airflow/.local/lib/python3.7/site-packages/airflow/example_dags/example_latest_only.py for tasks to queue
[2022-07-31 07:01:23,633] {logging_mixin.py:115} INFO - [2022-07-31 07:01:23,633] {dagbag.py:508} INFO - Filling up the DagBag from /home/airflow/.local/lib/python3.7/site-packages/airflow/example_dags/example_latest_only.py
[2022-07-31 07:01:23,640] {processor.py:651} INFO - DAG(s) dict_keys(['latest_only']) retrieved from /home/airflow/.local/lib/python3.7/site-packages/airflow/example_dags/example_latest_only.py
[2022-07-31 07:01:23,678] {logging_mixin.py:115} INFO - [2022-07-31 07:01:23,678] {dag.py:2420} INFO - Sync 1 DAGs
[2022-07-31 07:01:23,716] {logging_mixin.py:115} INFO - [2022-07-31 07:01:23,716] {dag.py:2972} INFO - Setting next_dagrun for latest_only to 2022-07-31T03:01:23.716446+00:00, run_after=2022-07-31T07:01:23.716446+00:00
[2022-07-31 07:01:23,733] {processor.py:161} INFO - Processing /home/airflow/.local/lib/python3.7/site-packages/airflow/example_dags/example_latest_only.py took 0.106 seconds
[2022-07-31 07:01:54,132] {processor.py:153} INFO - Started process (PID=623) to work on /home/airflow/.local/lib/python3.7/site-packages/airflow/example_dags/example_latest_only.py
[2022-07-31 07:01:54,133] {processor.py:641} INFO - Processing file /home/airflow/.local/lib/python3.7/site-packages/airflow/example_dags/example_latest_only.py for tasks to queue
[2022-07-31 07:01:54,134] {logging_mixin.py:115} INFO - [2022-07-31 07:01:54,134] {dagbag.py:508} INFO - Filling up the DagBag from /home/airflow/.local/lib/python3.7/site-packages/airflow/example_dags/example_latest_only.py
[2022-07-31 07:01:54,142] {processor.py:651} INFO - DAG(s) dict_keys(['latest_only']) retrieved from /home/airflow/.local/lib/python3.7/site-packages/airflow/example_dags/example_latest_only.py
[2022-07-31 07:01:54,176] {logging_mixin.py:115} INFO - [2022-07-31 07:01:54,176] {dag.py:2420} INFO - Sync 1 DAGs
[2022-07-31 07:01:54,202] {logging_mixin.py:115} INFO - [2022-07-31 07:01:54,202] {dag.py:2972} INFO - Setting next_dagrun for latest_only to 2022-07-31T03:01:54.202491+00:00, run_after=2022-07-31T07:01:54.202491+00:00
[2022-07-31 07:01:54,219] {processor.py:161} INFO - Processing /home/airflow/.local/lib/python3.7/site-packages/airflow/example_dags/example_latest_only.py took 0.092 seconds
[2022-07-31 07:02:24,406] {processor.py:153} INFO - Started process (PID=675) to work on /home/airflow/.local/lib/python3.7/site-packages/airflow/example_dags/example_latest_only.py
[2022-07-31 07:02:24,407] {processor.py:641} INFO - Processing file /home/airflow/.local/lib/python3.7/site-packages/airflow/example_dags/example_latest_only.py for tasks to queue
[2022-07-31 07:02:24,408] {logging_mixin.py:115} INFO - [2022-07-31 07:02:24,408] {dagbag.py:508} INFO - Filling up the DagBag from /home/airflow/.local/lib/python3.7/site-packages/airflow/example_dags/example_latest_only.py
[2022-07-31 07:02:24,418] {processor.py:651} INFO - DAG(s) dict_keys(['latest_only']) retrieved from /home/airflow/.local/lib/python3.7/site-packages/airflow/example_dags/example_latest_only.py
[2022-07-31 07:02:24,483] {logging_mixin.py:115} INFO - [2022-07-31 07:02:24,483] {dag.py:2420} INFO - Sync 1 DAGs
[2022-07-31 07:02:24,542] {logging_mixin.py:115} INFO - [2022-07-31 07:02:24,541] {dag.py:2972} INFO - Setting next_dagrun for latest_only to 2022-07-31T03:02:24.541057+00:00, run_after=2022-07-31T07:02:24.541057+00:00
[2022-07-31 07:02:24,572] {processor.py:161} INFO - Processing /home/airflow/.local/lib/python3.7/site-packages/airflow/example_dags/example_latest_only.py took 0.174 seconds
[2022-07-31 07:02:55,122] {processor.py:153} INFO - Started process (PID=736) to work on /home/airflow/.local/lib/python3.7/site-packages/airflow/example_dags/example_latest_only.py
[2022-07-31 07:02:55,123] {processor.py:641} INFO - Processing file /home/airflow/.local/lib/python3.7/site-packages/airflow/example_dags/example_latest_only.py for tasks to queue
[2022-07-31 07:02:55,124] {logging_mixin.py:115} INFO - [2022-07-31 07:02:55,124] {dagbag.py:508} INFO - Filling up the DagBag from /home/airflow/.local/lib/python3.7/site-packages/airflow/example_dags/example_latest_only.py
[2022-07-31 07:02:55,138] {processor.py:651} INFO - DAG(s) dict_keys(['latest_only']) retrieved from /home/airflow/.local/lib/python3.7/site-packages/airflow/example_dags/example_latest_only.py
[2022-07-31 07:02:55,191] {logging_mixin.py:115} INFO - [2022-07-31 07:02:55,191] {dag.py:2420} INFO - Sync 1 DAGs
[2022-07-31 07:02:55,241] {logging_mixin.py:115} INFO - [2022-07-31 07:02:55,241] {dag.py:2972} INFO - Setting next_dagrun for latest_only to 2022-07-31T03:02:55.241257+00:00, run_after=2022-07-31T07:02:55.241257+00:00
[2022-07-31 07:02:55,269] {processor.py:161} INFO - Processing /home/airflow/.local/lib/python3.7/site-packages/airflow/example_dags/example_latest_only.py took 0.153 seconds
[2022-07-31 07:03:25,355] {processor.py:153} INFO - Started process (PID=788) to work on /home/airflow/.local/lib/python3.7/site-packages/airflow/example_dags/example_latest_only.py
[2022-07-31 07:03:25,356] {processor.py:641} INFO - Processing file /home/airflow/.local/lib/python3.7/site-packages/airflow/example_dags/example_latest_only.py for tasks to queue
[2022-07-31 07:03:25,357] {logging_mixin.py:115} INFO - [2022-07-31 07:03:25,357] {dagbag.py:508} INFO - Filling up the DagBag from /home/airflow/.local/lib/python3.7/site-packages/airflow/example_dags/example_latest_only.py
[2022-07-31 07:03:25,368] {processor.py:651} INFO - DAG(s) dict_keys(['latest_only']) retrieved from /home/airflow/.local/lib/python3.7/site-packages/airflow/example_dags/example_latest_only.py
[2022-07-31 07:03:25,420] {logging_mixin.py:115} INFO - [2022-07-31 07:03:25,420] {dag.py:2420} INFO - Sync 1 DAGs
[2022-07-31 07:03:25,468] {logging_mixin.py:115} INFO - [2022-07-31 07:03:25,468] {dag.py:2972} INFO - Setting next_dagrun for latest_only to 2022-07-31T03:03:25.467448+00:00, run_after=2022-07-31T07:03:25.467448+00:00
[2022-07-31 07:03:25,492] {processor.py:161} INFO - Processing /home/airflow/.local/lib/python3.7/site-packages/airflow/example_dags/example_latest_only.py took 0.144 seconds
[2022-07-31 07:03:56,079] {processor.py:153} INFO - Started process (PID=849) to work on /home/airflow/.local/lib/python3.7/site-packages/airflow/example_dags/example_latest_only.py
[2022-07-31 07:03:56,092] {processor.py:641} INFO - Processing file /home/airflow/.local/lib/python3.7/site-packages/airflow/example_dags/example_latest_only.py for tasks to queue
[2022-07-31 07:03:56,096] {logging_mixin.py:115} INFO - [2022-07-31 07:03:56,096] {dagbag.py:508} INFO - Filling up the DagBag from /home/airflow/.local/lib/python3.7/site-packages/airflow/example_dags/example_latest_only.py
[2022-07-31 07:03:56,123] {processor.py:651} INFO - DAG(s) dict_keys(['latest_only']) retrieved from /home/airflow/.local/lib/python3.7/site-packages/airflow/example_dags/example_latest_only.py
[2022-07-31 07:03:56,210] {logging_mixin.py:115} INFO - [2022-07-31 07:03:56,210] {dag.py:2420} INFO - Sync 1 DAGs
[2022-07-31 07:03:56,273] {logging_mixin.py:115} INFO - [2022-07-31 07:03:56,273] {dag.py:2972} INFO - Setting next_dagrun for latest_only to 2022-07-31T03:03:56.273278+00:00, run_after=2022-07-31T07:03:56.273278+00:00
[2022-07-31 07:03:56,299] {processor.py:161} INFO - Processing /home/airflow/.local/lib/python3.7/site-packages/airflow/example_dags/example_latest_only.py took 0.228 seconds
[2022-07-31 07:04:27,237] {processor.py:153} INFO - Started process (PID=901) to work on /home/airflow/.local/lib/python3.7/site-packages/airflow/example_dags/example_latest_only.py
[2022-07-31 07:04:27,238] {processor.py:641} INFO - Processing file /home/airflow/.local/lib/python3.7/site-packages/airflow/example_dags/example_latest_only.py for tasks to queue
[2022-07-31 07:04:27,239] {logging_mixin.py:115} INFO - [2022-07-31 07:04:27,239] {dagbag.py:508} INFO - Filling up the DagBag from /home/airflow/.local/lib/python3.7/site-packages/airflow/example_dags/example_latest_only.py
[2022-07-31 07:04:27,250] {processor.py:651} INFO - DAG(s) dict_keys(['latest_only']) retrieved from /home/airflow/.local/lib/python3.7/site-packages/airflow/example_dags/example_latest_only.py
[2022-07-31 07:04:27,308] {logging_mixin.py:115} INFO - [2022-07-31 07:04:27,308] {dag.py:2420} INFO - Sync 1 DAGs
[2022-07-31 07:04:27,354] {logging_mixin.py:115} INFO - [2022-07-31 07:04:27,353] {dag.py:2972} INFO - Setting next_dagrun for latest_only to 2022-07-31T03:04:27.353417+00:00, run_after=2022-07-31T07:04:27.353417+00:00
[2022-07-31 07:04:27,373] {processor.py:161} INFO - Processing /home/airflow/.local/lib/python3.7/site-packages/airflow/example_dags/example_latest_only.py took 0.144 seconds
[2022-07-31 07:04:57,722] {processor.py:153} INFO - Started process (PID=962) to work on /home/airflow/.local/lib/python3.7/site-packages/airflow/example_dags/example_latest_only.py
[2022-07-31 07:04:57,723] {processor.py:641} INFO - Processing file /home/airflow/.local/lib/python3.7/site-packages/airflow/example_dags/example_latest_only.py for tasks to queue
[2022-07-31 07:04:57,723] {logging_mixin.py:115} INFO - [2022-07-31 07:04:57,723] {dagbag.py:508} INFO - Filling up the DagBag from /home/airflow/.local/lib/python3.7/site-packages/airflow/example_dags/example_latest_only.py
[2022-07-31 07:04:57,734] {processor.py:651} INFO - DAG(s) dict_keys(['latest_only']) retrieved from /home/airflow/.local/lib/python3.7/site-packages/airflow/example_dags/example_latest_only.py
[2022-07-31 07:04:57,781] {logging_mixin.py:115} INFO - [2022-07-31 07:04:57,781] {dag.py:2420} INFO - Sync 1 DAGs
[2022-07-31 07:04:57,819] {logging_mixin.py:115} INFO - [2022-07-31 07:04:57,819] {dag.py:2972} INFO - Setting next_dagrun for latest_only to 2022-07-31T03:04:57.819231+00:00, run_after=2022-07-31T07:04:57.819231+00:00
[2022-07-31 07:04:57,840] {processor.py:161} INFO - Processing /home/airflow/.local/lib/python3.7/site-packages/airflow/example_dags/example_latest_only.py took 0.127 seconds
[2022-07-31 07:05:28,602] {processor.py:153} INFO - Started process (PID=1015) to work on /home/airflow/.local/lib/python3.7/site-packages/airflow/example_dags/example_latest_only.py
[2022-07-31 07:05:28,603] {processor.py:641} INFO - Processing file /home/airflow/.local/lib/python3.7/site-packages/airflow/example_dags/example_latest_only.py for tasks to queue
[2022-07-31 07:05:28,604] {logging_mixin.py:115} INFO - [2022-07-31 07:05:28,604] {dagbag.py:508} INFO - Filling up the DagBag from /home/airflow/.local/lib/python3.7/site-packages/airflow/example_dags/example_latest_only.py
[2022-07-31 07:05:28,615] {processor.py:651} INFO - DAG(s) dict_keys(['latest_only']) retrieved from /home/airflow/.local/lib/python3.7/site-packages/airflow/example_dags/example_latest_only.py
[2022-07-31 07:05:28,653] {logging_mixin.py:115} INFO - [2022-07-31 07:05:28,653] {dag.py:2420} INFO - Sync 1 DAGs
[2022-07-31 07:05:28,680] {logging_mixin.py:115} INFO - [2022-07-31 07:05:28,680] {dag.py:2972} INFO - Setting next_dagrun for latest_only to 2022-07-31T03:05:28.680409+00:00, run_after=2022-07-31T07:05:28.680409+00:00
[2022-07-31 07:05:28,697] {processor.py:161} INFO - Processing /home/airflow/.local/lib/python3.7/site-packages/airflow/example_dags/example_latest_only.py took 0.102 seconds
[2022-07-31 07:05:59,052] {processor.py:153} INFO - Started process (PID=1076) to work on /home/airflow/.local/lib/python3.7/site-packages/airflow/example_dags/example_latest_only.py
[2022-07-31 07:05:59,053] {processor.py:641} INFO - Processing file /home/airflow/.local/lib/python3.7/site-packages/airflow/example_dags/example_latest_only.py for tasks to queue
[2022-07-31 07:05:59,054] {logging_mixin.py:115} INFO - [2022-07-31 07:05:59,054] {dagbag.py:508} INFO - Filling up the DagBag from /home/airflow/.local/lib/python3.7/site-packages/airflow/example_dags/example_latest_only.py
[2022-07-31 07:05:59,063] {processor.py:651} INFO - DAG(s) dict_keys(['latest_only']) retrieved from /home/airflow/.local/lib/python3.7/site-packages/airflow/example_dags/example_latest_only.py
[2022-07-31 07:05:59,101] {logging_mixin.py:115} INFO - [2022-07-31 07:05:59,100] {dag.py:2420} INFO - Sync 1 DAGs
[2022-07-31 07:05:59,127] {logging_mixin.py:115} INFO - [2022-07-31 07:05:59,127] {dag.py:2972} INFO - Setting next_dagrun for latest_only to 2022-07-31T03:05:59.127383+00:00, run_after=2022-07-31T07:05:59.127383+00:00
[2022-07-31 07:05:59,142] {processor.py:161} INFO - Processing /home/airflow/.local/lib/python3.7/site-packages/airflow/example_dags/example_latest_only.py took 0.095 seconds
[2022-07-31 07:06:29,513] {processor.py:153} INFO - Started process (PID=1138) to work on /home/airflow/.local/lib/python3.7/site-packages/airflow/example_dags/example_latest_only.py
[2022-07-31 07:06:29,514] {processor.py:641} INFO - Processing file /home/airflow/.local/lib/python3.7/site-packages/airflow/example_dags/example_latest_only.py for tasks to queue
[2022-07-31 07:06:29,515] {logging_mixin.py:115} INFO - [2022-07-31 07:06:29,515] {dagbag.py:508} INFO - Filling up the DagBag from /home/airflow/.local/lib/python3.7/site-packages/airflow/example_dags/example_latest_only.py
[2022-07-31 07:06:29,522] {processor.py:651} INFO - DAG(s) dict_keys(['latest_only']) retrieved from /home/airflow/.local/lib/python3.7/site-packages/airflow/example_dags/example_latest_only.py
[2022-07-31 07:06:29,559] {logging_mixin.py:115} INFO - [2022-07-31 07:06:29,559] {dag.py:2420} INFO - Sync 1 DAGs
[2022-07-31 07:06:29,587] {logging_mixin.py:115} INFO - [2022-07-31 07:06:29,587] {dag.py:2972} INFO - Setting next_dagrun for latest_only to 2022-07-31T03:06:29.587000+00:00, run_after=2022-07-31T07:06:29.587000+00:00
[2022-07-31 07:06:29,608] {processor.py:161} INFO - Processing /home/airflow/.local/lib/python3.7/site-packages/airflow/example_dags/example_latest_only.py took 0.102 seconds
[2022-07-31 07:07:00,606] {processor.py:153} INFO - Started process (PID=1190) to work on /home/airflow/.local/lib/python3.7/site-packages/airflow/example_dags/example_latest_only.py
[2022-07-31 07:07:00,607] {processor.py:641} INFO - Processing file /home/airflow/.local/lib/python3.7/site-packages/airflow/example_dags/example_latest_only.py for tasks to queue
[2022-07-31 07:07:00,608] {logging_mixin.py:115} INFO - [2022-07-31 07:07:00,608] {dagbag.py:508} INFO - Filling up the DagBag from /home/airflow/.local/lib/python3.7/site-packages/airflow/example_dags/example_latest_only.py
[2022-07-31 07:07:00,614] {processor.py:651} INFO - DAG(s) dict_keys(['latest_only']) retrieved from /home/airflow/.local/lib/python3.7/site-packages/airflow/example_dags/example_latest_only.py
[2022-07-31 07:07:00,649] {logging_mixin.py:115} INFO - [2022-07-31 07:07:00,649] {dag.py:2420} INFO - Sync 1 DAGs
[2022-07-31 07:07:00,675] {logging_mixin.py:115} INFO - [2022-07-31 07:07:00,674] {dag.py:2972} INFO - Setting next_dagrun for latest_only to 2022-07-31T03:07:00.674545+00:00, run_after=2022-07-31T07:07:00.674545+00:00
[2022-07-31 07:07:00,690] {processor.py:161} INFO - Processing /home/airflow/.local/lib/python3.7/site-packages/airflow/example_dags/example_latest_only.py took 0.088 seconds
[2022-07-31 07:07:31,289] {processor.py:153} INFO - Started process (PID=1251) to work on /home/airflow/.local/lib/python3.7/site-packages/airflow/example_dags/example_latest_only.py
[2022-07-31 07:07:31,290] {processor.py:641} INFO - Processing file /home/airflow/.local/lib/python3.7/site-packages/airflow/example_dags/example_latest_only.py for tasks to queue
[2022-07-31 07:07:31,291] {logging_mixin.py:115} INFO - [2022-07-31 07:07:31,291] {dagbag.py:508} INFO - Filling up the DagBag from /home/airflow/.local/lib/python3.7/site-packages/airflow/example_dags/example_latest_only.py
[2022-07-31 07:07:31,305] {processor.py:651} INFO - DAG(s) dict_keys(['latest_only']) retrieved from /home/airflow/.local/lib/python3.7/site-packages/airflow/example_dags/example_latest_only.py
[2022-07-31 07:07:31,348] {logging_mixin.py:115} INFO - [2022-07-31 07:07:31,348] {dag.py:2420} INFO - Sync 1 DAGs
[2022-07-31 07:07:31,375] {logging_mixin.py:115} INFO - [2022-07-31 07:07:31,375] {dag.py:2972} INFO - Setting next_dagrun for latest_only to 2022-07-31T03:07:31.375107+00:00, run_after=2022-07-31T07:07:31.375107+00:00
[2022-07-31 07:07:31,390] {processor.py:161} INFO - Processing /home/airflow/.local/lib/python3.7/site-packages/airflow/example_dags/example_latest_only.py took 0.107 seconds
