[2022-07-31 06:56:54,684] {processor.py:153} INFO - Started process (PID=73) to work on /home/airflow/.local/lib/python3.7/site-packages/airflow/example_dags/example_task_group_decorator.py
[2022-07-31 06:56:54,688] {processor.py:641} INFO - Processing file /home/airflow/.local/lib/python3.7/site-packages/airflow/example_dags/example_task_group_decorator.py for tasks to queue
[2022-07-31 06:56:54,689] {logging_mixin.py:115} INFO - [2022-07-31 06:56:54,689] {dagbag.py:508} INFO - Filling up the DagBag from /home/airflow/.local/lib/python3.7/site-packages/airflow/example_dags/example_task_group_decorator.py
[2022-07-31 06:56:54,739] {processor.py:651} INFO - DAG(s) dict_keys(['example_task_group_decorator']) retrieved from /home/airflow/.local/lib/python3.7/site-packages/airflow/example_dags/example_task_group_decorator.py
[2022-07-31 06:56:54,974] {logging_mixin.py:115} INFO - [2022-07-31 06:56:54,974] {manager.py:508} INFO - Created Permission View: can edit on DAG:example_task_group_decorator
[2022-07-31 06:56:55,034] {logging_mixin.py:115} INFO - [2022-07-31 06:56:55,033] {manager.py:508} INFO - Created Permission View: can read on DAG:example_task_group_decorator
[2022-07-31 06:56:55,067] {logging_mixin.py:115} INFO - [2022-07-31 06:56:55,067] {manager.py:508} INFO - Created Permission View: can delete on DAG:example_task_group_decorator
[2022-07-31 06:56:55,067] {logging_mixin.py:115} INFO - [2022-07-31 06:56:55,067] {dag.py:2420} INFO - Sync 1 DAGs
[2022-07-31 06:56:55,094] {logging_mixin.py:115} INFO - [2022-07-31 06:56:55,094] {dag.py:2439} INFO - Creating ORM DAG for example_task_group_decorator
[2022-07-31 06:56:55,127] {logging_mixin.py:115} INFO - [2022-07-31 06:56:55,127] {dag.py:2972} INFO - Setting next_dagrun for example_task_group_decorator to 2022-07-30T06:56:55.127224+00:00, run_after=2022-07-31T06:56:55.127224+00:00
[2022-07-31 06:56:55,159] {processor.py:161} INFO - Processing /home/airflow/.local/lib/python3.7/site-packages/airflow/example_dags/example_task_group_decorator.py took 0.481 seconds
[2022-07-31 06:57:25,952] {processor.py:153} INFO - Started process (PID=125) to work on /home/airflow/.local/lib/python3.7/site-packages/airflow/example_dags/example_task_group_decorator.py
[2022-07-31 06:57:25,952] {processor.py:641} INFO - Processing file /home/airflow/.local/lib/python3.7/site-packages/airflow/example_dags/example_task_group_decorator.py for tasks to queue
[2022-07-31 06:57:25,953] {logging_mixin.py:115} INFO - [2022-07-31 06:57:25,953] {dagbag.py:508} INFO - Filling up the DagBag from /home/airflow/.local/lib/python3.7/site-packages/airflow/example_dags/example_task_group_decorator.py
[2022-07-31 06:57:25,990] {processor.py:651} INFO - DAG(s) dict_keys(['example_task_group_decorator']) retrieved from /home/airflow/.local/lib/python3.7/site-packages/airflow/example_dags/example_task_group_decorator.py
[2022-07-31 06:57:26,085] {logging_mixin.py:115} INFO - [2022-07-31 06:57:26,085] {dag.py:2420} INFO - Sync 1 DAGs
[2022-07-31 06:57:26,112] {logging_mixin.py:115} INFO - [2022-07-31 06:57:26,112] {dag.py:2972} INFO - Setting next_dagrun for example_task_group_decorator to 2022-07-30T06:57:26.112292+00:00, run_after=2022-07-31T06:57:26.112292+00:00
[2022-07-31 06:57:26,130] {processor.py:161} INFO - Processing /home/airflow/.local/lib/python3.7/site-packages/airflow/example_dags/example_task_group_decorator.py took 0.185 seconds
[2022-07-31 06:57:56,814] {processor.py:153} INFO - Started process (PID=186) to work on /home/airflow/.local/lib/python3.7/site-packages/airflow/example_dags/example_task_group_decorator.py
[2022-07-31 06:57:56,815] {processor.py:641} INFO - Processing file /home/airflow/.local/lib/python3.7/site-packages/airflow/example_dags/example_task_group_decorator.py for tasks to queue
[2022-07-31 06:57:56,816] {logging_mixin.py:115} INFO - [2022-07-31 06:57:56,816] {dagbag.py:508} INFO - Filling up the DagBag from /home/airflow/.local/lib/python3.7/site-packages/airflow/example_dags/example_task_group_decorator.py
[2022-07-31 06:57:56,856] {processor.py:651} INFO - DAG(s) dict_keys(['example_task_group_decorator']) retrieved from /home/airflow/.local/lib/python3.7/site-packages/airflow/example_dags/example_task_group_decorator.py
[2022-07-31 06:57:56,981] {logging_mixin.py:115} INFO - [2022-07-31 06:57:56,981] {dag.py:2420} INFO - Sync 1 DAGs
[2022-07-31 06:57:57,010] {logging_mixin.py:115} INFO - [2022-07-31 06:57:57,010] {dag.py:2972} INFO - Setting next_dagrun for example_task_group_decorator to 2022-07-30T06:57:57.010327+00:00, run_after=2022-07-31T06:57:57.010327+00:00
[2022-07-31 06:57:57,034] {processor.py:161} INFO - Processing /home/airflow/.local/lib/python3.7/site-packages/airflow/example_dags/example_task_group_decorator.py took 0.226 seconds
[2022-07-31 06:58:27,856] {processor.py:153} INFO - Started process (PID=238) to work on /home/airflow/.local/lib/python3.7/site-packages/airflow/example_dags/example_task_group_decorator.py
[2022-07-31 06:58:27,857] {processor.py:641} INFO - Processing file /home/airflow/.local/lib/python3.7/site-packages/airflow/example_dags/example_task_group_decorator.py for tasks to queue
[2022-07-31 06:58:27,858] {logging_mixin.py:115} INFO - [2022-07-31 06:58:27,858] {dagbag.py:508} INFO - Filling up the DagBag from /home/airflow/.local/lib/python3.7/site-packages/airflow/example_dags/example_task_group_decorator.py
[2022-07-31 06:58:27,916] {processor.py:651} INFO - DAG(s) dict_keys(['example_task_group_decorator']) retrieved from /home/airflow/.local/lib/python3.7/site-packages/airflow/example_dags/example_task_group_decorator.py
[2022-07-31 06:58:28,079] {logging_mixin.py:115} INFO - [2022-07-31 06:58:28,079] {dag.py:2420} INFO - Sync 1 DAGs
[2022-07-31 06:58:28,121] {logging_mixin.py:115} INFO - [2022-07-31 06:58:28,121] {dag.py:2972} INFO - Setting next_dagrun for example_task_group_decorator to 2022-07-30T06:58:28.121124+00:00, run_after=2022-07-31T06:58:28.121124+00:00
[2022-07-31 06:58:28,150] {processor.py:161} INFO - Processing /home/airflow/.local/lib/python3.7/site-packages/airflow/example_dags/example_task_group_decorator.py took 0.302 seconds
[2022-07-31 06:58:58,226] {processor.py:153} INFO - Started process (PID=299) to work on /home/airflow/.local/lib/python3.7/site-packages/airflow/example_dags/example_task_group_decorator.py
[2022-07-31 06:58:58,226] {processor.py:641} INFO - Processing file /home/airflow/.local/lib/python3.7/site-packages/airflow/example_dags/example_task_group_decorator.py for tasks to queue
[2022-07-31 06:58:58,227] {logging_mixin.py:115} INFO - [2022-07-31 06:58:58,227] {dagbag.py:508} INFO - Filling up the DagBag from /home/airflow/.local/lib/python3.7/site-packages/airflow/example_dags/example_task_group_decorator.py
[2022-07-31 06:58:58,261] {processor.py:651} INFO - DAG(s) dict_keys(['example_task_group_decorator']) retrieved from /home/airflow/.local/lib/python3.7/site-packages/airflow/example_dags/example_task_group_decorator.py
[2022-07-31 06:58:58,360] {logging_mixin.py:115} INFO - [2022-07-31 06:58:58,360] {dag.py:2420} INFO - Sync 1 DAGs
[2022-07-31 06:58:58,387] {logging_mixin.py:115} INFO - [2022-07-31 06:58:58,387] {dag.py:2972} INFO - Setting next_dagrun for example_task_group_decorator to 2022-07-30T06:58:58.386967+00:00, run_after=2022-07-31T06:58:58.386967+00:00
[2022-07-31 06:58:58,405] {processor.py:161} INFO - Processing /home/airflow/.local/lib/python3.7/site-packages/airflow/example_dags/example_task_group_decorator.py took 0.184 seconds
[2022-07-31 06:59:28,502] {processor.py:153} INFO - Started process (PID=351) to work on /home/airflow/.local/lib/python3.7/site-packages/airflow/example_dags/example_task_group_decorator.py
[2022-07-31 06:59:28,503] {processor.py:641} INFO - Processing file /home/airflow/.local/lib/python3.7/site-packages/airflow/example_dags/example_task_group_decorator.py for tasks to queue
[2022-07-31 06:59:28,504] {logging_mixin.py:115} INFO - [2022-07-31 06:59:28,504] {dagbag.py:508} INFO - Filling up the DagBag from /home/airflow/.local/lib/python3.7/site-packages/airflow/example_dags/example_task_group_decorator.py
[2022-07-31 06:59:28,537] {processor.py:651} INFO - DAG(s) dict_keys(['example_task_group_decorator']) retrieved from /home/airflow/.local/lib/python3.7/site-packages/airflow/example_dags/example_task_group_decorator.py
[2022-07-31 06:59:28,622] {logging_mixin.py:115} INFO - [2022-07-31 06:59:28,622] {dag.py:2420} INFO - Sync 1 DAGs
[2022-07-31 06:59:28,652] {logging_mixin.py:115} INFO - [2022-07-31 06:59:28,652] {dag.py:2972} INFO - Setting next_dagrun for example_task_group_decorator to 2022-07-30T06:59:28.652174+00:00, run_after=2022-07-31T06:59:28.652174+00:00
[2022-07-31 06:59:28,671] {processor.py:161} INFO - Processing /home/airflow/.local/lib/python3.7/site-packages/airflow/example_dags/example_task_group_decorator.py took 0.174 seconds
[2022-07-31 06:59:59,235] {processor.py:153} INFO - Started process (PID=412) to work on /home/airflow/.local/lib/python3.7/site-packages/airflow/example_dags/example_task_group_decorator.py
[2022-07-31 06:59:59,236] {processor.py:641} INFO - Processing file /home/airflow/.local/lib/python3.7/site-packages/airflow/example_dags/example_task_group_decorator.py for tasks to queue
[2022-07-31 06:59:59,237] {logging_mixin.py:115} INFO - [2022-07-31 06:59:59,236] {dagbag.py:508} INFO - Filling up the DagBag from /home/airflow/.local/lib/python3.7/site-packages/airflow/example_dags/example_task_group_decorator.py
[2022-07-31 06:59:59,279] {processor.py:651} INFO - DAG(s) dict_keys(['example_task_group_decorator']) retrieved from /home/airflow/.local/lib/python3.7/site-packages/airflow/example_dags/example_task_group_decorator.py
[2022-07-31 06:59:59,378] {logging_mixin.py:115} INFO - [2022-07-31 06:59:59,378] {dag.py:2420} INFO - Sync 1 DAGs
[2022-07-31 06:59:59,415] {logging_mixin.py:115} INFO - [2022-07-31 06:59:59,415] {dag.py:2972} INFO - Setting next_dagrun for example_task_group_decorator to 2022-07-30T06:59:59.414750+00:00, run_after=2022-07-31T06:59:59.414750+00:00
[2022-07-31 06:59:59,438] {processor.py:161} INFO - Processing /home/airflow/.local/lib/python3.7/site-packages/airflow/example_dags/example_task_group_decorator.py took 0.209 seconds
[2022-07-31 07:00:29,937] {processor.py:153} INFO - Started process (PID=474) to work on /home/airflow/.local/lib/python3.7/site-packages/airflow/example_dags/example_task_group_decorator.py
[2022-07-31 07:00:29,939] {processor.py:641} INFO - Processing file /home/airflow/.local/lib/python3.7/site-packages/airflow/example_dags/example_task_group_decorator.py for tasks to queue
[2022-07-31 07:00:29,940] {logging_mixin.py:115} INFO - [2022-07-31 07:00:29,940] {dagbag.py:508} INFO - Filling up the DagBag from /home/airflow/.local/lib/python3.7/site-packages/airflow/example_dags/example_task_group_decorator.py
[2022-07-31 07:00:30,005] {processor.py:651} INFO - DAG(s) dict_keys(['example_task_group_decorator']) retrieved from /home/airflow/.local/lib/python3.7/site-packages/airflow/example_dags/example_task_group_decorator.py
[2022-07-31 07:00:30,140] {logging_mixin.py:115} INFO - [2022-07-31 07:00:30,140] {dag.py:2420} INFO - Sync 1 DAGs
[2022-07-31 07:00:30,178] {logging_mixin.py:115} INFO - [2022-07-31 07:00:30,178] {dag.py:2972} INFO - Setting next_dagrun for example_task_group_decorator to 2022-07-30T07:00:30.178100+00:00, run_after=2022-07-31T07:00:30.178100+00:00
[2022-07-31 07:00:30,211] {processor.py:161} INFO - Processing /home/airflow/.local/lib/python3.7/site-packages/airflow/example_dags/example_task_group_decorator.py took 0.282 seconds
[2022-07-31 07:01:00,940] {processor.py:153} INFO - Started process (PID=526) to work on /home/airflow/.local/lib/python3.7/site-packages/airflow/example_dags/example_task_group_decorator.py
[2022-07-31 07:01:00,941] {processor.py:641} INFO - Processing file /home/airflow/.local/lib/python3.7/site-packages/airflow/example_dags/example_task_group_decorator.py for tasks to queue
[2022-07-31 07:01:00,942] {logging_mixin.py:115} INFO - [2022-07-31 07:01:00,942] {dagbag.py:508} INFO - Filling up the DagBag from /home/airflow/.local/lib/python3.7/site-packages/airflow/example_dags/example_task_group_decorator.py
[2022-07-31 07:01:01,002] {processor.py:651} INFO - DAG(s) dict_keys(['example_task_group_decorator']) retrieved from /home/airflow/.local/lib/python3.7/site-packages/airflow/example_dags/example_task_group_decorator.py
[2022-07-31 07:01:01,247] {logging_mixin.py:115} INFO - [2022-07-31 07:01:01,246] {dag.py:2420} INFO - Sync 1 DAGs
[2022-07-31 07:01:01,287] {logging_mixin.py:115} INFO - [2022-07-31 07:01:01,287] {dag.py:2972} INFO - Setting next_dagrun for example_task_group_decorator to 2022-07-30T07:01:01.286761+00:00, run_after=2022-07-31T07:01:01.286761+00:00
[2022-07-31 07:01:01,314] {processor.py:161} INFO - Processing /home/airflow/.local/lib/python3.7/site-packages/airflow/example_dags/example_task_group_decorator.py took 0.381 seconds
[2022-07-31 07:01:31,796] {processor.py:153} INFO - Started process (PID=587) to work on /home/airflow/.local/lib/python3.7/site-packages/airflow/example_dags/example_task_group_decorator.py
[2022-07-31 07:01:31,797] {processor.py:641} INFO - Processing file /home/airflow/.local/lib/python3.7/site-packages/airflow/example_dags/example_task_group_decorator.py for tasks to queue
[2022-07-31 07:01:31,798] {logging_mixin.py:115} INFO - [2022-07-31 07:01:31,798] {dagbag.py:508} INFO - Filling up the DagBag from /home/airflow/.local/lib/python3.7/site-packages/airflow/example_dags/example_task_group_decorator.py
[2022-07-31 07:01:31,834] {processor.py:651} INFO - DAG(s) dict_keys(['example_task_group_decorator']) retrieved from /home/airflow/.local/lib/python3.7/site-packages/airflow/example_dags/example_task_group_decorator.py
[2022-07-31 07:01:31,934] {logging_mixin.py:115} INFO - [2022-07-31 07:01:31,934] {dag.py:2420} INFO - Sync 1 DAGs
[2022-07-31 07:01:31,968] {logging_mixin.py:115} INFO - [2022-07-31 07:01:31,968] {dag.py:2972} INFO - Setting next_dagrun for example_task_group_decorator to 2022-07-30T07:01:31.967910+00:00, run_after=2022-07-31T07:01:31.967910+00:00
[2022-07-31 07:01:31,990] {processor.py:161} INFO - Processing /home/airflow/.local/lib/python3.7/site-packages/airflow/example_dags/example_task_group_decorator.py took 0.199 seconds
[2022-07-31 07:02:02,368] {processor.py:153} INFO - Started process (PID=648) to work on /home/airflow/.local/lib/python3.7/site-packages/airflow/example_dags/example_task_group_decorator.py
[2022-07-31 07:02:02,369] {processor.py:641} INFO - Processing file /home/airflow/.local/lib/python3.7/site-packages/airflow/example_dags/example_task_group_decorator.py for tasks to queue
[2022-07-31 07:02:02,370] {logging_mixin.py:115} INFO - [2022-07-31 07:02:02,370] {dagbag.py:508} INFO - Filling up the DagBag from /home/airflow/.local/lib/python3.7/site-packages/airflow/example_dags/example_task_group_decorator.py
[2022-07-31 07:02:02,407] {processor.py:651} INFO - DAG(s) dict_keys(['example_task_group_decorator']) retrieved from /home/airflow/.local/lib/python3.7/site-packages/airflow/example_dags/example_task_group_decorator.py
[2022-07-31 07:02:02,530] {logging_mixin.py:115} INFO - [2022-07-31 07:02:02,530] {dag.py:2420} INFO - Sync 1 DAGs
[2022-07-31 07:02:02,568] {logging_mixin.py:115} INFO - [2022-07-31 07:02:02,568] {dag.py:2972} INFO - Setting next_dagrun for example_task_group_decorator to 2022-07-30T07:02:02.567720+00:00, run_after=2022-07-31T07:02:02.567720+00:00
[2022-07-31 07:02:02,590] {processor.py:161} INFO - Processing /home/airflow/.local/lib/python3.7/site-packages/airflow/example_dags/example_task_group_decorator.py took 0.226 seconds
[2022-07-31 07:02:33,067] {processor.py:153} INFO - Started process (PID=700) to work on /home/airflow/.local/lib/python3.7/site-packages/airflow/example_dags/example_task_group_decorator.py
[2022-07-31 07:02:33,068] {processor.py:641} INFO - Processing file /home/airflow/.local/lib/python3.7/site-packages/airflow/example_dags/example_task_group_decorator.py for tasks to queue
[2022-07-31 07:02:33,069] {logging_mixin.py:115} INFO - [2022-07-31 07:02:33,069] {dagbag.py:508} INFO - Filling up the DagBag from /home/airflow/.local/lib/python3.7/site-packages/airflow/example_dags/example_task_group_decorator.py
[2022-07-31 07:02:33,135] {processor.py:651} INFO - DAG(s) dict_keys(['example_task_group_decorator']) retrieved from /home/airflow/.local/lib/python3.7/site-packages/airflow/example_dags/example_task_group_decorator.py
[2022-07-31 07:02:33,197] {logging_mixin.py:115} INFO - [2022-07-31 07:02:33,196] {dag.py:2420} INFO - Sync 1 DAGs
[2022-07-31 07:02:33,264] {logging_mixin.py:115} INFO - [2022-07-31 07:02:33,264] {dag.py:2972} INFO - Setting next_dagrun for example_task_group_decorator to 2022-07-30T07:02:33.264005+00:00, run_after=2022-07-31T07:02:33.264005+00:00
[2022-07-31 07:02:33,292] {processor.py:161} INFO - Processing /home/airflow/.local/lib/python3.7/site-packages/airflow/example_dags/example_task_group_decorator.py took 0.234 seconds
[2022-07-31 07:03:03,716] {processor.py:153} INFO - Started process (PID=759) to work on /home/airflow/.local/lib/python3.7/site-packages/airflow/example_dags/example_task_group_decorator.py
[2022-07-31 07:03:03,720] {processor.py:641} INFO - Processing file /home/airflow/.local/lib/python3.7/site-packages/airflow/example_dags/example_task_group_decorator.py for tasks to queue
[2022-07-31 07:03:03,725] {logging_mixin.py:115} INFO - [2022-07-31 07:03:03,725] {dagbag.py:508} INFO - Filling up the DagBag from /home/airflow/.local/lib/python3.7/site-packages/airflow/example_dags/example_task_group_decorator.py
[2022-07-31 07:03:03,971] {processor.py:651} INFO - DAG(s) dict_keys(['example_task_group_decorator']) retrieved from /home/airflow/.local/lib/python3.7/site-packages/airflow/example_dags/example_task_group_decorator.py
[2022-07-31 07:03:04,200] {logging_mixin.py:115} INFO - [2022-07-31 07:03:04,199] {dag.py:2420} INFO - Sync 1 DAGs
[2022-07-31 07:03:04,277] {logging_mixin.py:115} INFO - [2022-07-31 07:03:04,277] {dag.py:2972} INFO - Setting next_dagrun for example_task_group_decorator to 2022-07-30T07:03:04.276433+00:00, run_after=2022-07-31T07:03:04.276433+00:00
[2022-07-31 07:03:04,319] {processor.py:161} INFO - Processing /home/airflow/.local/lib/python3.7/site-packages/airflow/example_dags/example_task_group_decorator.py took 0.631 seconds
[2022-07-31 07:03:34,437] {processor.py:153} INFO - Started process (PID=813) to work on /home/airflow/.local/lib/python3.7/site-packages/airflow/example_dags/example_task_group_decorator.py
[2022-07-31 07:03:34,438] {processor.py:641} INFO - Processing file /home/airflow/.local/lib/python3.7/site-packages/airflow/example_dags/example_task_group_decorator.py for tasks to queue
[2022-07-31 07:03:34,439] {logging_mixin.py:115} INFO - [2022-07-31 07:03:34,439] {dagbag.py:508} INFO - Filling up the DagBag from /home/airflow/.local/lib/python3.7/site-packages/airflow/example_dags/example_task_group_decorator.py
[2022-07-31 07:03:34,505] {processor.py:651} INFO - DAG(s) dict_keys(['example_task_group_decorator']) retrieved from /home/airflow/.local/lib/python3.7/site-packages/airflow/example_dags/example_task_group_decorator.py
[2022-07-31 07:03:34,636] {logging_mixin.py:115} INFO - [2022-07-31 07:03:34,636] {dag.py:2420} INFO - Sync 1 DAGs
[2022-07-31 07:03:34,670] {logging_mixin.py:115} INFO - [2022-07-31 07:03:34,670] {dag.py:2972} INFO - Setting next_dagrun for example_task_group_decorator to 2022-07-30T07:03:34.670032+00:00, run_after=2022-07-31T07:03:34.670032+00:00
[2022-07-31 07:03:34,700] {processor.py:161} INFO - Processing /home/airflow/.local/lib/python3.7/site-packages/airflow/example_dags/example_task_group_decorator.py took 0.271 seconds
[2022-07-31 07:04:05,675] {processor.py:153} INFO - Started process (PID=865) to work on /home/airflow/.local/lib/python3.7/site-packages/airflow/example_dags/example_task_group_decorator.py
[2022-07-31 07:04:05,676] {processor.py:641} INFO - Processing file /home/airflow/.local/lib/python3.7/site-packages/airflow/example_dags/example_task_group_decorator.py for tasks to queue
[2022-07-31 07:04:05,678] {logging_mixin.py:115} INFO - [2022-07-31 07:04:05,677] {dagbag.py:508} INFO - Filling up the DagBag from /home/airflow/.local/lib/python3.7/site-packages/airflow/example_dags/example_task_group_decorator.py
[2022-07-31 07:04:05,745] {processor.py:651} INFO - DAG(s) dict_keys(['example_task_group_decorator']) retrieved from /home/airflow/.local/lib/python3.7/site-packages/airflow/example_dags/example_task_group_decorator.py
[2022-07-31 07:04:05,860] {logging_mixin.py:115} INFO - [2022-07-31 07:04:05,860] {dag.py:2420} INFO - Sync 1 DAGs
[2022-07-31 07:04:05,899] {logging_mixin.py:115} INFO - [2022-07-31 07:04:05,899] {dag.py:2972} INFO - Setting next_dagrun for example_task_group_decorator to 2022-07-30T07:04:05.899135+00:00, run_after=2022-07-31T07:04:05.899135+00:00
[2022-07-31 07:04:05,926] {processor.py:161} INFO - Processing /home/airflow/.local/lib/python3.7/site-packages/airflow/example_dags/example_task_group_decorator.py took 0.267 seconds
[2022-07-31 07:04:36,625] {processor.py:153} INFO - Started process (PID=926) to work on /home/airflow/.local/lib/python3.7/site-packages/airflow/example_dags/example_task_group_decorator.py
[2022-07-31 07:04:36,626] {processor.py:641} INFO - Processing file /home/airflow/.local/lib/python3.7/site-packages/airflow/example_dags/example_task_group_decorator.py for tasks to queue
[2022-07-31 07:04:36,628] {logging_mixin.py:115} INFO - [2022-07-31 07:04:36,628] {dagbag.py:508} INFO - Filling up the DagBag from /home/airflow/.local/lib/python3.7/site-packages/airflow/example_dags/example_task_group_decorator.py
[2022-07-31 07:04:36,712] {processor.py:651} INFO - DAG(s) dict_keys(['example_task_group_decorator']) retrieved from /home/airflow/.local/lib/python3.7/site-packages/airflow/example_dags/example_task_group_decorator.py
[2022-07-31 07:04:36,935] {logging_mixin.py:115} INFO - [2022-07-31 07:04:36,934] {dag.py:2420} INFO - Sync 1 DAGs
[2022-07-31 07:04:37,002] {logging_mixin.py:115} INFO - [2022-07-31 07:04:37,002] {dag.py:2972} INFO - Setting next_dagrun for example_task_group_decorator to 2022-07-30T07:04:37.002059+00:00, run_after=2022-07-31T07:04:37.002059+00:00
[2022-07-31 07:04:37,038] {processor.py:161} INFO - Processing /home/airflow/.local/lib/python3.7/site-packages/airflow/example_dags/example_task_group_decorator.py took 0.424 seconds
[2022-07-31 07:05:07,091] {processor.py:153} INFO - Started process (PID=987) to work on /home/airflow/.local/lib/python3.7/site-packages/airflow/example_dags/example_task_group_decorator.py
[2022-07-31 07:05:07,092] {processor.py:641} INFO - Processing file /home/airflow/.local/lib/python3.7/site-packages/airflow/example_dags/example_task_group_decorator.py for tasks to queue
[2022-07-31 07:05:07,093] {logging_mixin.py:115} INFO - [2022-07-31 07:05:07,093] {dagbag.py:508} INFO - Filling up the DagBag from /home/airflow/.local/lib/python3.7/site-packages/airflow/example_dags/example_task_group_decorator.py
[2022-07-31 07:05:07,139] {processor.py:651} INFO - DAG(s) dict_keys(['example_task_group_decorator']) retrieved from /home/airflow/.local/lib/python3.7/site-packages/airflow/example_dags/example_task_group_decorator.py
[2022-07-31 07:05:07,204] {logging_mixin.py:115} INFO - [2022-07-31 07:05:07,204] {dag.py:2420} INFO - Sync 1 DAGs
[2022-07-31 07:05:07,250] {logging_mixin.py:115} INFO - [2022-07-31 07:05:07,250] {dag.py:2972} INFO - Setting next_dagrun for example_task_group_decorator to 2022-07-30T07:05:07.249743+00:00, run_after=2022-07-31T07:05:07.249743+00:00
[2022-07-31 07:05:07,281] {processor.py:161} INFO - Processing /home/airflow/.local/lib/python3.7/site-packages/airflow/example_dags/example_task_group_decorator.py took 0.196 seconds
[2022-07-31 07:05:37,714] {processor.py:153} INFO - Started process (PID=1040) to work on /home/airflow/.local/lib/python3.7/site-packages/airflow/example_dags/example_task_group_decorator.py
[2022-07-31 07:05:37,714] {processor.py:641} INFO - Processing file /home/airflow/.local/lib/python3.7/site-packages/airflow/example_dags/example_task_group_decorator.py for tasks to queue
[2022-07-31 07:05:37,715] {logging_mixin.py:115} INFO - [2022-07-31 07:05:37,715] {dagbag.py:508} INFO - Filling up the DagBag from /home/airflow/.local/lib/python3.7/site-packages/airflow/example_dags/example_task_group_decorator.py
[2022-07-31 07:05:37,747] {processor.py:651} INFO - DAG(s) dict_keys(['example_task_group_decorator']) retrieved from /home/airflow/.local/lib/python3.7/site-packages/airflow/example_dags/example_task_group_decorator.py
[2022-07-31 07:05:37,779] {logging_mixin.py:115} INFO - [2022-07-31 07:05:37,779] {dag.py:2420} INFO - Sync 1 DAGs
[2022-07-31 07:05:37,804] {logging_mixin.py:115} INFO - [2022-07-31 07:05:37,803] {dag.py:2972} INFO - Setting next_dagrun for example_task_group_decorator to 2022-07-30T07:05:37.803581+00:00, run_after=2022-07-31T07:05:37.803581+00:00
[2022-07-31 07:05:37,818] {processor.py:161} INFO - Processing /home/airflow/.local/lib/python3.7/site-packages/airflow/example_dags/example_task_group_decorator.py took 0.111 seconds
[2022-07-31 07:06:08,238] {processor.py:153} INFO - Started process (PID=1102) to work on /home/airflow/.local/lib/python3.7/site-packages/airflow/example_dags/example_task_group_decorator.py
[2022-07-31 07:06:08,239] {processor.py:641} INFO - Processing file /home/airflow/.local/lib/python3.7/site-packages/airflow/example_dags/example_task_group_decorator.py for tasks to queue
[2022-07-31 07:06:08,240] {logging_mixin.py:115} INFO - [2022-07-31 07:06:08,239] {dagbag.py:508} INFO - Filling up the DagBag from /home/airflow/.local/lib/python3.7/site-packages/airflow/example_dags/example_task_group_decorator.py
[2022-07-31 07:06:08,270] {processor.py:651} INFO - DAG(s) dict_keys(['example_task_group_decorator']) retrieved from /home/airflow/.local/lib/python3.7/site-packages/airflow/example_dags/example_task_group_decorator.py
[2022-07-31 07:06:08,352] {logging_mixin.py:115} INFO - [2022-07-31 07:06:08,352] {dag.py:2420} INFO - Sync 1 DAGs
[2022-07-31 07:06:08,379] {logging_mixin.py:115} INFO - [2022-07-31 07:06:08,379] {dag.py:2972} INFO - Setting next_dagrun for example_task_group_decorator to 2022-07-30T07:06:08.379181+00:00, run_after=2022-07-31T07:06:08.379181+00:00
[2022-07-31 07:06:08,401] {processor.py:161} INFO - Processing /home/airflow/.local/lib/python3.7/site-packages/airflow/example_dags/example_task_group_decorator.py took 0.169 seconds
[2022-07-31 07:06:38,672] {processor.py:153} INFO - Started process (PID=1163) to work on /home/airflow/.local/lib/python3.7/site-packages/airflow/example_dags/example_task_group_decorator.py
[2022-07-31 07:06:38,673] {processor.py:641} INFO - Processing file /home/airflow/.local/lib/python3.7/site-packages/airflow/example_dags/example_task_group_decorator.py for tasks to queue
[2022-07-31 07:06:38,674] {logging_mixin.py:115} INFO - [2022-07-31 07:06:38,674] {dagbag.py:508} INFO - Filling up the DagBag from /home/airflow/.local/lib/python3.7/site-packages/airflow/example_dags/example_task_group_decorator.py
[2022-07-31 07:06:38,708] {processor.py:651} INFO - DAG(s) dict_keys(['example_task_group_decorator']) retrieved from /home/airflow/.local/lib/python3.7/site-packages/airflow/example_dags/example_task_group_decorator.py
[2022-07-31 07:06:38,744] {logging_mixin.py:115} INFO - [2022-07-31 07:06:38,744] {dag.py:2420} INFO - Sync 1 DAGs
[2022-07-31 07:06:38,770] {logging_mixin.py:115} INFO - [2022-07-31 07:06:38,770] {dag.py:2972} INFO - Setting next_dagrun for example_task_group_decorator to 2022-07-30T07:06:38.769960+00:00, run_after=2022-07-31T07:06:38.769960+00:00
[2022-07-31 07:06:38,785] {processor.py:161} INFO - Processing /home/airflow/.local/lib/python3.7/site-packages/airflow/example_dags/example_task_group_decorator.py took 0.117 seconds
[2022-07-31 07:07:09,004] {processor.py:153} INFO - Started process (PID=1215) to work on /home/airflow/.local/lib/python3.7/site-packages/airflow/example_dags/example_task_group_decorator.py
[2022-07-31 07:07:09,005] {processor.py:641} INFO - Processing file /home/airflow/.local/lib/python3.7/site-packages/airflow/example_dags/example_task_group_decorator.py for tasks to queue
[2022-07-31 07:07:09,006] {logging_mixin.py:115} INFO - [2022-07-31 07:07:09,006] {dagbag.py:508} INFO - Filling up the DagBag from /home/airflow/.local/lib/python3.7/site-packages/airflow/example_dags/example_task_group_decorator.py
[2022-07-31 07:07:09,042] {processor.py:651} INFO - DAG(s) dict_keys(['example_task_group_decorator']) retrieved from /home/airflow/.local/lib/python3.7/site-packages/airflow/example_dags/example_task_group_decorator.py
[2022-07-31 07:07:09,123] {logging_mixin.py:115} INFO - [2022-07-31 07:07:09,123] {dag.py:2420} INFO - Sync 1 DAGs
[2022-07-31 07:07:09,150] {logging_mixin.py:115} INFO - [2022-07-31 07:07:09,150] {dag.py:2972} INFO - Setting next_dagrun for example_task_group_decorator to 2022-07-30T07:07:09.149875+00:00, run_after=2022-07-31T07:07:09.149875+00:00
[2022-07-31 07:07:09,168] {processor.py:161} INFO - Processing /home/airflow/.local/lib/python3.7/site-packages/airflow/example_dags/example_task_group_decorator.py took 0.172 seconds
[2022-07-31 07:07:39,387] {processor.py:153} INFO - Started process (PID=1276) to work on /home/airflow/.local/lib/python3.7/site-packages/airflow/example_dags/example_task_group_decorator.py
[2022-07-31 07:07:39,387] {processor.py:641} INFO - Processing file /home/airflow/.local/lib/python3.7/site-packages/airflow/example_dags/example_task_group_decorator.py for tasks to queue
[2022-07-31 07:07:39,388] {logging_mixin.py:115} INFO - [2022-07-31 07:07:39,388] {dagbag.py:508} INFO - Filling up the DagBag from /home/airflow/.local/lib/python3.7/site-packages/airflow/example_dags/example_task_group_decorator.py
[2022-07-31 07:07:39,419] {processor.py:651} INFO - DAG(s) dict_keys(['example_task_group_decorator']) retrieved from /home/airflow/.local/lib/python3.7/site-packages/airflow/example_dags/example_task_group_decorator.py
[2022-07-31 07:07:39,450] {logging_mixin.py:115} INFO - [2022-07-31 07:07:39,450] {dag.py:2420} INFO - Sync 1 DAGs
[2022-07-31 07:07:39,475] {logging_mixin.py:115} INFO - [2022-07-31 07:07:39,475] {dag.py:2972} INFO - Setting next_dagrun for example_task_group_decorator to 2022-07-30T07:07:39.475572+00:00, run_after=2022-07-31T07:07:39.475572+00:00
[2022-07-31 07:07:39,491] {processor.py:161} INFO - Processing /home/airflow/.local/lib/python3.7/site-packages/airflow/example_dags/example_task_group_decorator.py took 0.109 seconds
