[2022-07-31 06:56:55,644] {processor.py:153} INFO - Started process (PID=76) to work on /home/airflow/.local/lib/python3.7/site-packages/airflow/example_dags/example_dag_decorator.py
[2022-07-31 06:56:55,647] {processor.py:641} INFO - Processing file /home/airflow/.local/lib/python3.7/site-packages/airflow/example_dags/example_dag_decorator.py for tasks to queue
[2022-07-31 06:56:55,648] {logging_mixin.py:115} INFO - [2022-07-31 06:56:55,648] {dagbag.py:508} INFO - Filling up the DagBag from /home/airflow/.local/lib/python3.7/site-packages/airflow/example_dags/example_dag_decorator.py
[2022-07-31 06:56:55,709] {processor.py:651} INFO - DAG(s) dict_keys(['example_dag_decorator']) retrieved from /home/airflow/.local/lib/python3.7/site-packages/airflow/example_dags/example_dag_decorator.py
[2022-07-31 06:56:55,842] {logging_mixin.py:115} INFO - [2022-07-31 06:56:55,842] {manager.py:508} INFO - Created Permission View: can edit on DAG:example_dag_decorator
[2022-07-31 06:56:55,861] {logging_mixin.py:115} INFO - [2022-07-31 06:56:55,861] {manager.py:508} INFO - Created Permission View: can read on DAG:example_dag_decorator
[2022-07-31 06:56:55,876] {logging_mixin.py:115} INFO - [2022-07-31 06:56:55,876] {manager.py:508} INFO - Created Permission View: can delete on DAG:example_dag_decorator
[2022-07-31 06:56:55,877] {logging_mixin.py:115} INFO - [2022-07-31 06:56:55,877] {dag.py:2420} INFO - Sync 1 DAGs
[2022-07-31 06:56:55,889] {logging_mixin.py:115} INFO - [2022-07-31 06:56:55,889] {dag.py:2439} INFO - Creating ORM DAG for example_dag_decorator
[2022-07-31 06:56:55,903] {logging_mixin.py:115} INFO - [2022-07-31 06:56:55,903] {dag.py:2972} INFO - Setting next_dagrun for example_dag_decorator to None, run_after=None
[2022-07-31 06:56:55,925] {processor.py:161} INFO - Processing /home/airflow/.local/lib/python3.7/site-packages/airflow/example_dags/example_dag_decorator.py took 0.288 seconds
[2022-07-31 06:57:26,221] {processor.py:153} INFO - Started process (PID=128) to work on /home/airflow/.local/lib/python3.7/site-packages/airflow/example_dags/example_dag_decorator.py
[2022-07-31 06:57:26,222] {processor.py:641} INFO - Processing file /home/airflow/.local/lib/python3.7/site-packages/airflow/example_dags/example_dag_decorator.py for tasks to queue
[2022-07-31 06:57:26,222] {logging_mixin.py:115} INFO - [2022-07-31 06:57:26,222] {dagbag.py:508} INFO - Filling up the DagBag from /home/airflow/.local/lib/python3.7/site-packages/airflow/example_dags/example_dag_decorator.py
[2022-07-31 06:57:26,261] {processor.py:651} INFO - DAG(s) dict_keys(['example_dag_decorator']) retrieved from /home/airflow/.local/lib/python3.7/site-packages/airflow/example_dags/example_dag_decorator.py
[2022-07-31 06:57:26,358] {logging_mixin.py:115} INFO - [2022-07-31 06:57:26,358] {dag.py:2420} INFO - Sync 1 DAGs
[2022-07-31 06:57:26,383] {logging_mixin.py:115} INFO - [2022-07-31 06:57:26,383] {dag.py:2972} INFO - Setting next_dagrun for example_dag_decorator to None, run_after=None
[2022-07-31 06:57:26,399] {processor.py:161} INFO - Processing /home/airflow/.local/lib/python3.7/site-packages/airflow/example_dags/example_dag_decorator.py took 0.184 seconds
[2022-07-31 06:57:57,125] {processor.py:153} INFO - Started process (PID=189) to work on /home/airflow/.local/lib/python3.7/site-packages/airflow/example_dags/example_dag_decorator.py
[2022-07-31 06:57:57,126] {processor.py:641} INFO - Processing file /home/airflow/.local/lib/python3.7/site-packages/airflow/example_dags/example_dag_decorator.py for tasks to queue
[2022-07-31 06:57:57,127] {logging_mixin.py:115} INFO - [2022-07-31 06:57:57,126] {dagbag.py:508} INFO - Filling up the DagBag from /home/airflow/.local/lib/python3.7/site-packages/airflow/example_dags/example_dag_decorator.py
[2022-07-31 06:57:57,155] {processor.py:651} INFO - DAG(s) dict_keys(['example_dag_decorator']) retrieved from /home/airflow/.local/lib/python3.7/site-packages/airflow/example_dags/example_dag_decorator.py
[2022-07-31 06:57:57,239] {logging_mixin.py:115} INFO - [2022-07-31 06:57:57,239] {dag.py:2420} INFO - Sync 1 DAGs
[2022-07-31 06:57:57,262] {logging_mixin.py:115} INFO - [2022-07-31 06:57:57,262] {dag.py:2972} INFO - Setting next_dagrun for example_dag_decorator to None, run_after=None
[2022-07-31 06:57:57,280] {processor.py:161} INFO - Processing /home/airflow/.local/lib/python3.7/site-packages/airflow/example_dags/example_dag_decorator.py took 0.160 seconds
[2022-07-31 06:58:28,271] {processor.py:153} INFO - Started process (PID=241) to work on /home/airflow/.local/lib/python3.7/site-packages/airflow/example_dags/example_dag_decorator.py
[2022-07-31 06:58:28,272] {processor.py:641} INFO - Processing file /home/airflow/.local/lib/python3.7/site-packages/airflow/example_dags/example_dag_decorator.py for tasks to queue
[2022-07-31 06:58:28,273] {logging_mixin.py:115} INFO - [2022-07-31 06:58:28,273] {dagbag.py:508} INFO - Filling up the DagBag from /home/airflow/.local/lib/python3.7/site-packages/airflow/example_dags/example_dag_decorator.py
[2022-07-31 06:58:28,336] {processor.py:651} INFO - DAG(s) dict_keys(['example_dag_decorator']) retrieved from /home/airflow/.local/lib/python3.7/site-packages/airflow/example_dags/example_dag_decorator.py
[2022-07-31 06:58:28,503] {logging_mixin.py:115} INFO - [2022-07-31 06:58:28,503] {dag.py:2420} INFO - Sync 1 DAGs
[2022-07-31 06:58:28,558] {logging_mixin.py:115} INFO - [2022-07-31 06:58:28,557] {dag.py:2972} INFO - Setting next_dagrun for example_dag_decorator to None, run_after=None
[2022-07-31 06:58:28,610] {processor.py:161} INFO - Processing /home/airflow/.local/lib/python3.7/site-packages/airflow/example_dags/example_dag_decorator.py took 0.349 seconds
[2022-07-31 06:58:59,495] {processor.py:153} INFO - Started process (PID=302) to work on /home/airflow/.local/lib/python3.7/site-packages/airflow/example_dags/example_dag_decorator.py
[2022-07-31 06:58:59,497] {processor.py:641} INFO - Processing file /home/airflow/.local/lib/python3.7/site-packages/airflow/example_dags/example_dag_decorator.py for tasks to queue
[2022-07-31 06:58:59,500] {logging_mixin.py:115} INFO - [2022-07-31 06:58:59,499] {dagbag.py:508} INFO - Filling up the DagBag from /home/airflow/.local/lib/python3.7/site-packages/airflow/example_dags/example_dag_decorator.py
[2022-07-31 06:58:59,571] {processor.py:651} INFO - DAG(s) dict_keys(['example_dag_decorator']) retrieved from /home/airflow/.local/lib/python3.7/site-packages/airflow/example_dags/example_dag_decorator.py
[2022-07-31 06:58:59,671] {logging_mixin.py:115} INFO - [2022-07-31 06:58:59,671] {dag.py:2420} INFO - Sync 1 DAGs
[2022-07-31 06:58:59,701] {logging_mixin.py:115} INFO - [2022-07-31 06:58:59,701] {dag.py:2972} INFO - Setting next_dagrun for example_dag_decorator to None, run_after=None
[2022-07-31 06:58:59,721] {processor.py:161} INFO - Processing /home/airflow/.local/lib/python3.7/site-packages/airflow/example_dags/example_dag_decorator.py took 0.242 seconds
[2022-07-31 06:59:29,790] {processor.py:153} INFO - Started process (PID=364) to work on /home/airflow/.local/lib/python3.7/site-packages/airflow/example_dags/example_dag_decorator.py
[2022-07-31 06:59:29,790] {processor.py:641} INFO - Processing file /home/airflow/.local/lib/python3.7/site-packages/airflow/example_dags/example_dag_decorator.py for tasks to queue
[2022-07-31 06:59:29,791] {logging_mixin.py:115} INFO - [2022-07-31 06:59:29,791] {dagbag.py:508} INFO - Filling up the DagBag from /home/airflow/.local/lib/python3.7/site-packages/airflow/example_dags/example_dag_decorator.py
[2022-07-31 06:59:29,821] {processor.py:651} INFO - DAG(s) dict_keys(['example_dag_decorator']) retrieved from /home/airflow/.local/lib/python3.7/site-packages/airflow/example_dags/example_dag_decorator.py
[2022-07-31 06:59:29,909] {logging_mixin.py:115} INFO - [2022-07-31 06:59:29,908] {dag.py:2420} INFO - Sync 1 DAGs
[2022-07-31 06:59:29,933] {logging_mixin.py:115} INFO - [2022-07-31 06:59:29,933] {dag.py:2972} INFO - Setting next_dagrun for example_dag_decorator to None, run_after=None
[2022-07-31 06:59:29,951] {processor.py:161} INFO - Processing /home/airflow/.local/lib/python3.7/site-packages/airflow/example_dags/example_dag_decorator.py took 0.166 seconds
[2022-07-31 07:00:00,554] {processor.py:153} INFO - Started process (PID=415) to work on /home/airflow/.local/lib/python3.7/site-packages/airflow/example_dags/example_dag_decorator.py
[2022-07-31 07:00:00,554] {processor.py:641} INFO - Processing file /home/airflow/.local/lib/python3.7/site-packages/airflow/example_dags/example_dag_decorator.py for tasks to queue
[2022-07-31 07:00:00,555] {logging_mixin.py:115} INFO - [2022-07-31 07:00:00,555] {dagbag.py:508} INFO - Filling up the DagBag from /home/airflow/.local/lib/python3.7/site-packages/airflow/example_dags/example_dag_decorator.py
[2022-07-31 07:00:00,586] {processor.py:651} INFO - DAG(s) dict_keys(['example_dag_decorator']) retrieved from /home/airflow/.local/lib/python3.7/site-packages/airflow/example_dags/example_dag_decorator.py
[2022-07-31 07:00:00,665] {logging_mixin.py:115} INFO - [2022-07-31 07:00:00,665] {dag.py:2420} INFO - Sync 1 DAGs
[2022-07-31 07:00:00,688] {logging_mixin.py:115} INFO - [2022-07-31 07:00:00,688] {dag.py:2972} INFO - Setting next_dagrun for example_dag_decorator to None, run_after=None
[2022-07-31 07:00:00,704] {processor.py:161} INFO - Processing /home/airflow/.local/lib/python3.7/site-packages/airflow/example_dags/example_dag_decorator.py took 0.155 seconds
[2022-07-31 07:00:31,367] {processor.py:153} INFO - Started process (PID=477) to work on /home/airflow/.local/lib/python3.7/site-packages/airflow/example_dags/example_dag_decorator.py
[2022-07-31 07:00:31,368] {processor.py:641} INFO - Processing file /home/airflow/.local/lib/python3.7/site-packages/airflow/example_dags/example_dag_decorator.py for tasks to queue
[2022-07-31 07:00:31,369] {logging_mixin.py:115} INFO - [2022-07-31 07:00:31,369] {dagbag.py:508} INFO - Filling up the DagBag from /home/airflow/.local/lib/python3.7/site-packages/airflow/example_dags/example_dag_decorator.py
[2022-07-31 07:00:31,427] {processor.py:651} INFO - DAG(s) dict_keys(['example_dag_decorator']) retrieved from /home/airflow/.local/lib/python3.7/site-packages/airflow/example_dags/example_dag_decorator.py
[2022-07-31 07:00:31,598] {logging_mixin.py:115} INFO - [2022-07-31 07:00:31,597] {dag.py:2420} INFO - Sync 1 DAGs
[2022-07-31 07:00:31,650] {logging_mixin.py:115} INFO - [2022-07-31 07:00:31,649] {dag.py:2972} INFO - Setting next_dagrun for example_dag_decorator to None, run_after=None
[2022-07-31 07:00:31,680] {processor.py:161} INFO - Processing /home/airflow/.local/lib/python3.7/site-packages/airflow/example_dags/example_dag_decorator.py took 0.323 seconds
[2022-07-31 07:01:02,409] {processor.py:153} INFO - Started process (PID=529) to work on /home/airflow/.local/lib/python3.7/site-packages/airflow/example_dags/example_dag_decorator.py
[2022-07-31 07:01:02,410] {processor.py:641} INFO - Processing file /home/airflow/.local/lib/python3.7/site-packages/airflow/example_dags/example_dag_decorator.py for tasks to queue
[2022-07-31 07:01:02,413] {logging_mixin.py:115} INFO - [2022-07-31 07:01:02,413] {dagbag.py:508} INFO - Filling up the DagBag from /home/airflow/.local/lib/python3.7/site-packages/airflow/example_dags/example_dag_decorator.py
[2022-07-31 07:01:02,463] {processor.py:651} INFO - DAG(s) dict_keys(['example_dag_decorator']) retrieved from /home/airflow/.local/lib/python3.7/site-packages/airflow/example_dags/example_dag_decorator.py
[2022-07-31 07:01:02,584] {logging_mixin.py:115} INFO - [2022-07-31 07:01:02,583] {dag.py:2420} INFO - Sync 1 DAGs
[2022-07-31 07:01:02,617] {logging_mixin.py:115} INFO - [2022-07-31 07:01:02,617] {dag.py:2972} INFO - Setting next_dagrun for example_dag_decorator to None, run_after=None
[2022-07-31 07:01:02,642] {processor.py:161} INFO - Processing /home/airflow/.local/lib/python3.7/site-packages/airflow/example_dags/example_dag_decorator.py took 0.243 seconds
[2022-07-31 07:01:33,108] {processor.py:153} INFO - Started process (PID=590) to work on /home/airflow/.local/lib/python3.7/site-packages/airflow/example_dags/example_dag_decorator.py
[2022-07-31 07:01:33,111] {processor.py:641} INFO - Processing file /home/airflow/.local/lib/python3.7/site-packages/airflow/example_dags/example_dag_decorator.py for tasks to queue
[2022-07-31 07:01:33,112] {logging_mixin.py:115} INFO - [2022-07-31 07:01:33,112] {dagbag.py:508} INFO - Filling up the DagBag from /home/airflow/.local/lib/python3.7/site-packages/airflow/example_dags/example_dag_decorator.py
[2022-07-31 07:01:33,149] {processor.py:651} INFO - DAG(s) dict_keys(['example_dag_decorator']) retrieved from /home/airflow/.local/lib/python3.7/site-packages/airflow/example_dags/example_dag_decorator.py
[2022-07-31 07:01:33,235] {logging_mixin.py:115} INFO - [2022-07-31 07:01:33,235] {dag.py:2420} INFO - Sync 1 DAGs
[2022-07-31 07:01:33,262] {logging_mixin.py:115} INFO - [2022-07-31 07:01:33,262] {dag.py:2972} INFO - Setting next_dagrun for example_dag_decorator to None, run_after=None
[2022-07-31 07:01:33,281] {processor.py:161} INFO - Processing /home/airflow/.local/lib/python3.7/site-packages/airflow/example_dags/example_dag_decorator.py took 0.180 seconds
[2022-07-31 07:02:03,716] {processor.py:153} INFO - Started process (PID=651) to work on /home/airflow/.local/lib/python3.7/site-packages/airflow/example_dags/example_dag_decorator.py
[2022-07-31 07:02:03,717] {processor.py:641} INFO - Processing file /home/airflow/.local/lib/python3.7/site-packages/airflow/example_dags/example_dag_decorator.py for tasks to queue
[2022-07-31 07:02:03,718] {logging_mixin.py:115} INFO - [2022-07-31 07:02:03,718] {dagbag.py:508} INFO - Filling up the DagBag from /home/airflow/.local/lib/python3.7/site-packages/airflow/example_dags/example_dag_decorator.py
[2022-07-31 07:02:03,756] {processor.py:651} INFO - DAG(s) dict_keys(['example_dag_decorator']) retrieved from /home/airflow/.local/lib/python3.7/site-packages/airflow/example_dags/example_dag_decorator.py
[2022-07-31 07:02:03,911] {logging_mixin.py:115} INFO - [2022-07-31 07:02:03,910] {dag.py:2420} INFO - Sync 1 DAGs
[2022-07-31 07:02:03,963] {logging_mixin.py:115} INFO - [2022-07-31 07:02:03,962] {dag.py:2972} INFO - Setting next_dagrun for example_dag_decorator to None, run_after=None
[2022-07-31 07:02:03,989] {processor.py:161} INFO - Processing /home/airflow/.local/lib/python3.7/site-packages/airflow/example_dags/example_dag_decorator.py took 0.281 seconds
[2022-07-31 07:02:34,504] {processor.py:153} INFO - Started process (PID=703) to work on /home/airflow/.local/lib/python3.7/site-packages/airflow/example_dags/example_dag_decorator.py
[2022-07-31 07:02:34,505] {processor.py:641} INFO - Processing file /home/airflow/.local/lib/python3.7/site-packages/airflow/example_dags/example_dag_decorator.py for tasks to queue
[2022-07-31 07:02:34,506] {logging_mixin.py:115} INFO - [2022-07-31 07:02:34,506] {dagbag.py:508} INFO - Filling up the DagBag from /home/airflow/.local/lib/python3.7/site-packages/airflow/example_dags/example_dag_decorator.py
[2022-07-31 07:02:34,554] {processor.py:651} INFO - DAG(s) dict_keys(['example_dag_decorator']) retrieved from /home/airflow/.local/lib/python3.7/site-packages/airflow/example_dags/example_dag_decorator.py
[2022-07-31 07:02:34,690] {logging_mixin.py:115} INFO - [2022-07-31 07:02:34,690] {dag.py:2420} INFO - Sync 1 DAGs
[2022-07-31 07:02:34,731] {logging_mixin.py:115} INFO - [2022-07-31 07:02:34,731] {dag.py:2972} INFO - Setting next_dagrun for example_dag_decorator to None, run_after=None
[2022-07-31 07:02:34,764] {processor.py:161} INFO - Processing /home/airflow/.local/lib/python3.7/site-packages/airflow/example_dags/example_dag_decorator.py took 0.266 seconds
[2022-07-31 07:03:05,553] {processor.py:153} INFO - Started process (PID=764) to work on /home/airflow/.local/lib/python3.7/site-packages/airflow/example_dags/example_dag_decorator.py
[2022-07-31 07:03:05,554] {processor.py:641} INFO - Processing file /home/airflow/.local/lib/python3.7/site-packages/airflow/example_dags/example_dag_decorator.py for tasks to queue
[2022-07-31 07:03:05,555] {logging_mixin.py:115} INFO - [2022-07-31 07:03:05,555] {dagbag.py:508} INFO - Filling up the DagBag from /home/airflow/.local/lib/python3.7/site-packages/airflow/example_dags/example_dag_decorator.py
[2022-07-31 07:03:05,618] {processor.py:651} INFO - DAG(s) dict_keys(['example_dag_decorator']) retrieved from /home/airflow/.local/lib/python3.7/site-packages/airflow/example_dags/example_dag_decorator.py
[2022-07-31 07:03:05,767] {logging_mixin.py:115} INFO - [2022-07-31 07:03:05,767] {dag.py:2420} INFO - Sync 1 DAGs
[2022-07-31 07:03:05,805] {logging_mixin.py:115} INFO - [2022-07-31 07:03:05,805] {dag.py:2972} INFO - Setting next_dagrun for example_dag_decorator to None, run_after=None
[2022-07-31 07:03:05,836] {processor.py:161} INFO - Processing /home/airflow/.local/lib/python3.7/site-packages/airflow/example_dags/example_dag_decorator.py took 0.292 seconds
[2022-07-31 07:03:35,962] {processor.py:153} INFO - Started process (PID=816) to work on /home/airflow/.local/lib/python3.7/site-packages/airflow/example_dags/example_dag_decorator.py
[2022-07-31 07:03:35,963] {processor.py:641} INFO - Processing file /home/airflow/.local/lib/python3.7/site-packages/airflow/example_dags/example_dag_decorator.py for tasks to queue
[2022-07-31 07:03:35,964] {logging_mixin.py:115} INFO - [2022-07-31 07:03:35,964] {dagbag.py:508} INFO - Filling up the DagBag from /home/airflow/.local/lib/python3.7/site-packages/airflow/example_dags/example_dag_decorator.py
[2022-07-31 07:03:36,007] {processor.py:651} INFO - DAG(s) dict_keys(['example_dag_decorator']) retrieved from /home/airflow/.local/lib/python3.7/site-packages/airflow/example_dags/example_dag_decorator.py
[2022-07-31 07:03:36,064] {logging_mixin.py:115} INFO - [2022-07-31 07:03:36,064] {dag.py:2420} INFO - Sync 1 DAGs
[2022-07-31 07:03:36,108] {logging_mixin.py:115} INFO - [2022-07-31 07:03:36,108] {dag.py:2972} INFO - Setting next_dagrun for example_dag_decorator to None, run_after=None
[2022-07-31 07:03:36,138] {processor.py:161} INFO - Processing /home/airflow/.local/lib/python3.7/site-packages/airflow/example_dags/example_dag_decorator.py took 0.183 seconds
[2022-07-31 07:04:06,995] {processor.py:153} INFO - Started process (PID=868) to work on /home/airflow/.local/lib/python3.7/site-packages/airflow/example_dags/example_dag_decorator.py
[2022-07-31 07:04:06,996] {processor.py:641} INFO - Processing file /home/airflow/.local/lib/python3.7/site-packages/airflow/example_dags/example_dag_decorator.py for tasks to queue
[2022-07-31 07:04:06,997] {logging_mixin.py:115} INFO - [2022-07-31 07:04:06,996] {dagbag.py:508} INFO - Filling up the DagBag from /home/airflow/.local/lib/python3.7/site-packages/airflow/example_dags/example_dag_decorator.py
[2022-07-31 07:04:07,029] {processor.py:651} INFO - DAG(s) dict_keys(['example_dag_decorator']) retrieved from /home/airflow/.local/lib/python3.7/site-packages/airflow/example_dags/example_dag_decorator.py
[2022-07-31 07:04:07,121] {logging_mixin.py:115} INFO - [2022-07-31 07:04:07,121] {dag.py:2420} INFO - Sync 1 DAGs
[2022-07-31 07:04:07,145] {logging_mixin.py:115} INFO - [2022-07-31 07:04:07,145] {dag.py:2972} INFO - Setting next_dagrun for example_dag_decorator to None, run_after=None
[2022-07-31 07:04:07,163] {processor.py:161} INFO - Processing /home/airflow/.local/lib/python3.7/site-packages/airflow/example_dags/example_dag_decorator.py took 0.175 seconds
[2022-07-31 07:04:37,218] {processor.py:153} INFO - Started process (PID=929) to work on /home/airflow/.local/lib/python3.7/site-packages/airflow/example_dags/example_dag_decorator.py
[2022-07-31 07:04:37,219] {processor.py:641} INFO - Processing file /home/airflow/.local/lib/python3.7/site-packages/airflow/example_dags/example_dag_decorator.py for tasks to queue
[2022-07-31 07:04:37,220] {logging_mixin.py:115} INFO - [2022-07-31 07:04:37,220] {dagbag.py:508} INFO - Filling up the DagBag from /home/airflow/.local/lib/python3.7/site-packages/airflow/example_dags/example_dag_decorator.py
[2022-07-31 07:04:37,271] {processor.py:651} INFO - DAG(s) dict_keys(['example_dag_decorator']) retrieved from /home/airflow/.local/lib/python3.7/site-packages/airflow/example_dags/example_dag_decorator.py
[2022-07-31 07:04:37,421] {logging_mixin.py:115} INFO - [2022-07-31 07:04:37,420] {dag.py:2420} INFO - Sync 1 DAGs
[2022-07-31 07:04:37,472] {logging_mixin.py:115} INFO - [2022-07-31 07:04:37,472] {dag.py:2972} INFO - Setting next_dagrun for example_dag_decorator to None, run_after=None
[2022-07-31 07:04:37,506] {processor.py:161} INFO - Processing /home/airflow/.local/lib/python3.7/site-packages/airflow/example_dags/example_dag_decorator.py took 0.297 seconds
[2022-07-31 07:05:07,623] {processor.py:153} INFO - Started process (PID=991) to work on /home/airflow/.local/lib/python3.7/site-packages/airflow/example_dags/example_dag_decorator.py
[2022-07-31 07:05:07,624] {processor.py:641} INFO - Processing file /home/airflow/.local/lib/python3.7/site-packages/airflow/example_dags/example_dag_decorator.py for tasks to queue
[2022-07-31 07:05:07,624] {logging_mixin.py:115} INFO - [2022-07-31 07:05:07,624] {dagbag.py:508} INFO - Filling up the DagBag from /home/airflow/.local/lib/python3.7/site-packages/airflow/example_dags/example_dag_decorator.py
[2022-07-31 07:05:07,670] {processor.py:651} INFO - DAG(s) dict_keys(['example_dag_decorator']) retrieved from /home/airflow/.local/lib/python3.7/site-packages/airflow/example_dags/example_dag_decorator.py
[2022-07-31 07:05:07,851] {logging_mixin.py:115} INFO - [2022-07-31 07:05:07,850] {dag.py:2420} INFO - Sync 1 DAGs
[2022-07-31 07:05:07,880] {logging_mixin.py:115} INFO - [2022-07-31 07:05:07,880] {dag.py:2972} INFO - Setting next_dagrun for example_dag_decorator to None, run_after=None
[2022-07-31 07:05:07,901] {processor.py:161} INFO - Processing /home/airflow/.local/lib/python3.7/site-packages/airflow/example_dags/example_dag_decorator.py took 0.285 seconds
[2022-07-31 07:05:38,071] {processor.py:153} INFO - Started process (PID=1044) to work on /home/airflow/.local/lib/python3.7/site-packages/airflow/example_dags/example_dag_decorator.py
[2022-07-31 07:05:38,072] {processor.py:641} INFO - Processing file /home/airflow/.local/lib/python3.7/site-packages/airflow/example_dags/example_dag_decorator.py for tasks to queue
[2022-07-31 07:05:38,073] {logging_mixin.py:115} INFO - [2022-07-31 07:05:38,073] {dagbag.py:508} INFO - Filling up the DagBag from /home/airflow/.local/lib/python3.7/site-packages/airflow/example_dags/example_dag_decorator.py
[2022-07-31 07:05:38,109] {processor.py:651} INFO - DAG(s) dict_keys(['example_dag_decorator']) retrieved from /home/airflow/.local/lib/python3.7/site-packages/airflow/example_dags/example_dag_decorator.py
[2022-07-31 07:05:38,224] {logging_mixin.py:115} INFO - [2022-07-31 07:05:38,224] {dag.py:2420} INFO - Sync 1 DAGs
[2022-07-31 07:05:38,256] {logging_mixin.py:115} INFO - [2022-07-31 07:05:38,255] {dag.py:2972} INFO - Setting next_dagrun for example_dag_decorator to None, run_after=None
[2022-07-31 07:05:38,274] {processor.py:161} INFO - Processing /home/airflow/.local/lib/python3.7/site-packages/airflow/example_dags/example_dag_decorator.py took 0.208 seconds
[2022-07-31 07:06:08,594] {processor.py:153} INFO - Started process (PID=1107) to work on /home/airflow/.local/lib/python3.7/site-packages/airflow/example_dags/example_dag_decorator.py
[2022-07-31 07:06:08,595] {processor.py:641} INFO - Processing file /home/airflow/.local/lib/python3.7/site-packages/airflow/example_dags/example_dag_decorator.py for tasks to queue
[2022-07-31 07:06:08,595] {logging_mixin.py:115} INFO - [2022-07-31 07:06:08,595] {dagbag.py:508} INFO - Filling up the DagBag from /home/airflow/.local/lib/python3.7/site-packages/airflow/example_dags/example_dag_decorator.py
[2022-07-31 07:06:08,627] {processor.py:651} INFO - DAG(s) dict_keys(['example_dag_decorator']) retrieved from /home/airflow/.local/lib/python3.7/site-packages/airflow/example_dags/example_dag_decorator.py
[2022-07-31 07:06:08,722] {logging_mixin.py:115} INFO - [2022-07-31 07:06:08,722] {dag.py:2420} INFO - Sync 1 DAGs
[2022-07-31 07:06:08,745] {logging_mixin.py:115} INFO - [2022-07-31 07:06:08,744] {dag.py:2972} INFO - Setting next_dagrun for example_dag_decorator to None, run_after=None
[2022-07-31 07:06:08,760] {processor.py:161} INFO - Processing /home/airflow/.local/lib/python3.7/site-packages/airflow/example_dags/example_dag_decorator.py took 0.173 seconds
[2022-07-31 07:06:39,233] {processor.py:153} INFO - Started process (PID=1167) to work on /home/airflow/.local/lib/python3.7/site-packages/airflow/example_dags/example_dag_decorator.py
[2022-07-31 07:06:39,234] {processor.py:641} INFO - Processing file /home/airflow/.local/lib/python3.7/site-packages/airflow/example_dags/example_dag_decorator.py for tasks to queue
[2022-07-31 07:06:39,235] {logging_mixin.py:115} INFO - [2022-07-31 07:06:39,235] {dagbag.py:508} INFO - Filling up the DagBag from /home/airflow/.local/lib/python3.7/site-packages/airflow/example_dags/example_dag_decorator.py
[2022-07-31 07:06:39,277] {processor.py:651} INFO - DAG(s) dict_keys(['example_dag_decorator']) retrieved from /home/airflow/.local/lib/python3.7/site-packages/airflow/example_dags/example_dag_decorator.py
[2022-07-31 07:06:39,489] {logging_mixin.py:115} INFO - [2022-07-31 07:06:39,489] {dag.py:2420} INFO - Sync 1 DAGs
[2022-07-31 07:06:39,524] {logging_mixin.py:115} INFO - [2022-07-31 07:06:39,524] {dag.py:2972} INFO - Setting next_dagrun for example_dag_decorator to None, run_after=None
[2022-07-31 07:06:39,584] {processor.py:161} INFO - Processing /home/airflow/.local/lib/python3.7/site-packages/airflow/example_dags/example_dag_decorator.py took 0.359 seconds
[2022-07-31 07:07:10,307] {processor.py:153} INFO - Started process (PID=1219) to work on /home/airflow/.local/lib/python3.7/site-packages/airflow/example_dags/example_dag_decorator.py
[2022-07-31 07:07:10,308] {processor.py:641} INFO - Processing file /home/airflow/.local/lib/python3.7/site-packages/airflow/example_dags/example_dag_decorator.py for tasks to queue
[2022-07-31 07:07:10,309] {logging_mixin.py:115} INFO - [2022-07-31 07:07:10,309] {dagbag.py:508} INFO - Filling up the DagBag from /home/airflow/.local/lib/python3.7/site-packages/airflow/example_dags/example_dag_decorator.py
[2022-07-31 07:07:10,341] {processor.py:651} INFO - DAG(s) dict_keys(['example_dag_decorator']) retrieved from /home/airflow/.local/lib/python3.7/site-packages/airflow/example_dags/example_dag_decorator.py
[2022-07-31 07:07:10,423] {logging_mixin.py:115} INFO - [2022-07-31 07:07:10,423] {dag.py:2420} INFO - Sync 1 DAGs
[2022-07-31 07:07:10,445] {logging_mixin.py:115} INFO - [2022-07-31 07:07:10,445] {dag.py:2972} INFO - Setting next_dagrun for example_dag_decorator to None, run_after=None
[2022-07-31 07:07:10,464] {processor.py:161} INFO - Processing /home/airflow/.local/lib/python3.7/site-packages/airflow/example_dags/example_dag_decorator.py took 0.165 seconds
[2022-07-31 07:07:40,672] {processor.py:153} INFO - Started process (PID=1280) to work on /home/airflow/.local/lib/python3.7/site-packages/airflow/example_dags/example_dag_decorator.py
[2022-07-31 07:07:40,673] {processor.py:641} INFO - Processing file /home/airflow/.local/lib/python3.7/site-packages/airflow/example_dags/example_dag_decorator.py for tasks to queue
[2022-07-31 07:07:40,675] {logging_mixin.py:115} INFO - [2022-07-31 07:07:40,674] {dagbag.py:508} INFO - Filling up the DagBag from /home/airflow/.local/lib/python3.7/site-packages/airflow/example_dags/example_dag_decorator.py
[2022-07-31 07:07:40,721] {processor.py:651} INFO - DAG(s) dict_keys(['example_dag_decorator']) retrieved from /home/airflow/.local/lib/python3.7/site-packages/airflow/example_dags/example_dag_decorator.py
[2022-07-31 07:07:40,804] {logging_mixin.py:115} INFO - [2022-07-31 07:07:40,804] {dag.py:2420} INFO - Sync 1 DAGs
[2022-07-31 07:07:40,828] {logging_mixin.py:115} INFO - [2022-07-31 07:07:40,828] {dag.py:2972} INFO - Setting next_dagrun for example_dag_decorator to None, run_after=None
[2022-07-31 07:07:40,847] {processor.py:161} INFO - Processing /home/airflow/.local/lib/python3.7/site-packages/airflow/example_dags/example_dag_decorator.py took 0.184 seconds
