[2022-07-31 06:56:51,654] {processor.py:153} INFO - Started process (PID=63) to work on /home/airflow/.local/lib/python3.7/site-packages/airflow/example_dags/example_task_group.py
[2022-07-31 06:56:51,655] {processor.py:641} INFO - Processing file /home/airflow/.local/lib/python3.7/site-packages/airflow/example_dags/example_task_group.py for tasks to queue
[2022-07-31 06:56:51,657] {logging_mixin.py:115} INFO - [2022-07-31 06:56:51,656] {dagbag.py:508} INFO - Filling up the DagBag from /home/airflow/.local/lib/python3.7/site-packages/airflow/example_dags/example_task_group.py
[2022-07-31 06:56:51,677] {processor.py:651} INFO - DAG(s) dict_keys(['example_task_group']) retrieved from /home/airflow/.local/lib/python3.7/site-packages/airflow/example_dags/example_task_group.py
[2022-07-31 06:56:52,128] {logging_mixin.py:115} INFO - [2022-07-31 06:56:52,128] {manager.py:508} INFO - Created Permission View: can edit on DAG:example_task_group
[2022-07-31 06:56:52,155] {logging_mixin.py:115} INFO - [2022-07-31 06:56:52,155] {manager.py:508} INFO - Created Permission View: can read on DAG:example_task_group
[2022-07-31 06:56:52,208] {logging_mixin.py:115} INFO - [2022-07-31 06:56:52,207] {manager.py:508} INFO - Created Permission View: can delete on DAG:example_task_group
[2022-07-31 06:56:52,208] {logging_mixin.py:115} INFO - [2022-07-31 06:56:52,208] {dag.py:2420} INFO - Sync 1 DAGs
[2022-07-31 06:56:52,254] {logging_mixin.py:115} INFO - [2022-07-31 06:56:52,253] {dag.py:2439} INFO - Creating ORM DAG for example_task_group
[2022-07-31 06:56:52,298] {logging_mixin.py:115} INFO - [2022-07-31 06:56:52,298] {dag.py:2972} INFO - Setting next_dagrun for example_task_group to 2022-07-30T06:56:52.298259+00:00, run_after=2022-07-31T06:56:52.298259+00:00
[2022-07-31 06:56:52,362] {processor.py:161} INFO - Processing /home/airflow/.local/lib/python3.7/site-packages/airflow/example_dags/example_task_group.py took 0.717 seconds
[2022-07-31 06:57:22,731] {processor.py:153} INFO - Started process (PID=115) to work on /home/airflow/.local/lib/python3.7/site-packages/airflow/example_dags/example_task_group.py
[2022-07-31 06:57:22,731] {processor.py:641} INFO - Processing file /home/airflow/.local/lib/python3.7/site-packages/airflow/example_dags/example_task_group.py for tasks to queue
[2022-07-31 06:57:22,732] {logging_mixin.py:115} INFO - [2022-07-31 06:57:22,732] {dagbag.py:508} INFO - Filling up the DagBag from /home/airflow/.local/lib/python3.7/site-packages/airflow/example_dags/example_task_group.py
[2022-07-31 06:57:22,746] {processor.py:651} INFO - DAG(s) dict_keys(['example_task_group']) retrieved from /home/airflow/.local/lib/python3.7/site-packages/airflow/example_dags/example_task_group.py
[2022-07-31 06:57:22,784] {logging_mixin.py:115} INFO - [2022-07-31 06:57:22,784] {dag.py:2420} INFO - Sync 1 DAGs
[2022-07-31 06:57:22,812] {logging_mixin.py:115} INFO - [2022-07-31 06:57:22,811] {dag.py:2972} INFO - Setting next_dagrun for example_task_group to 2022-07-30T06:57:22.811573+00:00, run_after=2022-07-31T06:57:22.811573+00:00
[2022-07-31 06:57:22,826] {processor.py:161} INFO - Processing /home/airflow/.local/lib/python3.7/site-packages/airflow/example_dags/example_task_group.py took 0.102 seconds
[2022-07-31 06:57:52,992] {processor.py:153} INFO - Started process (PID=174) to work on /home/airflow/.local/lib/python3.7/site-packages/airflow/example_dags/example_task_group.py
[2022-07-31 06:57:52,993] {processor.py:641} INFO - Processing file /home/airflow/.local/lib/python3.7/site-packages/airflow/example_dags/example_task_group.py for tasks to queue
[2022-07-31 06:57:52,994] {logging_mixin.py:115} INFO - [2022-07-31 06:57:52,994] {dagbag.py:508} INFO - Filling up the DagBag from /home/airflow/.local/lib/python3.7/site-packages/airflow/example_dags/example_task_group.py
[2022-07-31 06:57:53,006] {processor.py:651} INFO - DAG(s) dict_keys(['example_task_group']) retrieved from /home/airflow/.local/lib/python3.7/site-packages/airflow/example_dags/example_task_group.py
[2022-07-31 06:57:53,049] {logging_mixin.py:115} INFO - [2022-07-31 06:57:53,049] {dag.py:2420} INFO - Sync 1 DAGs
[2022-07-31 06:57:53,090] {logging_mixin.py:115} INFO - [2022-07-31 06:57:53,090] {dag.py:2972} INFO - Setting next_dagrun for example_task_group to 2022-07-30T06:57:53.090021+00:00, run_after=2022-07-31T06:57:53.090021+00:00
[2022-07-31 06:57:53,110] {processor.py:161} INFO - Processing /home/airflow/.local/lib/python3.7/site-packages/airflow/example_dags/example_task_group.py took 0.124 seconds
[2022-07-31 06:58:23,799] {processor.py:153} INFO - Started process (PID=228) to work on /home/airflow/.local/lib/python3.7/site-packages/airflow/example_dags/example_task_group.py
[2022-07-31 06:58:23,800] {processor.py:641} INFO - Processing file /home/airflow/.local/lib/python3.7/site-packages/airflow/example_dags/example_task_group.py for tasks to queue
[2022-07-31 06:58:23,801] {logging_mixin.py:115} INFO - [2022-07-31 06:58:23,800] {dagbag.py:508} INFO - Filling up the DagBag from /home/airflow/.local/lib/python3.7/site-packages/airflow/example_dags/example_task_group.py
[2022-07-31 06:58:23,813] {processor.py:651} INFO - DAG(s) dict_keys(['example_task_group']) retrieved from /home/airflow/.local/lib/python3.7/site-packages/airflow/example_dags/example_task_group.py
[2022-07-31 06:58:23,869] {logging_mixin.py:115} INFO - [2022-07-31 06:58:23,869] {dag.py:2420} INFO - Sync 1 DAGs
[2022-07-31 06:58:23,906] {logging_mixin.py:115} INFO - [2022-07-31 06:58:23,906] {dag.py:2972} INFO - Setting next_dagrun for example_task_group to 2022-07-30T06:58:23.905759+00:00, run_after=2022-07-31T06:58:23.905759+00:00
[2022-07-31 06:58:23,924] {processor.py:161} INFO - Processing /home/airflow/.local/lib/python3.7/site-packages/airflow/example_dags/example_task_group.py took 0.132 seconds
[2022-07-31 06:58:53,989] {processor.py:153} INFO - Started process (PID=287) to work on /home/airflow/.local/lib/python3.7/site-packages/airflow/example_dags/example_task_group.py
[2022-07-31 06:58:53,991] {processor.py:641} INFO - Processing file /home/airflow/.local/lib/python3.7/site-packages/airflow/example_dags/example_task_group.py for tasks to queue
[2022-07-31 06:58:53,992] {logging_mixin.py:115} INFO - [2022-07-31 06:58:53,992] {dagbag.py:508} INFO - Filling up the DagBag from /home/airflow/.local/lib/python3.7/site-packages/airflow/example_dags/example_task_group.py
[2022-07-31 06:58:54,012] {processor.py:651} INFO - DAG(s) dict_keys(['example_task_group']) retrieved from /home/airflow/.local/lib/python3.7/site-packages/airflow/example_dags/example_task_group.py
[2022-07-31 06:58:54,073] {logging_mixin.py:115} INFO - [2022-07-31 06:58:54,072] {dag.py:2420} INFO - Sync 1 DAGs
[2022-07-31 06:58:54,124] {logging_mixin.py:115} INFO - [2022-07-31 06:58:54,124] {dag.py:2972} INFO - Setting next_dagrun for example_task_group to 2022-07-30T06:58:54.123533+00:00, run_after=2022-07-31T06:58:54.123533+00:00
[2022-07-31 06:58:54,161] {processor.py:161} INFO - Processing /home/airflow/.local/lib/python3.7/site-packages/airflow/example_dags/example_task_group.py took 0.180 seconds
[2022-07-31 06:59:24,538] {processor.py:153} INFO - Started process (PID=341) to work on /home/airflow/.local/lib/python3.7/site-packages/airflow/example_dags/example_task_group.py
[2022-07-31 06:59:24,538] {processor.py:641} INFO - Processing file /home/airflow/.local/lib/python3.7/site-packages/airflow/example_dags/example_task_group.py for tasks to queue
[2022-07-31 06:59:24,539] {logging_mixin.py:115} INFO - [2022-07-31 06:59:24,539] {dagbag.py:508} INFO - Filling up the DagBag from /home/airflow/.local/lib/python3.7/site-packages/airflow/example_dags/example_task_group.py
[2022-07-31 06:59:24,548] {processor.py:651} INFO - DAG(s) dict_keys(['example_task_group']) retrieved from /home/airflow/.local/lib/python3.7/site-packages/airflow/example_dags/example_task_group.py
[2022-07-31 06:59:24,582] {logging_mixin.py:115} INFO - [2022-07-31 06:59:24,582] {dag.py:2420} INFO - Sync 1 DAGs
[2022-07-31 06:59:24,615] {logging_mixin.py:115} INFO - [2022-07-31 06:59:24,615] {dag.py:2972} INFO - Setting next_dagrun for example_task_group to 2022-07-30T06:59:24.615229+00:00, run_after=2022-07-31T06:59:24.615229+00:00
[2022-07-31 06:59:24,633] {processor.py:161} INFO - Processing /home/airflow/.local/lib/python3.7/site-packages/airflow/example_dags/example_task_group.py took 0.100 seconds
[2022-07-31 06:59:55,435] {processor.py:153} INFO - Started process (PID=402) to work on /home/airflow/.local/lib/python3.7/site-packages/airflow/example_dags/example_task_group.py
[2022-07-31 06:59:55,436] {processor.py:641} INFO - Processing file /home/airflow/.local/lib/python3.7/site-packages/airflow/example_dags/example_task_group.py for tasks to queue
[2022-07-31 06:59:55,438] {logging_mixin.py:115} INFO - [2022-07-31 06:59:55,438] {dagbag.py:508} INFO - Filling up the DagBag from /home/airflow/.local/lib/python3.7/site-packages/airflow/example_dags/example_task_group.py
[2022-07-31 06:59:55,450] {processor.py:651} INFO - DAG(s) dict_keys(['example_task_group']) retrieved from /home/airflow/.local/lib/python3.7/site-packages/airflow/example_dags/example_task_group.py
[2022-07-31 06:59:55,485] {logging_mixin.py:115} INFO - [2022-07-31 06:59:55,485] {dag.py:2420} INFO - Sync 1 DAGs
[2022-07-31 06:59:55,513] {logging_mixin.py:115} INFO - [2022-07-31 06:59:55,513] {dag.py:2972} INFO - Setting next_dagrun for example_task_group to 2022-07-30T06:59:55.513279+00:00, run_after=2022-07-31T06:59:55.513279+00:00
[2022-07-31 06:59:55,528] {processor.py:161} INFO - Processing /home/airflow/.local/lib/python3.7/site-packages/airflow/example_dags/example_task_group.py took 0.099 seconds
[2022-07-31 07:00:26,103] {processor.py:153} INFO - Started process (PID=455) to work on /home/airflow/.local/lib/python3.7/site-packages/airflow/example_dags/example_task_group.py
[2022-07-31 07:00:26,104] {processor.py:641} INFO - Processing file /home/airflow/.local/lib/python3.7/site-packages/airflow/example_dags/example_task_group.py for tasks to queue
[2022-07-31 07:00:26,106] {logging_mixin.py:115} INFO - [2022-07-31 07:00:26,106] {dagbag.py:508} INFO - Filling up the DagBag from /home/airflow/.local/lib/python3.7/site-packages/airflow/example_dags/example_task_group.py
[2022-07-31 07:00:26,122] {processor.py:651} INFO - DAG(s) dict_keys(['example_task_group']) retrieved from /home/airflow/.local/lib/python3.7/site-packages/airflow/example_dags/example_task_group.py
[2022-07-31 07:00:26,172] {logging_mixin.py:115} INFO - [2022-07-31 07:00:26,172] {dag.py:2420} INFO - Sync 1 DAGs
[2022-07-31 07:00:26,207] {logging_mixin.py:115} INFO - [2022-07-31 07:00:26,207] {dag.py:2972} INFO - Setting next_dagrun for example_task_group to 2022-07-30T07:00:26.206850+00:00, run_after=2022-07-31T07:00:26.206850+00:00
[2022-07-31 07:00:26,224] {processor.py:161} INFO - Processing /home/airflow/.local/lib/python3.7/site-packages/airflow/example_dags/example_task_group.py took 0.128 seconds
[2022-07-31 07:00:56,958] {processor.py:153} INFO - Started process (PID=516) to work on /home/airflow/.local/lib/python3.7/site-packages/airflow/example_dags/example_task_group.py
[2022-07-31 07:00:56,959] {processor.py:641} INFO - Processing file /home/airflow/.local/lib/python3.7/site-packages/airflow/example_dags/example_task_group.py for tasks to queue
[2022-07-31 07:00:56,960] {logging_mixin.py:115} INFO - [2022-07-31 07:00:56,960] {dagbag.py:508} INFO - Filling up the DagBag from /home/airflow/.local/lib/python3.7/site-packages/airflow/example_dags/example_task_group.py
[2022-07-31 07:00:56,973] {processor.py:651} INFO - DAG(s) dict_keys(['example_task_group']) retrieved from /home/airflow/.local/lib/python3.7/site-packages/airflow/example_dags/example_task_group.py
[2022-07-31 07:00:57,016] {logging_mixin.py:115} INFO - [2022-07-31 07:00:57,016] {dag.py:2420} INFO - Sync 1 DAGs
[2022-07-31 07:00:57,050] {logging_mixin.py:115} INFO - [2022-07-31 07:00:57,049] {dag.py:2972} INFO - Setting next_dagrun for example_task_group to 2022-07-30T07:00:57.049306+00:00, run_after=2022-07-31T07:00:57.049306+00:00
[2022-07-31 07:00:57,071] {processor.py:161} INFO - Processing /home/airflow/.local/lib/python3.7/site-packages/airflow/example_dags/example_task_group.py took 0.118 seconds
[2022-07-31 07:01:27,944] {processor.py:153} INFO - Started process (PID=577) to work on /home/airflow/.local/lib/python3.7/site-packages/airflow/example_dags/example_task_group.py
[2022-07-31 07:01:27,945] {processor.py:641} INFO - Processing file /home/airflow/.local/lib/python3.7/site-packages/airflow/example_dags/example_task_group.py for tasks to queue
[2022-07-31 07:01:27,946] {logging_mixin.py:115} INFO - [2022-07-31 07:01:27,946] {dagbag.py:508} INFO - Filling up the DagBag from /home/airflow/.local/lib/python3.7/site-packages/airflow/example_dags/example_task_group.py
[2022-07-31 07:01:27,959] {processor.py:651} INFO - DAG(s) dict_keys(['example_task_group']) retrieved from /home/airflow/.local/lib/python3.7/site-packages/airflow/example_dags/example_task_group.py
[2022-07-31 07:01:27,993] {logging_mixin.py:115} INFO - [2022-07-31 07:01:27,993] {dag.py:2420} INFO - Sync 1 DAGs
[2022-07-31 07:01:28,024] {logging_mixin.py:115} INFO - [2022-07-31 07:01:28,023] {dag.py:2972} INFO - Setting next_dagrun for example_task_group to 2022-07-30T07:01:28.023391+00:00, run_after=2022-07-31T07:01:28.023391+00:00
[2022-07-31 07:01:28,046] {processor.py:161} INFO - Processing /home/airflow/.local/lib/python3.7/site-packages/airflow/example_dags/example_task_group.py took 0.108 seconds
[2022-07-31 07:01:58,480] {processor.py:153} INFO - Started process (PID=629) to work on /home/airflow/.local/lib/python3.7/site-packages/airflow/example_dags/example_task_group.py
[2022-07-31 07:01:58,481] {processor.py:641} INFO - Processing file /home/airflow/.local/lib/python3.7/site-packages/airflow/example_dags/example_task_group.py for tasks to queue
[2022-07-31 07:01:58,482] {logging_mixin.py:115} INFO - [2022-07-31 07:01:58,482] {dagbag.py:508} INFO - Filling up the DagBag from /home/airflow/.local/lib/python3.7/site-packages/airflow/example_dags/example_task_group.py
[2022-07-31 07:01:58,499] {processor.py:651} INFO - DAG(s) dict_keys(['example_task_group']) retrieved from /home/airflow/.local/lib/python3.7/site-packages/airflow/example_dags/example_task_group.py
[2022-07-31 07:01:58,556] {logging_mixin.py:115} INFO - [2022-07-31 07:01:58,556] {dag.py:2420} INFO - Sync 1 DAGs
[2022-07-31 07:01:58,589] {logging_mixin.py:115} INFO - [2022-07-31 07:01:58,589] {dag.py:2972} INFO - Setting next_dagrun for example_task_group to 2022-07-30T07:01:58.589381+00:00, run_after=2022-07-31T07:01:58.589381+00:00
[2022-07-31 07:01:58,608] {processor.py:161} INFO - Processing /home/airflow/.local/lib/python3.7/site-packages/airflow/example_dags/example_task_group.py took 0.135 seconds
[2022-07-31 07:02:28,972] {processor.py:153} INFO - Started process (PID=690) to work on /home/airflow/.local/lib/python3.7/site-packages/airflow/example_dags/example_task_group.py
[2022-07-31 07:02:28,974] {processor.py:641} INFO - Processing file /home/airflow/.local/lib/python3.7/site-packages/airflow/example_dags/example_task_group.py for tasks to queue
[2022-07-31 07:02:28,975] {logging_mixin.py:115} INFO - [2022-07-31 07:02:28,975] {dagbag.py:508} INFO - Filling up the DagBag from /home/airflow/.local/lib/python3.7/site-packages/airflow/example_dags/example_task_group.py
[2022-07-31 07:02:28,988] {processor.py:651} INFO - DAG(s) dict_keys(['example_task_group']) retrieved from /home/airflow/.local/lib/python3.7/site-packages/airflow/example_dags/example_task_group.py
[2022-07-31 07:02:29,051] {logging_mixin.py:115} INFO - [2022-07-31 07:02:29,050] {dag.py:2420} INFO - Sync 1 DAGs
[2022-07-31 07:02:29,100] {logging_mixin.py:115} INFO - [2022-07-31 07:02:29,100] {dag.py:2972} INFO - Setting next_dagrun for example_task_group to 2022-07-30T07:02:29.100335+00:00, run_after=2022-07-31T07:02:29.100335+00:00
[2022-07-31 07:02:29,126] {processor.py:161} INFO - Processing /home/airflow/.local/lib/python3.7/site-packages/airflow/example_dags/example_task_group.py took 0.160 seconds
[2022-07-31 07:02:59,555] {processor.py:153} INFO - Started process (PID=742) to work on /home/airflow/.local/lib/python3.7/site-packages/airflow/example_dags/example_task_group.py
[2022-07-31 07:02:59,557] {processor.py:641} INFO - Processing file /home/airflow/.local/lib/python3.7/site-packages/airflow/example_dags/example_task_group.py for tasks to queue
[2022-07-31 07:02:59,559] {logging_mixin.py:115} INFO - [2022-07-31 07:02:59,559] {dagbag.py:508} INFO - Filling up the DagBag from /home/airflow/.local/lib/python3.7/site-packages/airflow/example_dags/example_task_group.py
[2022-07-31 07:02:59,572] {processor.py:651} INFO - DAG(s) dict_keys(['example_task_group']) retrieved from /home/airflow/.local/lib/python3.7/site-packages/airflow/example_dags/example_task_group.py
[2022-07-31 07:02:59,627] {logging_mixin.py:115} INFO - [2022-07-31 07:02:59,626] {dag.py:2420} INFO - Sync 1 DAGs
[2022-07-31 07:02:59,666] {logging_mixin.py:115} INFO - [2022-07-31 07:02:59,666] {dag.py:2972} INFO - Setting next_dagrun for example_task_group to 2022-07-30T07:02:59.665987+00:00, run_after=2022-07-31T07:02:59.665987+00:00
[2022-07-31 07:02:59,691] {processor.py:161} INFO - Processing /home/airflow/.local/lib/python3.7/site-packages/airflow/example_dags/example_task_group.py took 0.144 seconds
[2022-07-31 07:03:29,880] {processor.py:153} INFO - Started process (PID=801) to work on /home/airflow/.local/lib/python3.7/site-packages/airflow/example_dags/example_task_group.py
[2022-07-31 07:03:29,883] {processor.py:641} INFO - Processing file /home/airflow/.local/lib/python3.7/site-packages/airflow/example_dags/example_task_group.py for tasks to queue
[2022-07-31 07:03:29,887] {logging_mixin.py:115} INFO - [2022-07-31 07:03:29,887] {dagbag.py:508} INFO - Filling up the DagBag from /home/airflow/.local/lib/python3.7/site-packages/airflow/example_dags/example_task_group.py
[2022-07-31 07:03:29,907] {processor.py:651} INFO - DAG(s) dict_keys(['example_task_group']) retrieved from /home/airflow/.local/lib/python3.7/site-packages/airflow/example_dags/example_task_group.py
[2022-07-31 07:03:30,000] {logging_mixin.py:115} INFO - [2022-07-31 07:03:30,000] {dag.py:2420} INFO - Sync 1 DAGs
[2022-07-31 07:03:30,097] {logging_mixin.py:115} INFO - [2022-07-31 07:03:30,097] {dag.py:2972} INFO - Setting next_dagrun for example_task_group to 2022-07-30T07:03:30.097273+00:00, run_after=2022-07-31T07:03:30.097273+00:00
[2022-07-31 07:03:30,127] {processor.py:161} INFO - Processing /home/airflow/.local/lib/python3.7/site-packages/airflow/example_dags/example_task_group.py took 0.257 seconds
[2022-07-31 07:04:00,674] {processor.py:153} INFO - Started process (PID=855) to work on /home/airflow/.local/lib/python3.7/site-packages/airflow/example_dags/example_task_group.py
[2022-07-31 07:04:00,675] {processor.py:641} INFO - Processing file /home/airflow/.local/lib/python3.7/site-packages/airflow/example_dags/example_task_group.py for tasks to queue
[2022-07-31 07:04:00,675] {logging_mixin.py:115} INFO - [2022-07-31 07:04:00,675] {dagbag.py:508} INFO - Filling up the DagBag from /home/airflow/.local/lib/python3.7/site-packages/airflow/example_dags/example_task_group.py
[2022-07-31 07:04:00,686] {processor.py:651} INFO - DAG(s) dict_keys(['example_task_group']) retrieved from /home/airflow/.local/lib/python3.7/site-packages/airflow/example_dags/example_task_group.py
[2022-07-31 07:04:00,721] {logging_mixin.py:115} INFO - [2022-07-31 07:04:00,721] {dag.py:2420} INFO - Sync 1 DAGs
[2022-07-31 07:04:00,747] {logging_mixin.py:115} INFO - [2022-07-31 07:04:00,747] {dag.py:2972} INFO - Setting next_dagrun for example_task_group to 2022-07-30T07:04:00.747199+00:00, run_after=2022-07-31T07:04:00.747199+00:00
[2022-07-31 07:04:00,761] {processor.py:161} INFO - Processing /home/airflow/.local/lib/python3.7/site-packages/airflow/example_dags/example_task_group.py took 0.093 seconds
[2022-07-31 07:04:31,610] {processor.py:153} INFO - Started process (PID=916) to work on /home/airflow/.local/lib/python3.7/site-packages/airflow/example_dags/example_task_group.py
[2022-07-31 07:04:31,612] {processor.py:641} INFO - Processing file /home/airflow/.local/lib/python3.7/site-packages/airflow/example_dags/example_task_group.py for tasks to queue
[2022-07-31 07:04:31,613] {logging_mixin.py:115} INFO - [2022-07-31 07:04:31,612] {dagbag.py:508} INFO - Filling up the DagBag from /home/airflow/.local/lib/python3.7/site-packages/airflow/example_dags/example_task_group.py
[2022-07-31 07:04:31,625] {processor.py:651} INFO - DAG(s) dict_keys(['example_task_group']) retrieved from /home/airflow/.local/lib/python3.7/site-packages/airflow/example_dags/example_task_group.py
[2022-07-31 07:04:31,702] {logging_mixin.py:115} INFO - [2022-07-31 07:04:31,702] {dag.py:2420} INFO - Sync 1 DAGs
[2022-07-31 07:04:31,755] {logging_mixin.py:115} INFO - [2022-07-31 07:04:31,755] {dag.py:2972} INFO - Setting next_dagrun for example_task_group to 2022-07-30T07:04:31.755189+00:00, run_after=2022-07-31T07:04:31.755189+00:00
[2022-07-31 07:04:31,778] {processor.py:161} INFO - Processing /home/airflow/.local/lib/python3.7/site-packages/airflow/example_dags/example_task_group.py took 0.174 seconds
[2022-07-31 07:05:02,129] {processor.py:153} INFO - Started process (PID=968) to work on /home/airflow/.local/lib/python3.7/site-packages/airflow/example_dags/example_task_group.py
[2022-07-31 07:05:02,130] {processor.py:641} INFO - Processing file /home/airflow/.local/lib/python3.7/site-packages/airflow/example_dags/example_task_group.py for tasks to queue
[2022-07-31 07:05:02,131] {logging_mixin.py:115} INFO - [2022-07-31 07:05:02,131] {dagbag.py:508} INFO - Filling up the DagBag from /home/airflow/.local/lib/python3.7/site-packages/airflow/example_dags/example_task_group.py
[2022-07-31 07:05:02,145] {processor.py:651} INFO - DAG(s) dict_keys(['example_task_group']) retrieved from /home/airflow/.local/lib/python3.7/site-packages/airflow/example_dags/example_task_group.py
[2022-07-31 07:05:02,201] {logging_mixin.py:115} INFO - [2022-07-31 07:05:02,201] {dag.py:2420} INFO - Sync 1 DAGs
[2022-07-31 07:05:02,234] {logging_mixin.py:115} INFO - [2022-07-31 07:05:02,234] {dag.py:2972} INFO - Setting next_dagrun for example_task_group to 2022-07-30T07:05:02.233999+00:00, run_after=2022-07-31T07:05:02.233999+00:00
[2022-07-31 07:05:02,257] {processor.py:161} INFO - Processing /home/airflow/.local/lib/python3.7/site-packages/airflow/example_dags/example_task_group.py took 0.135 seconds
[2022-07-31 07:05:32,903] {processor.py:153} INFO - Started process (PID=1030) to work on /home/airflow/.local/lib/python3.7/site-packages/airflow/example_dags/example_task_group.py
[2022-07-31 07:05:32,903] {processor.py:641} INFO - Processing file /home/airflow/.local/lib/python3.7/site-packages/airflow/example_dags/example_task_group.py for tasks to queue
[2022-07-31 07:05:32,904] {logging_mixin.py:115} INFO - [2022-07-31 07:05:32,904] {dagbag.py:508} INFO - Filling up the DagBag from /home/airflow/.local/lib/python3.7/site-packages/airflow/example_dags/example_task_group.py
[2022-07-31 07:05:32,919] {processor.py:651} INFO - DAG(s) dict_keys(['example_task_group']) retrieved from /home/airflow/.local/lib/python3.7/site-packages/airflow/example_dags/example_task_group.py
[2022-07-31 07:05:32,958] {logging_mixin.py:115} INFO - [2022-07-31 07:05:32,958] {dag.py:2420} INFO - Sync 1 DAGs
[2022-07-31 07:05:32,989] {logging_mixin.py:115} INFO - [2022-07-31 07:05:32,989] {dag.py:2972} INFO - Setting next_dagrun for example_task_group to 2022-07-30T07:05:32.988841+00:00, run_after=2022-07-31T07:05:32.988841+00:00
[2022-07-31 07:05:33,005] {processor.py:161} INFO - Processing /home/airflow/.local/lib/python3.7/site-packages/airflow/example_dags/example_task_group.py took 0.109 seconds
[2022-07-31 07:06:03,438] {processor.py:153} INFO - Started process (PID=1082) to work on /home/airflow/.local/lib/python3.7/site-packages/airflow/example_dags/example_task_group.py
[2022-07-31 07:06:03,440] {processor.py:641} INFO - Processing file /home/airflow/.local/lib/python3.7/site-packages/airflow/example_dags/example_task_group.py for tasks to queue
[2022-07-31 07:06:03,441] {logging_mixin.py:115} INFO - [2022-07-31 07:06:03,441] {dagbag.py:508} INFO - Filling up the DagBag from /home/airflow/.local/lib/python3.7/site-packages/airflow/example_dags/example_task_group.py
[2022-07-31 07:06:03,452] {processor.py:651} INFO - DAG(s) dict_keys(['example_task_group']) retrieved from /home/airflow/.local/lib/python3.7/site-packages/airflow/example_dags/example_task_group.py
[2022-07-31 07:06:03,490] {logging_mixin.py:115} INFO - [2022-07-31 07:06:03,490] {dag.py:2420} INFO - Sync 1 DAGs
[2022-07-31 07:06:03,516] {logging_mixin.py:115} INFO - [2022-07-31 07:06:03,516] {dag.py:2972} INFO - Setting next_dagrun for example_task_group to 2022-07-30T07:06:03.516278+00:00, run_after=2022-07-31T07:06:03.516278+00:00
[2022-07-31 07:06:03,531] {processor.py:161} INFO - Processing /home/airflow/.local/lib/python3.7/site-packages/airflow/example_dags/example_task_group.py took 0.100 seconds
[2022-07-31 07:06:33,791] {processor.py:153} INFO - Started process (PID=1144) to work on /home/airflow/.local/lib/python3.7/site-packages/airflow/example_dags/example_task_group.py
[2022-07-31 07:06:33,792] {processor.py:641} INFO - Processing file /home/airflow/.local/lib/python3.7/site-packages/airflow/example_dags/example_task_group.py for tasks to queue
[2022-07-31 07:06:33,793] {logging_mixin.py:115} INFO - [2022-07-31 07:06:33,793] {dagbag.py:508} INFO - Filling up the DagBag from /home/airflow/.local/lib/python3.7/site-packages/airflow/example_dags/example_task_group.py
[2022-07-31 07:06:33,804] {processor.py:651} INFO - DAG(s) dict_keys(['example_task_group']) retrieved from /home/airflow/.local/lib/python3.7/site-packages/airflow/example_dags/example_task_group.py
[2022-07-31 07:06:33,840] {logging_mixin.py:115} INFO - [2022-07-31 07:06:33,839] {dag.py:2420} INFO - Sync 1 DAGs
[2022-07-31 07:06:33,875] {logging_mixin.py:115} INFO - [2022-07-31 07:06:33,875] {dag.py:2972} INFO - Setting next_dagrun for example_task_group to 2022-07-30T07:06:33.875468+00:00, run_after=2022-07-31T07:06:33.875468+00:00
[2022-07-31 07:06:33,893] {processor.py:161} INFO - Processing /home/airflow/.local/lib/python3.7/site-packages/airflow/example_dags/example_task_group.py took 0.107 seconds
[2022-07-31 07:07:04,074] {processor.py:153} INFO - Started process (PID=1205) to work on /home/airflow/.local/lib/python3.7/site-packages/airflow/example_dags/example_task_group.py
[2022-07-31 07:07:04,075] {processor.py:641} INFO - Processing file /home/airflow/.local/lib/python3.7/site-packages/airflow/example_dags/example_task_group.py for tasks to queue
[2022-07-31 07:07:04,076] {logging_mixin.py:115} INFO - [2022-07-31 07:07:04,076] {dagbag.py:508} INFO - Filling up the DagBag from /home/airflow/.local/lib/python3.7/site-packages/airflow/example_dags/example_task_group.py
[2022-07-31 07:07:04,094] {processor.py:651} INFO - DAG(s) dict_keys(['example_task_group']) retrieved from /home/airflow/.local/lib/python3.7/site-packages/airflow/example_dags/example_task_group.py
[2022-07-31 07:07:04,136] {logging_mixin.py:115} INFO - [2022-07-31 07:07:04,135] {dag.py:2420} INFO - Sync 1 DAGs
[2022-07-31 07:07:04,165] {logging_mixin.py:115} INFO - [2022-07-31 07:07:04,165] {dag.py:2972} INFO - Setting next_dagrun for example_task_group to 2022-07-30T07:07:04.165390+00:00, run_after=2022-07-31T07:07:04.165390+00:00
[2022-07-31 07:07:04,179] {processor.py:161} INFO - Processing /home/airflow/.local/lib/python3.7/site-packages/airflow/example_dags/example_task_group.py took 0.115 seconds
[2022-07-31 07:07:34,619] {processor.py:153} INFO - Started process (PID=1257) to work on /home/airflow/.local/lib/python3.7/site-packages/airflow/example_dags/example_task_group.py
[2022-07-31 07:07:34,621] {processor.py:641} INFO - Processing file /home/airflow/.local/lib/python3.7/site-packages/airflow/example_dags/example_task_group.py for tasks to queue
[2022-07-31 07:07:34,622] {logging_mixin.py:115} INFO - [2022-07-31 07:07:34,622] {dagbag.py:508} INFO - Filling up the DagBag from /home/airflow/.local/lib/python3.7/site-packages/airflow/example_dags/example_task_group.py
[2022-07-31 07:07:34,637] {processor.py:651} INFO - DAG(s) dict_keys(['example_task_group']) retrieved from /home/airflow/.local/lib/python3.7/site-packages/airflow/example_dags/example_task_group.py
[2022-07-31 07:07:34,699] {logging_mixin.py:115} INFO - [2022-07-31 07:07:34,699] {dag.py:2420} INFO - Sync 1 DAGs
[2022-07-31 07:07:34,746] {logging_mixin.py:115} INFO - [2022-07-31 07:07:34,746] {dag.py:2972} INFO - Setting next_dagrun for example_task_group to 2022-07-30T07:07:34.745602+00:00, run_after=2022-07-31T07:07:34.745602+00:00
[2022-07-31 07:07:34,768] {processor.py:161} INFO - Processing /home/airflow/.local/lib/python3.7/site-packages/airflow/example_dags/example_task_group.py took 0.154 seconds
