[2022-07-31 06:56:56,381] {processor.py:153} INFO - Started process (PID=80) to work on /home/airflow/.local/lib/python3.7/site-packages/airflow/example_dags/example_short_circuit_operator.py
[2022-07-31 06:56:56,387] {processor.py:641} INFO - Processing file /home/airflow/.local/lib/python3.7/site-packages/airflow/example_dags/example_short_circuit_operator.py for tasks to queue
[2022-07-31 06:56:56,388] {logging_mixin.py:115} INFO - [2022-07-31 06:56:56,388] {dagbag.py:508} INFO - Filling up the DagBag from /home/airflow/.local/lib/python3.7/site-packages/airflow/example_dags/example_short_circuit_operator.py
[2022-07-31 06:56:56,413] {processor.py:651} INFO - DAG(s) dict_keys(['example_short_circuit_operator']) retrieved from /home/airflow/.local/lib/python3.7/site-packages/airflow/example_dags/example_short_circuit_operator.py
[2022-07-31 06:56:56,621] {logging_mixin.py:115} INFO - [2022-07-31 06:56:56,620] {manager.py:508} INFO - Created Permission View: can edit on DAG:example_short_circuit_operator
[2022-07-31 06:56:56,643] {logging_mixin.py:115} INFO - [2022-07-31 06:56:56,643] {manager.py:508} INFO - Created Permission View: can read on DAG:example_short_circuit_operator
[2022-07-31 06:56:56,657] {logging_mixin.py:115} INFO - [2022-07-31 06:56:56,657] {manager.py:508} INFO - Created Permission View: can delete on DAG:example_short_circuit_operator
[2022-07-31 06:56:56,657] {logging_mixin.py:115} INFO - [2022-07-31 06:56:56,657] {dag.py:2420} INFO - Sync 1 DAGs
[2022-07-31 06:56:56,680] {logging_mixin.py:115} INFO - [2022-07-31 06:56:56,680] {dag.py:2439} INFO - Creating ORM DAG for example_short_circuit_operator
[2022-07-31 06:56:56,725] {logging_mixin.py:115} INFO - [2022-07-31 06:56:56,725] {dag.py:2972} INFO - Setting next_dagrun for example_short_circuit_operator to 2022-07-30T06:56:56.725083+00:00, run_after=2022-07-31T06:56:56.725083+00:00
[2022-07-31 06:56:56,766] {processor.py:161} INFO - Processing /home/airflow/.local/lib/python3.7/site-packages/airflow/example_dags/example_short_circuit_operator.py took 0.391 seconds
[2022-07-31 06:57:27,580] {processor.py:153} INFO - Started process (PID=132) to work on /home/airflow/.local/lib/python3.7/site-packages/airflow/example_dags/example_short_circuit_operator.py
[2022-07-31 06:57:27,581] {processor.py:641} INFO - Processing file /home/airflow/.local/lib/python3.7/site-packages/airflow/example_dags/example_short_circuit_operator.py for tasks to queue
[2022-07-31 06:57:27,582] {logging_mixin.py:115} INFO - [2022-07-31 06:57:27,582] {dagbag.py:508} INFO - Filling up the DagBag from /home/airflow/.local/lib/python3.7/site-packages/airflow/example_dags/example_short_circuit_operator.py
[2022-07-31 06:57:27,598] {processor.py:651} INFO - DAG(s) dict_keys(['example_short_circuit_operator']) retrieved from /home/airflow/.local/lib/python3.7/site-packages/airflow/example_dags/example_short_circuit_operator.py
[2022-07-31 06:57:27,636] {logging_mixin.py:115} INFO - [2022-07-31 06:57:27,636] {dag.py:2420} INFO - Sync 1 DAGs
[2022-07-31 06:57:27,665] {logging_mixin.py:115} INFO - [2022-07-31 06:57:27,665] {dag.py:2972} INFO - Setting next_dagrun for example_short_circuit_operator to 2022-07-30T06:57:27.665435+00:00, run_after=2022-07-31T06:57:27.665435+00:00
[2022-07-31 06:57:27,680] {processor.py:161} INFO - Processing /home/airflow/.local/lib/python3.7/site-packages/airflow/example_dags/example_short_circuit_operator.py took 0.105 seconds
[2022-07-31 06:57:58,468] {processor.py:153} INFO - Started process (PID=193) to work on /home/airflow/.local/lib/python3.7/site-packages/airflow/example_dags/example_short_circuit_operator.py
[2022-07-31 06:57:58,469] {processor.py:641} INFO - Processing file /home/airflow/.local/lib/python3.7/site-packages/airflow/example_dags/example_short_circuit_operator.py for tasks to queue
[2022-07-31 06:57:58,469] {logging_mixin.py:115} INFO - [2022-07-31 06:57:58,469] {dagbag.py:508} INFO - Filling up the DagBag from /home/airflow/.local/lib/python3.7/site-packages/airflow/example_dags/example_short_circuit_operator.py
[2022-07-31 06:57:58,484] {processor.py:651} INFO - DAG(s) dict_keys(['example_short_circuit_operator']) retrieved from /home/airflow/.local/lib/python3.7/site-packages/airflow/example_dags/example_short_circuit_operator.py
[2022-07-31 06:57:58,518] {logging_mixin.py:115} INFO - [2022-07-31 06:57:58,518] {dag.py:2420} INFO - Sync 1 DAGs
[2022-07-31 06:57:58,544] {logging_mixin.py:115} INFO - [2022-07-31 06:57:58,544] {dag.py:2972} INFO - Setting next_dagrun for example_short_circuit_operator to 2022-07-30T06:57:58.543917+00:00, run_after=2022-07-31T06:57:58.543917+00:00
[2022-07-31 06:57:58,557] {processor.py:161} INFO - Processing /home/airflow/.local/lib/python3.7/site-packages/airflow/example_dags/example_short_circuit_operator.py took 0.095 seconds
[2022-07-31 06:58:29,104] {processor.py:153} INFO - Started process (PID=254) to work on /home/airflow/.local/lib/python3.7/site-packages/airflow/example_dags/example_short_circuit_operator.py
[2022-07-31 06:58:29,105] {processor.py:641} INFO - Processing file /home/airflow/.local/lib/python3.7/site-packages/airflow/example_dags/example_short_circuit_operator.py for tasks to queue
[2022-07-31 06:58:29,106] {logging_mixin.py:115} INFO - [2022-07-31 06:58:29,106] {dagbag.py:508} INFO - Filling up the DagBag from /home/airflow/.local/lib/python3.7/site-packages/airflow/example_dags/example_short_circuit_operator.py
[2022-07-31 06:58:29,125] {processor.py:651} INFO - DAG(s) dict_keys(['example_short_circuit_operator']) retrieved from /home/airflow/.local/lib/python3.7/site-packages/airflow/example_dags/example_short_circuit_operator.py
[2022-07-31 06:58:29,181] {logging_mixin.py:115} INFO - [2022-07-31 06:58:29,180] {dag.py:2420} INFO - Sync 1 DAGs
[2022-07-31 06:58:29,227] {logging_mixin.py:115} INFO - [2022-07-31 06:58:29,226] {dag.py:2972} INFO - Setting next_dagrun for example_short_circuit_operator to 2022-07-30T06:58:29.224327+00:00, run_after=2022-07-31T06:58:29.224327+00:00
[2022-07-31 06:58:29,270] {processor.py:161} INFO - Processing /home/airflow/.local/lib/python3.7/site-packages/airflow/example_dags/example_short_circuit_operator.py took 0.175 seconds
[2022-07-31 06:58:59,863] {processor.py:153} INFO - Started process (PID=306) to work on /home/airflow/.local/lib/python3.7/site-packages/airflow/example_dags/example_short_circuit_operator.py
[2022-07-31 06:58:59,867] {processor.py:641} INFO - Processing file /home/airflow/.local/lib/python3.7/site-packages/airflow/example_dags/example_short_circuit_operator.py for tasks to queue
[2022-07-31 06:58:59,872] {logging_mixin.py:115} INFO - [2022-07-31 06:58:59,872] {dagbag.py:508} INFO - Filling up the DagBag from /home/airflow/.local/lib/python3.7/site-packages/airflow/example_dags/example_short_circuit_operator.py
[2022-07-31 06:58:59,894] {processor.py:651} INFO - DAG(s) dict_keys(['example_short_circuit_operator']) retrieved from /home/airflow/.local/lib/python3.7/site-packages/airflow/example_dags/example_short_circuit_operator.py
[2022-07-31 06:58:59,949] {logging_mixin.py:115} INFO - [2022-07-31 06:58:59,949] {dag.py:2420} INFO - Sync 1 DAGs
[2022-07-31 06:58:59,987] {logging_mixin.py:115} INFO - [2022-07-31 06:58:59,986] {dag.py:2972} INFO - Setting next_dagrun for example_short_circuit_operator to 2022-07-30T06:58:59.986575+00:00, run_after=2022-07-31T06:58:59.986575+00:00
[2022-07-31 06:59:00,009] {processor.py:161} INFO - Processing /home/airflow/.local/lib/python3.7/site-packages/airflow/example_dags/example_short_circuit_operator.py took 0.152 seconds
[2022-07-31 06:59:30,128] {processor.py:153} INFO - Started process (PID=367) to work on /home/airflow/.local/lib/python3.7/site-packages/airflow/example_dags/example_short_circuit_operator.py
[2022-07-31 06:59:30,129] {processor.py:641} INFO - Processing file /home/airflow/.local/lib/python3.7/site-packages/airflow/example_dags/example_short_circuit_operator.py for tasks to queue
[2022-07-31 06:59:30,138] {logging_mixin.py:115} INFO - [2022-07-31 06:59:30,138] {dagbag.py:508} INFO - Filling up the DagBag from /home/airflow/.local/lib/python3.7/site-packages/airflow/example_dags/example_short_circuit_operator.py
[2022-07-31 06:59:30,154] {processor.py:651} INFO - DAG(s) dict_keys(['example_short_circuit_operator']) retrieved from /home/airflow/.local/lib/python3.7/site-packages/airflow/example_dags/example_short_circuit_operator.py
[2022-07-31 06:59:30,217] {logging_mixin.py:115} INFO - [2022-07-31 06:59:30,217] {dag.py:2420} INFO - Sync 1 DAGs
[2022-07-31 06:59:30,246] {logging_mixin.py:115} INFO - [2022-07-31 06:59:30,246] {dag.py:2972} INFO - Setting next_dagrun for example_short_circuit_operator to 2022-07-30T06:59:30.245677+00:00, run_after=2022-07-31T06:59:30.245677+00:00
[2022-07-31 06:59:30,261] {processor.py:161} INFO - Processing /home/airflow/.local/lib/python3.7/site-packages/airflow/example_dags/example_short_circuit_operator.py took 0.138 seconds
[2022-07-31 07:00:00,786] {processor.py:153} INFO - Started process (PID=419) to work on /home/airflow/.local/lib/python3.7/site-packages/airflow/example_dags/example_short_circuit_operator.py
[2022-07-31 07:00:00,787] {processor.py:641} INFO - Processing file /home/airflow/.local/lib/python3.7/site-packages/airflow/example_dags/example_short_circuit_operator.py for tasks to queue
[2022-07-31 07:00:00,788] {logging_mixin.py:115} INFO - [2022-07-31 07:00:00,788] {dagbag.py:508} INFO - Filling up the DagBag from /home/airflow/.local/lib/python3.7/site-packages/airflow/example_dags/example_short_circuit_operator.py
[2022-07-31 07:00:00,806] {processor.py:651} INFO - DAG(s) dict_keys(['example_short_circuit_operator']) retrieved from /home/airflow/.local/lib/python3.7/site-packages/airflow/example_dags/example_short_circuit_operator.py
[2022-07-31 07:00:00,854] {logging_mixin.py:115} INFO - [2022-07-31 07:00:00,853] {dag.py:2420} INFO - Sync 1 DAGs
[2022-07-31 07:00:00,891] {logging_mixin.py:115} INFO - [2022-07-31 07:00:00,891] {dag.py:2972} INFO - Setting next_dagrun for example_short_circuit_operator to 2022-07-30T07:00:00.891410+00:00, run_after=2022-07-31T07:00:00.891410+00:00
[2022-07-31 07:00:00,905] {processor.py:161} INFO - Processing /home/airflow/.local/lib/python3.7/site-packages/airflow/example_dags/example_short_circuit_operator.py took 0.126 seconds
[2022-07-31 07:00:31,764] {processor.py:153} INFO - Started process (PID=481) to work on /home/airflow/.local/lib/python3.7/site-packages/airflow/example_dags/example_short_circuit_operator.py
[2022-07-31 07:00:31,765] {processor.py:641} INFO - Processing file /home/airflow/.local/lib/python3.7/site-packages/airflow/example_dags/example_short_circuit_operator.py for tasks to queue
[2022-07-31 07:00:31,767] {logging_mixin.py:115} INFO - [2022-07-31 07:00:31,766] {dagbag.py:508} INFO - Filling up the DagBag from /home/airflow/.local/lib/python3.7/site-packages/airflow/example_dags/example_short_circuit_operator.py
[2022-07-31 07:00:31,792] {processor.py:651} INFO - DAG(s) dict_keys(['example_short_circuit_operator']) retrieved from /home/airflow/.local/lib/python3.7/site-packages/airflow/example_dags/example_short_circuit_operator.py
[2022-07-31 07:00:31,861] {logging_mixin.py:115} INFO - [2022-07-31 07:00:31,861] {dag.py:2420} INFO - Sync 1 DAGs
[2022-07-31 07:00:31,915] {logging_mixin.py:115} INFO - [2022-07-31 07:00:31,914] {dag.py:2972} INFO - Setting next_dagrun for example_short_circuit_operator to 2022-07-30T07:00:31.914247+00:00, run_after=2022-07-31T07:00:31.914247+00:00
[2022-07-31 07:00:31,942] {processor.py:161} INFO - Processing /home/airflow/.local/lib/python3.7/site-packages/airflow/example_dags/example_short_circuit_operator.py took 0.187 seconds
[2022-07-31 07:01:02,735] {processor.py:153} INFO - Started process (PID=533) to work on /home/airflow/.local/lib/python3.7/site-packages/airflow/example_dags/example_short_circuit_operator.py
[2022-07-31 07:01:02,737] {processor.py:641} INFO - Processing file /home/airflow/.local/lib/python3.7/site-packages/airflow/example_dags/example_short_circuit_operator.py for tasks to queue
[2022-07-31 07:01:02,738] {logging_mixin.py:115} INFO - [2022-07-31 07:01:02,738] {dagbag.py:508} INFO - Filling up the DagBag from /home/airflow/.local/lib/python3.7/site-packages/airflow/example_dags/example_short_circuit_operator.py
[2022-07-31 07:01:02,757] {processor.py:651} INFO - DAG(s) dict_keys(['example_short_circuit_operator']) retrieved from /home/airflow/.local/lib/python3.7/site-packages/airflow/example_dags/example_short_circuit_operator.py
[2022-07-31 07:01:02,797] {logging_mixin.py:115} INFO - [2022-07-31 07:01:02,797] {dag.py:2420} INFO - Sync 1 DAGs
[2022-07-31 07:01:02,827] {logging_mixin.py:115} INFO - [2022-07-31 07:01:02,827] {dag.py:2972} INFO - Setting next_dagrun for example_short_circuit_operator to 2022-07-30T07:01:02.826699+00:00, run_after=2022-07-31T07:01:02.826699+00:00
[2022-07-31 07:01:02,845] {processor.py:161} INFO - Processing /home/airflow/.local/lib/python3.7/site-packages/airflow/example_dags/example_short_circuit_operator.py took 0.118 seconds
[2022-07-31 07:01:33,368] {processor.py:153} INFO - Started process (PID=594) to work on /home/airflow/.local/lib/python3.7/site-packages/airflow/example_dags/example_short_circuit_operator.py
[2022-07-31 07:01:33,369] {processor.py:641} INFO - Processing file /home/airflow/.local/lib/python3.7/site-packages/airflow/example_dags/example_short_circuit_operator.py for tasks to queue
[2022-07-31 07:01:33,370] {logging_mixin.py:115} INFO - [2022-07-31 07:01:33,370] {dagbag.py:508} INFO - Filling up the DagBag from /home/airflow/.local/lib/python3.7/site-packages/airflow/example_dags/example_short_circuit_operator.py
[2022-07-31 07:01:33,382] {processor.py:651} INFO - DAG(s) dict_keys(['example_short_circuit_operator']) retrieved from /home/airflow/.local/lib/python3.7/site-packages/airflow/example_dags/example_short_circuit_operator.py
[2022-07-31 07:01:33,423] {logging_mixin.py:115} INFO - [2022-07-31 07:01:33,423] {dag.py:2420} INFO - Sync 1 DAGs
[2022-07-31 07:01:33,454] {logging_mixin.py:115} INFO - [2022-07-31 07:01:33,454] {dag.py:2972} INFO - Setting next_dagrun for example_short_circuit_operator to 2022-07-30T07:01:33.454175+00:00, run_after=2022-07-31T07:01:33.454175+00:00
[2022-07-31 07:01:33,471] {processor.py:161} INFO - Processing /home/airflow/.local/lib/python3.7/site-packages/airflow/example_dags/example_short_circuit_operator.py took 0.107 seconds
[2022-07-31 07:02:04,139] {processor.py:153} INFO - Started process (PID=655) to work on /home/airflow/.local/lib/python3.7/site-packages/airflow/example_dags/example_short_circuit_operator.py
[2022-07-31 07:02:04,141] {processor.py:641} INFO - Processing file /home/airflow/.local/lib/python3.7/site-packages/airflow/example_dags/example_short_circuit_operator.py for tasks to queue
[2022-07-31 07:02:04,143] {logging_mixin.py:115} INFO - [2022-07-31 07:02:04,142] {dagbag.py:508} INFO - Filling up the DagBag from /home/airflow/.local/lib/python3.7/site-packages/airflow/example_dags/example_short_circuit_operator.py
[2022-07-31 07:02:04,170] {processor.py:651} INFO - DAG(s) dict_keys(['example_short_circuit_operator']) retrieved from /home/airflow/.local/lib/python3.7/site-packages/airflow/example_dags/example_short_circuit_operator.py
[2022-07-31 07:02:04,230] {logging_mixin.py:115} INFO - [2022-07-31 07:02:04,230] {dag.py:2420} INFO - Sync 1 DAGs
[2022-07-31 07:02:04,278] {logging_mixin.py:115} INFO - [2022-07-31 07:02:04,278] {dag.py:2972} INFO - Setting next_dagrun for example_short_circuit_operator to 2022-07-30T07:02:04.277727+00:00, run_after=2022-07-31T07:02:04.277727+00:00
[2022-07-31 07:02:04,298] {processor.py:161} INFO - Processing /home/airflow/.local/lib/python3.7/site-packages/airflow/example_dags/example_short_circuit_operator.py took 0.170 seconds
[2022-07-31 07:02:34,913] {processor.py:153} INFO - Started process (PID=707) to work on /home/airflow/.local/lib/python3.7/site-packages/airflow/example_dags/example_short_circuit_operator.py
[2022-07-31 07:02:34,915] {processor.py:641} INFO - Processing file /home/airflow/.local/lib/python3.7/site-packages/airflow/example_dags/example_short_circuit_operator.py for tasks to queue
[2022-07-31 07:02:34,916] {logging_mixin.py:115} INFO - [2022-07-31 07:02:34,916] {dagbag.py:508} INFO - Filling up the DagBag from /home/airflow/.local/lib/python3.7/site-packages/airflow/example_dags/example_short_circuit_operator.py
[2022-07-31 07:02:34,933] {processor.py:651} INFO - DAG(s) dict_keys(['example_short_circuit_operator']) retrieved from /home/airflow/.local/lib/python3.7/site-packages/airflow/example_dags/example_short_circuit_operator.py
[2022-07-31 07:02:34,985] {logging_mixin.py:115} INFO - [2022-07-31 07:02:34,985] {dag.py:2420} INFO - Sync 1 DAGs
[2022-07-31 07:02:35,026] {logging_mixin.py:115} INFO - [2022-07-31 07:02:35,025] {dag.py:2972} INFO - Setting next_dagrun for example_short_circuit_operator to 2022-07-30T07:02:35.025478+00:00, run_after=2022-07-31T07:02:35.025478+00:00
[2022-07-31 07:02:35,047] {processor.py:161} INFO - Processing /home/airflow/.local/lib/python3.7/site-packages/airflow/example_dags/example_short_circuit_operator.py took 0.143 seconds
[2022-07-31 07:03:06,057] {processor.py:153} INFO - Started process (PID=768) to work on /home/airflow/.local/lib/python3.7/site-packages/airflow/example_dags/example_short_circuit_operator.py
[2022-07-31 07:03:06,059] {processor.py:641} INFO - Processing file /home/airflow/.local/lib/python3.7/site-packages/airflow/example_dags/example_short_circuit_operator.py for tasks to queue
[2022-07-31 07:03:06,060] {logging_mixin.py:115} INFO - [2022-07-31 07:03:06,060] {dagbag.py:508} INFO - Filling up the DagBag from /home/airflow/.local/lib/python3.7/site-packages/airflow/example_dags/example_short_circuit_operator.py
[2022-07-31 07:03:06,090] {processor.py:651} INFO - DAG(s) dict_keys(['example_short_circuit_operator']) retrieved from /home/airflow/.local/lib/python3.7/site-packages/airflow/example_dags/example_short_circuit_operator.py
[2022-07-31 07:03:06,169] {logging_mixin.py:115} INFO - [2022-07-31 07:03:06,169] {dag.py:2420} INFO - Sync 1 DAGs
[2022-07-31 07:03:06,266] {logging_mixin.py:115} INFO - [2022-07-31 07:03:06,266] {dag.py:2972} INFO - Setting next_dagrun for example_short_circuit_operator to 2022-07-30T07:03:06.265529+00:00, run_after=2022-07-31T07:03:06.265529+00:00
[2022-07-31 07:03:06,302] {processor.py:161} INFO - Processing /home/airflow/.local/lib/python3.7/site-packages/airflow/example_dags/example_short_circuit_operator.py took 0.255 seconds
[2022-07-31 07:03:36,613] {processor.py:153} INFO - Started process (PID=820) to work on /home/airflow/.local/lib/python3.7/site-packages/airflow/example_dags/example_short_circuit_operator.py
[2022-07-31 07:03:36,614] {processor.py:641} INFO - Processing file /home/airflow/.local/lib/python3.7/site-packages/airflow/example_dags/example_short_circuit_operator.py for tasks to queue
[2022-07-31 07:03:36,616] {logging_mixin.py:115} INFO - [2022-07-31 07:03:36,616] {dagbag.py:508} INFO - Filling up the DagBag from /home/airflow/.local/lib/python3.7/site-packages/airflow/example_dags/example_short_circuit_operator.py
[2022-07-31 07:03:36,639] {processor.py:651} INFO - DAG(s) dict_keys(['example_short_circuit_operator']) retrieved from /home/airflow/.local/lib/python3.7/site-packages/airflow/example_dags/example_short_circuit_operator.py
[2022-07-31 07:03:36,706] {logging_mixin.py:115} INFO - [2022-07-31 07:03:36,706] {dag.py:2420} INFO - Sync 1 DAGs
[2022-07-31 07:03:36,751] {logging_mixin.py:115} INFO - [2022-07-31 07:03:36,750] {dag.py:2972} INFO - Setting next_dagrun for example_short_circuit_operator to 2022-07-30T07:03:36.750272+00:00, run_after=2022-07-31T07:03:36.750272+00:00
[2022-07-31 07:03:36,778] {processor.py:161} INFO - Processing /home/airflow/.local/lib/python3.7/site-packages/airflow/example_dags/example_short_circuit_operator.py took 0.174 seconds
[2022-07-31 07:04:07,251] {processor.py:153} INFO - Started process (PID=872) to work on /home/airflow/.local/lib/python3.7/site-packages/airflow/example_dags/example_short_circuit_operator.py
[2022-07-31 07:04:07,252] {processor.py:641} INFO - Processing file /home/airflow/.local/lib/python3.7/site-packages/airflow/example_dags/example_short_circuit_operator.py for tasks to queue
[2022-07-31 07:04:07,252] {logging_mixin.py:115} INFO - [2022-07-31 07:04:07,252] {dagbag.py:508} INFO - Filling up the DagBag from /home/airflow/.local/lib/python3.7/site-packages/airflow/example_dags/example_short_circuit_operator.py
[2022-07-31 07:04:07,264] {processor.py:651} INFO - DAG(s) dict_keys(['example_short_circuit_operator']) retrieved from /home/airflow/.local/lib/python3.7/site-packages/airflow/example_dags/example_short_circuit_operator.py
[2022-07-31 07:04:07,299] {logging_mixin.py:115} INFO - [2022-07-31 07:04:07,299] {dag.py:2420} INFO - Sync 1 DAGs
[2022-07-31 07:04:07,325] {logging_mixin.py:115} INFO - [2022-07-31 07:04:07,325] {dag.py:2972} INFO - Setting next_dagrun for example_short_circuit_operator to 2022-07-30T07:04:07.325410+00:00, run_after=2022-07-31T07:04:07.325410+00:00
[2022-07-31 07:04:07,341] {processor.py:161} INFO - Processing /home/airflow/.local/lib/python3.7/site-packages/airflow/example_dags/example_short_circuit_operator.py took 0.095 seconds
[2022-07-31 07:04:37,627] {processor.py:153} INFO - Started process (PID=933) to work on /home/airflow/.local/lib/python3.7/site-packages/airflow/example_dags/example_short_circuit_operator.py
[2022-07-31 07:04:37,628] {processor.py:641} INFO - Processing file /home/airflow/.local/lib/python3.7/site-packages/airflow/example_dags/example_short_circuit_operator.py for tasks to queue
[2022-07-31 07:04:37,629] {logging_mixin.py:115} INFO - [2022-07-31 07:04:37,629] {dagbag.py:508} INFO - Filling up the DagBag from /home/airflow/.local/lib/python3.7/site-packages/airflow/example_dags/example_short_circuit_operator.py
[2022-07-31 07:04:37,646] {processor.py:651} INFO - DAG(s) dict_keys(['example_short_circuit_operator']) retrieved from /home/airflow/.local/lib/python3.7/site-packages/airflow/example_dags/example_short_circuit_operator.py
[2022-07-31 07:04:37,704] {logging_mixin.py:115} INFO - [2022-07-31 07:04:37,703] {dag.py:2420} INFO - Sync 1 DAGs
[2022-07-31 07:04:37,748] {logging_mixin.py:115} INFO - [2022-07-31 07:04:37,748] {dag.py:2972} INFO - Setting next_dagrun for example_short_circuit_operator to 2022-07-30T07:04:37.747765+00:00, run_after=2022-07-31T07:04:37.747765+00:00
[2022-07-31 07:04:37,773] {processor.py:161} INFO - Processing /home/airflow/.local/lib/python3.7/site-packages/airflow/example_dags/example_short_circuit_operator.py took 0.152 seconds
[2022-07-31 07:05:07,935] {processor.py:153} INFO - Started process (PID=994) to work on /home/airflow/.local/lib/python3.7/site-packages/airflow/example_dags/example_short_circuit_operator.py
[2022-07-31 07:05:07,935] {processor.py:641} INFO - Processing file /home/airflow/.local/lib/python3.7/site-packages/airflow/example_dags/example_short_circuit_operator.py for tasks to queue
[2022-07-31 07:05:07,936] {logging_mixin.py:115} INFO - [2022-07-31 07:05:07,936] {dagbag.py:508} INFO - Filling up the DagBag from /home/airflow/.local/lib/python3.7/site-packages/airflow/example_dags/example_short_circuit_operator.py
[2022-07-31 07:05:07,948] {processor.py:651} INFO - DAG(s) dict_keys(['example_short_circuit_operator']) retrieved from /home/airflow/.local/lib/python3.7/site-packages/airflow/example_dags/example_short_circuit_operator.py
[2022-07-31 07:05:07,984] {logging_mixin.py:115} INFO - [2022-07-31 07:05:07,984] {dag.py:2420} INFO - Sync 1 DAGs
[2022-07-31 07:05:08,019] {logging_mixin.py:115} INFO - [2022-07-31 07:05:08,019] {dag.py:2972} INFO - Setting next_dagrun for example_short_circuit_operator to 2022-07-30T07:05:08.019304+00:00, run_after=2022-07-31T07:05:08.019304+00:00
[2022-07-31 07:05:08,037] {processor.py:161} INFO - Processing /home/airflow/.local/lib/python3.7/site-packages/airflow/example_dags/example_short_circuit_operator.py took 0.107 seconds
[2022-07-31 07:05:38,302] {processor.py:153} INFO - Started process (PID=1047) to work on /home/airflow/.local/lib/python3.7/site-packages/airflow/example_dags/example_short_circuit_operator.py
[2022-07-31 07:05:38,303] {processor.py:641} INFO - Processing file /home/airflow/.local/lib/python3.7/site-packages/airflow/example_dags/example_short_circuit_operator.py for tasks to queue
[2022-07-31 07:05:38,304] {logging_mixin.py:115} INFO - [2022-07-31 07:05:38,304] {dagbag.py:508} INFO - Filling up the DagBag from /home/airflow/.local/lib/python3.7/site-packages/airflow/example_dags/example_short_circuit_operator.py
[2022-07-31 07:05:38,315] {processor.py:651} INFO - DAG(s) dict_keys(['example_short_circuit_operator']) retrieved from /home/airflow/.local/lib/python3.7/site-packages/airflow/example_dags/example_short_circuit_operator.py
[2022-07-31 07:05:38,347] {logging_mixin.py:115} INFO - [2022-07-31 07:05:38,347] {dag.py:2420} INFO - Sync 1 DAGs
[2022-07-31 07:05:38,376] {logging_mixin.py:115} INFO - [2022-07-31 07:05:38,376] {dag.py:2972} INFO - Setting next_dagrun for example_short_circuit_operator to 2022-07-30T07:05:38.376305+00:00, run_after=2022-07-31T07:05:38.376305+00:00
[2022-07-31 07:05:38,395] {processor.py:161} INFO - Processing /home/airflow/.local/lib/python3.7/site-packages/airflow/example_dags/example_short_circuit_operator.py took 0.098 seconds
[2022-07-31 07:06:08,788] {processor.py:153} INFO - Started process (PID=1109) to work on /home/airflow/.local/lib/python3.7/site-packages/airflow/example_dags/example_short_circuit_operator.py
[2022-07-31 07:06:08,789] {processor.py:641} INFO - Processing file /home/airflow/.local/lib/python3.7/site-packages/airflow/example_dags/example_short_circuit_operator.py for tasks to queue
[2022-07-31 07:06:08,789] {logging_mixin.py:115} INFO - [2022-07-31 07:06:08,789] {dagbag.py:508} INFO - Filling up the DagBag from /home/airflow/.local/lib/python3.7/site-packages/airflow/example_dags/example_short_circuit_operator.py
[2022-07-31 07:06:08,802] {processor.py:651} INFO - DAG(s) dict_keys(['example_short_circuit_operator']) retrieved from /home/airflow/.local/lib/python3.7/site-packages/airflow/example_dags/example_short_circuit_operator.py
[2022-07-31 07:06:08,848] {logging_mixin.py:115} INFO - [2022-07-31 07:06:08,848] {dag.py:2420} INFO - Sync 1 DAGs
[2022-07-31 07:06:08,877] {logging_mixin.py:115} INFO - [2022-07-31 07:06:08,877] {dag.py:2972} INFO - Setting next_dagrun for example_short_circuit_operator to 2022-07-30T07:06:08.877213+00:00, run_after=2022-07-31T07:06:08.877213+00:00
[2022-07-31 07:06:08,895] {processor.py:161} INFO - Processing /home/airflow/.local/lib/python3.7/site-packages/airflow/example_dags/example_short_circuit_operator.py took 0.111 seconds
[2022-07-31 07:06:39,616] {processor.py:153} INFO - Started process (PID=1170) to work on /home/airflow/.local/lib/python3.7/site-packages/airflow/example_dags/example_short_circuit_operator.py
[2022-07-31 07:06:39,617] {processor.py:641} INFO - Processing file /home/airflow/.local/lib/python3.7/site-packages/airflow/example_dags/example_short_circuit_operator.py for tasks to queue
[2022-07-31 07:06:39,618] {logging_mixin.py:115} INFO - [2022-07-31 07:06:39,618] {dagbag.py:508} INFO - Filling up the DagBag from /home/airflow/.local/lib/python3.7/site-packages/airflow/example_dags/example_short_circuit_operator.py
[2022-07-31 07:06:39,634] {processor.py:651} INFO - DAG(s) dict_keys(['example_short_circuit_operator']) retrieved from /home/airflow/.local/lib/python3.7/site-packages/airflow/example_dags/example_short_circuit_operator.py
[2022-07-31 07:06:39,690] {logging_mixin.py:115} INFO - [2022-07-31 07:06:39,690] {dag.py:2420} INFO - Sync 1 DAGs
[2022-07-31 07:06:39,730] {logging_mixin.py:115} INFO - [2022-07-31 07:06:39,729] {dag.py:2972} INFO - Setting next_dagrun for example_short_circuit_operator to 2022-07-30T07:06:39.729499+00:00, run_after=2022-07-31T07:06:39.729499+00:00
[2022-07-31 07:06:39,753] {processor.py:161} INFO - Processing /home/airflow/.local/lib/python3.7/site-packages/airflow/example_dags/example_short_circuit_operator.py took 0.142 seconds
[2022-07-31 07:07:10,493] {processor.py:153} INFO - Started process (PID=1222) to work on /home/airflow/.local/lib/python3.7/site-packages/airflow/example_dags/example_short_circuit_operator.py
[2022-07-31 07:07:10,494] {processor.py:641} INFO - Processing file /home/airflow/.local/lib/python3.7/site-packages/airflow/example_dags/example_short_circuit_operator.py for tasks to queue
[2022-07-31 07:07:10,494] {logging_mixin.py:115} INFO - [2022-07-31 07:07:10,494] {dagbag.py:508} INFO - Filling up the DagBag from /home/airflow/.local/lib/python3.7/site-packages/airflow/example_dags/example_short_circuit_operator.py
[2022-07-31 07:07:10,506] {processor.py:651} INFO - DAG(s) dict_keys(['example_short_circuit_operator']) retrieved from /home/airflow/.local/lib/python3.7/site-packages/airflow/example_dags/example_short_circuit_operator.py
[2022-07-31 07:07:10,538] {logging_mixin.py:115} INFO - [2022-07-31 07:07:10,538] {dag.py:2420} INFO - Sync 1 DAGs
[2022-07-31 07:07:10,567] {logging_mixin.py:115} INFO - [2022-07-31 07:07:10,567] {dag.py:2972} INFO - Setting next_dagrun for example_short_circuit_operator to 2022-07-30T07:07:10.567358+00:00, run_after=2022-07-31T07:07:10.567358+00:00
[2022-07-31 07:07:10,591] {processor.py:161} INFO - Processing /home/airflow/.local/lib/python3.7/site-packages/airflow/example_dags/example_short_circuit_operator.py took 0.103 seconds
[2022-07-31 07:07:40,876] {processor.py:153} INFO - Started process (PID=1283) to work on /home/airflow/.local/lib/python3.7/site-packages/airflow/example_dags/example_short_circuit_operator.py
[2022-07-31 07:07:40,877] {processor.py:641} INFO - Processing file /home/airflow/.local/lib/python3.7/site-packages/airflow/example_dags/example_short_circuit_operator.py for tasks to queue
[2022-07-31 07:07:40,878] {logging_mixin.py:115} INFO - [2022-07-31 07:07:40,878] {dagbag.py:508} INFO - Filling up the DagBag from /home/airflow/.local/lib/python3.7/site-packages/airflow/example_dags/example_short_circuit_operator.py
[2022-07-31 07:07:40,894] {processor.py:651} INFO - DAG(s) dict_keys(['example_short_circuit_operator']) retrieved from /home/airflow/.local/lib/python3.7/site-packages/airflow/example_dags/example_short_circuit_operator.py
[2022-07-31 07:07:40,930] {logging_mixin.py:115} INFO - [2022-07-31 07:07:40,930] {dag.py:2420} INFO - Sync 1 DAGs
[2022-07-31 07:07:40,962] {logging_mixin.py:115} INFO - [2022-07-31 07:07:40,962] {dag.py:2972} INFO - Setting next_dagrun for example_short_circuit_operator to 2022-07-30T07:07:40.962476+00:00, run_after=2022-07-31T07:07:40.962476+00:00
[2022-07-31 07:07:40,977] {processor.py:161} INFO - Processing /home/airflow/.local/lib/python3.7/site-packages/airflow/example_dags/example_short_circuit_operator.py took 0.106 seconds
