[2022-07-31 06:56:54,123] {processor.py:153} INFO - Started process (PID=71) to work on /home/airflow/.local/lib/python3.7/site-packages/airflow/example_dags/example_sla_dag.py
[2022-07-31 06:56:54,124] {processor.py:641} INFO - Processing file /home/airflow/.local/lib/python3.7/site-packages/airflow/example_dags/example_sla_dag.py for tasks to queue
[2022-07-31 06:56:54,125] {logging_mixin.py:115} INFO - [2022-07-31 06:56:54,125] {dagbag.py:508} INFO - Filling up the DagBag from /home/airflow/.local/lib/python3.7/site-packages/airflow/example_dags/example_sla_dag.py
[2022-07-31 06:56:54,221] {processor.py:651} INFO - DAG(s) dict_keys(['example_sla_dag']) retrieved from /home/airflow/.local/lib/python3.7/site-packages/airflow/example_dags/example_sla_dag.py
[2022-07-31 06:56:54,393] {logging_mixin.py:115} INFO - [2022-07-31 06:56:54,393] {manager.py:508} INFO - Created Permission View: can edit on DAG:example_sla_dag
[2022-07-31 06:56:54,417] {logging_mixin.py:115} INFO - [2022-07-31 06:56:54,417] {manager.py:508} INFO - Created Permission View: can read on DAG:example_sla_dag
[2022-07-31 06:56:54,431] {logging_mixin.py:115} INFO - [2022-07-31 06:56:54,431] {manager.py:508} INFO - Created Permission View: can delete on DAG:example_sla_dag
[2022-07-31 06:56:54,432] {logging_mixin.py:115} INFO - [2022-07-31 06:56:54,432] {dag.py:2420} INFO - Sync 1 DAGs
[2022-07-31 06:56:54,450] {logging_mixin.py:115} INFO - [2022-07-31 06:56:54,450] {dag.py:2439} INFO - Creating ORM DAG for example_sla_dag
[2022-07-31 06:56:54,483] {logging_mixin.py:115} INFO - [2022-07-31 06:56:54,483] {dag.py:2972} INFO - Setting next_dagrun for example_sla_dag to 2022-07-31T06:54:00+00:00, run_after=2022-07-31T06:56:00+00:00
[2022-07-31 06:56:54,516] {processor.py:161} INFO - Processing /home/airflow/.local/lib/python3.7/site-packages/airflow/example_dags/example_sla_dag.py took 0.399 seconds
[2022-07-31 06:57:24,759] {processor.py:153} INFO - Started process (PID=123) to work on /home/airflow/.local/lib/python3.7/site-packages/airflow/example_dags/example_sla_dag.py
[2022-07-31 06:57:24,760] {processor.py:641} INFO - Processing file /home/airflow/.local/lib/python3.7/site-packages/airflow/example_dags/example_sla_dag.py for tasks to queue
[2022-07-31 06:57:24,761] {logging_mixin.py:115} INFO - [2022-07-31 06:57:24,761] {dagbag.py:508} INFO - Filling up the DagBag from /home/airflow/.local/lib/python3.7/site-packages/airflow/example_dags/example_sla_dag.py
[2022-07-31 06:57:24,798] {processor.py:651} INFO - DAG(s) dict_keys(['example_sla_dag']) retrieved from /home/airflow/.local/lib/python3.7/site-packages/airflow/example_dags/example_sla_dag.py
[2022-07-31 06:57:24,833] {logging_mixin.py:115} INFO - [2022-07-31 06:57:24,833] {dag.py:2420} INFO - Sync 1 DAGs
[2022-07-31 06:57:24,868] {logging_mixin.py:115} INFO - [2022-07-31 06:57:24,868] {dag.py:2972} INFO - Setting next_dagrun for example_sla_dag to 2022-07-31T06:54:00+00:00, run_after=2022-07-31T06:56:00+00:00
[2022-07-31 06:57:24,887] {processor.py:161} INFO - Processing /home/airflow/.local/lib/python3.7/site-packages/airflow/example_dags/example_sla_dag.py took 0.133 seconds
[2022-07-31 06:57:55,708] {processor.py:153} INFO - Started process (PID=184) to work on /home/airflow/.local/lib/python3.7/site-packages/airflow/example_dags/example_sla_dag.py
[2022-07-31 06:57:55,709] {processor.py:641} INFO - Processing file /home/airflow/.local/lib/python3.7/site-packages/airflow/example_dags/example_sla_dag.py for tasks to queue
[2022-07-31 06:57:55,710] {logging_mixin.py:115} INFO - [2022-07-31 06:57:55,709] {dagbag.py:508} INFO - Filling up the DagBag from /home/airflow/.local/lib/python3.7/site-packages/airflow/example_dags/example_sla_dag.py
[2022-07-31 06:57:55,731] {processor.py:651} INFO - DAG(s) dict_keys(['example_sla_dag']) retrieved from /home/airflow/.local/lib/python3.7/site-packages/airflow/example_dags/example_sla_dag.py
[2022-07-31 06:57:55,760] {logging_mixin.py:115} INFO - [2022-07-31 06:57:55,760] {dag.py:2420} INFO - Sync 1 DAGs
[2022-07-31 06:57:55,796] {logging_mixin.py:115} INFO - [2022-07-31 06:57:55,796] {dag.py:2972} INFO - Setting next_dagrun for example_sla_dag to 2022-07-31T06:54:00+00:00, run_after=2022-07-31T06:56:00+00:00
[2022-07-31 06:57:55,821] {processor.py:161} INFO - Processing /home/airflow/.local/lib/python3.7/site-packages/airflow/example_dags/example_sla_dag.py took 0.117 seconds
[2022-07-31 06:58:26,688] {processor.py:153} INFO - Started process (PID=236) to work on /home/airflow/.local/lib/python3.7/site-packages/airflow/example_dags/example_sla_dag.py
[2022-07-31 06:58:26,689] {processor.py:641} INFO - Processing file /home/airflow/.local/lib/python3.7/site-packages/airflow/example_dags/example_sla_dag.py for tasks to queue
[2022-07-31 06:58:26,691] {logging_mixin.py:115} INFO - [2022-07-31 06:58:26,691] {dagbag.py:508} INFO - Filling up the DagBag from /home/airflow/.local/lib/python3.7/site-packages/airflow/example_dags/example_sla_dag.py
[2022-07-31 06:58:26,734] {processor.py:651} INFO - DAG(s) dict_keys(['example_sla_dag']) retrieved from /home/airflow/.local/lib/python3.7/site-packages/airflow/example_dags/example_sla_dag.py
[2022-07-31 06:58:26,783] {logging_mixin.py:115} INFO - [2022-07-31 06:58:26,783] {dag.py:2420} INFO - Sync 1 DAGs
[2022-07-31 06:58:26,832] {logging_mixin.py:115} INFO - [2022-07-31 06:58:26,832] {dag.py:2972} INFO - Setting next_dagrun for example_sla_dag to 2022-07-31T06:56:00+00:00, run_after=2022-07-31T06:58:00+00:00
[2022-07-31 06:58:26,852] {processor.py:161} INFO - Processing /home/airflow/.local/lib/python3.7/site-packages/airflow/example_dags/example_sla_dag.py took 0.172 seconds
[2022-07-31 06:58:57,057] {processor.py:153} INFO - Started process (PID=297) to work on /home/airflow/.local/lib/python3.7/site-packages/airflow/example_dags/example_sla_dag.py
[2022-07-31 06:58:57,058] {processor.py:641} INFO - Processing file /home/airflow/.local/lib/python3.7/site-packages/airflow/example_dags/example_sla_dag.py for tasks to queue
[2022-07-31 06:58:57,059] {logging_mixin.py:115} INFO - [2022-07-31 06:58:57,059] {dagbag.py:508} INFO - Filling up the DagBag from /home/airflow/.local/lib/python3.7/site-packages/airflow/example_dags/example_sla_dag.py
[2022-07-31 06:58:57,090] {processor.py:651} INFO - DAG(s) dict_keys(['example_sla_dag']) retrieved from /home/airflow/.local/lib/python3.7/site-packages/airflow/example_dags/example_sla_dag.py
[2022-07-31 06:58:57,139] {logging_mixin.py:115} INFO - [2022-07-31 06:58:57,139] {dag.py:2420} INFO - Sync 1 DAGs
[2022-07-31 06:58:57,175] {logging_mixin.py:115} INFO - [2022-07-31 06:58:57,175] {dag.py:2972} INFO - Setting next_dagrun for example_sla_dag to 2022-07-31T06:56:00+00:00, run_after=2022-07-31T06:58:00+00:00
[2022-07-31 06:58:57,191] {processor.py:161} INFO - Processing /home/airflow/.local/lib/python3.7/site-packages/airflow/example_dags/example_sla_dag.py took 0.140 seconds
[2022-07-31 06:59:27,306] {processor.py:153} INFO - Started process (PID=349) to work on /home/airflow/.local/lib/python3.7/site-packages/airflow/example_dags/example_sla_dag.py
[2022-07-31 06:59:27,307] {processor.py:641} INFO - Processing file /home/airflow/.local/lib/python3.7/site-packages/airflow/example_dags/example_sla_dag.py for tasks to queue
[2022-07-31 06:59:27,308] {logging_mixin.py:115} INFO - [2022-07-31 06:59:27,308] {dagbag.py:508} INFO - Filling up the DagBag from /home/airflow/.local/lib/python3.7/site-packages/airflow/example_dags/example_sla_dag.py
[2022-07-31 06:59:27,332] {processor.py:651} INFO - DAG(s) dict_keys(['example_sla_dag']) retrieved from /home/airflow/.local/lib/python3.7/site-packages/airflow/example_dags/example_sla_dag.py
[2022-07-31 06:59:27,362] {logging_mixin.py:115} INFO - [2022-07-31 06:59:27,362] {dag.py:2420} INFO - Sync 1 DAGs
[2022-07-31 06:59:27,392] {logging_mixin.py:115} INFO - [2022-07-31 06:59:27,392] {dag.py:2972} INFO - Setting next_dagrun for example_sla_dag to 2022-07-31T06:56:00+00:00, run_after=2022-07-31T06:58:00+00:00
[2022-07-31 06:59:27,404] {processor.py:161} INFO - Processing /home/airflow/.local/lib/python3.7/site-packages/airflow/example_dags/example_sla_dag.py took 0.102 seconds
[2022-07-31 06:59:58,129] {processor.py:153} INFO - Started process (PID=410) to work on /home/airflow/.local/lib/python3.7/site-packages/airflow/example_dags/example_sla_dag.py
[2022-07-31 06:59:58,130] {processor.py:641} INFO - Processing file /home/airflow/.local/lib/python3.7/site-packages/airflow/example_dags/example_sla_dag.py for tasks to queue
[2022-07-31 06:59:58,131] {logging_mixin.py:115} INFO - [2022-07-31 06:59:58,131] {dagbag.py:508} INFO - Filling up the DagBag from /home/airflow/.local/lib/python3.7/site-packages/airflow/example_dags/example_sla_dag.py
[2022-07-31 06:59:58,164] {processor.py:651} INFO - DAG(s) dict_keys(['example_sla_dag']) retrieved from /home/airflow/.local/lib/python3.7/site-packages/airflow/example_dags/example_sla_dag.py
[2022-07-31 06:59:58,207] {logging_mixin.py:115} INFO - [2022-07-31 06:59:58,207] {dag.py:2420} INFO - Sync 1 DAGs
[2022-07-31 06:59:58,238] {logging_mixin.py:115} INFO - [2022-07-31 06:59:58,238] {dag.py:2972} INFO - Setting next_dagrun for example_sla_dag to 2022-07-31T06:56:00+00:00, run_after=2022-07-31T06:58:00+00:00
[2022-07-31 06:59:58,251] {processor.py:161} INFO - Processing /home/airflow/.local/lib/python3.7/site-packages/airflow/example_dags/example_sla_dag.py took 0.126 seconds
[2022-07-31 07:00:28,761] {processor.py:153} INFO - Started process (PID=472) to work on /home/airflow/.local/lib/python3.7/site-packages/airflow/example_dags/example_sla_dag.py
[2022-07-31 07:00:28,762] {processor.py:641} INFO - Processing file /home/airflow/.local/lib/python3.7/site-packages/airflow/example_dags/example_sla_dag.py for tasks to queue
[2022-07-31 07:00:28,762] {logging_mixin.py:115} INFO - [2022-07-31 07:00:28,762] {dagbag.py:508} INFO - Filling up the DagBag from /home/airflow/.local/lib/python3.7/site-packages/airflow/example_dags/example_sla_dag.py
[2022-07-31 07:00:28,786] {processor.py:651} INFO - DAG(s) dict_keys(['example_sla_dag']) retrieved from /home/airflow/.local/lib/python3.7/site-packages/airflow/example_dags/example_sla_dag.py
[2022-07-31 07:00:28,818] {logging_mixin.py:115} INFO - [2022-07-31 07:00:28,818] {dag.py:2420} INFO - Sync 1 DAGs
[2022-07-31 07:00:28,870] {logging_mixin.py:115} INFO - [2022-07-31 07:00:28,870] {dag.py:2972} INFO - Setting next_dagrun for example_sla_dag to 2022-07-31T06:58:00+00:00, run_after=2022-07-31T07:00:00+00:00
[2022-07-31 07:00:28,890] {processor.py:161} INFO - Processing /home/airflow/.local/lib/python3.7/site-packages/airflow/example_dags/example_sla_dag.py took 0.134 seconds
[2022-07-31 07:00:59,777] {processor.py:153} INFO - Started process (PID=524) to work on /home/airflow/.local/lib/python3.7/site-packages/airflow/example_dags/example_sla_dag.py
[2022-07-31 07:00:59,778] {processor.py:641} INFO - Processing file /home/airflow/.local/lib/python3.7/site-packages/airflow/example_dags/example_sla_dag.py for tasks to queue
[2022-07-31 07:00:59,779] {logging_mixin.py:115} INFO - [2022-07-31 07:00:59,779] {dagbag.py:508} INFO - Filling up the DagBag from /home/airflow/.local/lib/python3.7/site-packages/airflow/example_dags/example_sla_dag.py
[2022-07-31 07:00:59,812] {processor.py:651} INFO - DAG(s) dict_keys(['example_sla_dag']) retrieved from /home/airflow/.local/lib/python3.7/site-packages/airflow/example_dags/example_sla_dag.py
[2022-07-31 07:00:59,855] {logging_mixin.py:115} INFO - [2022-07-31 07:00:59,855] {dag.py:2420} INFO - Sync 1 DAGs
[2022-07-31 07:00:59,905] {logging_mixin.py:115} INFO - [2022-07-31 07:00:59,905] {dag.py:2972} INFO - Setting next_dagrun for example_sla_dag to 2022-07-31T06:58:00+00:00, run_after=2022-07-31T07:00:00+00:00
[2022-07-31 07:00:59,923] {processor.py:161} INFO - Processing /home/airflow/.local/lib/python3.7/site-packages/airflow/example_dags/example_sla_dag.py took 0.153 seconds
[2022-07-31 07:01:30,648] {processor.py:153} INFO - Started process (PID=585) to work on /home/airflow/.local/lib/python3.7/site-packages/airflow/example_dags/example_sla_dag.py
[2022-07-31 07:01:30,648] {processor.py:641} INFO - Processing file /home/airflow/.local/lib/python3.7/site-packages/airflow/example_dags/example_sla_dag.py for tasks to queue
[2022-07-31 07:01:30,649] {logging_mixin.py:115} INFO - [2022-07-31 07:01:30,649] {dagbag.py:508} INFO - Filling up the DagBag from /home/airflow/.local/lib/python3.7/site-packages/airflow/example_dags/example_sla_dag.py
[2022-07-31 07:01:30,672] {processor.py:651} INFO - DAG(s) dict_keys(['example_sla_dag']) retrieved from /home/airflow/.local/lib/python3.7/site-packages/airflow/example_dags/example_sla_dag.py
[2022-07-31 07:01:30,702] {logging_mixin.py:115} INFO - [2022-07-31 07:01:30,702] {dag.py:2420} INFO - Sync 1 DAGs
[2022-07-31 07:01:30,732] {logging_mixin.py:115} INFO - [2022-07-31 07:01:30,732] {dag.py:2972} INFO - Setting next_dagrun for example_sla_dag to 2022-07-31T06:58:00+00:00, run_after=2022-07-31T07:00:00+00:00
[2022-07-31 07:01:30,746] {processor.py:161} INFO - Processing /home/airflow/.local/lib/python3.7/site-packages/airflow/example_dags/example_sla_dag.py took 0.103 seconds
[2022-07-31 07:02:01,239] {processor.py:153} INFO - Started process (PID=644) to work on /home/airflow/.local/lib/python3.7/site-packages/airflow/example_dags/example_sla_dag.py
[2022-07-31 07:02:01,240] {processor.py:641} INFO - Processing file /home/airflow/.local/lib/python3.7/site-packages/airflow/example_dags/example_sla_dag.py for tasks to queue
[2022-07-31 07:02:01,241] {logging_mixin.py:115} INFO - [2022-07-31 07:02:01,240] {dagbag.py:508} INFO - Filling up the DagBag from /home/airflow/.local/lib/python3.7/site-packages/airflow/example_dags/example_sla_dag.py
[2022-07-31 07:02:01,267] {processor.py:651} INFO - DAG(s) dict_keys(['example_sla_dag']) retrieved from /home/airflow/.local/lib/python3.7/site-packages/airflow/example_dags/example_sla_dag.py
[2022-07-31 07:02:01,309] {logging_mixin.py:115} INFO - [2022-07-31 07:02:01,309] {dag.py:2420} INFO - Sync 1 DAGs
[2022-07-31 07:02:01,342] {logging_mixin.py:115} INFO - [2022-07-31 07:02:01,342] {dag.py:2972} INFO - Setting next_dagrun for example_sla_dag to 2022-07-31T07:00:00+00:00, run_after=2022-07-31T07:02:00+00:00
[2022-07-31 07:02:01,358] {processor.py:161} INFO - Processing /home/airflow/.local/lib/python3.7/site-packages/airflow/example_dags/example_sla_dag.py took 0.124 seconds
[2022-07-31 07:02:31,909] {processor.py:153} INFO - Started process (PID=698) to work on /home/airflow/.local/lib/python3.7/site-packages/airflow/example_dags/example_sla_dag.py
[2022-07-31 07:02:31,910] {processor.py:641} INFO - Processing file /home/airflow/.local/lib/python3.7/site-packages/airflow/example_dags/example_sla_dag.py for tasks to queue
[2022-07-31 07:02:31,911] {logging_mixin.py:115} INFO - [2022-07-31 07:02:31,911] {dagbag.py:508} INFO - Filling up the DagBag from /home/airflow/.local/lib/python3.7/site-packages/airflow/example_dags/example_sla_dag.py
[2022-07-31 07:02:31,940] {processor.py:651} INFO - DAG(s) dict_keys(['example_sla_dag']) retrieved from /home/airflow/.local/lib/python3.7/site-packages/airflow/example_dags/example_sla_dag.py
[2022-07-31 07:02:31,984] {logging_mixin.py:115} INFO - [2022-07-31 07:02:31,984] {dag.py:2420} INFO - Sync 1 DAGs
[2022-07-31 07:02:32,032] {logging_mixin.py:115} INFO - [2022-07-31 07:02:32,032] {dag.py:2972} INFO - Setting next_dagrun for example_sla_dag to 2022-07-31T07:00:00+00:00, run_after=2022-07-31T07:02:00+00:00
[2022-07-31 07:02:32,050] {processor.py:161} INFO - Processing /home/airflow/.local/lib/python3.7/site-packages/airflow/example_dags/example_sla_dag.py took 0.146 seconds
[2022-07-31 07:03:02,556] {processor.py:153} INFO - Started process (PID=750) to work on /home/airflow/.local/lib/python3.7/site-packages/airflow/example_dags/example_sla_dag.py
[2022-07-31 07:03:02,557] {processor.py:641} INFO - Processing file /home/airflow/.local/lib/python3.7/site-packages/airflow/example_dags/example_sla_dag.py for tasks to queue
[2022-07-31 07:03:02,559] {logging_mixin.py:115} INFO - [2022-07-31 07:03:02,559] {dagbag.py:508} INFO - Filling up the DagBag from /home/airflow/.local/lib/python3.7/site-packages/airflow/example_dags/example_sla_dag.py
[2022-07-31 07:03:02,612] {processor.py:651} INFO - DAG(s) dict_keys(['example_sla_dag']) retrieved from /home/airflow/.local/lib/python3.7/site-packages/airflow/example_dags/example_sla_dag.py
[2022-07-31 07:03:02,662] {logging_mixin.py:115} INFO - [2022-07-31 07:03:02,661] {dag.py:2420} INFO - Sync 1 DAGs
[2022-07-31 07:03:02,713] {logging_mixin.py:115} INFO - [2022-07-31 07:03:02,713] {dag.py:2972} INFO - Setting next_dagrun for example_sla_dag to 2022-07-31T07:00:00+00:00, run_after=2022-07-31T07:02:00+00:00
[2022-07-31 07:03:02,736] {processor.py:161} INFO - Processing /home/airflow/.local/lib/python3.7/site-packages/airflow/example_dags/example_sla_dag.py took 0.189 seconds
[2022-07-31 07:03:33,077] {processor.py:153} INFO - Started process (PID=811) to work on /home/airflow/.local/lib/python3.7/site-packages/airflow/example_dags/example_sla_dag.py
[2022-07-31 07:03:33,078] {processor.py:641} INFO - Processing file /home/airflow/.local/lib/python3.7/site-packages/airflow/example_dags/example_sla_dag.py for tasks to queue
[2022-07-31 07:03:33,079] {logging_mixin.py:115} INFO - [2022-07-31 07:03:33,079] {dagbag.py:508} INFO - Filling up the DagBag from /home/airflow/.local/lib/python3.7/site-packages/airflow/example_dags/example_sla_dag.py
[2022-07-31 07:03:33,113] {processor.py:651} INFO - DAG(s) dict_keys(['example_sla_dag']) retrieved from /home/airflow/.local/lib/python3.7/site-packages/airflow/example_dags/example_sla_dag.py
[2022-07-31 07:03:33,169] {logging_mixin.py:115} INFO - [2022-07-31 07:03:33,169] {dag.py:2420} INFO - Sync 1 DAGs
[2022-07-31 07:03:33,223] {logging_mixin.py:115} INFO - [2022-07-31 07:03:33,223] {dag.py:2972} INFO - Setting next_dagrun for example_sla_dag to 2022-07-31T07:00:00+00:00, run_after=2022-07-31T07:02:00+00:00
[2022-07-31 07:03:33,242] {processor.py:161} INFO - Processing /home/airflow/.local/lib/python3.7/site-packages/airflow/example_dags/example_sla_dag.py took 0.172 seconds
[2022-07-31 07:04:03,480] {processor.py:153} INFO - Started process (PID=863) to work on /home/airflow/.local/lib/python3.7/site-packages/airflow/example_dags/example_sla_dag.py
[2022-07-31 07:04:03,481] {processor.py:641} INFO - Processing file /home/airflow/.local/lib/python3.7/site-packages/airflow/example_dags/example_sla_dag.py for tasks to queue
[2022-07-31 07:04:03,482] {logging_mixin.py:115} INFO - [2022-07-31 07:04:03,481] {dagbag.py:508} INFO - Filling up the DagBag from /home/airflow/.local/lib/python3.7/site-packages/airflow/example_dags/example_sla_dag.py
[2022-07-31 07:04:03,504] {processor.py:651} INFO - DAG(s) dict_keys(['example_sla_dag']) retrieved from /home/airflow/.local/lib/python3.7/site-packages/airflow/example_dags/example_sla_dag.py
[2022-07-31 07:04:03,552] {logging_mixin.py:115} INFO - [2022-07-31 07:04:03,552] {dag.py:2420} INFO - Sync 1 DAGs
[2022-07-31 07:04:03,587] {logging_mixin.py:115} INFO - [2022-07-31 07:04:03,587] {dag.py:2972} INFO - Setting next_dagrun for example_sla_dag to 2022-07-31T07:02:00+00:00, run_after=2022-07-31T07:04:00+00:00
[2022-07-31 07:04:03,602] {processor.py:161} INFO - Processing /home/airflow/.local/lib/python3.7/site-packages/airflow/example_dags/example_sla_dag.py took 0.127 seconds
[2022-07-31 07:04:34,465] {processor.py:153} INFO - Started process (PID=924) to work on /home/airflow/.local/lib/python3.7/site-packages/airflow/example_dags/example_sla_dag.py
[2022-07-31 07:04:34,465] {processor.py:641} INFO - Processing file /home/airflow/.local/lib/python3.7/site-packages/airflow/example_dags/example_sla_dag.py for tasks to queue
[2022-07-31 07:04:34,466] {logging_mixin.py:115} INFO - [2022-07-31 07:04:34,466] {dagbag.py:508} INFO - Filling up the DagBag from /home/airflow/.local/lib/python3.7/site-packages/airflow/example_dags/example_sla_dag.py
[2022-07-31 07:04:34,491] {processor.py:651} INFO - DAG(s) dict_keys(['example_sla_dag']) retrieved from /home/airflow/.local/lib/python3.7/site-packages/airflow/example_dags/example_sla_dag.py
[2022-07-31 07:04:34,526] {logging_mixin.py:115} INFO - [2022-07-31 07:04:34,526] {dag.py:2420} INFO - Sync 1 DAGs
[2022-07-31 07:04:34,563] {logging_mixin.py:115} INFO - [2022-07-31 07:04:34,563] {dag.py:2972} INFO - Setting next_dagrun for example_sla_dag to 2022-07-31T07:02:00+00:00, run_after=2022-07-31T07:04:00+00:00
[2022-07-31 07:04:34,579] {processor.py:161} INFO - Processing /home/airflow/.local/lib/python3.7/site-packages/airflow/example_dags/example_sla_dag.py took 0.119 seconds
[2022-07-31 07:05:04,938] {processor.py:153} INFO - Started process (PID=976) to work on /home/airflow/.local/lib/python3.7/site-packages/airflow/example_dags/example_sla_dag.py
[2022-07-31 07:05:04,939] {processor.py:641} INFO - Processing file /home/airflow/.local/lib/python3.7/site-packages/airflow/example_dags/example_sla_dag.py for tasks to queue
[2022-07-31 07:05:04,940] {logging_mixin.py:115} INFO - [2022-07-31 07:05:04,940] {dagbag.py:508} INFO - Filling up the DagBag from /home/airflow/.local/lib/python3.7/site-packages/airflow/example_dags/example_sla_dag.py
[2022-07-31 07:05:04,963] {processor.py:651} INFO - DAG(s) dict_keys(['example_sla_dag']) retrieved from /home/airflow/.local/lib/python3.7/site-packages/airflow/example_dags/example_sla_dag.py
[2022-07-31 07:05:04,994] {logging_mixin.py:115} INFO - [2022-07-31 07:05:04,993] {dag.py:2420} INFO - Sync 1 DAGs
[2022-07-31 07:05:05,040] {logging_mixin.py:115} INFO - [2022-07-31 07:05:05,040] {dag.py:2972} INFO - Setting next_dagrun for example_sla_dag to 2022-07-31T07:02:00+00:00, run_after=2022-07-31T07:04:00+00:00
[2022-07-31 07:05:05,053] {processor.py:161} INFO - Processing /home/airflow/.local/lib/python3.7/site-packages/airflow/example_dags/example_sla_dag.py took 0.123 seconds
[2022-07-31 07:05:35,547] {processor.py:153} INFO - Started process (PID=1038) to work on /home/airflow/.local/lib/python3.7/site-packages/airflow/example_dags/example_sla_dag.py
[2022-07-31 07:05:35,548] {processor.py:641} INFO - Processing file /home/airflow/.local/lib/python3.7/site-packages/airflow/example_dags/example_sla_dag.py for tasks to queue
[2022-07-31 07:05:35,549] {logging_mixin.py:115} INFO - [2022-07-31 07:05:35,549] {dagbag.py:508} INFO - Filling up the DagBag from /home/airflow/.local/lib/python3.7/site-packages/airflow/example_dags/example_sla_dag.py
[2022-07-31 07:05:35,573] {processor.py:651} INFO - DAG(s) dict_keys(['example_sla_dag']) retrieved from /home/airflow/.local/lib/python3.7/site-packages/airflow/example_dags/example_sla_dag.py
[2022-07-31 07:05:35,614] {logging_mixin.py:115} INFO - [2022-07-31 07:05:35,614] {dag.py:2420} INFO - Sync 1 DAGs
[2022-07-31 07:05:35,659] {logging_mixin.py:115} INFO - [2022-07-31 07:05:35,658] {dag.py:2972} INFO - Setting next_dagrun for example_sla_dag to 2022-07-31T07:02:00+00:00, run_after=2022-07-31T07:04:00+00:00
[2022-07-31 07:05:35,676] {processor.py:161} INFO - Processing /home/airflow/.local/lib/python3.7/site-packages/airflow/example_dags/example_sla_dag.py took 0.133 seconds
[2022-07-31 07:06:06,102] {processor.py:153} INFO - Started process (PID=1100) to work on /home/airflow/.local/lib/python3.7/site-packages/airflow/example_dags/example_sla_dag.py
[2022-07-31 07:06:06,103] {processor.py:641} INFO - Processing file /home/airflow/.local/lib/python3.7/site-packages/airflow/example_dags/example_sla_dag.py for tasks to queue
[2022-07-31 07:06:06,104] {logging_mixin.py:115} INFO - [2022-07-31 07:06:06,104] {dagbag.py:508} INFO - Filling up the DagBag from /home/airflow/.local/lib/python3.7/site-packages/airflow/example_dags/example_sla_dag.py
[2022-07-31 07:06:06,126] {processor.py:651} INFO - DAG(s) dict_keys(['example_sla_dag']) retrieved from /home/airflow/.local/lib/python3.7/site-packages/airflow/example_dags/example_sla_dag.py
[2022-07-31 07:06:06,161] {logging_mixin.py:115} INFO - [2022-07-31 07:06:06,161] {dag.py:2420} INFO - Sync 1 DAGs
[2022-07-31 07:06:06,193] {logging_mixin.py:115} INFO - [2022-07-31 07:06:06,193] {dag.py:2972} INFO - Setting next_dagrun for example_sla_dag to 2022-07-31T07:04:00+00:00, run_after=2022-07-31T07:06:00+00:00
[2022-07-31 07:06:06,206] {processor.py:161} INFO - Processing /home/airflow/.local/lib/python3.7/site-packages/airflow/example_dags/example_sla_dag.py took 0.111 seconds
[2022-07-31 07:06:36,545] {processor.py:153} INFO - Started process (PID=1152) to work on /home/airflow/.local/lib/python3.7/site-packages/airflow/example_dags/example_sla_dag.py
[2022-07-31 07:06:36,545] {processor.py:641} INFO - Processing file /home/airflow/.local/lib/python3.7/site-packages/airflow/example_dags/example_sla_dag.py for tasks to queue
[2022-07-31 07:06:36,546] {logging_mixin.py:115} INFO - [2022-07-31 07:06:36,546] {dagbag.py:508} INFO - Filling up the DagBag from /home/airflow/.local/lib/python3.7/site-packages/airflow/example_dags/example_sla_dag.py
[2022-07-31 07:06:36,568] {processor.py:651} INFO - DAG(s) dict_keys(['example_sla_dag']) retrieved from /home/airflow/.local/lib/python3.7/site-packages/airflow/example_dags/example_sla_dag.py
[2022-07-31 07:06:36,597] {logging_mixin.py:115} INFO - [2022-07-31 07:06:36,597] {dag.py:2420} INFO - Sync 1 DAGs
[2022-07-31 07:06:36,626] {logging_mixin.py:115} INFO - [2022-07-31 07:06:36,626] {dag.py:2972} INFO - Setting next_dagrun for example_sla_dag to 2022-07-31T07:04:00+00:00, run_after=2022-07-31T07:06:00+00:00
[2022-07-31 07:06:36,638] {processor.py:161} INFO - Processing /home/airflow/.local/lib/python3.7/site-packages/airflow/example_dags/example_sla_dag.py took 0.098 seconds
[2022-07-31 07:07:06,830] {processor.py:153} INFO - Started process (PID=1213) to work on /home/airflow/.local/lib/python3.7/site-packages/airflow/example_dags/example_sla_dag.py
[2022-07-31 07:07:06,831] {processor.py:641} INFO - Processing file /home/airflow/.local/lib/python3.7/site-packages/airflow/example_dags/example_sla_dag.py for tasks to queue
[2022-07-31 07:07:06,832] {logging_mixin.py:115} INFO - [2022-07-31 07:07:06,832] {dagbag.py:508} INFO - Filling up the DagBag from /home/airflow/.local/lib/python3.7/site-packages/airflow/example_dags/example_sla_dag.py
[2022-07-31 07:07:06,855] {processor.py:651} INFO - DAG(s) dict_keys(['example_sla_dag']) retrieved from /home/airflow/.local/lib/python3.7/site-packages/airflow/example_dags/example_sla_dag.py
[2022-07-31 07:07:06,895] {logging_mixin.py:115} INFO - [2022-07-31 07:07:06,895] {dag.py:2420} INFO - Sync 1 DAGs
[2022-07-31 07:07:06,933] {logging_mixin.py:115} INFO - [2022-07-31 07:07:06,933] {dag.py:2972} INFO - Setting next_dagrun for example_sla_dag to 2022-07-31T07:04:00+00:00, run_after=2022-07-31T07:06:00+00:00
[2022-07-31 07:07:06,947] {processor.py:161} INFO - Processing /home/airflow/.local/lib/python3.7/site-packages/airflow/example_dags/example_sla_dag.py took 0.124 seconds
[2022-07-31 07:07:37,243] {processor.py:153} INFO - Started process (PID=1274) to work on /home/airflow/.local/lib/python3.7/site-packages/airflow/example_dags/example_sla_dag.py
[2022-07-31 07:07:37,243] {processor.py:641} INFO - Processing file /home/airflow/.local/lib/python3.7/site-packages/airflow/example_dags/example_sla_dag.py for tasks to queue
[2022-07-31 07:07:37,244] {logging_mixin.py:115} INFO - [2022-07-31 07:07:37,244] {dagbag.py:508} INFO - Filling up the DagBag from /home/airflow/.local/lib/python3.7/site-packages/airflow/example_dags/example_sla_dag.py
[2022-07-31 07:07:37,267] {processor.py:651} INFO - DAG(s) dict_keys(['example_sla_dag']) retrieved from /home/airflow/.local/lib/python3.7/site-packages/airflow/example_dags/example_sla_dag.py
[2022-07-31 07:07:37,306] {logging_mixin.py:115} INFO - [2022-07-31 07:07:37,306] {dag.py:2420} INFO - Sync 1 DAGs
[2022-07-31 07:07:37,335] {logging_mixin.py:115} INFO - [2022-07-31 07:07:37,335] {dag.py:2972} INFO - Setting next_dagrun for example_sla_dag to 2022-07-31T07:04:00+00:00, run_after=2022-07-31T07:06:00+00:00
[2022-07-31 07:07:37,350] {processor.py:161} INFO - Processing /home/airflow/.local/lib/python3.7/site-packages/airflow/example_dags/example_sla_dag.py took 0.112 seconds
