[2022-07-31 06:56:52,947] {processor.py:153} INFO - Started process (PID=67) to work on /home/airflow/.local/lib/python3.7/site-packages/airflow/example_dags/example_python_operator.py
[2022-07-31 06:56:52,948] {processor.py:641} INFO - Processing file /home/airflow/.local/lib/python3.7/site-packages/airflow/example_dags/example_python_operator.py for tasks to queue
[2022-07-31 06:56:52,949] {logging_mixin.py:115} INFO - [2022-07-31 06:56:52,948] {dagbag.py:508} INFO - Filling up the DagBag from /home/airflow/.local/lib/python3.7/site-packages/airflow/example_dags/example_python_operator.py
[2022-07-31 06:56:52,987] {processor.py:651} INFO - DAG(s) dict_keys(['example_python_operator']) retrieved from /home/airflow/.local/lib/python3.7/site-packages/airflow/example_dags/example_python_operator.py
[2022-07-31 06:56:53,217] {logging_mixin.py:115} INFO - [2022-07-31 06:56:53,217] {manager.py:508} INFO - Created Permission View: can edit on DAG:example_python_operator
[2022-07-31 06:56:53,255] {logging_mixin.py:115} INFO - [2022-07-31 06:56:53,255] {manager.py:508} INFO - Created Permission View: can read on DAG:example_python_operator
[2022-07-31 06:56:53,277] {logging_mixin.py:115} INFO - [2022-07-31 06:56:53,277] {manager.py:508} INFO - Created Permission View: can delete on DAG:example_python_operator
[2022-07-31 06:56:53,278] {logging_mixin.py:115} INFO - [2022-07-31 06:56:53,278] {dag.py:2420} INFO - Sync 1 DAGs
[2022-07-31 06:56:53,313] {logging_mixin.py:115} INFO - [2022-07-31 06:56:53,313] {dag.py:2439} INFO - Creating ORM DAG for example_python_operator
[2022-07-31 06:56:53,340] {logging_mixin.py:115} INFO - [2022-07-31 06:56:53,340] {dag.py:2972} INFO - Setting next_dagrun for example_python_operator to None, run_after=None
[2022-07-31 06:56:53,415] {processor.py:161} INFO - Processing /home/airflow/.local/lib/python3.7/site-packages/airflow/example_dags/example_python_operator.py took 0.478 seconds
[2022-07-31 06:57:24,044] {processor.py:153} INFO - Started process (PID=119) to work on /home/airflow/.local/lib/python3.7/site-packages/airflow/example_dags/example_python_operator.py
[2022-07-31 06:57:24,046] {processor.py:641} INFO - Processing file /home/airflow/.local/lib/python3.7/site-packages/airflow/example_dags/example_python_operator.py for tasks to queue
[2022-07-31 06:57:24,049] {logging_mixin.py:115} INFO - [2022-07-31 06:57:24,049] {dagbag.py:508} INFO - Filling up the DagBag from /home/airflow/.local/lib/python3.7/site-packages/airflow/example_dags/example_python_operator.py
[2022-07-31 06:57:24,096] {processor.py:651} INFO - DAG(s) dict_keys(['example_python_operator']) retrieved from /home/airflow/.local/lib/python3.7/site-packages/airflow/example_dags/example_python_operator.py
[2022-07-31 06:57:24,161] {logging_mixin.py:115} INFO - [2022-07-31 06:57:24,161] {dag.py:2420} INFO - Sync 1 DAGs
[2022-07-31 06:57:24,209] {logging_mixin.py:115} INFO - [2022-07-31 06:57:24,209] {dag.py:2972} INFO - Setting next_dagrun for example_python_operator to None, run_after=None
[2022-07-31 06:57:24,229] {processor.py:161} INFO - Processing /home/airflow/.local/lib/python3.7/site-packages/airflow/example_dags/example_python_operator.py took 0.194 seconds
[2022-07-31 06:57:54,326] {processor.py:153} INFO - Started process (PID=180) to work on /home/airflow/.local/lib/python3.7/site-packages/airflow/example_dags/example_python_operator.py
[2022-07-31 06:57:54,327] {processor.py:641} INFO - Processing file /home/airflow/.local/lib/python3.7/site-packages/airflow/example_dags/example_python_operator.py for tasks to queue
[2022-07-31 06:57:54,328] {logging_mixin.py:115} INFO - [2022-07-31 06:57:54,328] {dagbag.py:508} INFO - Filling up the DagBag from /home/airflow/.local/lib/python3.7/site-packages/airflow/example_dags/example_python_operator.py
[2022-07-31 06:57:54,360] {processor.py:651} INFO - DAG(s) dict_keys(['example_python_operator']) retrieved from /home/airflow/.local/lib/python3.7/site-packages/airflow/example_dags/example_python_operator.py
[2022-07-31 06:57:54,418] {logging_mixin.py:115} INFO - [2022-07-31 06:57:54,418] {dag.py:2420} INFO - Sync 1 DAGs
[2022-07-31 06:57:54,449] {logging_mixin.py:115} INFO - [2022-07-31 06:57:54,448] {dag.py:2972} INFO - Setting next_dagrun for example_python_operator to None, run_after=None
[2022-07-31 06:57:54,464] {processor.py:161} INFO - Processing /home/airflow/.local/lib/python3.7/site-packages/airflow/example_dags/example_python_operator.py took 0.144 seconds
[2022-07-31 06:58:25,149] {processor.py:153} INFO - Started process (PID=232) to work on /home/airflow/.local/lib/python3.7/site-packages/airflow/example_dags/example_python_operator.py
[2022-07-31 06:58:25,150] {processor.py:641} INFO - Processing file /home/airflow/.local/lib/python3.7/site-packages/airflow/example_dags/example_python_operator.py for tasks to queue
[2022-07-31 06:58:25,152] {logging_mixin.py:115} INFO - [2022-07-31 06:58:25,152] {dagbag.py:508} INFO - Filling up the DagBag from /home/airflow/.local/lib/python3.7/site-packages/airflow/example_dags/example_python_operator.py
[2022-07-31 06:58:25,198] {processor.py:651} INFO - DAG(s) dict_keys(['example_python_operator']) retrieved from /home/airflow/.local/lib/python3.7/site-packages/airflow/example_dags/example_python_operator.py
[2022-07-31 06:58:25,276] {logging_mixin.py:115} INFO - [2022-07-31 06:58:25,276] {dag.py:2420} INFO - Sync 1 DAGs
[2022-07-31 06:58:25,327] {logging_mixin.py:115} INFO - [2022-07-31 06:58:25,327] {dag.py:2972} INFO - Setting next_dagrun for example_python_operator to None, run_after=None
[2022-07-31 06:58:25,352] {processor.py:161} INFO - Processing /home/airflow/.local/lib/python3.7/site-packages/airflow/example_dags/example_python_operator.py took 0.213 seconds
[2022-07-31 06:58:55,561] {processor.py:153} INFO - Started process (PID=293) to work on /home/airflow/.local/lib/python3.7/site-packages/airflow/example_dags/example_python_operator.py
[2022-07-31 06:58:55,562] {processor.py:641} INFO - Processing file /home/airflow/.local/lib/python3.7/site-packages/airflow/example_dags/example_python_operator.py for tasks to queue
[2022-07-31 06:58:55,564] {logging_mixin.py:115} INFO - [2022-07-31 06:58:55,563] {dagbag.py:508} INFO - Filling up the DagBag from /home/airflow/.local/lib/python3.7/site-packages/airflow/example_dags/example_python_operator.py
[2022-07-31 06:58:55,610] {processor.py:651} INFO - DAG(s) dict_keys(['example_python_operator']) retrieved from /home/airflow/.local/lib/python3.7/site-packages/airflow/example_dags/example_python_operator.py
[2022-07-31 06:58:55,676] {logging_mixin.py:115} INFO - [2022-07-31 06:58:55,676] {dag.py:2420} INFO - Sync 1 DAGs
[2022-07-31 06:58:55,728] {logging_mixin.py:115} INFO - [2022-07-31 06:58:55,728] {dag.py:2972} INFO - Setting next_dagrun for example_python_operator to None, run_after=None
[2022-07-31 06:58:55,747] {processor.py:161} INFO - Processing /home/airflow/.local/lib/python3.7/site-packages/airflow/example_dags/example_python_operator.py took 0.199 seconds
[2022-07-31 06:59:25,845] {processor.py:153} INFO - Started process (PID=344) to work on /home/airflow/.local/lib/python3.7/site-packages/airflow/example_dags/example_python_operator.py
[2022-07-31 06:59:25,846] {processor.py:641} INFO - Processing file /home/airflow/.local/lib/python3.7/site-packages/airflow/example_dags/example_python_operator.py for tasks to queue
[2022-07-31 06:59:25,848] {logging_mixin.py:115} INFO - [2022-07-31 06:59:25,847] {dagbag.py:508} INFO - Filling up the DagBag from /home/airflow/.local/lib/python3.7/site-packages/airflow/example_dags/example_python_operator.py
[2022-07-31 06:59:25,879] {processor.py:651} INFO - DAG(s) dict_keys(['example_python_operator']) retrieved from /home/airflow/.local/lib/python3.7/site-packages/airflow/example_dags/example_python_operator.py
[2022-07-31 06:59:25,914] {logging_mixin.py:115} INFO - [2022-07-31 06:59:25,914] {dag.py:2420} INFO - Sync 1 DAGs
[2022-07-31 06:59:25,941] {logging_mixin.py:115} INFO - [2022-07-31 06:59:25,941] {dag.py:2972} INFO - Setting next_dagrun for example_python_operator to None, run_after=None
[2022-07-31 06:59:25,960] {processor.py:161} INFO - Processing /home/airflow/.local/lib/python3.7/site-packages/airflow/example_dags/example_python_operator.py took 0.121 seconds
[2022-07-31 06:59:56,727] {processor.py:153} INFO - Started process (PID=406) to work on /home/airflow/.local/lib/python3.7/site-packages/airflow/example_dags/example_python_operator.py
[2022-07-31 06:59:56,728] {processor.py:641} INFO - Processing file /home/airflow/.local/lib/python3.7/site-packages/airflow/example_dags/example_python_operator.py for tasks to queue
[2022-07-31 06:59:56,729] {logging_mixin.py:115} INFO - [2022-07-31 06:59:56,729] {dagbag.py:508} INFO - Filling up the DagBag from /home/airflow/.local/lib/python3.7/site-packages/airflow/example_dags/example_python_operator.py
[2022-07-31 06:59:56,759] {processor.py:651} INFO - DAG(s) dict_keys(['example_python_operator']) retrieved from /home/airflow/.local/lib/python3.7/site-packages/airflow/example_dags/example_python_operator.py
[2022-07-31 06:59:56,799] {logging_mixin.py:115} INFO - [2022-07-31 06:59:56,799] {dag.py:2420} INFO - Sync 1 DAGs
[2022-07-31 06:59:56,837] {logging_mixin.py:115} INFO - [2022-07-31 06:59:56,837] {dag.py:2972} INFO - Setting next_dagrun for example_python_operator to None, run_after=None
[2022-07-31 06:59:56,856] {processor.py:161} INFO - Processing /home/airflow/.local/lib/python3.7/site-packages/airflow/example_dags/example_python_operator.py took 0.135 seconds
[2022-07-31 07:00:27,424] {processor.py:153} INFO - Started process (PID=468) to work on /home/airflow/.local/lib/python3.7/site-packages/airflow/example_dags/example_python_operator.py
[2022-07-31 07:00:27,424] {processor.py:641} INFO - Processing file /home/airflow/.local/lib/python3.7/site-packages/airflow/example_dags/example_python_operator.py for tasks to queue
[2022-07-31 07:00:27,425] {logging_mixin.py:115} INFO - [2022-07-31 07:00:27,425] {dagbag.py:508} INFO - Filling up the DagBag from /home/airflow/.local/lib/python3.7/site-packages/airflow/example_dags/example_python_operator.py
[2022-07-31 07:00:27,449] {processor.py:651} INFO - DAG(s) dict_keys(['example_python_operator']) retrieved from /home/airflow/.local/lib/python3.7/site-packages/airflow/example_dags/example_python_operator.py
[2022-07-31 07:00:27,481] {logging_mixin.py:115} INFO - [2022-07-31 07:00:27,480] {dag.py:2420} INFO - Sync 1 DAGs
[2022-07-31 07:00:27,515] {logging_mixin.py:115} INFO - [2022-07-31 07:00:27,515] {dag.py:2972} INFO - Setting next_dagrun for example_python_operator to None, run_after=None
[2022-07-31 07:00:27,535] {processor.py:161} INFO - Processing /home/airflow/.local/lib/python3.7/site-packages/airflow/example_dags/example_python_operator.py took 0.116 seconds
[2022-07-31 07:00:58,323] {processor.py:153} INFO - Started process (PID=520) to work on /home/airflow/.local/lib/python3.7/site-packages/airflow/example_dags/example_python_operator.py
[2022-07-31 07:00:58,326] {processor.py:641} INFO - Processing file /home/airflow/.local/lib/python3.7/site-packages/airflow/example_dags/example_python_operator.py for tasks to queue
[2022-07-31 07:00:58,327] {logging_mixin.py:115} INFO - [2022-07-31 07:00:58,327] {dagbag.py:508} INFO - Filling up the DagBag from /home/airflow/.local/lib/python3.7/site-packages/airflow/example_dags/example_python_operator.py
[2022-07-31 07:00:58,371] {processor.py:651} INFO - DAG(s) dict_keys(['example_python_operator']) retrieved from /home/airflow/.local/lib/python3.7/site-packages/airflow/example_dags/example_python_operator.py
[2022-07-31 07:00:58,429] {logging_mixin.py:115} INFO - [2022-07-31 07:00:58,429] {dag.py:2420} INFO - Sync 1 DAGs
[2022-07-31 07:00:58,465] {logging_mixin.py:115} INFO - [2022-07-31 07:00:58,465] {dag.py:2972} INFO - Setting next_dagrun for example_python_operator to None, run_after=None
[2022-07-31 07:00:58,483] {processor.py:161} INFO - Processing /home/airflow/.local/lib/python3.7/site-packages/airflow/example_dags/example_python_operator.py took 0.165 seconds
[2022-07-31 07:01:29,308] {processor.py:153} INFO - Started process (PID=581) to work on /home/airflow/.local/lib/python3.7/site-packages/airflow/example_dags/example_python_operator.py
[2022-07-31 07:01:29,308] {processor.py:641} INFO - Processing file /home/airflow/.local/lib/python3.7/site-packages/airflow/example_dags/example_python_operator.py for tasks to queue
[2022-07-31 07:01:29,309] {logging_mixin.py:115} INFO - [2022-07-31 07:01:29,309] {dagbag.py:508} INFO - Filling up the DagBag from /home/airflow/.local/lib/python3.7/site-packages/airflow/example_dags/example_python_operator.py
[2022-07-31 07:01:29,331] {processor.py:651} INFO - DAG(s) dict_keys(['example_python_operator']) retrieved from /home/airflow/.local/lib/python3.7/site-packages/airflow/example_dags/example_python_operator.py
[2022-07-31 07:01:29,371] {logging_mixin.py:115} INFO - [2022-07-31 07:01:29,370] {dag.py:2420} INFO - Sync 1 DAGs
[2022-07-31 07:01:29,409] {logging_mixin.py:115} INFO - [2022-07-31 07:01:29,409] {dag.py:2972} INFO - Setting next_dagrun for example_python_operator to None, run_after=None
[2022-07-31 07:01:29,425] {processor.py:161} INFO - Processing /home/airflow/.local/lib/python3.7/site-packages/airflow/example_dags/example_python_operator.py took 0.123 seconds
[2022-07-31 07:01:59,782] {processor.py:153} INFO - Started process (PID=633) to work on /home/airflow/.local/lib/python3.7/site-packages/airflow/example_dags/example_python_operator.py
[2022-07-31 07:01:59,782] {processor.py:641} INFO - Processing file /home/airflow/.local/lib/python3.7/site-packages/airflow/example_dags/example_python_operator.py for tasks to queue
[2022-07-31 07:01:59,783] {logging_mixin.py:115} INFO - [2022-07-31 07:01:59,783] {dagbag.py:508} INFO - Filling up the DagBag from /home/airflow/.local/lib/python3.7/site-packages/airflow/example_dags/example_python_operator.py
[2022-07-31 07:01:59,806] {processor.py:651} INFO - DAG(s) dict_keys(['example_python_operator']) retrieved from /home/airflow/.local/lib/python3.7/site-packages/airflow/example_dags/example_python_operator.py
[2022-07-31 07:01:59,837] {logging_mixin.py:115} INFO - [2022-07-31 07:01:59,837] {dag.py:2420} INFO - Sync 1 DAGs
[2022-07-31 07:01:59,869] {logging_mixin.py:115} INFO - [2022-07-31 07:01:59,869] {dag.py:2972} INFO - Setting next_dagrun for example_python_operator to None, run_after=None
[2022-07-31 07:01:59,925] {processor.py:161} INFO - Processing /home/airflow/.local/lib/python3.7/site-packages/airflow/example_dags/example_python_operator.py took 0.148 seconds
[2022-07-31 07:02:30,416] {processor.py:153} INFO - Started process (PID=694) to work on /home/airflow/.local/lib/python3.7/site-packages/airflow/example_dags/example_python_operator.py
[2022-07-31 07:02:30,417] {processor.py:641} INFO - Processing file /home/airflow/.local/lib/python3.7/site-packages/airflow/example_dags/example_python_operator.py for tasks to queue
[2022-07-31 07:02:30,418] {logging_mixin.py:115} INFO - [2022-07-31 07:02:30,418] {dagbag.py:508} INFO - Filling up the DagBag from /home/airflow/.local/lib/python3.7/site-packages/airflow/example_dags/example_python_operator.py
[2022-07-31 07:02:30,450] {processor.py:651} INFO - DAG(s) dict_keys(['example_python_operator']) retrieved from /home/airflow/.local/lib/python3.7/site-packages/airflow/example_dags/example_python_operator.py
[2022-07-31 07:02:30,510] {logging_mixin.py:115} INFO - [2022-07-31 07:02:30,510] {dag.py:2420} INFO - Sync 1 DAGs
[2022-07-31 07:02:30,550] {logging_mixin.py:115} INFO - [2022-07-31 07:02:30,550] {dag.py:2972} INFO - Setting next_dagrun for example_python_operator to None, run_after=None
[2022-07-31 07:02:30,577] {processor.py:161} INFO - Processing /home/airflow/.local/lib/python3.7/site-packages/airflow/example_dags/example_python_operator.py took 0.168 seconds
[2022-07-31 07:03:00,972] {processor.py:153} INFO - Started process (PID=746) to work on /home/airflow/.local/lib/python3.7/site-packages/airflow/example_dags/example_python_operator.py
[2022-07-31 07:03:00,973] {processor.py:641} INFO - Processing file /home/airflow/.local/lib/python3.7/site-packages/airflow/example_dags/example_python_operator.py for tasks to queue
[2022-07-31 07:03:00,975] {logging_mixin.py:115} INFO - [2022-07-31 07:03:00,974] {dagbag.py:508} INFO - Filling up the DagBag from /home/airflow/.local/lib/python3.7/site-packages/airflow/example_dags/example_python_operator.py
[2022-07-31 07:03:01,006] {processor.py:651} INFO - DAG(s) dict_keys(['example_python_operator']) retrieved from /home/airflow/.local/lib/python3.7/site-packages/airflow/example_dags/example_python_operator.py
[2022-07-31 07:03:01,068] {logging_mixin.py:115} INFO - [2022-07-31 07:03:01,068] {dag.py:2420} INFO - Sync 1 DAGs
[2022-07-31 07:03:01,129] {logging_mixin.py:115} INFO - [2022-07-31 07:03:01,129] {dag.py:2972} INFO - Setting next_dagrun for example_python_operator to None, run_after=None
[2022-07-31 07:03:01,154] {processor.py:161} INFO - Processing /home/airflow/.local/lib/python3.7/site-packages/airflow/example_dags/example_python_operator.py took 0.188 seconds
[2022-07-31 07:03:31,507] {processor.py:153} INFO - Started process (PID=807) to work on /home/airflow/.local/lib/python3.7/site-packages/airflow/example_dags/example_python_operator.py
[2022-07-31 07:03:31,508] {processor.py:641} INFO - Processing file /home/airflow/.local/lib/python3.7/site-packages/airflow/example_dags/example_python_operator.py for tasks to queue
[2022-07-31 07:03:31,509] {logging_mixin.py:115} INFO - [2022-07-31 07:03:31,509] {dagbag.py:508} INFO - Filling up the DagBag from /home/airflow/.local/lib/python3.7/site-packages/airflow/example_dags/example_python_operator.py
[2022-07-31 07:03:31,547] {processor.py:651} INFO - DAG(s) dict_keys(['example_python_operator']) retrieved from /home/airflow/.local/lib/python3.7/site-packages/airflow/example_dags/example_python_operator.py
[2022-07-31 07:03:31,629] {logging_mixin.py:115} INFO - [2022-07-31 07:03:31,628] {dag.py:2420} INFO - Sync 1 DAGs
[2022-07-31 07:03:31,692] {logging_mixin.py:115} INFO - [2022-07-31 07:03:31,692] {dag.py:2972} INFO - Setting next_dagrun for example_python_operator to None, run_after=None
[2022-07-31 07:03:31,724] {processor.py:161} INFO - Processing /home/airflow/.local/lib/python3.7/site-packages/airflow/example_dags/example_python_operator.py took 0.234 seconds
[2022-07-31 07:04:01,981] {processor.py:153} INFO - Started process (PID=859) to work on /home/airflow/.local/lib/python3.7/site-packages/airflow/example_dags/example_python_operator.py
[2022-07-31 07:04:01,982] {processor.py:641} INFO - Processing file /home/airflow/.local/lib/python3.7/site-packages/airflow/example_dags/example_python_operator.py for tasks to queue
[2022-07-31 07:04:01,982] {logging_mixin.py:115} INFO - [2022-07-31 07:04:01,982] {dagbag.py:508} INFO - Filling up the DagBag from /home/airflow/.local/lib/python3.7/site-packages/airflow/example_dags/example_python_operator.py
[2022-07-31 07:04:02,009] {processor.py:651} INFO - DAG(s) dict_keys(['example_python_operator']) retrieved from /home/airflow/.local/lib/python3.7/site-packages/airflow/example_dags/example_python_operator.py
[2022-07-31 07:04:02,043] {logging_mixin.py:115} INFO - [2022-07-31 07:04:02,043] {dag.py:2420} INFO - Sync 1 DAGs
[2022-07-31 07:04:02,097] {logging_mixin.py:115} INFO - [2022-07-31 07:04:02,097] {dag.py:2972} INFO - Setting next_dagrun for example_python_operator to None, run_after=None
[2022-07-31 07:04:02,117] {processor.py:161} INFO - Processing /home/airflow/.local/lib/python3.7/site-packages/airflow/example_dags/example_python_operator.py took 0.142 seconds
[2022-07-31 07:04:33,053] {processor.py:153} INFO - Started process (PID=920) to work on /home/airflow/.local/lib/python3.7/site-packages/airflow/example_dags/example_python_operator.py
[2022-07-31 07:04:33,058] {processor.py:641} INFO - Processing file /home/airflow/.local/lib/python3.7/site-packages/airflow/example_dags/example_python_operator.py for tasks to queue
[2022-07-31 07:04:33,060] {logging_mixin.py:115} INFO - [2022-07-31 07:04:33,060] {dagbag.py:508} INFO - Filling up the DagBag from /home/airflow/.local/lib/python3.7/site-packages/airflow/example_dags/example_python_operator.py
[2022-07-31 07:04:33,103] {processor.py:651} INFO - DAG(s) dict_keys(['example_python_operator']) retrieved from /home/airflow/.local/lib/python3.7/site-packages/airflow/example_dags/example_python_operator.py
[2022-07-31 07:04:33,152] {logging_mixin.py:115} INFO - [2022-07-31 07:04:33,152] {dag.py:2420} INFO - Sync 1 DAGs
[2022-07-31 07:04:33,185] {logging_mixin.py:115} INFO - [2022-07-31 07:04:33,185] {dag.py:2972} INFO - Setting next_dagrun for example_python_operator to None, run_after=None
[2022-07-31 07:04:33,205] {processor.py:161} INFO - Processing /home/airflow/.local/lib/python3.7/site-packages/airflow/example_dags/example_python_operator.py took 0.169 seconds
[2022-07-31 07:05:03,529] {processor.py:153} INFO - Started process (PID=972) to work on /home/airflow/.local/lib/python3.7/site-packages/airflow/example_dags/example_python_operator.py
[2022-07-31 07:05:03,530] {processor.py:641} INFO - Processing file /home/airflow/.local/lib/python3.7/site-packages/airflow/example_dags/example_python_operator.py for tasks to queue
[2022-07-31 07:05:03,531] {logging_mixin.py:115} INFO - [2022-07-31 07:05:03,531] {dagbag.py:508} INFO - Filling up the DagBag from /home/airflow/.local/lib/python3.7/site-packages/airflow/example_dags/example_python_operator.py
[2022-07-31 07:05:03,561] {processor.py:651} INFO - DAG(s) dict_keys(['example_python_operator']) retrieved from /home/airflow/.local/lib/python3.7/site-packages/airflow/example_dags/example_python_operator.py
[2022-07-31 07:05:03,595] {logging_mixin.py:115} INFO - [2022-07-31 07:05:03,595] {dag.py:2420} INFO - Sync 1 DAGs
[2022-07-31 07:05:03,620] {logging_mixin.py:115} INFO - [2022-07-31 07:05:03,620] {dag.py:2972} INFO - Setting next_dagrun for example_python_operator to None, run_after=None
[2022-07-31 07:05:03,634] {processor.py:161} INFO - Processing /home/airflow/.local/lib/python3.7/site-packages/airflow/example_dags/example_python_operator.py took 0.112 seconds
[2022-07-31 07:05:34,195] {processor.py:153} INFO - Started process (PID=1034) to work on /home/airflow/.local/lib/python3.7/site-packages/airflow/example_dags/example_python_operator.py
[2022-07-31 07:05:34,196] {processor.py:641} INFO - Processing file /home/airflow/.local/lib/python3.7/site-packages/airflow/example_dags/example_python_operator.py for tasks to queue
[2022-07-31 07:05:34,197] {logging_mixin.py:115} INFO - [2022-07-31 07:05:34,197] {dagbag.py:508} INFO - Filling up the DagBag from /home/airflow/.local/lib/python3.7/site-packages/airflow/example_dags/example_python_operator.py
[2022-07-31 07:05:34,219] {processor.py:651} INFO - DAG(s) dict_keys(['example_python_operator']) retrieved from /home/airflow/.local/lib/python3.7/site-packages/airflow/example_dags/example_python_operator.py
[2022-07-31 07:05:34,251] {logging_mixin.py:115} INFO - [2022-07-31 07:05:34,251] {dag.py:2420} INFO - Sync 1 DAGs
[2022-07-31 07:05:34,285] {logging_mixin.py:115} INFO - [2022-07-31 07:05:34,285] {dag.py:2972} INFO - Setting next_dagrun for example_python_operator to None, run_after=None
[2022-07-31 07:05:34,302] {processor.py:161} INFO - Processing /home/airflow/.local/lib/python3.7/site-packages/airflow/example_dags/example_python_operator.py took 0.113 seconds
[2022-07-31 07:06:04,730] {processor.py:153} INFO - Started process (PID=1096) to work on /home/airflow/.local/lib/python3.7/site-packages/airflow/example_dags/example_python_operator.py
[2022-07-31 07:06:04,731] {processor.py:641} INFO - Processing file /home/airflow/.local/lib/python3.7/site-packages/airflow/example_dags/example_python_operator.py for tasks to queue
[2022-07-31 07:06:04,731] {logging_mixin.py:115} INFO - [2022-07-31 07:06:04,731] {dagbag.py:508} INFO - Filling up the DagBag from /home/airflow/.local/lib/python3.7/site-packages/airflow/example_dags/example_python_operator.py
[2022-07-31 07:06:04,753] {processor.py:651} INFO - DAG(s) dict_keys(['example_python_operator']) retrieved from /home/airflow/.local/lib/python3.7/site-packages/airflow/example_dags/example_python_operator.py
[2022-07-31 07:06:04,790] {logging_mixin.py:115} INFO - [2022-07-31 07:06:04,790] {dag.py:2420} INFO - Sync 1 DAGs
[2022-07-31 07:06:04,825] {logging_mixin.py:115} INFO - [2022-07-31 07:06:04,824] {dag.py:2972} INFO - Setting next_dagrun for example_python_operator to None, run_after=None
[2022-07-31 07:06:04,843] {processor.py:161} INFO - Processing /home/airflow/.local/lib/python3.7/site-packages/airflow/example_dags/example_python_operator.py took 0.117 seconds
[2022-07-31 07:06:35,166] {processor.py:153} INFO - Started process (PID=1148) to work on /home/airflow/.local/lib/python3.7/site-packages/airflow/example_dags/example_python_operator.py
[2022-07-31 07:06:35,167] {processor.py:641} INFO - Processing file /home/airflow/.local/lib/python3.7/site-packages/airflow/example_dags/example_python_operator.py for tasks to queue
[2022-07-31 07:06:35,168] {logging_mixin.py:115} INFO - [2022-07-31 07:06:35,167] {dagbag.py:508} INFO - Filling up the DagBag from /home/airflow/.local/lib/python3.7/site-packages/airflow/example_dags/example_python_operator.py
[2022-07-31 07:06:35,193] {processor.py:651} INFO - DAG(s) dict_keys(['example_python_operator']) retrieved from /home/airflow/.local/lib/python3.7/site-packages/airflow/example_dags/example_python_operator.py
[2022-07-31 07:06:35,225] {logging_mixin.py:115} INFO - [2022-07-31 07:06:35,225] {dag.py:2420} INFO - Sync 1 DAGs
[2022-07-31 07:06:35,249] {logging_mixin.py:115} INFO - [2022-07-31 07:06:35,249] {dag.py:2972} INFO - Setting next_dagrun for example_python_operator to None, run_after=None
[2022-07-31 07:06:35,262] {processor.py:161} INFO - Processing /home/airflow/.local/lib/python3.7/site-packages/airflow/example_dags/example_python_operator.py took 0.102 seconds
[2022-07-31 07:07:05,425] {processor.py:153} INFO - Started process (PID=1209) to work on /home/airflow/.local/lib/python3.7/site-packages/airflow/example_dags/example_python_operator.py
[2022-07-31 07:07:05,426] {processor.py:641} INFO - Processing file /home/airflow/.local/lib/python3.7/site-packages/airflow/example_dags/example_python_operator.py for tasks to queue
[2022-07-31 07:07:05,427] {logging_mixin.py:115} INFO - [2022-07-31 07:07:05,427] {dagbag.py:508} INFO - Filling up the DagBag from /home/airflow/.local/lib/python3.7/site-packages/airflow/example_dags/example_python_operator.py
[2022-07-31 07:07:05,454] {processor.py:651} INFO - DAG(s) dict_keys(['example_python_operator']) retrieved from /home/airflow/.local/lib/python3.7/site-packages/airflow/example_dags/example_python_operator.py
[2022-07-31 07:07:05,504] {logging_mixin.py:115} INFO - [2022-07-31 07:07:05,504] {dag.py:2420} INFO - Sync 1 DAGs
[2022-07-31 07:07:05,533] {logging_mixin.py:115} INFO - [2022-07-31 07:07:05,532] {dag.py:2972} INFO - Setting next_dagrun for example_python_operator to None, run_after=None
[2022-07-31 07:07:05,547] {processor.py:161} INFO - Processing /home/airflow/.local/lib/python3.7/site-packages/airflow/example_dags/example_python_operator.py took 0.130 seconds
[2022-07-31 07:07:35,977] {processor.py:153} INFO - Started process (PID=1270) to work on /home/airflow/.local/lib/python3.7/site-packages/airflow/example_dags/example_python_operator.py
[2022-07-31 07:07:35,977] {processor.py:641} INFO - Processing file /home/airflow/.local/lib/python3.7/site-packages/airflow/example_dags/example_python_operator.py for tasks to queue
[2022-07-31 07:07:35,978] {logging_mixin.py:115} INFO - [2022-07-31 07:07:35,978] {dagbag.py:508} INFO - Filling up the DagBag from /home/airflow/.local/lib/python3.7/site-packages/airflow/example_dags/example_python_operator.py
[2022-07-31 07:07:35,999] {processor.py:651} INFO - DAG(s) dict_keys(['example_python_operator']) retrieved from /home/airflow/.local/lib/python3.7/site-packages/airflow/example_dags/example_python_operator.py
[2022-07-31 07:07:36,030] {logging_mixin.py:115} INFO - [2022-07-31 07:07:36,030] {dag.py:2420} INFO - Sync 1 DAGs
[2022-07-31 07:07:36,056] {logging_mixin.py:115} INFO - [2022-07-31 07:07:36,056] {dag.py:2972} INFO - Setting next_dagrun for example_python_operator to None, run_after=None
[2022-07-31 07:07:36,070] {processor.py:161} INFO - Processing /home/airflow/.local/lib/python3.7/site-packages/airflow/example_dags/example_python_operator.py took 0.098 seconds
