[2022-07-31 06:56:44,649] {processor.py:153} INFO - Started process (PID=44) to work on /home/airflow/.local/lib/python3.7/site-packages/airflow/example_dags/example_complex.py
[2022-07-31 06:56:44,650] {processor.py:641} INFO - Processing file /home/airflow/.local/lib/python3.7/site-packages/airflow/example_dags/example_complex.py for tasks to queue
[2022-07-31 06:56:44,651] {logging_mixin.py:115} INFO - [2022-07-31 06:56:44,651] {dagbag.py:508} INFO - Filling up the DagBag from /home/airflow/.local/lib/python3.7/site-packages/airflow/example_dags/example_complex.py
[2022-07-31 06:56:44,675] {processor.py:651} INFO - DAG(s) dict_keys(['example_complex']) retrieved from /home/airflow/.local/lib/python3.7/site-packages/airflow/example_dags/example_complex.py
[2022-07-31 06:56:44,847] {logging_mixin.py:115} INFO - [2022-07-31 06:56:44,847] {manager.py:508} INFO - Created Permission View: can edit on DAG:example_complex
[2022-07-31 06:56:44,875] {logging_mixin.py:115} INFO - [2022-07-31 06:56:44,875] {manager.py:508} INFO - Created Permission View: can read on DAG:example_complex
[2022-07-31 06:56:44,891] {logging_mixin.py:115} INFO - [2022-07-31 06:56:44,891] {manager.py:508} INFO - Created Permission View: can delete on DAG:example_complex
[2022-07-31 06:56:44,891] {logging_mixin.py:115} INFO - [2022-07-31 06:56:44,891] {dag.py:2420} INFO - Sync 1 DAGs
[2022-07-31 06:56:44,911] {logging_mixin.py:115} INFO - [2022-07-31 06:56:44,910] {dag.py:2439} INFO - Creating ORM DAG for example_complex
[2022-07-31 06:56:44,950] {logging_mixin.py:115} INFO - [2022-07-31 06:56:44,949] {dag.py:2972} INFO - Setting next_dagrun for example_complex to None, run_after=None
[2022-07-31 06:56:44,994] {processor.py:161} INFO - Processing /home/airflow/.local/lib/python3.7/site-packages/airflow/example_dags/example_complex.py took 0.351 seconds
[2022-07-31 06:57:15,137] {processor.py:153} INFO - Started process (PID=95) to work on /home/airflow/.local/lib/python3.7/site-packages/airflow/example_dags/example_complex.py
[2022-07-31 06:57:15,138] {processor.py:641} INFO - Processing file /home/airflow/.local/lib/python3.7/site-packages/airflow/example_dags/example_complex.py for tasks to queue
[2022-07-31 06:57:15,139] {logging_mixin.py:115} INFO - [2022-07-31 06:57:15,139] {dagbag.py:508} INFO - Filling up the DagBag from /home/airflow/.local/lib/python3.7/site-packages/airflow/example_dags/example_complex.py
[2022-07-31 06:57:15,163] {processor.py:651} INFO - DAG(s) dict_keys(['example_complex']) retrieved from /home/airflow/.local/lib/python3.7/site-packages/airflow/example_dags/example_complex.py
[2022-07-31 06:57:15,198] {logging_mixin.py:115} INFO - [2022-07-31 06:57:15,198] {dag.py:2420} INFO - Sync 1 DAGs
[2022-07-31 06:57:15,227] {logging_mixin.py:115} INFO - [2022-07-31 06:57:15,227] {dag.py:2972} INFO - Setting next_dagrun for example_complex to None, run_after=None
[2022-07-31 06:57:15,246] {processor.py:161} INFO - Processing /home/airflow/.local/lib/python3.7/site-packages/airflow/example_dags/example_complex.py took 0.114 seconds
[2022-07-31 06:57:46,023] {processor.py:153} INFO - Started process (PID=156) to work on /home/airflow/.local/lib/python3.7/site-packages/airflow/example_dags/example_complex.py
[2022-07-31 06:57:46,024] {processor.py:641} INFO - Processing file /home/airflow/.local/lib/python3.7/site-packages/airflow/example_dags/example_complex.py for tasks to queue
[2022-07-31 06:57:46,025] {logging_mixin.py:115} INFO - [2022-07-31 06:57:46,025] {dagbag.py:508} INFO - Filling up the DagBag from /home/airflow/.local/lib/python3.7/site-packages/airflow/example_dags/example_complex.py
[2022-07-31 06:57:46,044] {processor.py:651} INFO - DAG(s) dict_keys(['example_complex']) retrieved from /home/airflow/.local/lib/python3.7/site-packages/airflow/example_dags/example_complex.py
[2022-07-31 06:57:46,094] {logging_mixin.py:115} INFO - [2022-07-31 06:57:46,094] {dag.py:2420} INFO - Sync 1 DAGs
[2022-07-31 06:57:46,128] {logging_mixin.py:115} INFO - [2022-07-31 06:57:46,128] {dag.py:2972} INFO - Setting next_dagrun for example_complex to None, run_after=None
[2022-07-31 06:57:46,147] {processor.py:161} INFO - Processing /home/airflow/.local/lib/python3.7/site-packages/airflow/example_dags/example_complex.py took 0.130 seconds
[2022-07-31 06:58:16,924] {processor.py:153} INFO - Started process (PID=217) to work on /home/airflow/.local/lib/python3.7/site-packages/airflow/example_dags/example_complex.py
[2022-07-31 06:58:16,928] {processor.py:641} INFO - Processing file /home/airflow/.local/lib/python3.7/site-packages/airflow/example_dags/example_complex.py for tasks to queue
[2022-07-31 06:58:16,929] {logging_mixin.py:115} INFO - [2022-07-31 06:58:16,929] {dagbag.py:508} INFO - Filling up the DagBag from /home/airflow/.local/lib/python3.7/site-packages/airflow/example_dags/example_complex.py
[2022-07-31 06:58:16,956] {processor.py:651} INFO - DAG(s) dict_keys(['example_complex']) retrieved from /home/airflow/.local/lib/python3.7/site-packages/airflow/example_dags/example_complex.py
[2022-07-31 06:58:17,025] {logging_mixin.py:115} INFO - [2022-07-31 06:58:17,025] {dag.py:2420} INFO - Sync 1 DAGs
[2022-07-31 06:58:17,072] {logging_mixin.py:115} INFO - [2022-07-31 06:58:17,072] {dag.py:2972} INFO - Setting next_dagrun for example_complex to None, run_after=None
[2022-07-31 06:58:17,100] {processor.py:161} INFO - Processing /home/airflow/.local/lib/python3.7/site-packages/airflow/example_dags/example_complex.py took 0.185 seconds
[2022-07-31 06:58:47,753] {processor.py:153} INFO - Started process (PID=269) to work on /home/airflow/.local/lib/python3.7/site-packages/airflow/example_dags/example_complex.py
[2022-07-31 06:58:47,754] {processor.py:641} INFO - Processing file /home/airflow/.local/lib/python3.7/site-packages/airflow/example_dags/example_complex.py for tasks to queue
[2022-07-31 06:58:47,755] {logging_mixin.py:115} INFO - [2022-07-31 06:58:47,755] {dagbag.py:508} INFO - Filling up the DagBag from /home/airflow/.local/lib/python3.7/site-packages/airflow/example_dags/example_complex.py
[2022-07-31 06:58:47,793] {processor.py:651} INFO - DAG(s) dict_keys(['example_complex']) retrieved from /home/airflow/.local/lib/python3.7/site-packages/airflow/example_dags/example_complex.py
[2022-07-31 06:58:47,882] {logging_mixin.py:115} INFO - [2022-07-31 06:58:47,881] {dag.py:2420} INFO - Sync 1 DAGs
[2022-07-31 06:58:47,940] {logging_mixin.py:115} INFO - [2022-07-31 06:58:47,940] {dag.py:2972} INFO - Setting next_dagrun for example_complex to None, run_after=None
[2022-07-31 06:58:47,965] {processor.py:161} INFO - Processing /home/airflow/.local/lib/python3.7/site-packages/airflow/example_dags/example_complex.py took 0.221 seconds
[2022-07-31 06:59:18,399] {processor.py:153} INFO - Started process (PID=330) to work on /home/airflow/.local/lib/python3.7/site-packages/airflow/example_dags/example_complex.py
[2022-07-31 06:59:18,400] {processor.py:641} INFO - Processing file /home/airflow/.local/lib/python3.7/site-packages/airflow/example_dags/example_complex.py for tasks to queue
[2022-07-31 06:59:18,401] {logging_mixin.py:115} INFO - [2022-07-31 06:59:18,400] {dagbag.py:508} INFO - Filling up the DagBag from /home/airflow/.local/lib/python3.7/site-packages/airflow/example_dags/example_complex.py
[2022-07-31 06:59:18,419] {processor.py:651} INFO - DAG(s) dict_keys(['example_complex']) retrieved from /home/airflow/.local/lib/python3.7/site-packages/airflow/example_dags/example_complex.py
[2022-07-31 06:59:18,464] {logging_mixin.py:115} INFO - [2022-07-31 06:59:18,464] {dag.py:2420} INFO - Sync 1 DAGs
[2022-07-31 06:59:18,509] {logging_mixin.py:115} INFO - [2022-07-31 06:59:18,509] {dag.py:2972} INFO - Setting next_dagrun for example_complex to None, run_after=None
[2022-07-31 06:59:18,526] {processor.py:161} INFO - Processing /home/airflow/.local/lib/python3.7/site-packages/airflow/example_dags/example_complex.py took 0.132 seconds
[2022-07-31 06:59:48,608] {processor.py:153} INFO - Started process (PID=382) to work on /home/airflow/.local/lib/python3.7/site-packages/airflow/example_dags/example_complex.py
[2022-07-31 06:59:48,609] {processor.py:641} INFO - Processing file /home/airflow/.local/lib/python3.7/site-packages/airflow/example_dags/example_complex.py for tasks to queue
[2022-07-31 06:59:48,610] {logging_mixin.py:115} INFO - [2022-07-31 06:59:48,610] {dagbag.py:508} INFO - Filling up the DagBag from /home/airflow/.local/lib/python3.7/site-packages/airflow/example_dags/example_complex.py
[2022-07-31 06:59:48,628] {processor.py:651} INFO - DAG(s) dict_keys(['example_complex']) retrieved from /home/airflow/.local/lib/python3.7/site-packages/airflow/example_dags/example_complex.py
[2022-07-31 06:59:48,664] {logging_mixin.py:115} INFO - [2022-07-31 06:59:48,664] {dag.py:2420} INFO - Sync 1 DAGs
[2022-07-31 06:59:48,689] {logging_mixin.py:115} INFO - [2022-07-31 06:59:48,689] {dag.py:2972} INFO - Setting next_dagrun for example_complex to None, run_after=None
[2022-07-31 06:59:48,703] {processor.py:161} INFO - Processing /home/airflow/.local/lib/python3.7/site-packages/airflow/example_dags/example_complex.py took 0.101 seconds
[2022-07-31 07:00:19,307] {processor.py:153} INFO - Started process (PID=444) to work on /home/airflow/.local/lib/python3.7/site-packages/airflow/example_dags/example_complex.py
[2022-07-31 07:00:19,308] {processor.py:641} INFO - Processing file /home/airflow/.local/lib/python3.7/site-packages/airflow/example_dags/example_complex.py for tasks to queue
[2022-07-31 07:00:19,309] {logging_mixin.py:115} INFO - [2022-07-31 07:00:19,309] {dagbag.py:508} INFO - Filling up the DagBag from /home/airflow/.local/lib/python3.7/site-packages/airflow/example_dags/example_complex.py
[2022-07-31 07:00:19,329] {processor.py:651} INFO - DAG(s) dict_keys(['example_complex']) retrieved from /home/airflow/.local/lib/python3.7/site-packages/airflow/example_dags/example_complex.py
[2022-07-31 07:00:19,372] {logging_mixin.py:115} INFO - [2022-07-31 07:00:19,372] {dag.py:2420} INFO - Sync 1 DAGs
[2022-07-31 07:00:19,406] {logging_mixin.py:115} INFO - [2022-07-31 07:00:19,406] {dag.py:2972} INFO - Setting next_dagrun for example_complex to None, run_after=None
[2022-07-31 07:00:19,422] {processor.py:161} INFO - Processing /home/airflow/.local/lib/python3.7/site-packages/airflow/example_dags/example_complex.py took 0.119 seconds
[2022-07-31 07:00:50,199] {processor.py:153} INFO - Started process (PID=496) to work on /home/airflow/.local/lib/python3.7/site-packages/airflow/example_dags/example_complex.py
[2022-07-31 07:00:50,200] {processor.py:641} INFO - Processing file /home/airflow/.local/lib/python3.7/site-packages/airflow/example_dags/example_complex.py for tasks to queue
[2022-07-31 07:00:50,201] {logging_mixin.py:115} INFO - [2022-07-31 07:00:50,201] {dagbag.py:508} INFO - Filling up the DagBag from /home/airflow/.local/lib/python3.7/site-packages/airflow/example_dags/example_complex.py
[2022-07-31 07:00:50,226] {processor.py:651} INFO - DAG(s) dict_keys(['example_complex']) retrieved from /home/airflow/.local/lib/python3.7/site-packages/airflow/example_dags/example_complex.py
[2022-07-31 07:00:50,278] {logging_mixin.py:115} INFO - [2022-07-31 07:00:50,278] {dag.py:2420} INFO - Sync 1 DAGs
[2022-07-31 07:00:50,314] {logging_mixin.py:115} INFO - [2022-07-31 07:00:50,314] {dag.py:2972} INFO - Setting next_dagrun for example_complex to None, run_after=None
[2022-07-31 07:00:50,330] {processor.py:161} INFO - Processing /home/airflow/.local/lib/python3.7/site-packages/airflow/example_dags/example_complex.py took 0.137 seconds
[2022-07-31 07:01:21,249] {processor.py:153} INFO - Started process (PID=557) to work on /home/airflow/.local/lib/python3.7/site-packages/airflow/example_dags/example_complex.py
[2022-07-31 07:01:21,250] {processor.py:641} INFO - Processing file /home/airflow/.local/lib/python3.7/site-packages/airflow/example_dags/example_complex.py for tasks to queue
[2022-07-31 07:01:21,250] {logging_mixin.py:115} INFO - [2022-07-31 07:01:21,250] {dagbag.py:508} INFO - Filling up the DagBag from /home/airflow/.local/lib/python3.7/site-packages/airflow/example_dags/example_complex.py
[2022-07-31 07:01:21,267] {processor.py:651} INFO - DAG(s) dict_keys(['example_complex']) retrieved from /home/airflow/.local/lib/python3.7/site-packages/airflow/example_dags/example_complex.py
[2022-07-31 07:01:21,323] {logging_mixin.py:115} INFO - [2022-07-31 07:01:21,323] {dag.py:2420} INFO - Sync 1 DAGs
[2022-07-31 07:01:21,373] {logging_mixin.py:115} INFO - [2022-07-31 07:01:21,373] {dag.py:2972} INFO - Setting next_dagrun for example_complex to None, run_after=None
[2022-07-31 07:01:21,392] {processor.py:161} INFO - Processing /home/airflow/.local/lib/python3.7/site-packages/airflow/example_dags/example_complex.py took 0.148 seconds
[2022-07-31 07:01:51,825] {processor.py:153} INFO - Started process (PID=618) to work on /home/airflow/.local/lib/python3.7/site-packages/airflow/example_dags/example_complex.py
[2022-07-31 07:01:51,826] {processor.py:641} INFO - Processing file /home/airflow/.local/lib/python3.7/site-packages/airflow/example_dags/example_complex.py for tasks to queue
[2022-07-31 07:01:51,827] {logging_mixin.py:115} INFO - [2022-07-31 07:01:51,827] {dagbag.py:508} INFO - Filling up the DagBag from /home/airflow/.local/lib/python3.7/site-packages/airflow/example_dags/example_complex.py
[2022-07-31 07:01:51,845] {processor.py:651} INFO - DAG(s) dict_keys(['example_complex']) retrieved from /home/airflow/.local/lib/python3.7/site-packages/airflow/example_dags/example_complex.py
[2022-07-31 07:01:51,901] {logging_mixin.py:115} INFO - [2022-07-31 07:01:51,900] {dag.py:2420} INFO - Sync 1 DAGs
[2022-07-31 07:01:51,930] {logging_mixin.py:115} INFO - [2022-07-31 07:01:51,930] {dag.py:2972} INFO - Setting next_dagrun for example_complex to None, run_after=None
[2022-07-31 07:01:51,944] {processor.py:161} INFO - Processing /home/airflow/.local/lib/python3.7/site-packages/airflow/example_dags/example_complex.py took 0.126 seconds
[2022-07-31 07:02:22,795] {processor.py:153} INFO - Started process (PID=670) to work on /home/airflow/.local/lib/python3.7/site-packages/airflow/example_dags/example_complex.py
[2022-07-31 07:02:22,796] {processor.py:641} INFO - Processing file /home/airflow/.local/lib/python3.7/site-packages/airflow/example_dags/example_complex.py for tasks to queue
[2022-07-31 07:02:22,798] {logging_mixin.py:115} INFO - [2022-07-31 07:02:22,798] {dagbag.py:508} INFO - Filling up the DagBag from /home/airflow/.local/lib/python3.7/site-packages/airflow/example_dags/example_complex.py
[2022-07-31 07:02:22,832] {processor.py:651} INFO - DAG(s) dict_keys(['example_complex']) retrieved from /home/airflow/.local/lib/python3.7/site-packages/airflow/example_dags/example_complex.py
[2022-07-31 07:02:22,909] {logging_mixin.py:115} INFO - [2022-07-31 07:02:22,908] {dag.py:2420} INFO - Sync 1 DAGs
[2022-07-31 07:02:22,966] {logging_mixin.py:115} INFO - [2022-07-31 07:02:22,965] {dag.py:2972} INFO - Setting next_dagrun for example_complex to None, run_after=None
[2022-07-31 07:02:23,003] {processor.py:161} INFO - Processing /home/airflow/.local/lib/python3.7/site-packages/airflow/example_dags/example_complex.py took 0.217 seconds
[2022-07-31 07:02:53,609] {processor.py:153} INFO - Started process (PID=731) to work on /home/airflow/.local/lib/python3.7/site-packages/airflow/example_dags/example_complex.py
[2022-07-31 07:02:53,610] {processor.py:641} INFO - Processing file /home/airflow/.local/lib/python3.7/site-packages/airflow/example_dags/example_complex.py for tasks to queue
[2022-07-31 07:02:53,611] {logging_mixin.py:115} INFO - [2022-07-31 07:02:53,611] {dagbag.py:508} INFO - Filling up the DagBag from /home/airflow/.local/lib/python3.7/site-packages/airflow/example_dags/example_complex.py
[2022-07-31 07:02:53,656] {processor.py:651} INFO - DAG(s) dict_keys(['example_complex']) retrieved from /home/airflow/.local/lib/python3.7/site-packages/airflow/example_dags/example_complex.py
[2022-07-31 07:02:53,726] {logging_mixin.py:115} INFO - [2022-07-31 07:02:53,726] {dag.py:2420} INFO - Sync 1 DAGs
[2022-07-31 07:02:53,787] {logging_mixin.py:115} INFO - [2022-07-31 07:02:53,787] {dag.py:2972} INFO - Setting next_dagrun for example_complex to None, run_after=None
[2022-07-31 07:02:53,812] {processor.py:161} INFO - Processing /home/airflow/.local/lib/python3.7/site-packages/airflow/example_dags/example_complex.py took 0.211 seconds
[2022-07-31 07:03:24,849] {processor.py:153} INFO - Started process (PID=783) to work on /home/airflow/.local/lib/python3.7/site-packages/airflow/example_dags/example_complex.py
[2022-07-31 07:03:24,851] {processor.py:641} INFO - Processing file /home/airflow/.local/lib/python3.7/site-packages/airflow/example_dags/example_complex.py for tasks to queue
[2022-07-31 07:03:24,853] {logging_mixin.py:115} INFO - [2022-07-31 07:03:24,852] {dagbag.py:508} INFO - Filling up the DagBag from /home/airflow/.local/lib/python3.7/site-packages/airflow/example_dags/example_complex.py
[2022-07-31 07:03:24,880] {processor.py:651} INFO - DAG(s) dict_keys(['example_complex']) retrieved from /home/airflow/.local/lib/python3.7/site-packages/airflow/example_dags/example_complex.py
[2022-07-31 07:03:24,948] {logging_mixin.py:115} INFO - [2022-07-31 07:03:24,948] {dag.py:2420} INFO - Sync 1 DAGs
[2022-07-31 07:03:24,994] {logging_mixin.py:115} INFO - [2022-07-31 07:03:24,994] {dag.py:2972} INFO - Setting next_dagrun for example_complex to None, run_after=None
[2022-07-31 07:03:25,015] {processor.py:161} INFO - Processing /home/airflow/.local/lib/python3.7/site-packages/airflow/example_dags/example_complex.py took 0.173 seconds
[2022-07-31 07:03:55,340] {processor.py:153} INFO - Started process (PID=842) to work on /home/airflow/.local/lib/python3.7/site-packages/airflow/example_dags/example_complex.py
[2022-07-31 07:03:55,341] {processor.py:641} INFO - Processing file /home/airflow/.local/lib/python3.7/site-packages/airflow/example_dags/example_complex.py for tasks to queue
[2022-07-31 07:03:55,343] {logging_mixin.py:115} INFO - [2022-07-31 07:03:55,342] {dagbag.py:508} INFO - Filling up the DagBag from /home/airflow/.local/lib/python3.7/site-packages/airflow/example_dags/example_complex.py
[2022-07-31 07:03:55,377] {processor.py:651} INFO - DAG(s) dict_keys(['example_complex']) retrieved from /home/airflow/.local/lib/python3.7/site-packages/airflow/example_dags/example_complex.py
[2022-07-31 07:03:55,464] {logging_mixin.py:115} INFO - [2022-07-31 07:03:55,464] {dag.py:2420} INFO - Sync 1 DAGs
[2022-07-31 07:03:55,533] {logging_mixin.py:115} INFO - [2022-07-31 07:03:55,533] {dag.py:2972} INFO - Setting next_dagrun for example_complex to None, run_after=None
[2022-07-31 07:03:55,563] {processor.py:161} INFO - Processing /home/airflow/.local/lib/python3.7/site-packages/airflow/example_dags/example_complex.py took 0.234 seconds
[2022-07-31 07:04:25,780] {processor.py:153} INFO - Started process (PID=896) to work on /home/airflow/.local/lib/python3.7/site-packages/airflow/example_dags/example_complex.py
[2022-07-31 07:04:25,784] {processor.py:641} INFO - Processing file /home/airflow/.local/lib/python3.7/site-packages/airflow/example_dags/example_complex.py for tasks to queue
[2022-07-31 07:04:25,785] {logging_mixin.py:115} INFO - [2022-07-31 07:04:25,785] {dagbag.py:508} INFO - Filling up the DagBag from /home/airflow/.local/lib/python3.7/site-packages/airflow/example_dags/example_complex.py
[2022-07-31 07:04:25,803] {processor.py:651} INFO - DAG(s) dict_keys(['example_complex']) retrieved from /home/airflow/.local/lib/python3.7/site-packages/airflow/example_dags/example_complex.py
[2022-07-31 07:04:25,843] {logging_mixin.py:115} INFO - [2022-07-31 07:04:25,843] {dag.py:2420} INFO - Sync 1 DAGs
[2022-07-31 07:04:25,868] {logging_mixin.py:115} INFO - [2022-07-31 07:04:25,868] {dag.py:2972} INFO - Setting next_dagrun for example_complex to None, run_after=None
[2022-07-31 07:04:25,882] {processor.py:161} INFO - Processing /home/airflow/.local/lib/python3.7/site-packages/airflow/example_dags/example_complex.py took 0.112 seconds
[2022-07-31 07:04:56,320] {processor.py:153} INFO - Started process (PID=957) to work on /home/airflow/.local/lib/python3.7/site-packages/airflow/example_dags/example_complex.py
[2022-07-31 07:04:56,322] {processor.py:641} INFO - Processing file /home/airflow/.local/lib/python3.7/site-packages/airflow/example_dags/example_complex.py for tasks to queue
[2022-07-31 07:04:56,323] {logging_mixin.py:115} INFO - [2022-07-31 07:04:56,323] {dagbag.py:508} INFO - Filling up the DagBag from /home/airflow/.local/lib/python3.7/site-packages/airflow/example_dags/example_complex.py
[2022-07-31 07:04:56,350] {processor.py:651} INFO - DAG(s) dict_keys(['example_complex']) retrieved from /home/airflow/.local/lib/python3.7/site-packages/airflow/example_dags/example_complex.py
[2022-07-31 07:04:56,402] {logging_mixin.py:115} INFO - [2022-07-31 07:04:56,402] {dag.py:2420} INFO - Sync 1 DAGs
[2022-07-31 07:04:56,442] {logging_mixin.py:115} INFO - [2022-07-31 07:04:56,442] {dag.py:2972} INFO - Setting next_dagrun for example_complex to None, run_after=None
[2022-07-31 07:04:56,462] {processor.py:161} INFO - Processing /home/airflow/.local/lib/python3.7/site-packages/airflow/example_dags/example_complex.py took 0.151 seconds
[2022-07-31 07:05:27,315] {processor.py:153} INFO - Started process (PID=1010) to work on /home/airflow/.local/lib/python3.7/site-packages/airflow/example_dags/example_complex.py
[2022-07-31 07:05:27,315] {processor.py:641} INFO - Processing file /home/airflow/.local/lib/python3.7/site-packages/airflow/example_dags/example_complex.py for tasks to queue
[2022-07-31 07:05:27,316] {logging_mixin.py:115} INFO - [2022-07-31 07:05:27,316] {dagbag.py:508} INFO - Filling up the DagBag from /home/airflow/.local/lib/python3.7/site-packages/airflow/example_dags/example_complex.py
[2022-07-31 07:05:27,333] {processor.py:651} INFO - DAG(s) dict_keys(['example_complex']) retrieved from /home/airflow/.local/lib/python3.7/site-packages/airflow/example_dags/example_complex.py
[2022-07-31 07:05:27,370] {logging_mixin.py:115} INFO - [2022-07-31 07:05:27,370] {dag.py:2420} INFO - Sync 1 DAGs
[2022-07-31 07:05:27,395] {logging_mixin.py:115} INFO - [2022-07-31 07:05:27,395] {dag.py:2972} INFO - Setting next_dagrun for example_complex to None, run_after=None
[2022-07-31 07:05:27,408] {processor.py:161} INFO - Processing /home/airflow/.local/lib/python3.7/site-packages/airflow/example_dags/example_complex.py took 0.099 seconds
[2022-07-31 07:05:57,778] {processor.py:153} INFO - Started process (PID=1071) to work on /home/airflow/.local/lib/python3.7/site-packages/airflow/example_dags/example_complex.py
[2022-07-31 07:05:57,778] {processor.py:641} INFO - Processing file /home/airflow/.local/lib/python3.7/site-packages/airflow/example_dags/example_complex.py for tasks to queue
[2022-07-31 07:05:57,779] {logging_mixin.py:115} INFO - [2022-07-31 07:05:57,779] {dagbag.py:508} INFO - Filling up the DagBag from /home/airflow/.local/lib/python3.7/site-packages/airflow/example_dags/example_complex.py
[2022-07-31 07:05:57,805] {processor.py:651} INFO - DAG(s) dict_keys(['example_complex']) retrieved from /home/airflow/.local/lib/python3.7/site-packages/airflow/example_dags/example_complex.py
[2022-07-31 07:05:57,843] {logging_mixin.py:115} INFO - [2022-07-31 07:05:57,843] {dag.py:2420} INFO - Sync 1 DAGs
[2022-07-31 07:05:57,868] {logging_mixin.py:115} INFO - [2022-07-31 07:05:57,868] {dag.py:2972} INFO - Setting next_dagrun for example_complex to None, run_after=None
[2022-07-31 07:05:57,883] {processor.py:161} INFO - Processing /home/airflow/.local/lib/python3.7/site-packages/airflow/example_dags/example_complex.py took 0.111 seconds
[2022-07-31 07:06:28,215] {processor.py:153} INFO - Started process (PID=1133) to work on /home/airflow/.local/lib/python3.7/site-packages/airflow/example_dags/example_complex.py
[2022-07-31 07:06:28,216] {processor.py:641} INFO - Processing file /home/airflow/.local/lib/python3.7/site-packages/airflow/example_dags/example_complex.py for tasks to queue
[2022-07-31 07:06:28,216] {logging_mixin.py:115} INFO - [2022-07-31 07:06:28,216] {dagbag.py:508} INFO - Filling up the DagBag from /home/airflow/.local/lib/python3.7/site-packages/airflow/example_dags/example_complex.py
[2022-07-31 07:06:28,235] {processor.py:651} INFO - DAG(s) dict_keys(['example_complex']) retrieved from /home/airflow/.local/lib/python3.7/site-packages/airflow/example_dags/example_complex.py
[2022-07-31 07:06:28,276] {logging_mixin.py:115} INFO - [2022-07-31 07:06:28,275] {dag.py:2420} INFO - Sync 1 DAGs
[2022-07-31 07:06:28,310] {logging_mixin.py:115} INFO - [2022-07-31 07:06:28,310] {dag.py:2972} INFO - Setting next_dagrun for example_complex to None, run_after=None
[2022-07-31 07:06:28,324] {processor.py:161} INFO - Processing /home/airflow/.local/lib/python3.7/site-packages/airflow/example_dags/example_complex.py took 0.114 seconds
[2022-07-31 07:06:59,217] {processor.py:153} INFO - Started process (PID=1185) to work on /home/airflow/.local/lib/python3.7/site-packages/airflow/example_dags/example_complex.py
[2022-07-31 07:06:59,217] {processor.py:641} INFO - Processing file /home/airflow/.local/lib/python3.7/site-packages/airflow/example_dags/example_complex.py for tasks to queue
[2022-07-31 07:06:59,218] {logging_mixin.py:115} INFO - [2022-07-31 07:06:59,218] {dagbag.py:508} INFO - Filling up the DagBag from /home/airflow/.local/lib/python3.7/site-packages/airflow/example_dags/example_complex.py
[2022-07-31 07:06:59,234] {processor.py:651} INFO - DAG(s) dict_keys(['example_complex']) retrieved from /home/airflow/.local/lib/python3.7/site-packages/airflow/example_dags/example_complex.py
[2022-07-31 07:06:59,285] {logging_mixin.py:115} INFO - [2022-07-31 07:06:59,285] {dag.py:2420} INFO - Sync 1 DAGs
[2022-07-31 07:06:59,316] {logging_mixin.py:115} INFO - [2022-07-31 07:06:59,315] {dag.py:2972} INFO - Setting next_dagrun for example_complex to None, run_after=None
[2022-07-31 07:06:59,342] {processor.py:161} INFO - Processing /home/airflow/.local/lib/python3.7/site-packages/airflow/example_dags/example_complex.py took 0.130 seconds
[2022-07-31 07:07:29,959] {processor.py:153} INFO - Started process (PID=1246) to work on /home/airflow/.local/lib/python3.7/site-packages/airflow/example_dags/example_complex.py
[2022-07-31 07:07:29,960] {processor.py:641} INFO - Processing file /home/airflow/.local/lib/python3.7/site-packages/airflow/example_dags/example_complex.py for tasks to queue
[2022-07-31 07:07:29,961] {logging_mixin.py:115} INFO - [2022-07-31 07:07:29,961] {dagbag.py:508} INFO - Filling up the DagBag from /home/airflow/.local/lib/python3.7/site-packages/airflow/example_dags/example_complex.py
[2022-07-31 07:07:29,985] {processor.py:651} INFO - DAG(s) dict_keys(['example_complex']) retrieved from /home/airflow/.local/lib/python3.7/site-packages/airflow/example_dags/example_complex.py
[2022-07-31 07:07:30,026] {logging_mixin.py:115} INFO - [2022-07-31 07:07:30,026] {dag.py:2420} INFO - Sync 1 DAGs
[2022-07-31 07:07:30,054] {logging_mixin.py:115} INFO - [2022-07-31 07:07:30,054] {dag.py:2972} INFO - Setting next_dagrun for example_complex to None, run_after=None
[2022-07-31 07:07:30,068] {processor.py:161} INFO - Processing /home/airflow/.local/lib/python3.7/site-packages/airflow/example_dags/example_complex.py took 0.116 seconds
