[2022-07-31 06:56:52,869] {processor.py:153} INFO - Started process (PID=66) to work on /home/airflow/.local/lib/python3.7/site-packages/airflow/example_dags/example_xcom.py
[2022-07-31 06:56:52,872] {processor.py:641} INFO - Processing file /home/airflow/.local/lib/python3.7/site-packages/airflow/example_dags/example_xcom.py for tasks to queue
[2022-07-31 06:56:52,874] {logging_mixin.py:115} INFO - [2022-07-31 06:56:52,874] {dagbag.py:508} INFO - Filling up the DagBag from /home/airflow/.local/lib/python3.7/site-packages/airflow/example_dags/example_xcom.py
[2022-07-31 06:56:52,919] {processor.py:651} INFO - DAG(s) dict_keys(['example_xcom']) retrieved from /home/airflow/.local/lib/python3.7/site-packages/airflow/example_dags/example_xcom.py
[2022-07-31 06:56:53,161] {logging_mixin.py:115} INFO - [2022-07-31 06:56:53,161] {manager.py:508} INFO - Created Permission View: can edit on DAG:example_xcom
[2022-07-31 06:56:53,178] {logging_mixin.py:115} INFO - [2022-07-31 06:56:53,178] {manager.py:508} INFO - Created Permission View: can read on DAG:example_xcom
[2022-07-31 06:56:53,195] {logging_mixin.py:115} INFO - [2022-07-31 06:56:53,195] {manager.py:508} INFO - Created Permission View: can delete on DAG:example_xcom
[2022-07-31 06:56:53,195] {logging_mixin.py:115} INFO - [2022-07-31 06:56:53,195] {dag.py:2420} INFO - Sync 1 DAGs
[2022-07-31 06:56:53,222] {logging_mixin.py:115} INFO - [2022-07-31 06:56:53,221] {dag.py:2439} INFO - Creating ORM DAG for example_xcom
[2022-07-31 06:56:53,261] {logging_mixin.py:115} INFO - [2022-07-31 06:56:53,261] {dag.py:2972} INFO - Setting next_dagrun for example_xcom to 2021-01-01T00:00:00+00:00, run_after=2021-01-01T00:00:00+00:00
[2022-07-31 06:56:53,300] {processor.py:161} INFO - Processing /home/airflow/.local/lib/python3.7/site-packages/airflow/example_dags/example_xcom.py took 0.436 seconds
[2022-07-31 06:57:24,030] {processor.py:153} INFO - Started process (PID=118) to work on /home/airflow/.local/lib/python3.7/site-packages/airflow/example_dags/example_xcom.py
[2022-07-31 06:57:24,032] {processor.py:641} INFO - Processing file /home/airflow/.local/lib/python3.7/site-packages/airflow/example_dags/example_xcom.py for tasks to queue
[2022-07-31 06:57:24,035] {logging_mixin.py:115} INFO - [2022-07-31 06:57:24,035] {dagbag.py:508} INFO - Filling up the DagBag from /home/airflow/.local/lib/python3.7/site-packages/airflow/example_dags/example_xcom.py
[2022-07-31 06:57:24,084] {processor.py:651} INFO - DAG(s) dict_keys(['example_xcom']) retrieved from /home/airflow/.local/lib/python3.7/site-packages/airflow/example_dags/example_xcom.py
[2022-07-31 06:57:24,151] {logging_mixin.py:115} INFO - [2022-07-31 06:57:24,151] {dag.py:2420} INFO - Sync 1 DAGs
[2022-07-31 06:57:24,200] {logging_mixin.py:115} INFO - [2022-07-31 06:57:24,200] {dag.py:2972} INFO - Setting next_dagrun for example_xcom to 2021-01-01T00:00:00+00:00, run_after=2021-01-01T00:00:00+00:00
[2022-07-31 06:57:24,222] {processor.py:161} INFO - Processing /home/airflow/.local/lib/python3.7/site-packages/airflow/example_dags/example_xcom.py took 0.201 seconds
[2022-07-31 06:57:54,297] {processor.py:153} INFO - Started process (PID=179) to work on /home/airflow/.local/lib/python3.7/site-packages/airflow/example_dags/example_xcom.py
[2022-07-31 06:57:54,298] {processor.py:641} INFO - Processing file /home/airflow/.local/lib/python3.7/site-packages/airflow/example_dags/example_xcom.py for tasks to queue
[2022-07-31 06:57:54,300] {logging_mixin.py:115} INFO - [2022-07-31 06:57:54,299] {dagbag.py:508} INFO - Filling up the DagBag from /home/airflow/.local/lib/python3.7/site-packages/airflow/example_dags/example_xcom.py
[2022-07-31 06:57:54,348] {processor.py:651} INFO - DAG(s) dict_keys(['example_xcom']) retrieved from /home/airflow/.local/lib/python3.7/site-packages/airflow/example_dags/example_xcom.py
[2022-07-31 06:57:54,463] {logging_mixin.py:115} INFO - [2022-07-31 06:57:54,463] {dag.py:2420} INFO - Sync 1 DAGs
[2022-07-31 06:57:54,502] {logging_mixin.py:115} INFO - [2022-07-31 06:57:54,501] {dag.py:2972} INFO - Setting next_dagrun for example_xcom to 2021-01-01T00:00:00+00:00, run_after=2021-01-01T00:00:00+00:00
[2022-07-31 06:57:54,525] {processor.py:161} INFO - Processing /home/airflow/.local/lib/python3.7/site-packages/airflow/example_dags/example_xcom.py took 0.237 seconds
[2022-07-31 06:58:25,133] {processor.py:153} INFO - Started process (PID=231) to work on /home/airflow/.local/lib/python3.7/site-packages/airflow/example_dags/example_xcom.py
[2022-07-31 06:58:25,135] {processor.py:641} INFO - Processing file /home/airflow/.local/lib/python3.7/site-packages/airflow/example_dags/example_xcom.py for tasks to queue
[2022-07-31 06:58:25,136] {logging_mixin.py:115} INFO - [2022-07-31 06:58:25,136] {dagbag.py:508} INFO - Filling up the DagBag from /home/airflow/.local/lib/python3.7/site-packages/airflow/example_dags/example_xcom.py
[2022-07-31 06:58:25,192] {processor.py:651} INFO - DAG(s) dict_keys(['example_xcom']) retrieved from /home/airflow/.local/lib/python3.7/site-packages/airflow/example_dags/example_xcom.py
[2022-07-31 06:58:25,371] {logging_mixin.py:115} INFO - [2022-07-31 06:58:25,371] {dag.py:2420} INFO - Sync 1 DAGs
[2022-07-31 06:58:25,409] {logging_mixin.py:115} INFO - [2022-07-31 06:58:25,409] {dag.py:2972} INFO - Setting next_dagrun for example_xcom to 2021-01-01T00:00:00+00:00, run_after=2021-01-01T00:00:00+00:00
[2022-07-31 06:58:25,435] {processor.py:161} INFO - Processing /home/airflow/.local/lib/python3.7/site-packages/airflow/example_dags/example_xcom.py took 0.312 seconds
[2022-07-31 06:58:55,555] {processor.py:153} INFO - Started process (PID=292) to work on /home/airflow/.local/lib/python3.7/site-packages/airflow/example_dags/example_xcom.py
[2022-07-31 06:58:55,556] {processor.py:641} INFO - Processing file /home/airflow/.local/lib/python3.7/site-packages/airflow/example_dags/example_xcom.py for tasks to queue
[2022-07-31 06:58:55,557] {logging_mixin.py:115} INFO - [2022-07-31 06:58:55,557] {dagbag.py:508} INFO - Filling up the DagBag from /home/airflow/.local/lib/python3.7/site-packages/airflow/example_dags/example_xcom.py
[2022-07-31 06:58:55,593] {processor.py:651} INFO - DAG(s) dict_keys(['example_xcom']) retrieved from /home/airflow/.local/lib/python3.7/site-packages/airflow/example_dags/example_xcom.py
[2022-07-31 06:58:55,758] {logging_mixin.py:115} INFO - [2022-07-31 06:58:55,758] {dag.py:2420} INFO - Sync 1 DAGs
[2022-07-31 06:58:55,789] {logging_mixin.py:115} INFO - [2022-07-31 06:58:55,788] {dag.py:2972} INFO - Setting next_dagrun for example_xcom to 2021-01-01T00:00:00+00:00, run_after=2021-01-01T00:00:00+00:00
[2022-07-31 06:58:55,809] {processor.py:161} INFO - Processing /home/airflow/.local/lib/python3.7/site-packages/airflow/example_dags/example_xcom.py took 0.262 seconds
[2022-07-31 06:59:25,954] {processor.py:153} INFO - Started process (PID=345) to work on /home/airflow/.local/lib/python3.7/site-packages/airflow/example_dags/example_xcom.py
[2022-07-31 06:59:25,954] {processor.py:641} INFO - Processing file /home/airflow/.local/lib/python3.7/site-packages/airflow/example_dags/example_xcom.py for tasks to queue
[2022-07-31 06:59:25,955] {logging_mixin.py:115} INFO - [2022-07-31 06:59:25,955] {dagbag.py:508} INFO - Filling up the DagBag from /home/airflow/.local/lib/python3.7/site-packages/airflow/example_dags/example_xcom.py
[2022-07-31 06:59:25,986] {processor.py:651} INFO - DAG(s) dict_keys(['example_xcom']) retrieved from /home/airflow/.local/lib/python3.7/site-packages/airflow/example_dags/example_xcom.py
[2022-07-31 06:59:26,072] {logging_mixin.py:115} INFO - [2022-07-31 06:59:26,072] {dag.py:2420} INFO - Sync 1 DAGs
[2022-07-31 06:59:26,101] {logging_mixin.py:115} INFO - [2022-07-31 06:59:26,101] {dag.py:2972} INFO - Setting next_dagrun for example_xcom to 2021-01-01T00:00:00+00:00, run_after=2021-01-01T00:00:00+00:00
[2022-07-31 06:59:26,117] {processor.py:161} INFO - Processing /home/airflow/.local/lib/python3.7/site-packages/airflow/example_dags/example_xcom.py took 0.167 seconds
[2022-07-31 06:59:56,719] {processor.py:153} INFO - Started process (PID=405) to work on /home/airflow/.local/lib/python3.7/site-packages/airflow/example_dags/example_xcom.py
[2022-07-31 06:59:56,720] {processor.py:641} INFO - Processing file /home/airflow/.local/lib/python3.7/site-packages/airflow/example_dags/example_xcom.py for tasks to queue
[2022-07-31 06:59:56,721] {logging_mixin.py:115} INFO - [2022-07-31 06:59:56,720] {dagbag.py:508} INFO - Filling up the DagBag from /home/airflow/.local/lib/python3.7/site-packages/airflow/example_dags/example_xcom.py
[2022-07-31 06:59:56,751] {processor.py:651} INFO - DAG(s) dict_keys(['example_xcom']) retrieved from /home/airflow/.local/lib/python3.7/site-packages/airflow/example_dags/example_xcom.py
[2022-07-31 06:59:56,837] {logging_mixin.py:115} INFO - [2022-07-31 06:59:56,837] {dag.py:2420} INFO - Sync 1 DAGs
[2022-07-31 06:59:56,864] {logging_mixin.py:115} INFO - [2022-07-31 06:59:56,863] {dag.py:2972} INFO - Setting next_dagrun for example_xcom to 2021-01-01T00:00:00+00:00, run_after=2021-01-01T00:00:00+00:00
[2022-07-31 06:59:56,882] {processor.py:161} INFO - Processing /home/airflow/.local/lib/python3.7/site-packages/airflow/example_dags/example_xcom.py took 0.167 seconds
[2022-07-31 07:00:27,418] {processor.py:153} INFO - Started process (PID=467) to work on /home/airflow/.local/lib/python3.7/site-packages/airflow/example_dags/example_xcom.py
[2022-07-31 07:00:27,418] {processor.py:641} INFO - Processing file /home/airflow/.local/lib/python3.7/site-packages/airflow/example_dags/example_xcom.py for tasks to queue
[2022-07-31 07:00:27,419] {logging_mixin.py:115} INFO - [2022-07-31 07:00:27,419] {dagbag.py:508} INFO - Filling up the DagBag from /home/airflow/.local/lib/python3.7/site-packages/airflow/example_dags/example_xcom.py
[2022-07-31 07:00:27,442] {processor.py:651} INFO - DAG(s) dict_keys(['example_xcom']) retrieved from /home/airflow/.local/lib/python3.7/site-packages/airflow/example_dags/example_xcom.py
[2022-07-31 07:00:27,542] {logging_mixin.py:115} INFO - [2022-07-31 07:00:27,542] {dag.py:2420} INFO - Sync 1 DAGs
[2022-07-31 07:00:27,571] {logging_mixin.py:115} INFO - [2022-07-31 07:00:27,571] {dag.py:2972} INFO - Setting next_dagrun for example_xcom to 2021-01-01T00:00:00+00:00, run_after=2021-01-01T00:00:00+00:00
[2022-07-31 07:00:27,590] {processor.py:161} INFO - Processing /home/airflow/.local/lib/python3.7/site-packages/airflow/example_dags/example_xcom.py took 0.176 seconds
[2022-07-31 07:00:58,313] {processor.py:153} INFO - Started process (PID=519) to work on /home/airflow/.local/lib/python3.7/site-packages/airflow/example_dags/example_xcom.py
[2022-07-31 07:00:58,315] {processor.py:641} INFO - Processing file /home/airflow/.local/lib/python3.7/site-packages/airflow/example_dags/example_xcom.py for tasks to queue
[2022-07-31 07:00:58,317] {logging_mixin.py:115} INFO - [2022-07-31 07:00:58,317] {dagbag.py:508} INFO - Filling up the DagBag from /home/airflow/.local/lib/python3.7/site-packages/airflow/example_dags/example_xcom.py
[2022-07-31 07:00:58,357] {processor.py:651} INFO - DAG(s) dict_keys(['example_xcom']) retrieved from /home/airflow/.local/lib/python3.7/site-packages/airflow/example_dags/example_xcom.py
[2022-07-31 07:00:58,492] {logging_mixin.py:115} INFO - [2022-07-31 07:00:58,491] {dag.py:2420} INFO - Sync 1 DAGs
[2022-07-31 07:00:58,522] {logging_mixin.py:115} INFO - [2022-07-31 07:00:58,522] {dag.py:2972} INFO - Setting next_dagrun for example_xcom to 2021-01-01T00:00:00+00:00, run_after=2021-01-01T00:00:00+00:00
[2022-07-31 07:00:58,542] {processor.py:161} INFO - Processing /home/airflow/.local/lib/python3.7/site-packages/airflow/example_dags/example_xcom.py took 0.236 seconds
[2022-07-31 07:01:29,304] {processor.py:153} INFO - Started process (PID=580) to work on /home/airflow/.local/lib/python3.7/site-packages/airflow/example_dags/example_xcom.py
[2022-07-31 07:01:29,306] {processor.py:641} INFO - Processing file /home/airflow/.local/lib/python3.7/site-packages/airflow/example_dags/example_xcom.py for tasks to queue
[2022-07-31 07:01:29,307] {logging_mixin.py:115} INFO - [2022-07-31 07:01:29,306] {dagbag.py:508} INFO - Filling up the DagBag from /home/airflow/.local/lib/python3.7/site-packages/airflow/example_dags/example_xcom.py
[2022-07-31 07:01:29,336] {processor.py:651} INFO - DAG(s) dict_keys(['example_xcom']) retrieved from /home/airflow/.local/lib/python3.7/site-packages/airflow/example_dags/example_xcom.py
[2022-07-31 07:01:29,375] {logging_mixin.py:115} INFO - [2022-07-31 07:01:29,375] {dag.py:2420} INFO - Sync 1 DAGs
[2022-07-31 07:01:29,416] {logging_mixin.py:115} INFO - [2022-07-31 07:01:29,416] {dag.py:2972} INFO - Setting next_dagrun for example_xcom to 2021-01-01T00:00:00+00:00, run_after=2021-01-01T00:00:00+00:00
[2022-07-31 07:01:29,431] {processor.py:161} INFO - Processing /home/airflow/.local/lib/python3.7/site-packages/airflow/example_dags/example_xcom.py took 0.134 seconds
[2022-07-31 07:01:59,776] {processor.py:153} INFO - Started process (PID=632) to work on /home/airflow/.local/lib/python3.7/site-packages/airflow/example_dags/example_xcom.py
[2022-07-31 07:01:59,776] {processor.py:641} INFO - Processing file /home/airflow/.local/lib/python3.7/site-packages/airflow/example_dags/example_xcom.py for tasks to queue
[2022-07-31 07:01:59,777] {logging_mixin.py:115} INFO - [2022-07-31 07:01:59,777] {dagbag.py:508} INFO - Filling up the DagBag from /home/airflow/.local/lib/python3.7/site-packages/airflow/example_dags/example_xcom.py
[2022-07-31 07:01:59,809] {processor.py:651} INFO - DAG(s) dict_keys(['example_xcom']) retrieved from /home/airflow/.local/lib/python3.7/site-packages/airflow/example_dags/example_xcom.py
[2022-07-31 07:02:00,003] {logging_mixin.py:115} INFO - [2022-07-31 07:02:00,003] {dag.py:2420} INFO - Sync 1 DAGs
[2022-07-31 07:02:00,045] {logging_mixin.py:115} INFO - [2022-07-31 07:02:00,044] {dag.py:2972} INFO - Setting next_dagrun for example_xcom to 2021-01-01T00:00:00+00:00, run_after=2021-01-01T00:00:00+00:00
[2022-07-31 07:02:00,166] {processor.py:161} INFO - Processing /home/airflow/.local/lib/python3.7/site-packages/airflow/example_dags/example_xcom.py took 0.396 seconds
[2022-07-31 07:02:30,409] {processor.py:153} INFO - Started process (PID=693) to work on /home/airflow/.local/lib/python3.7/site-packages/airflow/example_dags/example_xcom.py
[2022-07-31 07:02:30,411] {processor.py:641} INFO - Processing file /home/airflow/.local/lib/python3.7/site-packages/airflow/example_dags/example_xcom.py for tasks to queue
[2022-07-31 07:02:30,412] {logging_mixin.py:115} INFO - [2022-07-31 07:02:30,412] {dagbag.py:508} INFO - Filling up the DagBag from /home/airflow/.local/lib/python3.7/site-packages/airflow/example_dags/example_xcom.py
[2022-07-31 07:02:30,444] {processor.py:651} INFO - DAG(s) dict_keys(['example_xcom']) retrieved from /home/airflow/.local/lib/python3.7/site-packages/airflow/example_dags/example_xcom.py
[2022-07-31 07:02:30,494] {logging_mixin.py:115} INFO - [2022-07-31 07:02:30,493] {dag.py:2420} INFO - Sync 1 DAGs
[2022-07-31 07:02:30,533] {logging_mixin.py:115} INFO - [2022-07-31 07:02:30,532] {dag.py:2972} INFO - Setting next_dagrun for example_xcom to 2021-01-01T00:00:00+00:00, run_after=2021-01-01T00:00:00+00:00
[2022-07-31 07:02:30,556] {processor.py:161} INFO - Processing /home/airflow/.local/lib/python3.7/site-packages/airflow/example_dags/example_xcom.py took 0.156 seconds
[2022-07-31 07:03:00,965] {processor.py:153} INFO - Started process (PID=745) to work on /home/airflow/.local/lib/python3.7/site-packages/airflow/example_dags/example_xcom.py
[2022-07-31 07:03:00,966] {processor.py:641} INFO - Processing file /home/airflow/.local/lib/python3.7/site-packages/airflow/example_dags/example_xcom.py for tasks to queue
[2022-07-31 07:03:00,967] {logging_mixin.py:115} INFO - [2022-07-31 07:03:00,967] {dagbag.py:508} INFO - Filling up the DagBag from /home/airflow/.local/lib/python3.7/site-packages/airflow/example_dags/example_xcom.py
[2022-07-31 07:03:01,003] {processor.py:651} INFO - DAG(s) dict_keys(['example_xcom']) retrieved from /home/airflow/.local/lib/python3.7/site-packages/airflow/example_dags/example_xcom.py
[2022-07-31 07:03:01,173] {logging_mixin.py:115} INFO - [2022-07-31 07:03:01,173] {dag.py:2420} INFO - Sync 1 DAGs
[2022-07-31 07:03:01,210] {logging_mixin.py:115} INFO - [2022-07-31 07:03:01,210] {dag.py:2972} INFO - Setting next_dagrun for example_xcom to 2021-01-01T00:00:00+00:00, run_after=2021-01-01T00:00:00+00:00
[2022-07-31 07:03:01,234] {processor.py:161} INFO - Processing /home/airflow/.local/lib/python3.7/site-packages/airflow/example_dags/example_xcom.py took 0.277 seconds
[2022-07-31 07:03:31,464] {processor.py:153} INFO - Started process (PID=806) to work on /home/airflow/.local/lib/python3.7/site-packages/airflow/example_dags/example_xcom.py
[2022-07-31 07:03:31,467] {processor.py:641} INFO - Processing file /home/airflow/.local/lib/python3.7/site-packages/airflow/example_dags/example_xcom.py for tasks to queue
[2022-07-31 07:03:31,469] {logging_mixin.py:115} INFO - [2022-07-31 07:03:31,469] {dagbag.py:508} INFO - Filling up the DagBag from /home/airflow/.local/lib/python3.7/site-packages/airflow/example_dags/example_xcom.py
[2022-07-31 07:03:31,521] {processor.py:651} INFO - DAG(s) dict_keys(['example_xcom']) retrieved from /home/airflow/.local/lib/python3.7/site-packages/airflow/example_dags/example_xcom.py
[2022-07-31 07:03:31,588] {logging_mixin.py:115} INFO - [2022-07-31 07:03:31,587] {dag.py:2420} INFO - Sync 1 DAGs
[2022-07-31 07:03:31,648] {logging_mixin.py:115} INFO - [2022-07-31 07:03:31,647] {dag.py:2972} INFO - Setting next_dagrun for example_xcom to 2021-01-01T00:00:00+00:00, run_after=2021-01-01T00:00:00+00:00
[2022-07-31 07:03:31,678] {processor.py:161} INFO - Processing /home/airflow/.local/lib/python3.7/site-packages/airflow/example_dags/example_xcom.py took 0.223 seconds
[2022-07-31 07:04:01,974] {processor.py:153} INFO - Started process (PID=858) to work on /home/airflow/.local/lib/python3.7/site-packages/airflow/example_dags/example_xcom.py
[2022-07-31 07:04:01,975] {processor.py:641} INFO - Processing file /home/airflow/.local/lib/python3.7/site-packages/airflow/example_dags/example_xcom.py for tasks to queue
[2022-07-31 07:04:01,976] {logging_mixin.py:115} INFO - [2022-07-31 07:04:01,975] {dagbag.py:508} INFO - Filling up the DagBag from /home/airflow/.local/lib/python3.7/site-packages/airflow/example_dags/example_xcom.py
[2022-07-31 07:04:02,005] {processor.py:651} INFO - DAG(s) dict_keys(['example_xcom']) retrieved from /home/airflow/.local/lib/python3.7/site-packages/airflow/example_dags/example_xcom.py
[2022-07-31 07:04:02,127] {logging_mixin.py:115} INFO - [2022-07-31 07:04:02,127] {dag.py:2420} INFO - Sync 1 DAGs
[2022-07-31 07:04:02,156] {logging_mixin.py:115} INFO - [2022-07-31 07:04:02,156] {dag.py:2972} INFO - Setting next_dagrun for example_xcom to 2021-01-01T00:00:00+00:00, run_after=2021-01-01T00:00:00+00:00
[2022-07-31 07:04:02,172] {processor.py:161} INFO - Processing /home/airflow/.local/lib/python3.7/site-packages/airflow/example_dags/example_xcom.py took 0.205 seconds
[2022-07-31 07:04:33,013] {processor.py:153} INFO - Started process (PID=919) to work on /home/airflow/.local/lib/python3.7/site-packages/airflow/example_dags/example_xcom.py
[2022-07-31 07:04:33,017] {processor.py:641} INFO - Processing file /home/airflow/.local/lib/python3.7/site-packages/airflow/example_dags/example_xcom.py for tasks to queue
[2022-07-31 07:04:33,020] {logging_mixin.py:115} INFO - [2022-07-31 07:04:33,019] {dagbag.py:508} INFO - Filling up the DagBag from /home/airflow/.local/lib/python3.7/site-packages/airflow/example_dags/example_xcom.py
[2022-07-31 07:04:33,101] {processor.py:651} INFO - DAG(s) dict_keys(['example_xcom']) retrieved from /home/airflow/.local/lib/python3.7/site-packages/airflow/example_dags/example_xcom.py
[2022-07-31 07:04:33,255] {logging_mixin.py:115} INFO - [2022-07-31 07:04:33,254] {dag.py:2420} INFO - Sync 1 DAGs
[2022-07-31 07:04:33,305] {logging_mixin.py:115} INFO - [2022-07-31 07:04:33,305] {dag.py:2972} INFO - Setting next_dagrun for example_xcom to 2021-01-01T00:00:00+00:00, run_after=2021-01-01T00:00:00+00:00
[2022-07-31 07:04:33,339] {processor.py:161} INFO - Processing /home/airflow/.local/lib/python3.7/site-packages/airflow/example_dags/example_xcom.py took 0.337 seconds
[2022-07-31 07:05:03,521] {processor.py:153} INFO - Started process (PID=971) to work on /home/airflow/.local/lib/python3.7/site-packages/airflow/example_dags/example_xcom.py
[2022-07-31 07:05:03,522] {processor.py:641} INFO - Processing file /home/airflow/.local/lib/python3.7/site-packages/airflow/example_dags/example_xcom.py for tasks to queue
[2022-07-31 07:05:03,523] {logging_mixin.py:115} INFO - [2022-07-31 07:05:03,523] {dagbag.py:508} INFO - Filling up the DagBag from /home/airflow/.local/lib/python3.7/site-packages/airflow/example_dags/example_xcom.py
[2022-07-31 07:05:03,553] {processor.py:651} INFO - DAG(s) dict_keys(['example_xcom']) retrieved from /home/airflow/.local/lib/python3.7/site-packages/airflow/example_dags/example_xcom.py
[2022-07-31 07:05:03,642] {logging_mixin.py:115} INFO - [2022-07-31 07:05:03,642] {dag.py:2420} INFO - Sync 1 DAGs
[2022-07-31 07:05:03,666] {logging_mixin.py:115} INFO - [2022-07-31 07:05:03,666] {dag.py:2972} INFO - Setting next_dagrun for example_xcom to 2021-01-01T00:00:00+00:00, run_after=2021-01-01T00:00:00+00:00
[2022-07-31 07:05:03,682] {processor.py:161} INFO - Processing /home/airflow/.local/lib/python3.7/site-packages/airflow/example_dags/example_xcom.py took 0.168 seconds
[2022-07-31 07:05:34,188] {processor.py:153} INFO - Started process (PID=1033) to work on /home/airflow/.local/lib/python3.7/site-packages/airflow/example_dags/example_xcom.py
[2022-07-31 07:05:34,189] {processor.py:641} INFO - Processing file /home/airflow/.local/lib/python3.7/site-packages/airflow/example_dags/example_xcom.py for tasks to queue
[2022-07-31 07:05:34,190] {logging_mixin.py:115} INFO - [2022-07-31 07:05:34,189] {dagbag.py:508} INFO - Filling up the DagBag from /home/airflow/.local/lib/python3.7/site-packages/airflow/example_dags/example_xcom.py
[2022-07-31 07:05:34,216] {processor.py:651} INFO - DAG(s) dict_keys(['example_xcom']) retrieved from /home/airflow/.local/lib/python3.7/site-packages/airflow/example_dags/example_xcom.py
[2022-07-31 07:05:34,262] {logging_mixin.py:115} INFO - [2022-07-31 07:05:34,262] {dag.py:2420} INFO - Sync 1 DAGs
[2022-07-31 07:05:34,303] {logging_mixin.py:115} INFO - [2022-07-31 07:05:34,303] {dag.py:2972} INFO - Setting next_dagrun for example_xcom to 2021-01-01T00:00:00+00:00, run_after=2021-01-01T00:00:00+00:00
[2022-07-31 07:05:34,325] {processor.py:161} INFO - Processing /home/airflow/.local/lib/python3.7/site-packages/airflow/example_dags/example_xcom.py took 0.143 seconds
[2022-07-31 07:06:04,723] {processor.py:153} INFO - Started process (PID=1095) to work on /home/airflow/.local/lib/python3.7/site-packages/airflow/example_dags/example_xcom.py
[2022-07-31 07:06:04,724] {processor.py:641} INFO - Processing file /home/airflow/.local/lib/python3.7/site-packages/airflow/example_dags/example_xcom.py for tasks to queue
[2022-07-31 07:06:04,725] {logging_mixin.py:115} INFO - [2022-07-31 07:06:04,725] {dagbag.py:508} INFO - Filling up the DagBag from /home/airflow/.local/lib/python3.7/site-packages/airflow/example_dags/example_xcom.py
[2022-07-31 07:06:04,747] {processor.py:651} INFO - DAG(s) dict_keys(['example_xcom']) retrieved from /home/airflow/.local/lib/python3.7/site-packages/airflow/example_dags/example_xcom.py
[2022-07-31 07:06:04,786] {logging_mixin.py:115} INFO - [2022-07-31 07:06:04,785] {dag.py:2420} INFO - Sync 1 DAGs
[2022-07-31 07:06:04,821] {logging_mixin.py:115} INFO - [2022-07-31 07:06:04,821] {dag.py:2972} INFO - Setting next_dagrun for example_xcom to 2021-01-01T00:00:00+00:00, run_after=2021-01-01T00:00:00+00:00
[2022-07-31 07:06:04,840] {processor.py:161} INFO - Processing /home/airflow/.local/lib/python3.7/site-packages/airflow/example_dags/example_xcom.py took 0.121 seconds
[2022-07-31 07:06:35,157] {processor.py:153} INFO - Started process (PID=1147) to work on /home/airflow/.local/lib/python3.7/site-packages/airflow/example_dags/example_xcom.py
[2022-07-31 07:06:35,159] {processor.py:641} INFO - Processing file /home/airflow/.local/lib/python3.7/site-packages/airflow/example_dags/example_xcom.py for tasks to queue
[2022-07-31 07:06:35,160] {logging_mixin.py:115} INFO - [2022-07-31 07:06:35,160] {dagbag.py:508} INFO - Filling up the DagBag from /home/airflow/.local/lib/python3.7/site-packages/airflow/example_dags/example_xcom.py
[2022-07-31 07:06:35,185] {processor.py:651} INFO - DAG(s) dict_keys(['example_xcom']) retrieved from /home/airflow/.local/lib/python3.7/site-packages/airflow/example_dags/example_xcom.py
[2022-07-31 07:06:35,221] {logging_mixin.py:115} INFO - [2022-07-31 07:06:35,221] {dag.py:2420} INFO - Sync 1 DAGs
[2022-07-31 07:06:35,248] {logging_mixin.py:115} INFO - [2022-07-31 07:06:35,248] {dag.py:2972} INFO - Setting next_dagrun for example_xcom to 2021-01-01T00:00:00+00:00, run_after=2021-01-01T00:00:00+00:00
[2022-07-31 07:06:35,264] {processor.py:161} INFO - Processing /home/airflow/.local/lib/python3.7/site-packages/airflow/example_dags/example_xcom.py took 0.114 seconds
[2022-07-31 07:07:05,416] {processor.py:153} INFO - Started process (PID=1208) to work on /home/airflow/.local/lib/python3.7/site-packages/airflow/example_dags/example_xcom.py
[2022-07-31 07:07:05,417] {processor.py:641} INFO - Processing file /home/airflow/.local/lib/python3.7/site-packages/airflow/example_dags/example_xcom.py for tasks to queue
[2022-07-31 07:07:05,419] {logging_mixin.py:115} INFO - [2022-07-31 07:07:05,418] {dagbag.py:508} INFO - Filling up the DagBag from /home/airflow/.local/lib/python3.7/site-packages/airflow/example_dags/example_xcom.py
[2022-07-31 07:07:05,449] {processor.py:651} INFO - DAG(s) dict_keys(['example_xcom']) retrieved from /home/airflow/.local/lib/python3.7/site-packages/airflow/example_dags/example_xcom.py
[2022-07-31 07:07:05,584] {logging_mixin.py:115} INFO - [2022-07-31 07:07:05,584] {dag.py:2420} INFO - Sync 1 DAGs
[2022-07-31 07:07:05,608] {logging_mixin.py:115} INFO - [2022-07-31 07:07:05,608] {dag.py:2972} INFO - Setting next_dagrun for example_xcom to 2021-01-01T00:00:00+00:00, run_after=2021-01-01T00:00:00+00:00
[2022-07-31 07:07:05,628] {processor.py:161} INFO - Processing /home/airflow/.local/lib/python3.7/site-packages/airflow/example_dags/example_xcom.py took 0.221 seconds
[2022-07-31 07:07:35,971] {processor.py:153} INFO - Started process (PID=1269) to work on /home/airflow/.local/lib/python3.7/site-packages/airflow/example_dags/example_xcom.py
[2022-07-31 07:07:35,971] {processor.py:641} INFO - Processing file /home/airflow/.local/lib/python3.7/site-packages/airflow/example_dags/example_xcom.py for tasks to queue
[2022-07-31 07:07:35,972] {logging_mixin.py:115} INFO - [2022-07-31 07:07:35,972] {dagbag.py:508} INFO - Filling up the DagBag from /home/airflow/.local/lib/python3.7/site-packages/airflow/example_dags/example_xcom.py
[2022-07-31 07:07:35,993] {processor.py:651} INFO - DAG(s) dict_keys(['example_xcom']) retrieved from /home/airflow/.local/lib/python3.7/site-packages/airflow/example_dags/example_xcom.py
[2022-07-31 07:07:36,076] {logging_mixin.py:115} INFO - [2022-07-31 07:07:36,076] {dag.py:2420} INFO - Sync 1 DAGs
[2022-07-31 07:07:36,103] {logging_mixin.py:115} INFO - [2022-07-31 07:07:36,103] {dag.py:2972} INFO - Setting next_dagrun for example_xcom to 2021-01-01T00:00:00+00:00, run_after=2021-01-01T00:00:00+00:00
[2022-07-31 07:07:36,118] {processor.py:161} INFO - Processing /home/airflow/.local/lib/python3.7/site-packages/airflow/example_dags/example_xcom.py took 0.153 seconds
