[2022-07-31 06:56:56,436] {processor.py:153} INFO - Started process (PID=81) to work on /home/airflow/.local/lib/python3.7/site-packages/airflow/example_dags/example_branch_operator.py
[2022-07-31 06:56:56,437] {processor.py:641} INFO - Processing file /home/airflow/.local/lib/python3.7/site-packages/airflow/example_dags/example_branch_operator.py for tasks to queue
[2022-07-31 06:56:56,439] {logging_mixin.py:115} INFO - [2022-07-31 06:56:56,439] {dagbag.py:508} INFO - Filling up the DagBag from /home/airflow/.local/lib/python3.7/site-packages/airflow/example_dags/example_branch_operator.py
[2022-07-31 06:56:56,461] {processor.py:651} INFO - DAG(s) dict_keys(['example_branch_operator']) retrieved from /home/airflow/.local/lib/python3.7/site-packages/airflow/example_dags/example_branch_operator.py
[2022-07-31 06:56:56,649] {logging_mixin.py:115} INFO - [2022-07-31 06:56:56,648] {manager.py:508} INFO - Created Permission View: can edit on DAG:example_branch_operator
[2022-07-31 06:56:56,662] {logging_mixin.py:115} INFO - [2022-07-31 06:56:56,662] {manager.py:508} INFO - Created Permission View: can read on DAG:example_branch_operator
[2022-07-31 06:56:56,682] {logging_mixin.py:115} INFO - [2022-07-31 06:56:56,682] {manager.py:508} INFO - Created Permission View: can delete on DAG:example_branch_operator
[2022-07-31 06:56:56,691] {logging_mixin.py:115} INFO - [2022-07-31 06:56:56,691] {dag.py:2420} INFO - Sync 1 DAGs
[2022-07-31 06:56:56,710] {logging_mixin.py:115} INFO - [2022-07-31 06:56:56,710] {dag.py:2439} INFO - Creating ORM DAG for example_branch_operator
[2022-07-31 06:56:56,762] {logging_mixin.py:115} INFO - [2022-07-31 06:56:56,762] {dag.py:2972} INFO - Setting next_dagrun for example_branch_operator to 2022-07-30T00:00:00+00:00, run_after=2022-07-31T00:00:00+00:00
[2022-07-31 06:56:56,816] {processor.py:161} INFO - Processing /home/airflow/.local/lib/python3.7/site-packages/airflow/example_dags/example_branch_operator.py took 0.384 seconds
[2022-07-31 06:57:27,587] {processor.py:153} INFO - Started process (PID=133) to work on /home/airflow/.local/lib/python3.7/site-packages/airflow/example_dags/example_branch_operator.py
[2022-07-31 06:57:27,588] {processor.py:641} INFO - Processing file /home/airflow/.local/lib/python3.7/site-packages/airflow/example_dags/example_branch_operator.py for tasks to queue
[2022-07-31 06:57:27,589] {logging_mixin.py:115} INFO - [2022-07-31 06:57:27,589] {dagbag.py:508} INFO - Filling up the DagBag from /home/airflow/.local/lib/python3.7/site-packages/airflow/example_dags/example_branch_operator.py
[2022-07-31 06:57:27,608] {processor.py:651} INFO - DAG(s) dict_keys(['example_branch_operator']) retrieved from /home/airflow/.local/lib/python3.7/site-packages/airflow/example_dags/example_branch_operator.py
[2022-07-31 06:57:27,644] {logging_mixin.py:115} INFO - [2022-07-31 06:57:27,644] {dag.py:2420} INFO - Sync 1 DAGs
[2022-07-31 06:57:27,672] {logging_mixin.py:115} INFO - [2022-07-31 06:57:27,672] {dag.py:2972} INFO - Setting next_dagrun for example_branch_operator to 2022-07-30T00:00:00+00:00, run_after=2022-07-31T00:00:00+00:00
[2022-07-31 06:57:27,688] {processor.py:161} INFO - Processing /home/airflow/.local/lib/python3.7/site-packages/airflow/example_dags/example_branch_operator.py took 0.107 seconds
[2022-07-31 06:57:58,474] {processor.py:153} INFO - Started process (PID=194) to work on /home/airflow/.local/lib/python3.7/site-packages/airflow/example_dags/example_branch_operator.py
[2022-07-31 06:57:58,474] {processor.py:641} INFO - Processing file /home/airflow/.local/lib/python3.7/site-packages/airflow/example_dags/example_branch_operator.py for tasks to queue
[2022-07-31 06:57:58,475] {logging_mixin.py:115} INFO - [2022-07-31 06:57:58,475] {dagbag.py:508} INFO - Filling up the DagBag from /home/airflow/.local/lib/python3.7/site-packages/airflow/example_dags/example_branch_operator.py
[2022-07-31 06:57:58,492] {processor.py:651} INFO - DAG(s) dict_keys(['example_branch_operator']) retrieved from /home/airflow/.local/lib/python3.7/site-packages/airflow/example_dags/example_branch_operator.py
[2022-07-31 06:57:58,524] {logging_mixin.py:115} INFO - [2022-07-31 06:57:58,524] {dag.py:2420} INFO - Sync 1 DAGs
[2022-07-31 06:57:58,552] {logging_mixin.py:115} INFO - [2022-07-31 06:57:58,552] {dag.py:2972} INFO - Setting next_dagrun for example_branch_operator to 2022-07-30T00:00:00+00:00, run_after=2022-07-31T00:00:00+00:00
[2022-07-31 06:57:58,566] {processor.py:161} INFO - Processing /home/airflow/.local/lib/python3.7/site-packages/airflow/example_dags/example_branch_operator.py took 0.098 seconds
[2022-07-31 06:58:29,117] {processor.py:153} INFO - Started process (PID=255) to work on /home/airflow/.local/lib/python3.7/site-packages/airflow/example_dags/example_branch_operator.py
[2022-07-31 06:58:29,118] {processor.py:641} INFO - Processing file /home/airflow/.local/lib/python3.7/site-packages/airflow/example_dags/example_branch_operator.py for tasks to queue
[2022-07-31 06:58:29,119] {logging_mixin.py:115} INFO - [2022-07-31 06:58:29,119] {dagbag.py:508} INFO - Filling up the DagBag from /home/airflow/.local/lib/python3.7/site-packages/airflow/example_dags/example_branch_operator.py
[2022-07-31 06:58:29,140] {processor.py:651} INFO - DAG(s) dict_keys(['example_branch_operator']) retrieved from /home/airflow/.local/lib/python3.7/site-packages/airflow/example_dags/example_branch_operator.py
[2022-07-31 06:58:29,189] {logging_mixin.py:115} INFO - [2022-07-31 06:58:29,188] {dag.py:2420} INFO - Sync 1 DAGs
[2022-07-31 06:58:29,239] {logging_mixin.py:115} INFO - [2022-07-31 06:58:29,239] {dag.py:2972} INFO - Setting next_dagrun for example_branch_operator to 2022-07-30T00:00:00+00:00, run_after=2022-07-31T00:00:00+00:00
[2022-07-31 06:58:29,283] {processor.py:161} INFO - Processing /home/airflow/.local/lib/python3.7/site-packages/airflow/example_dags/example_branch_operator.py took 0.174 seconds
[2022-07-31 06:59:00,015] {processor.py:153} INFO - Started process (PID=307) to work on /home/airflow/.local/lib/python3.7/site-packages/airflow/example_dags/example_branch_operator.py
[2022-07-31 06:59:00,016] {processor.py:641} INFO - Processing file /home/airflow/.local/lib/python3.7/site-packages/airflow/example_dags/example_branch_operator.py for tasks to queue
[2022-07-31 06:59:00,017] {logging_mixin.py:115} INFO - [2022-07-31 06:59:00,017] {dagbag.py:508} INFO - Filling up the DagBag from /home/airflow/.local/lib/python3.7/site-packages/airflow/example_dags/example_branch_operator.py
[2022-07-31 06:59:00,036] {processor.py:651} INFO - DAG(s) dict_keys(['example_branch_operator']) retrieved from /home/airflow/.local/lib/python3.7/site-packages/airflow/example_dags/example_branch_operator.py
[2022-07-31 06:59:00,087] {logging_mixin.py:115} INFO - [2022-07-31 06:59:00,087] {dag.py:2420} INFO - Sync 1 DAGs
[2022-07-31 06:59:00,134] {logging_mixin.py:115} INFO - [2022-07-31 06:59:00,133] {dag.py:2972} INFO - Setting next_dagrun for example_branch_operator to 2022-07-30T00:00:00+00:00, run_after=2022-07-31T00:00:00+00:00
[2022-07-31 06:59:00,152] {processor.py:161} INFO - Processing /home/airflow/.local/lib/python3.7/site-packages/airflow/example_dags/example_branch_operator.py took 0.144 seconds
[2022-07-31 06:59:30,315] {processor.py:153} INFO - Started process (PID=369) to work on /home/airflow/.local/lib/python3.7/site-packages/airflow/example_dags/example_branch_operator.py
[2022-07-31 06:59:30,316] {processor.py:641} INFO - Processing file /home/airflow/.local/lib/python3.7/site-packages/airflow/example_dags/example_branch_operator.py for tasks to queue
[2022-07-31 06:59:30,317] {logging_mixin.py:115} INFO - [2022-07-31 06:59:30,316] {dagbag.py:508} INFO - Filling up the DagBag from /home/airflow/.local/lib/python3.7/site-packages/airflow/example_dags/example_branch_operator.py
[2022-07-31 06:59:30,341] {processor.py:651} INFO - DAG(s) dict_keys(['example_branch_operator']) retrieved from /home/airflow/.local/lib/python3.7/site-packages/airflow/example_dags/example_branch_operator.py
[2022-07-31 06:59:30,376] {logging_mixin.py:115} INFO - [2022-07-31 06:59:30,376] {dag.py:2420} INFO - Sync 1 DAGs
[2022-07-31 06:59:30,409] {logging_mixin.py:115} INFO - [2022-07-31 06:59:30,408] {dag.py:2972} INFO - Setting next_dagrun for example_branch_operator to 2022-07-30T00:00:00+00:00, run_after=2022-07-31T00:00:00+00:00
[2022-07-31 06:59:30,424] {processor.py:161} INFO - Processing /home/airflow/.local/lib/python3.7/site-packages/airflow/example_dags/example_branch_operator.py took 0.114 seconds
[2022-07-31 07:00:00,942] {processor.py:153} INFO - Started process (PID=420) to work on /home/airflow/.local/lib/python3.7/site-packages/airflow/example_dags/example_branch_operator.py
[2022-07-31 07:00:00,943] {processor.py:641} INFO - Processing file /home/airflow/.local/lib/python3.7/site-packages/airflow/example_dags/example_branch_operator.py for tasks to queue
[2022-07-31 07:00:00,944] {logging_mixin.py:115} INFO - [2022-07-31 07:00:00,943] {dagbag.py:508} INFO - Filling up the DagBag from /home/airflow/.local/lib/python3.7/site-packages/airflow/example_dags/example_branch_operator.py
[2022-07-31 07:00:00,968] {processor.py:651} INFO - DAG(s) dict_keys(['example_branch_operator']) retrieved from /home/airflow/.local/lib/python3.7/site-packages/airflow/example_dags/example_branch_operator.py
[2022-07-31 07:00:01,023] {logging_mixin.py:115} INFO - [2022-07-31 07:00:01,023] {dag.py:2420} INFO - Sync 1 DAGs
[2022-07-31 07:00:01,073] {logging_mixin.py:115} INFO - [2022-07-31 07:00:01,073] {dag.py:2972} INFO - Setting next_dagrun for example_branch_operator to 2022-07-30T00:00:00+00:00, run_after=2022-07-31T00:00:00+00:00
[2022-07-31 07:00:01,096] {processor.py:161} INFO - Processing /home/airflow/.local/lib/python3.7/site-packages/airflow/example_dags/example_branch_operator.py took 0.162 seconds
[2022-07-31 07:00:31,989] {processor.py:153} INFO - Started process (PID=482) to work on /home/airflow/.local/lib/python3.7/site-packages/airflow/example_dags/example_branch_operator.py
[2022-07-31 07:00:31,990] {processor.py:641} INFO - Processing file /home/airflow/.local/lib/python3.7/site-packages/airflow/example_dags/example_branch_operator.py for tasks to queue
[2022-07-31 07:00:31,992] {logging_mixin.py:115} INFO - [2022-07-31 07:00:31,992] {dagbag.py:508} INFO - Filling up the DagBag from /home/airflow/.local/lib/python3.7/site-packages/airflow/example_dags/example_branch_operator.py
[2022-07-31 07:00:32,022] {processor.py:651} INFO - DAG(s) dict_keys(['example_branch_operator']) retrieved from /home/airflow/.local/lib/python3.7/site-packages/airflow/example_dags/example_branch_operator.py
[2022-07-31 07:00:32,083] {logging_mixin.py:115} INFO - [2022-07-31 07:00:32,082] {dag.py:2420} INFO - Sync 1 DAGs
[2022-07-31 07:00:32,140] {logging_mixin.py:115} INFO - [2022-07-31 07:00:32,139] {dag.py:2972} INFO - Setting next_dagrun for example_branch_operator to 2022-07-30T00:00:00+00:00, run_after=2022-07-31T00:00:00+00:00
[2022-07-31 07:00:32,167] {processor.py:161} INFO - Processing /home/airflow/.local/lib/python3.7/site-packages/airflow/example_dags/example_branch_operator.py took 0.186 seconds
[2022-07-31 07:01:02,892] {processor.py:153} INFO - Started process (PID=534) to work on /home/airflow/.local/lib/python3.7/site-packages/airflow/example_dags/example_branch_operator.py
[2022-07-31 07:01:02,892] {processor.py:641} INFO - Processing file /home/airflow/.local/lib/python3.7/site-packages/airflow/example_dags/example_branch_operator.py for tasks to queue
[2022-07-31 07:01:02,893] {logging_mixin.py:115} INFO - [2022-07-31 07:01:02,893] {dagbag.py:508} INFO - Filling up the DagBag from /home/airflow/.local/lib/python3.7/site-packages/airflow/example_dags/example_branch_operator.py
[2022-07-31 07:01:02,924] {processor.py:651} INFO - DAG(s) dict_keys(['example_branch_operator']) retrieved from /home/airflow/.local/lib/python3.7/site-packages/airflow/example_dags/example_branch_operator.py
[2022-07-31 07:01:02,993] {logging_mixin.py:115} INFO - [2022-07-31 07:01:02,993] {dag.py:2420} INFO - Sync 1 DAGs
[2022-07-31 07:01:03,034] {logging_mixin.py:115} INFO - [2022-07-31 07:01:03,034] {dag.py:2972} INFO - Setting next_dagrun for example_branch_operator to 2022-07-30T00:00:00+00:00, run_after=2022-07-31T00:00:00+00:00
[2022-07-31 07:01:03,051] {processor.py:161} INFO - Processing /home/airflow/.local/lib/python3.7/site-packages/airflow/example_dags/example_branch_operator.py took 0.166 seconds
[2022-07-31 07:01:33,572] {processor.py:153} INFO - Started process (PID=597) to work on /home/airflow/.local/lib/python3.7/site-packages/airflow/example_dags/example_branch_operator.py
[2022-07-31 07:01:33,573] {processor.py:641} INFO - Processing file /home/airflow/.local/lib/python3.7/site-packages/airflow/example_dags/example_branch_operator.py for tasks to queue
[2022-07-31 07:01:33,574] {logging_mixin.py:115} INFO - [2022-07-31 07:01:33,574] {dagbag.py:508} INFO - Filling up the DagBag from /home/airflow/.local/lib/python3.7/site-packages/airflow/example_dags/example_branch_operator.py
[2022-07-31 07:01:33,595] {processor.py:651} INFO - DAG(s) dict_keys(['example_branch_operator']) retrieved from /home/airflow/.local/lib/python3.7/site-packages/airflow/example_dags/example_branch_operator.py
[2022-07-31 07:01:33,638] {logging_mixin.py:115} INFO - [2022-07-31 07:01:33,638] {dag.py:2420} INFO - Sync 1 DAGs
[2022-07-31 07:01:33,669] {logging_mixin.py:115} INFO - [2022-07-31 07:01:33,669] {dag.py:2972} INFO - Setting next_dagrun for example_branch_operator to 2022-07-30T00:00:00+00:00, run_after=2022-07-31T00:00:00+00:00
[2022-07-31 07:01:33,683] {processor.py:161} INFO - Processing /home/airflow/.local/lib/python3.7/site-packages/airflow/example_dags/example_branch_operator.py took 0.118 seconds
[2022-07-31 07:02:04,519] {processor.py:153} INFO - Started process (PID=658) to work on /home/airflow/.local/lib/python3.7/site-packages/airflow/example_dags/example_branch_operator.py
[2022-07-31 07:02:04,520] {processor.py:641} INFO - Processing file /home/airflow/.local/lib/python3.7/site-packages/airflow/example_dags/example_branch_operator.py for tasks to queue
[2022-07-31 07:02:04,521] {logging_mixin.py:115} INFO - [2022-07-31 07:02:04,521] {dagbag.py:508} INFO - Filling up the DagBag from /home/airflow/.local/lib/python3.7/site-packages/airflow/example_dags/example_branch_operator.py
[2022-07-31 07:02:04,542] {processor.py:651} INFO - DAG(s) dict_keys(['example_branch_operator']) retrieved from /home/airflow/.local/lib/python3.7/site-packages/airflow/example_dags/example_branch_operator.py
[2022-07-31 07:02:04,590] {logging_mixin.py:115} INFO - [2022-07-31 07:02:04,590] {dag.py:2420} INFO - Sync 1 DAGs
[2022-07-31 07:02:04,633] {logging_mixin.py:115} INFO - [2022-07-31 07:02:04,632] {dag.py:2972} INFO - Setting next_dagrun for example_branch_operator to 2022-07-30T00:00:00+00:00, run_after=2022-07-31T00:00:00+00:00
[2022-07-31 07:02:04,655] {processor.py:161} INFO - Processing /home/airflow/.local/lib/python3.7/site-packages/airflow/example_dags/example_branch_operator.py took 0.142 seconds
[2022-07-31 07:02:35,215] {processor.py:153} INFO - Started process (PID=709) to work on /home/airflow/.local/lib/python3.7/site-packages/airflow/example_dags/example_branch_operator.py
[2022-07-31 07:02:35,216] {processor.py:641} INFO - Processing file /home/airflow/.local/lib/python3.7/site-packages/airflow/example_dags/example_branch_operator.py for tasks to queue
[2022-07-31 07:02:35,217] {logging_mixin.py:115} INFO - [2022-07-31 07:02:35,217] {dagbag.py:508} INFO - Filling up the DagBag from /home/airflow/.local/lib/python3.7/site-packages/airflow/example_dags/example_branch_operator.py
[2022-07-31 07:02:35,239] {processor.py:651} INFO - DAG(s) dict_keys(['example_branch_operator']) retrieved from /home/airflow/.local/lib/python3.7/site-packages/airflow/example_dags/example_branch_operator.py
[2022-07-31 07:02:35,289] {logging_mixin.py:115} INFO - [2022-07-31 07:02:35,289] {dag.py:2420} INFO - Sync 1 DAGs
[2022-07-31 07:02:35,329] {logging_mixin.py:115} INFO - [2022-07-31 07:02:35,329] {dag.py:2972} INFO - Setting next_dagrun for example_branch_operator to 2022-07-30T00:00:00+00:00, run_after=2022-07-31T00:00:00+00:00
[2022-07-31 07:02:35,352] {processor.py:161} INFO - Processing /home/airflow/.local/lib/python3.7/site-packages/airflow/example_dags/example_branch_operator.py took 0.143 seconds
[2022-07-31 07:03:06,311] {processor.py:153} INFO - Started process (PID=769) to work on /home/airflow/.local/lib/python3.7/site-packages/airflow/example_dags/example_branch_operator.py
[2022-07-31 07:03:06,312] {processor.py:641} INFO - Processing file /home/airflow/.local/lib/python3.7/site-packages/airflow/example_dags/example_branch_operator.py for tasks to queue
[2022-07-31 07:03:06,313] {logging_mixin.py:115} INFO - [2022-07-31 07:03:06,313] {dagbag.py:508} INFO - Filling up the DagBag from /home/airflow/.local/lib/python3.7/site-packages/airflow/example_dags/example_branch_operator.py
[2022-07-31 07:03:06,343] {processor.py:651} INFO - DAG(s) dict_keys(['example_branch_operator']) retrieved from /home/airflow/.local/lib/python3.7/site-packages/airflow/example_dags/example_branch_operator.py
[2022-07-31 07:03:06,401] {logging_mixin.py:115} INFO - [2022-07-31 07:03:06,400] {dag.py:2420} INFO - Sync 1 DAGs
[2022-07-31 07:03:06,465] {logging_mixin.py:115} INFO - [2022-07-31 07:03:06,465] {dag.py:2972} INFO - Setting next_dagrun for example_branch_operator to 2022-07-30T00:00:00+00:00, run_after=2022-07-31T00:00:00+00:00
[2022-07-31 07:03:06,493] {processor.py:161} INFO - Processing /home/airflow/.local/lib/python3.7/site-packages/airflow/example_dags/example_branch_operator.py took 0.193 seconds
[2022-07-31 07:03:36,624] {processor.py:153} INFO - Started process (PID=821) to work on /home/airflow/.local/lib/python3.7/site-packages/airflow/example_dags/example_branch_operator.py
[2022-07-31 07:03:36,625] {processor.py:641} INFO - Processing file /home/airflow/.local/lib/python3.7/site-packages/airflow/example_dags/example_branch_operator.py for tasks to queue
[2022-07-31 07:03:36,626] {logging_mixin.py:115} INFO - [2022-07-31 07:03:36,626] {dagbag.py:508} INFO - Filling up the DagBag from /home/airflow/.local/lib/python3.7/site-packages/airflow/example_dags/example_branch_operator.py
[2022-07-31 07:03:36,656] {processor.py:651} INFO - DAG(s) dict_keys(['example_branch_operator']) retrieved from /home/airflow/.local/lib/python3.7/site-packages/airflow/example_dags/example_branch_operator.py
[2022-07-31 07:03:36,704] {logging_mixin.py:115} INFO - [2022-07-31 07:03:36,704] {dag.py:2420} INFO - Sync 1 DAGs
[2022-07-31 07:03:36,748] {logging_mixin.py:115} INFO - [2022-07-31 07:03:36,748] {dag.py:2972} INFO - Setting next_dagrun for example_branch_operator to 2022-07-30T00:00:00+00:00, run_after=2022-07-31T00:00:00+00:00
[2022-07-31 07:03:36,774] {processor.py:161} INFO - Processing /home/airflow/.local/lib/python3.7/site-packages/airflow/example_dags/example_branch_operator.py took 0.159 seconds
[2022-07-31 07:04:07,369] {processor.py:153} INFO - Started process (PID=873) to work on /home/airflow/.local/lib/python3.7/site-packages/airflow/example_dags/example_branch_operator.py
[2022-07-31 07:04:07,370] {processor.py:641} INFO - Processing file /home/airflow/.local/lib/python3.7/site-packages/airflow/example_dags/example_branch_operator.py for tasks to queue
[2022-07-31 07:04:07,371] {logging_mixin.py:115} INFO - [2022-07-31 07:04:07,370] {dagbag.py:508} INFO - Filling up the DagBag from /home/airflow/.local/lib/python3.7/site-packages/airflow/example_dags/example_branch_operator.py
[2022-07-31 07:04:07,385] {processor.py:651} INFO - DAG(s) dict_keys(['example_branch_operator']) retrieved from /home/airflow/.local/lib/python3.7/site-packages/airflow/example_dags/example_branch_operator.py
[2022-07-31 07:04:07,416] {logging_mixin.py:115} INFO - [2022-07-31 07:04:07,416] {dag.py:2420} INFO - Sync 1 DAGs
[2022-07-31 07:04:07,442] {logging_mixin.py:115} INFO - [2022-07-31 07:04:07,442] {dag.py:2972} INFO - Setting next_dagrun for example_branch_operator to 2022-07-30T00:00:00+00:00, run_after=2022-07-31T00:00:00+00:00
[2022-07-31 07:04:07,455] {processor.py:161} INFO - Processing /home/airflow/.local/lib/python3.7/site-packages/airflow/example_dags/example_branch_operator.py took 0.091 seconds
[2022-07-31 07:04:37,816] {processor.py:153} INFO - Started process (PID=934) to work on /home/airflow/.local/lib/python3.7/site-packages/airflow/example_dags/example_branch_operator.py
[2022-07-31 07:04:37,818] {processor.py:641} INFO - Processing file /home/airflow/.local/lib/python3.7/site-packages/airflow/example_dags/example_branch_operator.py for tasks to queue
[2022-07-31 07:04:37,820] {logging_mixin.py:115} INFO - [2022-07-31 07:04:37,819] {dagbag.py:508} INFO - Filling up the DagBag from /home/airflow/.local/lib/python3.7/site-packages/airflow/example_dags/example_branch_operator.py
[2022-07-31 07:04:37,843] {processor.py:651} INFO - DAG(s) dict_keys(['example_branch_operator']) retrieved from /home/airflow/.local/lib/python3.7/site-packages/airflow/example_dags/example_branch_operator.py
[2022-07-31 07:04:37,913] {logging_mixin.py:115} INFO - [2022-07-31 07:04:37,912] {dag.py:2420} INFO - Sync 1 DAGs
[2022-07-31 07:04:37,980] {logging_mixin.py:115} INFO - [2022-07-31 07:04:37,980] {dag.py:2972} INFO - Setting next_dagrun for example_branch_operator to 2022-07-30T00:00:00+00:00, run_after=2022-07-31T00:00:00+00:00
[2022-07-31 07:04:38,012] {processor.py:161} INFO - Processing /home/airflow/.local/lib/python3.7/site-packages/airflow/example_dags/example_branch_operator.py took 0.201 seconds
[2022-07-31 07:05:08,073] {processor.py:153} INFO - Started process (PID=997) to work on /home/airflow/.local/lib/python3.7/site-packages/airflow/example_dags/example_branch_operator.py
[2022-07-31 07:05:08,074] {processor.py:641} INFO - Processing file /home/airflow/.local/lib/python3.7/site-packages/airflow/example_dags/example_branch_operator.py for tasks to queue
[2022-07-31 07:05:08,074] {logging_mixin.py:115} INFO - [2022-07-31 07:05:08,074] {dagbag.py:508} INFO - Filling up the DagBag from /home/airflow/.local/lib/python3.7/site-packages/airflow/example_dags/example_branch_operator.py
[2022-07-31 07:05:08,092] {processor.py:651} INFO - DAG(s) dict_keys(['example_branch_operator']) retrieved from /home/airflow/.local/lib/python3.7/site-packages/airflow/example_dags/example_branch_operator.py
[2022-07-31 07:05:08,130] {logging_mixin.py:115} INFO - [2022-07-31 07:05:08,130] {dag.py:2420} INFO - Sync 1 DAGs
[2022-07-31 07:05:08,158] {logging_mixin.py:115} INFO - [2022-07-31 07:05:08,158] {dag.py:2972} INFO - Setting next_dagrun for example_branch_operator to 2022-07-30T00:00:00+00:00, run_after=2022-07-31T00:00:00+00:00
[2022-07-31 07:05:08,173] {processor.py:161} INFO - Processing /home/airflow/.local/lib/python3.7/site-packages/airflow/example_dags/example_branch_operator.py took 0.106 seconds
[2022-07-31 07:05:38,437] {processor.py:153} INFO - Started process (PID=1049) to work on /home/airflow/.local/lib/python3.7/site-packages/airflow/example_dags/example_branch_operator.py
[2022-07-31 07:05:38,438] {processor.py:641} INFO - Processing file /home/airflow/.local/lib/python3.7/site-packages/airflow/example_dags/example_branch_operator.py for tasks to queue
[2022-07-31 07:05:38,439] {logging_mixin.py:115} INFO - [2022-07-31 07:05:38,439] {dagbag.py:508} INFO - Filling up the DagBag from /home/airflow/.local/lib/python3.7/site-packages/airflow/example_dags/example_branch_operator.py
[2022-07-31 07:05:38,454] {processor.py:651} INFO - DAG(s) dict_keys(['example_branch_operator']) retrieved from /home/airflow/.local/lib/python3.7/site-packages/airflow/example_dags/example_branch_operator.py
[2022-07-31 07:05:38,495] {logging_mixin.py:115} INFO - [2022-07-31 07:05:38,495] {dag.py:2420} INFO - Sync 1 DAGs
[2022-07-31 07:05:38,526] {logging_mixin.py:115} INFO - [2022-07-31 07:05:38,526] {dag.py:2972} INFO - Setting next_dagrun for example_branch_operator to 2022-07-30T00:00:00+00:00, run_after=2022-07-31T00:00:00+00:00
[2022-07-31 07:05:38,539] {processor.py:161} INFO - Processing /home/airflow/.local/lib/python3.7/site-packages/airflow/example_dags/example_branch_operator.py took 0.113 seconds
[2022-07-31 07:06:08,826] {processor.py:153} INFO - Started process (PID=1110) to work on /home/airflow/.local/lib/python3.7/site-packages/airflow/example_dags/example_branch_operator.py
[2022-07-31 07:06:08,827] {processor.py:641} INFO - Processing file /home/airflow/.local/lib/python3.7/site-packages/airflow/example_dags/example_branch_operator.py for tasks to queue
[2022-07-31 07:06:08,828] {logging_mixin.py:115} INFO - [2022-07-31 07:06:08,828] {dagbag.py:508} INFO - Filling up the DagBag from /home/airflow/.local/lib/python3.7/site-packages/airflow/example_dags/example_branch_operator.py
[2022-07-31 07:06:08,847] {processor.py:651} INFO - DAG(s) dict_keys(['example_branch_operator']) retrieved from /home/airflow/.local/lib/python3.7/site-packages/airflow/example_dags/example_branch_operator.py
[2022-07-31 07:06:08,880] {logging_mixin.py:115} INFO - [2022-07-31 07:06:08,880] {dag.py:2420} INFO - Sync 1 DAGs
[2022-07-31 07:06:08,914] {logging_mixin.py:115} INFO - [2022-07-31 07:06:08,914] {dag.py:2972} INFO - Setting next_dagrun for example_branch_operator to 2022-07-30T00:00:00+00:00, run_after=2022-07-31T00:00:00+00:00
[2022-07-31 07:06:08,930] {processor.py:161} INFO - Processing /home/airflow/.local/lib/python3.7/site-packages/airflow/example_dags/example_branch_operator.py took 0.112 seconds
[2022-07-31 07:06:39,711] {processor.py:153} INFO - Started process (PID=1171) to work on /home/airflow/.local/lib/python3.7/site-packages/airflow/example_dags/example_branch_operator.py
[2022-07-31 07:06:39,712] {processor.py:641} INFO - Processing file /home/airflow/.local/lib/python3.7/site-packages/airflow/example_dags/example_branch_operator.py for tasks to queue
[2022-07-31 07:06:39,713] {logging_mixin.py:115} INFO - [2022-07-31 07:06:39,713] {dagbag.py:508} INFO - Filling up the DagBag from /home/airflow/.local/lib/python3.7/site-packages/airflow/example_dags/example_branch_operator.py
[2022-07-31 07:06:39,742] {processor.py:651} INFO - DAG(s) dict_keys(['example_branch_operator']) retrieved from /home/airflow/.local/lib/python3.7/site-packages/airflow/example_dags/example_branch_operator.py
[2022-07-31 07:06:39,832] {logging_mixin.py:115} INFO - [2022-07-31 07:06:39,832] {dag.py:2420} INFO - Sync 1 DAGs
[2022-07-31 07:06:39,887] {logging_mixin.py:115} INFO - [2022-07-31 07:06:39,887] {dag.py:2972} INFO - Setting next_dagrun for example_branch_operator to 2022-07-30T00:00:00+00:00, run_after=2022-07-31T00:00:00+00:00
[2022-07-31 07:06:39,945] {processor.py:161} INFO - Processing /home/airflow/.local/lib/python3.7/site-packages/airflow/example_dags/example_branch_operator.py took 0.241 seconds
[2022-07-31 07:07:10,604] {processor.py:153} INFO - Started process (PID=1223) to work on /home/airflow/.local/lib/python3.7/site-packages/airflow/example_dags/example_branch_operator.py
[2022-07-31 07:07:10,605] {processor.py:641} INFO - Processing file /home/airflow/.local/lib/python3.7/site-packages/airflow/example_dags/example_branch_operator.py for tasks to queue
[2022-07-31 07:07:10,606] {logging_mixin.py:115} INFO - [2022-07-31 07:07:10,606] {dagbag.py:508} INFO - Filling up the DagBag from /home/airflow/.local/lib/python3.7/site-packages/airflow/example_dags/example_branch_operator.py
[2022-07-31 07:07:10,625] {processor.py:651} INFO - DAG(s) dict_keys(['example_branch_operator']) retrieved from /home/airflow/.local/lib/python3.7/site-packages/airflow/example_dags/example_branch_operator.py
[2022-07-31 07:07:10,664] {logging_mixin.py:115} INFO - [2022-07-31 07:07:10,663] {dag.py:2420} INFO - Sync 1 DAGs
[2022-07-31 07:07:10,713] {logging_mixin.py:115} INFO - [2022-07-31 07:07:10,713] {dag.py:2972} INFO - Setting next_dagrun for example_branch_operator to 2022-07-30T00:00:00+00:00, run_after=2022-07-31T00:00:00+00:00
[2022-07-31 07:07:10,734] {processor.py:161} INFO - Processing /home/airflow/.local/lib/python3.7/site-packages/airflow/example_dags/example_branch_operator.py took 0.134 seconds
[2022-07-31 07:07:40,945] {processor.py:153} INFO - Started process (PID=1284) to work on /home/airflow/.local/lib/python3.7/site-packages/airflow/example_dags/example_branch_operator.py
[2022-07-31 07:07:40,946] {processor.py:641} INFO - Processing file /home/airflow/.local/lib/python3.7/site-packages/airflow/example_dags/example_branch_operator.py for tasks to queue
[2022-07-31 07:07:40,947] {logging_mixin.py:115} INFO - [2022-07-31 07:07:40,947] {dagbag.py:508} INFO - Filling up the DagBag from /home/airflow/.local/lib/python3.7/site-packages/airflow/example_dags/example_branch_operator.py
[2022-07-31 07:07:40,968] {processor.py:651} INFO - DAG(s) dict_keys(['example_branch_operator']) retrieved from /home/airflow/.local/lib/python3.7/site-packages/airflow/example_dags/example_branch_operator.py
[2022-07-31 07:07:41,010] {logging_mixin.py:115} INFO - [2022-07-31 07:07:41,010] {dag.py:2420} INFO - Sync 1 DAGs
[2022-07-31 07:07:41,045] {logging_mixin.py:115} INFO - [2022-07-31 07:07:41,045] {dag.py:2972} INFO - Setting next_dagrun for example_branch_operator to 2022-07-30T00:00:00+00:00, run_after=2022-07-31T00:00:00+00:00
[2022-07-31 07:07:41,065] {processor.py:161} INFO - Processing /home/airflow/.local/lib/python3.7/site-packages/airflow/example_dags/example_branch_operator.py took 0.127 seconds
