[2022-07-31 06:56:45,174] {processor.py:153} INFO - Started process (PID=47) to work on /home/airflow/.local/lib/python3.7/site-packages/airflow/example_dags/example_latest_only_with_trigger.py
[2022-07-31 06:56:45,175] {processor.py:641} INFO - Processing file /home/airflow/.local/lib/python3.7/site-packages/airflow/example_dags/example_latest_only_with_trigger.py for tasks to queue
[2022-07-31 06:56:45,176] {logging_mixin.py:115} INFO - [2022-07-31 06:56:45,175] {dagbag.py:508} INFO - Filling up the DagBag from /home/airflow/.local/lib/python3.7/site-packages/airflow/example_dags/example_latest_only_with_trigger.py
[2022-07-31 06:56:45,202] {processor.py:651} INFO - DAG(s) dict_keys(['latest_only_with_trigger']) retrieved from /home/airflow/.local/lib/python3.7/site-packages/airflow/example_dags/example_latest_only_with_trigger.py
[2022-07-31 06:56:45,414] {logging_mixin.py:115} INFO - [2022-07-31 06:56:45,414] {manager.py:508} INFO - Created Permission View: can edit on DAG:latest_only_with_trigger
[2022-07-31 06:56:45,445] {logging_mixin.py:115} INFO - [2022-07-31 06:56:45,445] {manager.py:508} INFO - Created Permission View: can read on DAG:latest_only_with_trigger
[2022-07-31 06:56:45,499] {logging_mixin.py:115} INFO - [2022-07-31 06:56:45,499] {manager.py:508} INFO - Created Permission View: can delete on DAG:latest_only_with_trigger
[2022-07-31 06:56:45,500] {logging_mixin.py:115} INFO - [2022-07-31 06:56:45,500] {dag.py:2420} INFO - Sync 1 DAGs
[2022-07-31 06:56:45,534] {logging_mixin.py:115} INFO - [2022-07-31 06:56:45,534] {dag.py:2439} INFO - Creating ORM DAG for latest_only_with_trigger
[2022-07-31 06:56:45,581] {logging_mixin.py:115} INFO - [2022-07-31 06:56:45,581] {dag.py:2972} INFO - Setting next_dagrun for latest_only_with_trigger to 2022-07-31T02:56:45.580740+00:00, run_after=2022-07-31T06:56:45.580740+00:00
[2022-07-31 06:56:45,637] {processor.py:161} INFO - Processing /home/airflow/.local/lib/python3.7/site-packages/airflow/example_dags/example_latest_only_with_trigger.py took 0.469 seconds
[2022-07-31 06:57:16,364] {processor.py:153} INFO - Started process (PID=105) to work on /home/airflow/.local/lib/python3.7/site-packages/airflow/example_dags/example_latest_only_with_trigger.py
[2022-07-31 06:57:16,368] {processor.py:641} INFO - Processing file /home/airflow/.local/lib/python3.7/site-packages/airflow/example_dags/example_latest_only_with_trigger.py for tasks to queue
[2022-07-31 06:57:16,370] {logging_mixin.py:115} INFO - [2022-07-31 06:57:16,370] {dagbag.py:508} INFO - Filling up the DagBag from /home/airflow/.local/lib/python3.7/site-packages/airflow/example_dags/example_latest_only_with_trigger.py
[2022-07-31 06:57:16,403] {processor.py:651} INFO - DAG(s) dict_keys(['latest_only_with_trigger']) retrieved from /home/airflow/.local/lib/python3.7/site-packages/airflow/example_dags/example_latest_only_with_trigger.py
[2022-07-31 06:57:16,623] {logging_mixin.py:115} INFO - [2022-07-31 06:57:16,623] {dag.py:2420} INFO - Sync 1 DAGs
[2022-07-31 06:57:16,724] {logging_mixin.py:115} INFO - [2022-07-31 06:57:16,724] {dag.py:2972} INFO - Setting next_dagrun for latest_only_with_trigger to 2022-07-31T02:57:16.723420+00:00, run_after=2022-07-31T06:57:16.723420+00:00
[2022-07-31 06:57:16,771] {processor.py:161} INFO - Processing /home/airflow/.local/lib/python3.7/site-packages/airflow/example_dags/example_latest_only_with_trigger.py took 0.423 seconds
[2022-07-31 06:57:47,191] {processor.py:153} INFO - Started process (PID=159) to work on /home/airflow/.local/lib/python3.7/site-packages/airflow/example_dags/example_latest_only_with_trigger.py
[2022-07-31 06:57:47,192] {processor.py:641} INFO - Processing file /home/airflow/.local/lib/python3.7/site-packages/airflow/example_dags/example_latest_only_with_trigger.py for tasks to queue
[2022-07-31 06:57:47,193] {logging_mixin.py:115} INFO - [2022-07-31 06:57:47,193] {dagbag.py:508} INFO - Filling up the DagBag from /home/airflow/.local/lib/python3.7/site-packages/airflow/example_dags/example_latest_only_with_trigger.py
[2022-07-31 06:57:47,202] {processor.py:651} INFO - DAG(s) dict_keys(['latest_only_with_trigger']) retrieved from /home/airflow/.local/lib/python3.7/site-packages/airflow/example_dags/example_latest_only_with_trigger.py
[2022-07-31 06:57:47,242] {logging_mixin.py:115} INFO - [2022-07-31 06:57:47,241] {dag.py:2420} INFO - Sync 1 DAGs
[2022-07-31 06:57:47,274] {logging_mixin.py:115} INFO - [2022-07-31 06:57:47,273] {dag.py:2972} INFO - Setting next_dagrun for latest_only_with_trigger to 2022-07-31T02:57:47.273636+00:00, run_after=2022-07-31T06:57:47.273636+00:00
[2022-07-31 06:57:47,291] {processor.py:161} INFO - Processing /home/airflow/.local/lib/python3.7/site-packages/airflow/example_dags/example_latest_only_with_trigger.py took 0.105 seconds
[2022-07-31 06:58:18,171] {processor.py:153} INFO - Started process (PID=220) to work on /home/airflow/.local/lib/python3.7/site-packages/airflow/example_dags/example_latest_only_with_trigger.py
[2022-07-31 06:58:18,173] {processor.py:641} INFO - Processing file /home/airflow/.local/lib/python3.7/site-packages/airflow/example_dags/example_latest_only_with_trigger.py for tasks to queue
[2022-07-31 06:58:18,174] {logging_mixin.py:115} INFO - [2022-07-31 06:58:18,174] {dagbag.py:508} INFO - Filling up the DagBag from /home/airflow/.local/lib/python3.7/site-packages/airflow/example_dags/example_latest_only_with_trigger.py
[2022-07-31 06:58:18,192] {processor.py:651} INFO - DAG(s) dict_keys(['latest_only_with_trigger']) retrieved from /home/airflow/.local/lib/python3.7/site-packages/airflow/example_dags/example_latest_only_with_trigger.py
[2022-07-31 06:58:18,245] {logging_mixin.py:115} INFO - [2022-07-31 06:58:18,245] {dag.py:2420} INFO - Sync 1 DAGs
[2022-07-31 06:58:18,284] {logging_mixin.py:115} INFO - [2022-07-31 06:58:18,284] {dag.py:2972} INFO - Setting next_dagrun for latest_only_with_trigger to 2022-07-31T02:58:18.283962+00:00, run_after=2022-07-31T06:58:18.283962+00:00
[2022-07-31 06:58:18,369] {processor.py:161} INFO - Processing /home/airflow/.local/lib/python3.7/site-packages/airflow/example_dags/example_latest_only_with_trigger.py took 0.206 seconds
[2022-07-31 06:58:49,056] {processor.py:153} INFO - Started process (PID=272) to work on /home/airflow/.local/lib/python3.7/site-packages/airflow/example_dags/example_latest_only_with_trigger.py
[2022-07-31 06:58:49,058] {processor.py:641} INFO - Processing file /home/airflow/.local/lib/python3.7/site-packages/airflow/example_dags/example_latest_only_with_trigger.py for tasks to queue
[2022-07-31 06:58:49,060] {logging_mixin.py:115} INFO - [2022-07-31 06:58:49,060] {dagbag.py:508} INFO - Filling up the DagBag from /home/airflow/.local/lib/python3.7/site-packages/airflow/example_dags/example_latest_only_with_trigger.py
[2022-07-31 06:58:49,078] {processor.py:651} INFO - DAG(s) dict_keys(['latest_only_with_trigger']) retrieved from /home/airflow/.local/lib/python3.7/site-packages/airflow/example_dags/example_latest_only_with_trigger.py
[2022-07-31 06:58:49,151] {logging_mixin.py:115} INFO - [2022-07-31 06:58:49,150] {dag.py:2420} INFO - Sync 1 DAGs
[2022-07-31 06:58:49,210] {logging_mixin.py:115} INFO - [2022-07-31 06:58:49,209] {dag.py:2972} INFO - Setting next_dagrun for latest_only_with_trigger to 2022-07-31T02:58:49.209177+00:00, run_after=2022-07-31T06:58:49.209177+00:00
[2022-07-31 06:58:49,242] {processor.py:161} INFO - Processing /home/airflow/.local/lib/python3.7/site-packages/airflow/example_dags/example_latest_only_with_trigger.py took 0.197 seconds
[2022-07-31 06:59:19,578] {processor.py:153} INFO - Started process (PID=333) to work on /home/airflow/.local/lib/python3.7/site-packages/airflow/example_dags/example_latest_only_with_trigger.py
[2022-07-31 06:59:19,579] {processor.py:641} INFO - Processing file /home/airflow/.local/lib/python3.7/site-packages/airflow/example_dags/example_latest_only_with_trigger.py for tasks to queue
[2022-07-31 06:59:19,580] {logging_mixin.py:115} INFO - [2022-07-31 06:59:19,580] {dagbag.py:508} INFO - Filling up the DagBag from /home/airflow/.local/lib/python3.7/site-packages/airflow/example_dags/example_latest_only_with_trigger.py
[2022-07-31 06:59:19,600] {processor.py:651} INFO - DAG(s) dict_keys(['latest_only_with_trigger']) retrieved from /home/airflow/.local/lib/python3.7/site-packages/airflow/example_dags/example_latest_only_with_trigger.py
[2022-07-31 06:59:19,662] {logging_mixin.py:115} INFO - [2022-07-31 06:59:19,662] {dag.py:2420} INFO - Sync 1 DAGs
[2022-07-31 06:59:19,723] {logging_mixin.py:115} INFO - [2022-07-31 06:59:19,723] {dag.py:2972} INFO - Setting next_dagrun for latest_only_with_trigger to 2022-07-31T02:59:19.722338+00:00, run_after=2022-07-31T06:59:19.722338+00:00
[2022-07-31 06:59:19,758] {processor.py:161} INFO - Processing /home/airflow/.local/lib/python3.7/site-packages/airflow/example_dags/example_latest_only_with_trigger.py took 0.186 seconds
[2022-07-31 06:59:49,929] {processor.py:153} INFO - Started process (PID=385) to work on /home/airflow/.local/lib/python3.7/site-packages/airflow/example_dags/example_latest_only_with_trigger.py
[2022-07-31 06:59:49,930] {processor.py:641} INFO - Processing file /home/airflow/.local/lib/python3.7/site-packages/airflow/example_dags/example_latest_only_with_trigger.py for tasks to queue
[2022-07-31 06:59:49,931] {logging_mixin.py:115} INFO - [2022-07-31 06:59:49,931] {dagbag.py:508} INFO - Filling up the DagBag from /home/airflow/.local/lib/python3.7/site-packages/airflow/example_dags/example_latest_only_with_trigger.py
[2022-07-31 06:59:49,943] {processor.py:651} INFO - DAG(s) dict_keys(['latest_only_with_trigger']) retrieved from /home/airflow/.local/lib/python3.7/site-packages/airflow/example_dags/example_latest_only_with_trigger.py
[2022-07-31 06:59:49,989] {logging_mixin.py:115} INFO - [2022-07-31 06:59:49,988] {dag.py:2420} INFO - Sync 1 DAGs
[2022-07-31 06:59:50,020] {logging_mixin.py:115} INFO - [2022-07-31 06:59:50,020] {dag.py:2972} INFO - Setting next_dagrun for latest_only_with_trigger to 2022-07-31T02:59:50.020254+00:00, run_after=2022-07-31T06:59:50.020254+00:00
[2022-07-31 06:59:50,035] {processor.py:161} INFO - Processing /home/airflow/.local/lib/python3.7/site-packages/airflow/example_dags/example_latest_only_with_trigger.py took 0.113 seconds
[2022-07-31 07:00:20,463] {processor.py:153} INFO - Started process (PID=447) to work on /home/airflow/.local/lib/python3.7/site-packages/airflow/example_dags/example_latest_only_with_trigger.py
[2022-07-31 07:00:20,464] {processor.py:641} INFO - Processing file /home/airflow/.local/lib/python3.7/site-packages/airflow/example_dags/example_latest_only_with_trigger.py for tasks to queue
[2022-07-31 07:00:20,465] {logging_mixin.py:115} INFO - [2022-07-31 07:00:20,465] {dagbag.py:508} INFO - Filling up the DagBag from /home/airflow/.local/lib/python3.7/site-packages/airflow/example_dags/example_latest_only_with_trigger.py
[2022-07-31 07:00:20,475] {processor.py:651} INFO - DAG(s) dict_keys(['latest_only_with_trigger']) retrieved from /home/airflow/.local/lib/python3.7/site-packages/airflow/example_dags/example_latest_only_with_trigger.py
[2022-07-31 07:00:20,528] {logging_mixin.py:115} INFO - [2022-07-31 07:00:20,528] {dag.py:2420} INFO - Sync 1 DAGs
[2022-07-31 07:00:20,565] {logging_mixin.py:115} INFO - [2022-07-31 07:00:20,565] {dag.py:2972} INFO - Setting next_dagrun for latest_only_with_trigger to 2022-07-31T03:00:20.565100+00:00, run_after=2022-07-31T07:00:20.565100+00:00
[2022-07-31 07:00:20,587] {processor.py:161} INFO - Processing /home/airflow/.local/lib/python3.7/site-packages/airflow/example_dags/example_latest_only_with_trigger.py took 0.130 seconds
[2022-07-31 07:00:51,439] {processor.py:153} INFO - Started process (PID=508) to work on /home/airflow/.local/lib/python3.7/site-packages/airflow/example_dags/example_latest_only_with_trigger.py
[2022-07-31 07:00:51,440] {processor.py:641} INFO - Processing file /home/airflow/.local/lib/python3.7/site-packages/airflow/example_dags/example_latest_only_with_trigger.py for tasks to queue
[2022-07-31 07:00:51,441] {logging_mixin.py:115} INFO - [2022-07-31 07:00:51,441] {dagbag.py:508} INFO - Filling up the DagBag from /home/airflow/.local/lib/python3.7/site-packages/airflow/example_dags/example_latest_only_with_trigger.py
[2022-07-31 07:00:51,450] {processor.py:651} INFO - DAG(s) dict_keys(['latest_only_with_trigger']) retrieved from /home/airflow/.local/lib/python3.7/site-packages/airflow/example_dags/example_latest_only_with_trigger.py
[2022-07-31 07:00:51,490] {logging_mixin.py:115} INFO - [2022-07-31 07:00:51,490] {dag.py:2420} INFO - Sync 1 DAGs
[2022-07-31 07:00:51,525] {logging_mixin.py:115} INFO - [2022-07-31 07:00:51,525] {dag.py:2972} INFO - Setting next_dagrun for latest_only_with_trigger to 2022-07-31T03:00:51.524939+00:00, run_after=2022-07-31T07:00:51.524939+00:00
[2022-07-31 07:00:51,546] {processor.py:161} INFO - Processing /home/airflow/.local/lib/python3.7/site-packages/airflow/example_dags/example_latest_only_with_trigger.py took 0.112 seconds
[2022-07-31 07:01:22,468] {processor.py:153} INFO - Started process (PID=560) to work on /home/airflow/.local/lib/python3.7/site-packages/airflow/example_dags/example_latest_only_with_trigger.py
[2022-07-31 07:01:22,469] {processor.py:641} INFO - Processing file /home/airflow/.local/lib/python3.7/site-packages/airflow/example_dags/example_latest_only_with_trigger.py for tasks to queue
[2022-07-31 07:01:22,470] {logging_mixin.py:115} INFO - [2022-07-31 07:01:22,470] {dagbag.py:508} INFO - Filling up the DagBag from /home/airflow/.local/lib/python3.7/site-packages/airflow/example_dags/example_latest_only_with_trigger.py
[2022-07-31 07:01:22,483] {processor.py:651} INFO - DAG(s) dict_keys(['latest_only_with_trigger']) retrieved from /home/airflow/.local/lib/python3.7/site-packages/airflow/example_dags/example_latest_only_with_trigger.py
[2022-07-31 07:01:22,541] {logging_mixin.py:115} INFO - [2022-07-31 07:01:22,540] {dag.py:2420} INFO - Sync 1 DAGs
[2022-07-31 07:01:22,577] {logging_mixin.py:115} INFO - [2022-07-31 07:01:22,577] {dag.py:2972} INFO - Setting next_dagrun for latest_only_with_trigger to 2022-07-31T03:01:22.577393+00:00, run_after=2022-07-31T07:01:22.577393+00:00
[2022-07-31 07:01:22,594] {processor.py:161} INFO - Processing /home/airflow/.local/lib/python3.7/site-packages/airflow/example_dags/example_latest_only_with_trigger.py took 0.132 seconds
[2022-07-31 07:01:53,008] {processor.py:153} INFO - Started process (PID=621) to work on /home/airflow/.local/lib/python3.7/site-packages/airflow/example_dags/example_latest_only_with_trigger.py
[2022-07-31 07:01:53,009] {processor.py:641} INFO - Processing file /home/airflow/.local/lib/python3.7/site-packages/airflow/example_dags/example_latest_only_with_trigger.py for tasks to queue
[2022-07-31 07:01:53,010] {logging_mixin.py:115} INFO - [2022-07-31 07:01:53,010] {dagbag.py:508} INFO - Filling up the DagBag from /home/airflow/.local/lib/python3.7/site-packages/airflow/example_dags/example_latest_only_with_trigger.py
[2022-07-31 07:01:53,019] {processor.py:651} INFO - DAG(s) dict_keys(['latest_only_with_trigger']) retrieved from /home/airflow/.local/lib/python3.7/site-packages/airflow/example_dags/example_latest_only_with_trigger.py
[2022-07-31 07:01:53,053] {logging_mixin.py:115} INFO - [2022-07-31 07:01:53,053] {dag.py:2420} INFO - Sync 1 DAGs
[2022-07-31 07:01:53,081] {logging_mixin.py:115} INFO - [2022-07-31 07:01:53,081] {dag.py:2972} INFO - Setting next_dagrun for latest_only_with_trigger to 2022-07-31T03:01:53.080642+00:00, run_after=2022-07-31T07:01:53.080642+00:00
[2022-07-31 07:01:53,096] {processor.py:161} INFO - Processing /home/airflow/.local/lib/python3.7/site-packages/airflow/example_dags/example_latest_only_with_trigger.py took 0.094 seconds
[2022-07-31 07:02:23,186] {processor.py:153} INFO - Started process (PID=673) to work on /home/airflow/.local/lib/python3.7/site-packages/airflow/example_dags/example_latest_only_with_trigger.py
[2022-07-31 07:02:23,187] {processor.py:641} INFO - Processing file /home/airflow/.local/lib/python3.7/site-packages/airflow/example_dags/example_latest_only_with_trigger.py for tasks to queue
[2022-07-31 07:02:23,188] {logging_mixin.py:115} INFO - [2022-07-31 07:02:23,188] {dagbag.py:508} INFO - Filling up the DagBag from /home/airflow/.local/lib/python3.7/site-packages/airflow/example_dags/example_latest_only_with_trigger.py
[2022-07-31 07:02:23,202] {processor.py:651} INFO - DAG(s) dict_keys(['latest_only_with_trigger']) retrieved from /home/airflow/.local/lib/python3.7/site-packages/airflow/example_dags/example_latest_only_with_trigger.py
[2022-07-31 07:02:23,264] {logging_mixin.py:115} INFO - [2022-07-31 07:02:23,264] {dag.py:2420} INFO - Sync 1 DAGs
[2022-07-31 07:02:23,321] {logging_mixin.py:115} INFO - [2022-07-31 07:02:23,320] {dag.py:2972} INFO - Setting next_dagrun for latest_only_with_trigger to 2022-07-31T03:02:23.320283+00:00, run_after=2022-07-31T07:02:23.320283+00:00
[2022-07-31 07:02:23,348] {processor.py:161} INFO - Processing /home/airflow/.local/lib/python3.7/site-packages/airflow/example_dags/example_latest_only_with_trigger.py took 0.169 seconds
[2022-07-31 07:02:53,918] {processor.py:153} INFO - Started process (PID=734) to work on /home/airflow/.local/lib/python3.7/site-packages/airflow/example_dags/example_latest_only_with_trigger.py
[2022-07-31 07:02:53,919] {processor.py:641} INFO - Processing file /home/airflow/.local/lib/python3.7/site-packages/airflow/example_dags/example_latest_only_with_trigger.py for tasks to queue
[2022-07-31 07:02:53,921] {logging_mixin.py:115} INFO - [2022-07-31 07:02:53,920] {dagbag.py:508} INFO - Filling up the DagBag from /home/airflow/.local/lib/python3.7/site-packages/airflow/example_dags/example_latest_only_with_trigger.py
[2022-07-31 07:02:53,935] {processor.py:651} INFO - DAG(s) dict_keys(['latest_only_with_trigger']) retrieved from /home/airflow/.local/lib/python3.7/site-packages/airflow/example_dags/example_latest_only_with_trigger.py
[2022-07-31 07:02:53,993] {logging_mixin.py:115} INFO - [2022-07-31 07:02:53,992] {dag.py:2420} INFO - Sync 1 DAGs
[2022-07-31 07:02:54,046] {logging_mixin.py:115} INFO - [2022-07-31 07:02:54,046] {dag.py:2972} INFO - Setting next_dagrun for latest_only_with_trigger to 2022-07-31T03:02:54.045951+00:00, run_after=2022-07-31T07:02:54.045951+00:00
[2022-07-31 07:02:54,073] {processor.py:161} INFO - Processing /home/airflow/.local/lib/python3.7/site-packages/airflow/example_dags/example_latest_only_with_trigger.py took 0.164 seconds
[2022-07-31 07:03:25,174] {processor.py:153} INFO - Started process (PID=786) to work on /home/airflow/.local/lib/python3.7/site-packages/airflow/example_dags/example_latest_only_with_trigger.py
[2022-07-31 07:03:25,175] {processor.py:641} INFO - Processing file /home/airflow/.local/lib/python3.7/site-packages/airflow/example_dags/example_latest_only_with_trigger.py for tasks to queue
[2022-07-31 07:03:25,177] {logging_mixin.py:115} INFO - [2022-07-31 07:03:25,177] {dagbag.py:508} INFO - Filling up the DagBag from /home/airflow/.local/lib/python3.7/site-packages/airflow/example_dags/example_latest_only_with_trigger.py
[2022-07-31 07:03:25,189] {processor.py:651} INFO - DAG(s) dict_keys(['latest_only_with_trigger']) retrieved from /home/airflow/.local/lib/python3.7/site-packages/airflow/example_dags/example_latest_only_with_trigger.py
[2022-07-31 07:03:25,241] {logging_mixin.py:115} INFO - [2022-07-31 07:03:25,241] {dag.py:2420} INFO - Sync 1 DAGs
[2022-07-31 07:03:25,290] {logging_mixin.py:115} INFO - [2022-07-31 07:03:25,290] {dag.py:2972} INFO - Setting next_dagrun for latest_only_with_trigger to 2022-07-31T03:03:25.289549+00:00, run_after=2022-07-31T07:03:25.289549+00:00
[2022-07-31 07:03:25,312] {processor.py:161} INFO - Processing /home/airflow/.local/lib/python3.7/site-packages/airflow/example_dags/example_latest_only_with_trigger.py took 0.144 seconds
[2022-07-31 07:03:55,807] {processor.py:153} INFO - Started process (PID=847) to work on /home/airflow/.local/lib/python3.7/site-packages/airflow/example_dags/example_latest_only_with_trigger.py
[2022-07-31 07:03:55,808] {processor.py:641} INFO - Processing file /home/airflow/.local/lib/python3.7/site-packages/airflow/example_dags/example_latest_only_with_trigger.py for tasks to queue
[2022-07-31 07:03:55,809] {logging_mixin.py:115} INFO - [2022-07-31 07:03:55,809] {dagbag.py:508} INFO - Filling up the DagBag from /home/airflow/.local/lib/python3.7/site-packages/airflow/example_dags/example_latest_only_with_trigger.py
[2022-07-31 07:03:55,827] {processor.py:651} INFO - DAG(s) dict_keys(['latest_only_with_trigger']) retrieved from /home/airflow/.local/lib/python3.7/site-packages/airflow/example_dags/example_latest_only_with_trigger.py
[2022-07-31 07:03:55,907] {logging_mixin.py:115} INFO - [2022-07-31 07:03:55,907] {dag.py:2420} INFO - Sync 1 DAGs
[2022-07-31 07:03:55,959] {logging_mixin.py:115} INFO - [2022-07-31 07:03:55,959] {dag.py:2972} INFO - Setting next_dagrun for latest_only_with_trigger to 2022-07-31T03:03:55.958502+00:00, run_after=2022-07-31T07:03:55.958502+00:00
[2022-07-31 07:03:55,999] {processor.py:161} INFO - Processing /home/airflow/.local/lib/python3.7/site-packages/airflow/example_dags/example_latest_only_with_trigger.py took 0.200 seconds
[2022-07-31 07:04:26,095] {processor.py:153} INFO - Started process (PID=899) to work on /home/airflow/.local/lib/python3.7/site-packages/airflow/example_dags/example_latest_only_with_trigger.py
[2022-07-31 07:04:26,096] {processor.py:641} INFO - Processing file /home/airflow/.local/lib/python3.7/site-packages/airflow/example_dags/example_latest_only_with_trigger.py for tasks to queue
[2022-07-31 07:04:26,097] {logging_mixin.py:115} INFO - [2022-07-31 07:04:26,097] {dagbag.py:508} INFO - Filling up the DagBag from /home/airflow/.local/lib/python3.7/site-packages/airflow/example_dags/example_latest_only_with_trigger.py
[2022-07-31 07:04:26,116] {processor.py:651} INFO - DAG(s) dict_keys(['latest_only_with_trigger']) retrieved from /home/airflow/.local/lib/python3.7/site-packages/airflow/example_dags/example_latest_only_with_trigger.py
[2022-07-31 07:04:26,155] {logging_mixin.py:115} INFO - [2022-07-31 07:04:26,155] {dag.py:2420} INFO - Sync 1 DAGs
[2022-07-31 07:04:26,182] {logging_mixin.py:115} INFO - [2022-07-31 07:04:26,182] {dag.py:2972} INFO - Setting next_dagrun for latest_only_with_trigger to 2022-07-31T03:04:26.181754+00:00, run_after=2022-07-31T07:04:26.181754+00:00
[2022-07-31 07:04:26,197] {processor.py:161} INFO - Processing /home/airflow/.local/lib/python3.7/site-packages/airflow/example_dags/example_latest_only_with_trigger.py took 0.108 seconds
[2022-07-31 07:04:56,546] {processor.py:153} INFO - Started process (PID=960) to work on /home/airflow/.local/lib/python3.7/site-packages/airflow/example_dags/example_latest_only_with_trigger.py
[2022-07-31 07:04:56,547] {processor.py:641} INFO - Processing file /home/airflow/.local/lib/python3.7/site-packages/airflow/example_dags/example_latest_only_with_trigger.py for tasks to queue
[2022-07-31 07:04:56,548] {logging_mixin.py:115} INFO - [2022-07-31 07:04:56,548] {dagbag.py:508} INFO - Filling up the DagBag from /home/airflow/.local/lib/python3.7/site-packages/airflow/example_dags/example_latest_only_with_trigger.py
[2022-07-31 07:04:56,559] {processor.py:651} INFO - DAG(s) dict_keys(['latest_only_with_trigger']) retrieved from /home/airflow/.local/lib/python3.7/site-packages/airflow/example_dags/example_latest_only_with_trigger.py
[2022-07-31 07:04:56,606] {logging_mixin.py:115} INFO - [2022-07-31 07:04:56,606] {dag.py:2420} INFO - Sync 1 DAGs
[2022-07-31 07:04:56,657] {logging_mixin.py:115} INFO - [2022-07-31 07:04:56,657] {dag.py:2972} INFO - Setting next_dagrun for latest_only_with_trigger to 2022-07-31T03:04:56.656947+00:00, run_after=2022-07-31T07:04:56.656947+00:00
[2022-07-31 07:04:56,679] {processor.py:161} INFO - Processing /home/airflow/.local/lib/python3.7/site-packages/airflow/example_dags/example_latest_only_with_trigger.py took 0.140 seconds
[2022-07-31 07:05:27,458] {processor.py:153} INFO - Started process (PID=1013) to work on /home/airflow/.local/lib/python3.7/site-packages/airflow/example_dags/example_latest_only_with_trigger.py
[2022-07-31 07:05:27,458] {processor.py:641} INFO - Processing file /home/airflow/.local/lib/python3.7/site-packages/airflow/example_dags/example_latest_only_with_trigger.py for tasks to queue
[2022-07-31 07:05:27,459] {logging_mixin.py:115} INFO - [2022-07-31 07:05:27,459] {dagbag.py:508} INFO - Filling up the DagBag from /home/airflow/.local/lib/python3.7/site-packages/airflow/example_dags/example_latest_only_with_trigger.py
[2022-07-31 07:05:27,467] {processor.py:651} INFO - DAG(s) dict_keys(['latest_only_with_trigger']) retrieved from /home/airflow/.local/lib/python3.7/site-packages/airflow/example_dags/example_latest_only_with_trigger.py
[2022-07-31 07:05:27,498] {logging_mixin.py:115} INFO - [2022-07-31 07:05:27,498] {dag.py:2420} INFO - Sync 1 DAGs
[2022-07-31 07:05:27,525] {logging_mixin.py:115} INFO - [2022-07-31 07:05:27,525] {dag.py:2972} INFO - Setting next_dagrun for latest_only_with_trigger to 2022-07-31T03:05:27.524732+00:00, run_after=2022-07-31T07:05:27.524732+00:00
[2022-07-31 07:05:27,541] {processor.py:161} INFO - Processing /home/airflow/.local/lib/python3.7/site-packages/airflow/example_dags/example_latest_only_with_trigger.py took 0.089 seconds
[2022-07-31 07:05:57,935] {processor.py:153} INFO - Started process (PID=1074) to work on /home/airflow/.local/lib/python3.7/site-packages/airflow/example_dags/example_latest_only_with_trigger.py
[2022-07-31 07:05:57,935] {processor.py:641} INFO - Processing file /home/airflow/.local/lib/python3.7/site-packages/airflow/example_dags/example_latest_only_with_trigger.py for tasks to queue
[2022-07-31 07:05:57,936] {logging_mixin.py:115} INFO - [2022-07-31 07:05:57,936] {dagbag.py:508} INFO - Filling up the DagBag from /home/airflow/.local/lib/python3.7/site-packages/airflow/example_dags/example_latest_only_with_trigger.py
[2022-07-31 07:05:57,944] {processor.py:651} INFO - DAG(s) dict_keys(['latest_only_with_trigger']) retrieved from /home/airflow/.local/lib/python3.7/site-packages/airflow/example_dags/example_latest_only_with_trigger.py
[2022-07-31 07:05:57,977] {logging_mixin.py:115} INFO - [2022-07-31 07:05:57,977] {dag.py:2420} INFO - Sync 1 DAGs
[2022-07-31 07:05:58,003] {logging_mixin.py:115} INFO - [2022-07-31 07:05:58,003] {dag.py:2972} INFO - Setting next_dagrun for latest_only_with_trigger to 2022-07-31T03:05:58.002934+00:00, run_after=2022-07-31T07:05:58.002934+00:00
[2022-07-31 07:05:58,019] {processor.py:161} INFO - Processing /home/airflow/.local/lib/python3.7/site-packages/airflow/example_dags/example_latest_only_with_trigger.py took 0.089 seconds
[2022-07-31 07:06:28,376] {processor.py:153} INFO - Started process (PID=1136) to work on /home/airflow/.local/lib/python3.7/site-packages/airflow/example_dags/example_latest_only_with_trigger.py
[2022-07-31 07:06:28,377] {processor.py:641} INFO - Processing file /home/airflow/.local/lib/python3.7/site-packages/airflow/example_dags/example_latest_only_with_trigger.py for tasks to queue
[2022-07-31 07:06:28,378] {logging_mixin.py:115} INFO - [2022-07-31 07:06:28,378] {dagbag.py:508} INFO - Filling up the DagBag from /home/airflow/.local/lib/python3.7/site-packages/airflow/example_dags/example_latest_only_with_trigger.py
[2022-07-31 07:06:28,387] {processor.py:651} INFO - DAG(s) dict_keys(['latest_only_with_trigger']) retrieved from /home/airflow/.local/lib/python3.7/site-packages/airflow/example_dags/example_latest_only_with_trigger.py
[2022-07-31 07:06:28,423] {logging_mixin.py:115} INFO - [2022-07-31 07:06:28,422] {dag.py:2420} INFO - Sync 1 DAGs
[2022-07-31 07:06:28,453] {logging_mixin.py:115} INFO - [2022-07-31 07:06:28,453] {dag.py:2972} INFO - Setting next_dagrun for latest_only_with_trigger to 2022-07-31T03:06:28.452557+00:00, run_after=2022-07-31T07:06:28.452557+00:00
[2022-07-31 07:06:28,470] {processor.py:161} INFO - Processing /home/airflow/.local/lib/python3.7/site-packages/airflow/example_dags/example_latest_only_with_trigger.py took 0.099 seconds
[2022-07-31 07:06:59,473] {processor.py:153} INFO - Started process (PID=1188) to work on /home/airflow/.local/lib/python3.7/site-packages/airflow/example_dags/example_latest_only_with_trigger.py
[2022-07-31 07:06:59,474] {processor.py:641} INFO - Processing file /home/airflow/.local/lib/python3.7/site-packages/airflow/example_dags/example_latest_only_with_trigger.py for tasks to queue
[2022-07-31 07:06:59,475] {logging_mixin.py:115} INFO - [2022-07-31 07:06:59,474] {dagbag.py:508} INFO - Filling up the DagBag from /home/airflow/.local/lib/python3.7/site-packages/airflow/example_dags/example_latest_only_with_trigger.py
[2022-07-31 07:06:59,484] {processor.py:651} INFO - DAG(s) dict_keys(['latest_only_with_trigger']) retrieved from /home/airflow/.local/lib/python3.7/site-packages/airflow/example_dags/example_latest_only_with_trigger.py
[2022-07-31 07:06:59,521] {logging_mixin.py:115} INFO - [2022-07-31 07:06:59,520] {dag.py:2420} INFO - Sync 1 DAGs
[2022-07-31 07:06:59,560] {logging_mixin.py:115} INFO - [2022-07-31 07:06:59,560] {dag.py:2972} INFO - Setting next_dagrun for latest_only_with_trigger to 2022-07-31T03:06:59.559650+00:00, run_after=2022-07-31T07:06:59.559650+00:00
[2022-07-31 07:06:59,578] {processor.py:161} INFO - Processing /home/airflow/.local/lib/python3.7/site-packages/airflow/example_dags/example_latest_only_with_trigger.py took 0.110 seconds
[2022-07-31 07:07:30,158] {processor.py:153} INFO - Started process (PID=1249) to work on /home/airflow/.local/lib/python3.7/site-packages/airflow/example_dags/example_latest_only_with_trigger.py
[2022-07-31 07:07:30,159] {processor.py:641} INFO - Processing file /home/airflow/.local/lib/python3.7/site-packages/airflow/example_dags/example_latest_only_with_trigger.py for tasks to queue
[2022-07-31 07:07:30,160] {logging_mixin.py:115} INFO - [2022-07-31 07:07:30,160] {dagbag.py:508} INFO - Filling up the DagBag from /home/airflow/.local/lib/python3.7/site-packages/airflow/example_dags/example_latest_only_with_trigger.py
[2022-07-31 07:07:30,167] {processor.py:651} INFO - DAG(s) dict_keys(['latest_only_with_trigger']) retrieved from /home/airflow/.local/lib/python3.7/site-packages/airflow/example_dags/example_latest_only_with_trigger.py
[2022-07-31 07:07:30,200] {logging_mixin.py:115} INFO - [2022-07-31 07:07:30,200] {dag.py:2420} INFO - Sync 1 DAGs
[2022-07-31 07:07:30,234] {logging_mixin.py:115} INFO - [2022-07-31 07:07:30,234] {dag.py:2972} INFO - Setting next_dagrun for latest_only_with_trigger to 2022-07-31T03:07:30.234578+00:00, run_after=2022-07-31T07:07:30.234578+00:00
[2022-07-31 07:07:30,250] {processor.py:161} INFO - Processing /home/airflow/.local/lib/python3.7/site-packages/airflow/example_dags/example_latest_only_with_trigger.py took 0.096 seconds
