[2022-07-31 06:56:47,057] {processor.py:153} INFO - Started process (PID=60) to work on /home/airflow/.local/lib/python3.7/site-packages/airflow/example_dags/example_branch_python_dop_operator_3.py
[2022-07-31 06:56:47,058] {processor.py:641} INFO - Processing file /home/airflow/.local/lib/python3.7/site-packages/airflow/example_dags/example_branch_python_dop_operator_3.py for tasks to queue
[2022-07-31 06:56:47,067] {logging_mixin.py:115} INFO - [2022-07-31 06:56:47,067] {dagbag.py:508} INFO - Filling up the DagBag from /home/airflow/.local/lib/python3.7/site-packages/airflow/example_dags/example_branch_python_dop_operator_3.py
[2022-07-31 06:56:47,096] {processor.py:651} INFO - DAG(s) dict_keys(['example_branch_dop_operator_v3']) retrieved from /home/airflow/.local/lib/python3.7/site-packages/airflow/example_dags/example_branch_python_dop_operator_3.py
[2022-07-31 06:56:47,535] {logging_mixin.py:115} INFO - [2022-07-31 06:56:47,534] {manager.py:508} INFO - Created Permission View: can edit on DAG:example_branch_dop_operator_v3
[2022-07-31 06:56:47,662] {logging_mixin.py:115} INFO - [2022-07-31 06:56:47,662] {manager.py:508} INFO - Created Permission View: can read on DAG:example_branch_dop_operator_v3
[2022-07-31 06:56:47,674] {logging_mixin.py:115} INFO - [2022-07-31 06:56:47,674] {manager.py:508} INFO - Created Permission View: can delete on DAG:example_branch_dop_operator_v3
[2022-07-31 06:56:47,682] {logging_mixin.py:115} INFO - [2022-07-31 06:56:47,682] {dag.py:2420} INFO - Sync 1 DAGs
[2022-07-31 06:56:47,699] {logging_mixin.py:115} INFO - [2022-07-31 06:56:47,699] {dag.py:2439} INFO - Creating ORM DAG for example_branch_dop_operator_v3
[2022-07-31 06:56:47,793] {logging_mixin.py:115} INFO - [2022-07-31 06:56:47,792] {dag.py:2972} INFO - Setting next_dagrun for example_branch_dop_operator_v3 to 2022-07-31T06:55:00+00:00, run_after=2022-07-31T06:56:00+00:00
[2022-07-31 06:56:49,005] {processor.py:161} INFO - Processing /home/airflow/.local/lib/python3.7/site-packages/airflow/example_dags/example_branch_python_dop_operator_3.py took 1.953 seconds
[2022-07-31 06:57:19,534] {processor.py:153} INFO - Started process (PID=112) to work on /home/airflow/.local/lib/python3.7/site-packages/airflow/example_dags/example_branch_python_dop_operator_3.py
[2022-07-31 06:57:19,536] {processor.py:641} INFO - Processing file /home/airflow/.local/lib/python3.7/site-packages/airflow/example_dags/example_branch_python_dop_operator_3.py for tasks to queue
[2022-07-31 06:57:19,537] {logging_mixin.py:115} INFO - [2022-07-31 06:57:19,537] {dagbag.py:508} INFO - Filling up the DagBag from /home/airflow/.local/lib/python3.7/site-packages/airflow/example_dags/example_branch_python_dop_operator_3.py
[2022-07-31 06:57:19,549] {processor.py:651} INFO - DAG(s) dict_keys(['example_branch_dop_operator_v3']) retrieved from /home/airflow/.local/lib/python3.7/site-packages/airflow/example_dags/example_branch_python_dop_operator_3.py
[2022-07-31 06:57:19,588] {logging_mixin.py:115} INFO - [2022-07-31 06:57:19,588] {dag.py:2420} INFO - Sync 1 DAGs
[2022-07-31 06:57:19,631] {logging_mixin.py:115} INFO - [2022-07-31 06:57:19,631] {dag.py:2972} INFO - Setting next_dagrun for example_branch_dop_operator_v3 to 2022-07-31T06:56:00+00:00, run_after=2022-07-31T06:57:00+00:00
[2022-07-31 06:57:19,649] {processor.py:161} INFO - Processing /home/airflow/.local/lib/python3.7/site-packages/airflow/example_dags/example_branch_python_dop_operator_3.py took 0.120 seconds
[2022-07-31 06:57:49,798] {processor.py:153} INFO - Started process (PID=164) to work on /home/airflow/.local/lib/python3.7/site-packages/airflow/example_dags/example_branch_python_dop_operator_3.py
[2022-07-31 06:57:49,801] {processor.py:641} INFO - Processing file /home/airflow/.local/lib/python3.7/site-packages/airflow/example_dags/example_branch_python_dop_operator_3.py for tasks to queue
[2022-07-31 06:57:49,802] {logging_mixin.py:115} INFO - [2022-07-31 06:57:49,802] {dagbag.py:508} INFO - Filling up the DagBag from /home/airflow/.local/lib/python3.7/site-packages/airflow/example_dags/example_branch_python_dop_operator_3.py
[2022-07-31 06:57:49,819] {processor.py:651} INFO - DAG(s) dict_keys(['example_branch_dop_operator_v3']) retrieved from /home/airflow/.local/lib/python3.7/site-packages/airflow/example_dags/example_branch_python_dop_operator_3.py
[2022-07-31 06:57:49,863] {logging_mixin.py:115} INFO - [2022-07-31 06:57:49,863] {dag.py:2420} INFO - Sync 1 DAGs
[2022-07-31 06:57:49,916] {logging_mixin.py:115} INFO - [2022-07-31 06:57:49,916] {dag.py:2972} INFO - Setting next_dagrun for example_branch_dop_operator_v3 to 2022-07-31T06:56:00+00:00, run_after=2022-07-31T06:57:00+00:00
[2022-07-31 06:57:49,942] {processor.py:161} INFO - Processing /home/airflow/.local/lib/python3.7/site-packages/airflow/example_dags/example_branch_python_dop_operator_3.py took 0.153 seconds
[2022-07-31 06:58:20,642] {processor.py:153} INFO - Started process (PID=225) to work on /home/airflow/.local/lib/python3.7/site-packages/airflow/example_dags/example_branch_python_dop_operator_3.py
[2022-07-31 06:58:20,643] {processor.py:641} INFO - Processing file /home/airflow/.local/lib/python3.7/site-packages/airflow/example_dags/example_branch_python_dop_operator_3.py for tasks to queue
[2022-07-31 06:58:20,644] {logging_mixin.py:115} INFO - [2022-07-31 06:58:20,644] {dagbag.py:508} INFO - Filling up the DagBag from /home/airflow/.local/lib/python3.7/site-packages/airflow/example_dags/example_branch_python_dop_operator_3.py
[2022-07-31 06:58:20,660] {processor.py:651} INFO - DAG(s) dict_keys(['example_branch_dop_operator_v3']) retrieved from /home/airflow/.local/lib/python3.7/site-packages/airflow/example_dags/example_branch_python_dop_operator_3.py
[2022-07-31 06:58:20,696] {logging_mixin.py:115} INFO - [2022-07-31 06:58:20,695] {dag.py:2420} INFO - Sync 1 DAGs
[2022-07-31 06:58:20,730] {logging_mixin.py:115} INFO - [2022-07-31 06:58:20,730] {dag.py:2972} INFO - Setting next_dagrun for example_branch_dop_operator_v3 to 2022-07-31T06:57:00+00:00, run_after=2022-07-31T06:58:00+00:00
[2022-07-31 06:58:20,745] {processor.py:161} INFO - Processing /home/airflow/.local/lib/python3.7/site-packages/airflow/example_dags/example_branch_python_dop_operator_3.py took 0.109 seconds
[2022-07-31 06:58:50,781] {processor.py:153} INFO - Started process (PID=277) to work on /home/airflow/.local/lib/python3.7/site-packages/airflow/example_dags/example_branch_python_dop_operator_3.py
[2022-07-31 06:58:50,782] {processor.py:641} INFO - Processing file /home/airflow/.local/lib/python3.7/site-packages/airflow/example_dags/example_branch_python_dop_operator_3.py for tasks to queue
[2022-07-31 06:58:50,784] {logging_mixin.py:115} INFO - [2022-07-31 06:58:50,784] {dagbag.py:508} INFO - Filling up the DagBag from /home/airflow/.local/lib/python3.7/site-packages/airflow/example_dags/example_branch_python_dop_operator_3.py
[2022-07-31 06:58:50,808] {processor.py:651} INFO - DAG(s) dict_keys(['example_branch_dop_operator_v3']) retrieved from /home/airflow/.local/lib/python3.7/site-packages/airflow/example_dags/example_branch_python_dop_operator_3.py
[2022-07-31 06:58:50,855] {logging_mixin.py:115} INFO - [2022-07-31 06:58:50,855] {dag.py:2420} INFO - Sync 1 DAGs
[2022-07-31 06:58:50,903] {logging_mixin.py:115} INFO - [2022-07-31 06:58:50,903] {dag.py:2972} INFO - Setting next_dagrun for example_branch_dop_operator_v3 to 2022-07-31T06:57:00+00:00, run_after=2022-07-31T06:58:00+00:00
[2022-07-31 06:58:50,924] {processor.py:161} INFO - Processing /home/airflow/.local/lib/python3.7/site-packages/airflow/example_dags/example_branch_python_dop_operator_3.py took 0.152 seconds
[2022-07-31 06:59:21,372] {processor.py:153} INFO - Started process (PID=338) to work on /home/airflow/.local/lib/python3.7/site-packages/airflow/example_dags/example_branch_python_dop_operator_3.py
[2022-07-31 06:59:21,373] {processor.py:641} INFO - Processing file /home/airflow/.local/lib/python3.7/site-packages/airflow/example_dags/example_branch_python_dop_operator_3.py for tasks to queue
[2022-07-31 06:59:21,374] {logging_mixin.py:115} INFO - [2022-07-31 06:59:21,374] {dagbag.py:508} INFO - Filling up the DagBag from /home/airflow/.local/lib/python3.7/site-packages/airflow/example_dags/example_branch_python_dop_operator_3.py
[2022-07-31 06:59:21,388] {processor.py:651} INFO - DAG(s) dict_keys(['example_branch_dop_operator_v3']) retrieved from /home/airflow/.local/lib/python3.7/site-packages/airflow/example_dags/example_branch_python_dop_operator_3.py
[2022-07-31 06:59:21,421] {logging_mixin.py:115} INFO - [2022-07-31 06:59:21,421] {dag.py:2420} INFO - Sync 1 DAGs
[2022-07-31 06:59:21,460] {logging_mixin.py:115} INFO - [2022-07-31 06:59:21,459] {dag.py:2972} INFO - Setting next_dagrun for example_branch_dop_operator_v3 to 2022-07-31T06:58:00+00:00, run_after=2022-07-31T06:59:00+00:00
[2022-07-31 06:59:21,492] {processor.py:161} INFO - Processing /home/airflow/.local/lib/python3.7/site-packages/airflow/example_dags/example_branch_python_dop_operator_3.py took 0.125 seconds
[2022-07-31 06:59:52,291] {processor.py:153} INFO - Started process (PID=390) to work on /home/airflow/.local/lib/python3.7/site-packages/airflow/example_dags/example_branch_python_dop_operator_3.py
[2022-07-31 06:59:52,293] {processor.py:641} INFO - Processing file /home/airflow/.local/lib/python3.7/site-packages/airflow/example_dags/example_branch_python_dop_operator_3.py for tasks to queue
[2022-07-31 06:59:52,294] {logging_mixin.py:115} INFO - [2022-07-31 06:59:52,294] {dagbag.py:508} INFO - Filling up the DagBag from /home/airflow/.local/lib/python3.7/site-packages/airflow/example_dags/example_branch_python_dop_operator_3.py
[2022-07-31 06:59:52,312] {processor.py:651} INFO - DAG(s) dict_keys(['example_branch_dop_operator_v3']) retrieved from /home/airflow/.local/lib/python3.7/site-packages/airflow/example_dags/example_branch_python_dop_operator_3.py
[2022-07-31 06:59:52,344] {logging_mixin.py:115} INFO - [2022-07-31 06:59:52,344] {dag.py:2420} INFO - Sync 1 DAGs
[2022-07-31 06:59:52,374] {logging_mixin.py:115} INFO - [2022-07-31 06:59:52,374] {dag.py:2972} INFO - Setting next_dagrun for example_branch_dop_operator_v3 to 2022-07-31T06:58:00+00:00, run_after=2022-07-31T06:59:00+00:00
[2022-07-31 06:59:52,390] {processor.py:161} INFO - Processing /home/airflow/.local/lib/python3.7/site-packages/airflow/example_dags/example_branch_python_dop_operator_3.py took 0.112 seconds
[2022-07-31 07:00:22,940] {processor.py:153} INFO - Started process (PID=452) to work on /home/airflow/.local/lib/python3.7/site-packages/airflow/example_dags/example_branch_python_dop_operator_3.py
[2022-07-31 07:00:22,942] {processor.py:641} INFO - Processing file /home/airflow/.local/lib/python3.7/site-packages/airflow/example_dags/example_branch_python_dop_operator_3.py for tasks to queue
[2022-07-31 07:00:22,944] {logging_mixin.py:115} INFO - [2022-07-31 07:00:22,943] {dagbag.py:508} INFO - Filling up the DagBag from /home/airflow/.local/lib/python3.7/site-packages/airflow/example_dags/example_branch_python_dop_operator_3.py
[2022-07-31 07:00:22,961] {processor.py:651} INFO - DAG(s) dict_keys(['example_branch_dop_operator_v3']) retrieved from /home/airflow/.local/lib/python3.7/site-packages/airflow/example_dags/example_branch_python_dop_operator_3.py
[2022-07-31 07:00:22,991] {logging_mixin.py:115} INFO - [2022-07-31 07:00:22,991] {dag.py:2420} INFO - Sync 1 DAGs
[2022-07-31 07:00:23,021] {logging_mixin.py:115} INFO - [2022-07-31 07:00:23,021] {dag.py:2972} INFO - Setting next_dagrun for example_branch_dop_operator_v3 to 2022-07-31T06:59:00+00:00, run_after=2022-07-31T07:00:00+00:00
[2022-07-31 07:00:23,034] {processor.py:161} INFO - Processing /home/airflow/.local/lib/python3.7/site-packages/airflow/example_dags/example_branch_python_dop_operator_3.py took 0.107 seconds
[2022-07-31 07:00:53,783] {processor.py:153} INFO - Started process (PID=513) to work on /home/airflow/.local/lib/python3.7/site-packages/airflow/example_dags/example_branch_python_dop_operator_3.py
[2022-07-31 07:00:53,784] {processor.py:641} INFO - Processing file /home/airflow/.local/lib/python3.7/site-packages/airflow/example_dags/example_branch_python_dop_operator_3.py for tasks to queue
[2022-07-31 07:00:53,785] {logging_mixin.py:115} INFO - [2022-07-31 07:00:53,785] {dagbag.py:508} INFO - Filling up the DagBag from /home/airflow/.local/lib/python3.7/site-packages/airflow/example_dags/example_branch_python_dop_operator_3.py
[2022-07-31 07:00:53,801] {processor.py:651} INFO - DAG(s) dict_keys(['example_branch_dop_operator_v3']) retrieved from /home/airflow/.local/lib/python3.7/site-packages/airflow/example_dags/example_branch_python_dop_operator_3.py
[2022-07-31 07:00:53,838] {logging_mixin.py:115} INFO - [2022-07-31 07:00:53,838] {dag.py:2420} INFO - Sync 1 DAGs
[2022-07-31 07:00:53,878] {logging_mixin.py:115} INFO - [2022-07-31 07:00:53,878] {dag.py:2972} INFO - Setting next_dagrun for example_branch_dop_operator_v3 to 2022-07-31T06:59:00+00:00, run_after=2022-07-31T07:00:00+00:00
[2022-07-31 07:00:53,892] {processor.py:161} INFO - Processing /home/airflow/.local/lib/python3.7/site-packages/airflow/example_dags/example_branch_python_dop_operator_3.py took 0.116 seconds
[2022-07-31 07:01:24,791] {processor.py:153} INFO - Started process (PID=565) to work on /home/airflow/.local/lib/python3.7/site-packages/airflow/example_dags/example_branch_python_dop_operator_3.py
[2022-07-31 07:01:24,792] {processor.py:641} INFO - Processing file /home/airflow/.local/lib/python3.7/site-packages/airflow/example_dags/example_branch_python_dop_operator_3.py for tasks to queue
[2022-07-31 07:01:24,793] {logging_mixin.py:115} INFO - [2022-07-31 07:01:24,793] {dagbag.py:508} INFO - Filling up the DagBag from /home/airflow/.local/lib/python3.7/site-packages/airflow/example_dags/example_branch_python_dop_operator_3.py
[2022-07-31 07:01:24,805] {processor.py:651} INFO - DAG(s) dict_keys(['example_branch_dop_operator_v3']) retrieved from /home/airflow/.local/lib/python3.7/site-packages/airflow/example_dags/example_branch_python_dop_operator_3.py
[2022-07-31 07:01:24,835] {logging_mixin.py:115} INFO - [2022-07-31 07:01:24,835] {dag.py:2420} INFO - Sync 1 DAGs
[2022-07-31 07:01:24,879] {logging_mixin.py:115} INFO - [2022-07-31 07:01:24,879] {dag.py:2972} INFO - Setting next_dagrun for example_branch_dop_operator_v3 to 2022-07-31T07:00:00+00:00, run_after=2022-07-31T07:01:00+00:00
[2022-07-31 07:01:24,897] {processor.py:161} INFO - Processing /home/airflow/.local/lib/python3.7/site-packages/airflow/example_dags/example_branch_python_dop_operator_3.py took 0.111 seconds
[2022-07-31 07:01:55,332] {processor.py:153} INFO - Started process (PID=626) to work on /home/airflow/.local/lib/python3.7/site-packages/airflow/example_dags/example_branch_python_dop_operator_3.py
[2022-07-31 07:01:55,334] {processor.py:641} INFO - Processing file /home/airflow/.local/lib/python3.7/site-packages/airflow/example_dags/example_branch_python_dop_operator_3.py for tasks to queue
[2022-07-31 07:01:55,335] {logging_mixin.py:115} INFO - [2022-07-31 07:01:55,335] {dagbag.py:508} INFO - Filling up the DagBag from /home/airflow/.local/lib/python3.7/site-packages/airflow/example_dags/example_branch_python_dop_operator_3.py
[2022-07-31 07:01:55,353] {processor.py:651} INFO - DAG(s) dict_keys(['example_branch_dop_operator_v3']) retrieved from /home/airflow/.local/lib/python3.7/site-packages/airflow/example_dags/example_branch_python_dop_operator_3.py
[2022-07-31 07:01:55,386] {logging_mixin.py:115} INFO - [2022-07-31 07:01:55,386] {dag.py:2420} INFO - Sync 1 DAGs
[2022-07-31 07:01:55,416] {logging_mixin.py:115} INFO - [2022-07-31 07:01:55,416] {dag.py:2972} INFO - Setting next_dagrun for example_branch_dop_operator_v3 to 2022-07-31T07:00:00+00:00, run_after=2022-07-31T07:01:00+00:00
[2022-07-31 07:01:55,430] {processor.py:161} INFO - Processing /home/airflow/.local/lib/python3.7/site-packages/airflow/example_dags/example_branch_python_dop_operator_3.py took 0.112 seconds
[2022-07-31 07:02:25,700] {processor.py:153} INFO - Started process (PID=685) to work on /home/airflow/.local/lib/python3.7/site-packages/airflow/example_dags/example_branch_python_dop_operator_3.py
[2022-07-31 07:02:25,702] {processor.py:641} INFO - Processing file /home/airflow/.local/lib/python3.7/site-packages/airflow/example_dags/example_branch_python_dop_operator_3.py for tasks to queue
[2022-07-31 07:02:25,703] {logging_mixin.py:115} INFO - [2022-07-31 07:02:25,703] {dagbag.py:508} INFO - Filling up the DagBag from /home/airflow/.local/lib/python3.7/site-packages/airflow/example_dags/example_branch_python_dop_operator_3.py
[2022-07-31 07:02:25,731] {processor.py:651} INFO - DAG(s) dict_keys(['example_branch_dop_operator_v3']) retrieved from /home/airflow/.local/lib/python3.7/site-packages/airflow/example_dags/example_branch_python_dop_operator_3.py
[2022-07-31 07:02:25,787] {logging_mixin.py:115} INFO - [2022-07-31 07:02:25,786] {dag.py:2420} INFO - Sync 1 DAGs
[2022-07-31 07:02:25,866] {logging_mixin.py:115} INFO - [2022-07-31 07:02:25,866] {dag.py:2972} INFO - Setting next_dagrun for example_branch_dop_operator_v3 to 2022-07-31T07:01:00+00:00, run_after=2022-07-31T07:02:00+00:00
[2022-07-31 07:02:25,898] {processor.py:161} INFO - Processing /home/airflow/.local/lib/python3.7/site-packages/airflow/example_dags/example_branch_python_dop_operator_3.py took 0.206 seconds
[2022-07-31 07:02:56,361] {processor.py:153} INFO - Started process (PID=739) to work on /home/airflow/.local/lib/python3.7/site-packages/airflow/example_dags/example_branch_python_dop_operator_3.py
[2022-07-31 07:02:56,362] {processor.py:641} INFO - Processing file /home/airflow/.local/lib/python3.7/site-packages/airflow/example_dags/example_branch_python_dop_operator_3.py for tasks to queue
[2022-07-31 07:02:56,364] {logging_mixin.py:115} INFO - [2022-07-31 07:02:56,364] {dagbag.py:508} INFO - Filling up the DagBag from /home/airflow/.local/lib/python3.7/site-packages/airflow/example_dags/example_branch_python_dop_operator_3.py
[2022-07-31 07:02:56,383] {processor.py:651} INFO - DAG(s) dict_keys(['example_branch_dop_operator_v3']) retrieved from /home/airflow/.local/lib/python3.7/site-packages/airflow/example_dags/example_branch_python_dop_operator_3.py
[2022-07-31 07:02:56,427] {logging_mixin.py:115} INFO - [2022-07-31 07:02:56,426] {dag.py:2420} INFO - Sync 1 DAGs
[2022-07-31 07:02:56,474] {logging_mixin.py:115} INFO - [2022-07-31 07:02:56,474] {dag.py:2972} INFO - Setting next_dagrun for example_branch_dop_operator_v3 to 2022-07-31T07:01:00+00:00, run_after=2022-07-31T07:02:00+00:00
[2022-07-31 07:02:56,494] {processor.py:161} INFO - Processing /home/airflow/.local/lib/python3.7/site-packages/airflow/example_dags/example_branch_python_dop_operator_3.py took 0.139 seconds
[2022-07-31 07:03:26,660] {processor.py:153} INFO - Started process (PID=791) to work on /home/airflow/.local/lib/python3.7/site-packages/airflow/example_dags/example_branch_python_dop_operator_3.py
[2022-07-31 07:03:26,661] {processor.py:641} INFO - Processing file /home/airflow/.local/lib/python3.7/site-packages/airflow/example_dags/example_branch_python_dop_operator_3.py for tasks to queue
[2022-07-31 07:03:26,662] {logging_mixin.py:115} INFO - [2022-07-31 07:03:26,662] {dagbag.py:508} INFO - Filling up the DagBag from /home/airflow/.local/lib/python3.7/site-packages/airflow/example_dags/example_branch_python_dop_operator_3.py
[2022-07-31 07:03:26,682] {processor.py:651} INFO - DAG(s) dict_keys(['example_branch_dop_operator_v3']) retrieved from /home/airflow/.local/lib/python3.7/site-packages/airflow/example_dags/example_branch_python_dop_operator_3.py
[2022-07-31 07:03:26,726] {logging_mixin.py:115} INFO - [2022-07-31 07:03:26,726] {dag.py:2420} INFO - Sync 1 DAGs
[2022-07-31 07:03:26,772] {logging_mixin.py:115} INFO - [2022-07-31 07:03:26,772] {dag.py:2972} INFO - Setting next_dagrun for example_branch_dop_operator_v3 to 2022-07-31T07:02:00+00:00, run_after=2022-07-31T07:03:00+00:00
[2022-07-31 07:03:26,791] {processor.py:161} INFO - Processing /home/airflow/.local/lib/python3.7/site-packages/airflow/example_dags/example_branch_python_dop_operator_3.py took 0.137 seconds
[2022-07-31 07:03:57,481] {processor.py:153} INFO - Started process (PID=852) to work on /home/airflow/.local/lib/python3.7/site-packages/airflow/example_dags/example_branch_python_dop_operator_3.py
[2022-07-31 07:03:57,482] {processor.py:641} INFO - Processing file /home/airflow/.local/lib/python3.7/site-packages/airflow/example_dags/example_branch_python_dop_operator_3.py for tasks to queue
[2022-07-31 07:03:57,483] {logging_mixin.py:115} INFO - [2022-07-31 07:03:57,483] {dagbag.py:508} INFO - Filling up the DagBag from /home/airflow/.local/lib/python3.7/site-packages/airflow/example_dags/example_branch_python_dop_operator_3.py
[2022-07-31 07:03:57,507] {processor.py:651} INFO - DAG(s) dict_keys(['example_branch_dop_operator_v3']) retrieved from /home/airflow/.local/lib/python3.7/site-packages/airflow/example_dags/example_branch_python_dop_operator_3.py
[2022-07-31 07:03:57,564] {logging_mixin.py:115} INFO - [2022-07-31 07:03:57,564] {dag.py:2420} INFO - Sync 1 DAGs
[2022-07-31 07:03:57,609] {logging_mixin.py:115} INFO - [2022-07-31 07:03:57,609] {dag.py:2972} INFO - Setting next_dagrun for example_branch_dop_operator_v3 to 2022-07-31T07:02:00+00:00, run_after=2022-07-31T07:03:00+00:00
[2022-07-31 07:03:57,625] {processor.py:161} INFO - Processing /home/airflow/.local/lib/python3.7/site-packages/airflow/example_dags/example_branch_python_dop_operator_3.py took 0.150 seconds
[2022-07-31 07:04:28,451] {processor.py:153} INFO - Started process (PID=904) to work on /home/airflow/.local/lib/python3.7/site-packages/airflow/example_dags/example_branch_python_dop_operator_3.py
[2022-07-31 07:04:28,452] {processor.py:641} INFO - Processing file /home/airflow/.local/lib/python3.7/site-packages/airflow/example_dags/example_branch_python_dop_operator_3.py for tasks to queue
[2022-07-31 07:04:28,453] {logging_mixin.py:115} INFO - [2022-07-31 07:04:28,453] {dagbag.py:508} INFO - Filling up the DagBag from /home/airflow/.local/lib/python3.7/site-packages/airflow/example_dags/example_branch_python_dop_operator_3.py
[2022-07-31 07:04:28,469] {processor.py:651} INFO - DAG(s) dict_keys(['example_branch_dop_operator_v3']) retrieved from /home/airflow/.local/lib/python3.7/site-packages/airflow/example_dags/example_branch_python_dop_operator_3.py
[2022-07-31 07:04:28,507] {logging_mixin.py:115} INFO - [2022-07-31 07:04:28,507] {dag.py:2420} INFO - Sync 1 DAGs
[2022-07-31 07:04:28,544] {logging_mixin.py:115} INFO - [2022-07-31 07:04:28,544] {dag.py:2972} INFO - Setting next_dagrun for example_branch_dop_operator_v3 to 2022-07-31T07:03:00+00:00, run_after=2022-07-31T07:04:00+00:00
[2022-07-31 07:04:28,560] {processor.py:161} INFO - Processing /home/airflow/.local/lib/python3.7/site-packages/airflow/example_dags/example_branch_python_dop_operator_3.py took 0.115 seconds
[2022-07-31 07:04:58,964] {processor.py:153} INFO - Started process (PID=965) to work on /home/airflow/.local/lib/python3.7/site-packages/airflow/example_dags/example_branch_python_dop_operator_3.py
[2022-07-31 07:04:58,965] {processor.py:641} INFO - Processing file /home/airflow/.local/lib/python3.7/site-packages/airflow/example_dags/example_branch_python_dop_operator_3.py for tasks to queue
[2022-07-31 07:04:58,966] {logging_mixin.py:115} INFO - [2022-07-31 07:04:58,966] {dagbag.py:508} INFO - Filling up the DagBag from /home/airflow/.local/lib/python3.7/site-packages/airflow/example_dags/example_branch_python_dop_operator_3.py
[2022-07-31 07:04:58,983] {processor.py:651} INFO - DAG(s) dict_keys(['example_branch_dop_operator_v3']) retrieved from /home/airflow/.local/lib/python3.7/site-packages/airflow/example_dags/example_branch_python_dop_operator_3.py
[2022-07-31 07:04:59,020] {logging_mixin.py:115} INFO - [2022-07-31 07:04:59,020] {dag.py:2420} INFO - Sync 1 DAGs
[2022-07-31 07:04:59,055] {logging_mixin.py:115} INFO - [2022-07-31 07:04:59,055] {dag.py:2972} INFO - Setting next_dagrun for example_branch_dop_operator_v3 to 2022-07-31T07:03:00+00:00, run_after=2022-07-31T07:04:00+00:00
[2022-07-31 07:04:59,072] {processor.py:161} INFO - Processing /home/airflow/.local/lib/python3.7/site-packages/airflow/example_dags/example_branch_python_dop_operator_3.py took 0.115 seconds
[2022-07-31 07:05:29,757] {processor.py:153} INFO - Started process (PID=1027) to work on /home/airflow/.local/lib/python3.7/site-packages/airflow/example_dags/example_branch_python_dop_operator_3.py
[2022-07-31 07:05:29,757] {processor.py:641} INFO - Processing file /home/airflow/.local/lib/python3.7/site-packages/airflow/example_dags/example_branch_python_dop_operator_3.py for tasks to queue
[2022-07-31 07:05:29,758] {logging_mixin.py:115} INFO - [2022-07-31 07:05:29,758] {dagbag.py:508} INFO - Filling up the DagBag from /home/airflow/.local/lib/python3.7/site-packages/airflow/example_dags/example_branch_python_dop_operator_3.py
[2022-07-31 07:05:29,770] {processor.py:651} INFO - DAG(s) dict_keys(['example_branch_dop_operator_v3']) retrieved from /home/airflow/.local/lib/python3.7/site-packages/airflow/example_dags/example_branch_python_dop_operator_3.py
[2022-07-31 07:05:29,800] {logging_mixin.py:115} INFO - [2022-07-31 07:05:29,800] {dag.py:2420} INFO - Sync 1 DAGs
[2022-07-31 07:05:29,831] {logging_mixin.py:115} INFO - [2022-07-31 07:05:29,831] {dag.py:2972} INFO - Setting next_dagrun for example_branch_dop_operator_v3 to 2022-07-31T07:04:00+00:00, run_after=2022-07-31T07:05:00+00:00
[2022-07-31 07:05:29,850] {processor.py:161} INFO - Processing /home/airflow/.local/lib/python3.7/site-packages/airflow/example_dags/example_branch_python_dop_operator_3.py took 0.098 seconds
[2022-07-31 07:06:00,251] {processor.py:153} INFO - Started process (PID=1079) to work on /home/airflow/.local/lib/python3.7/site-packages/airflow/example_dags/example_branch_python_dop_operator_3.py
[2022-07-31 07:06:00,253] {processor.py:641} INFO - Processing file /home/airflow/.local/lib/python3.7/site-packages/airflow/example_dags/example_branch_python_dop_operator_3.py for tasks to queue
[2022-07-31 07:06:00,255] {logging_mixin.py:115} INFO - [2022-07-31 07:06:00,254] {dagbag.py:508} INFO - Filling up the DagBag from /home/airflow/.local/lib/python3.7/site-packages/airflow/example_dags/example_branch_python_dop_operator_3.py
[2022-07-31 07:06:00,284] {processor.py:651} INFO - DAG(s) dict_keys(['example_branch_dop_operator_v3']) retrieved from /home/airflow/.local/lib/python3.7/site-packages/airflow/example_dags/example_branch_python_dop_operator_3.py
[2022-07-31 07:06:00,320] {logging_mixin.py:115} INFO - [2022-07-31 07:06:00,319] {dag.py:2420} INFO - Sync 1 DAGs
[2022-07-31 07:06:00,350] {logging_mixin.py:115} INFO - [2022-07-31 07:06:00,349] {dag.py:2972} INFO - Setting next_dagrun for example_branch_dop_operator_v3 to 2022-07-31T07:05:00+00:00, run_after=2022-07-31T07:06:00+00:00
[2022-07-31 07:06:00,363] {processor.py:161} INFO - Processing /home/airflow/.local/lib/python3.7/site-packages/airflow/example_dags/example_branch_python_dop_operator_3.py took 0.127 seconds
[2022-07-31 07:06:30,652] {processor.py:153} INFO - Started process (PID=1141) to work on /home/airflow/.local/lib/python3.7/site-packages/airflow/example_dags/example_branch_python_dop_operator_3.py
[2022-07-31 07:06:30,652] {processor.py:641} INFO - Processing file /home/airflow/.local/lib/python3.7/site-packages/airflow/example_dags/example_branch_python_dop_operator_3.py for tasks to queue
[2022-07-31 07:06:30,653] {logging_mixin.py:115} INFO - [2022-07-31 07:06:30,653] {dagbag.py:508} INFO - Filling up the DagBag from /home/airflow/.local/lib/python3.7/site-packages/airflow/example_dags/example_branch_python_dop_operator_3.py
[2022-07-31 07:06:30,665] {processor.py:651} INFO - DAG(s) dict_keys(['example_branch_dop_operator_v3']) retrieved from /home/airflow/.local/lib/python3.7/site-packages/airflow/example_dags/example_branch_python_dop_operator_3.py
[2022-07-31 07:06:30,700] {logging_mixin.py:115} INFO - [2022-07-31 07:06:30,700] {dag.py:2420} INFO - Sync 1 DAGs
[2022-07-31 07:06:30,734] {logging_mixin.py:115} INFO - [2022-07-31 07:06:30,734] {dag.py:2972} INFO - Setting next_dagrun for example_branch_dop_operator_v3 to 2022-07-31T07:05:00+00:00, run_after=2022-07-31T07:06:00+00:00
[2022-07-31 07:06:30,749] {processor.py:161} INFO - Processing /home/airflow/.local/lib/python3.7/site-packages/airflow/example_dags/example_branch_python_dop_operator_3.py took 0.101 seconds
[2022-07-31 07:07:00,852] {processor.py:153} INFO - Started process (PID=1200) to work on /home/airflow/.local/lib/python3.7/site-packages/airflow/example_dags/example_branch_python_dop_operator_3.py
[2022-07-31 07:07:00,853] {processor.py:641} INFO - Processing file /home/airflow/.local/lib/python3.7/site-packages/airflow/example_dags/example_branch_python_dop_operator_3.py for tasks to queue
[2022-07-31 07:07:00,854] {logging_mixin.py:115} INFO - [2022-07-31 07:07:00,854] {dagbag.py:508} INFO - Filling up the DagBag from /home/airflow/.local/lib/python3.7/site-packages/airflow/example_dags/example_branch_python_dop_operator_3.py
[2022-07-31 07:07:00,867] {processor.py:651} INFO - DAG(s) dict_keys(['example_branch_dop_operator_v3']) retrieved from /home/airflow/.local/lib/python3.7/site-packages/airflow/example_dags/example_branch_python_dop_operator_3.py
[2022-07-31 07:07:00,911] {logging_mixin.py:115} INFO - [2022-07-31 07:07:00,911] {dag.py:2420} INFO - Sync 1 DAGs
[2022-07-31 07:07:00,944] {logging_mixin.py:115} INFO - [2022-07-31 07:07:00,944] {dag.py:2972} INFO - Setting next_dagrun for example_branch_dop_operator_v3 to 2022-07-31T07:06:00+00:00, run_after=2022-07-31T07:07:00+00:00
[2022-07-31 07:07:00,958] {processor.py:161} INFO - Processing /home/airflow/.local/lib/python3.7/site-packages/airflow/example_dags/example_branch_python_dop_operator_3.py took 0.110 seconds
[2022-07-31 07:07:31,457] {processor.py:153} INFO - Started process (PID=1254) to work on /home/airflow/.local/lib/python3.7/site-packages/airflow/example_dags/example_branch_python_dop_operator_3.py
[2022-07-31 07:07:31,458] {processor.py:641} INFO - Processing file /home/airflow/.local/lib/python3.7/site-packages/airflow/example_dags/example_branch_python_dop_operator_3.py for tasks to queue
[2022-07-31 07:07:31,459] {logging_mixin.py:115} INFO - [2022-07-31 07:07:31,459] {dagbag.py:508} INFO - Filling up the DagBag from /home/airflow/.local/lib/python3.7/site-packages/airflow/example_dags/example_branch_python_dop_operator_3.py
[2022-07-31 07:07:31,478] {processor.py:651} INFO - DAG(s) dict_keys(['example_branch_dop_operator_v3']) retrieved from /home/airflow/.local/lib/python3.7/site-packages/airflow/example_dags/example_branch_python_dop_operator_3.py
[2022-07-31 07:07:31,516] {logging_mixin.py:115} INFO - [2022-07-31 07:07:31,516] {dag.py:2420} INFO - Sync 1 DAGs
[2022-07-31 07:07:31,554] {logging_mixin.py:115} INFO - [2022-07-31 07:07:31,554] {dag.py:2972} INFO - Setting next_dagrun for example_branch_dop_operator_v3 to 2022-07-31T07:06:00+00:00, run_after=2022-07-31T07:07:00+00:00
[2022-07-31 07:07:31,569] {processor.py:161} INFO - Processing /home/airflow/.local/lib/python3.7/site-packages/airflow/example_dags/example_branch_python_dop_operator_3.py took 0.118 seconds
