[2022-07-31 06:56:55,705] {processor.py:153} INFO - Started process (PID=77) to work on /home/airflow/.local/lib/python3.7/site-packages/airflow/example_dags/example_branch_labels.py
[2022-07-31 06:56:55,711] {processor.py:641} INFO - Processing file /home/airflow/.local/lib/python3.7/site-packages/airflow/example_dags/example_branch_labels.py for tasks to queue
[2022-07-31 06:56:55,713] {logging_mixin.py:115} INFO - [2022-07-31 06:56:55,712] {dagbag.py:508} INFO - Filling up the DagBag from /home/airflow/.local/lib/python3.7/site-packages/airflow/example_dags/example_branch_labels.py
[2022-07-31 06:56:55,728] {processor.py:651} INFO - DAG(s) dict_keys(['example_branch_labels']) retrieved from /home/airflow/.local/lib/python3.7/site-packages/airflow/example_dags/example_branch_labels.py
[2022-07-31 06:56:55,898] {logging_mixin.py:115} INFO - [2022-07-31 06:56:55,898] {manager.py:508} INFO - Created Permission View: can edit on DAG:example_branch_labels
[2022-07-31 06:56:55,919] {logging_mixin.py:115} INFO - [2022-07-31 06:56:55,919] {manager.py:508} INFO - Created Permission View: can read on DAG:example_branch_labels
[2022-07-31 06:56:55,933] {logging_mixin.py:115} INFO - [2022-07-31 06:56:55,933] {manager.py:508} INFO - Created Permission View: can delete on DAG:example_branch_labels
[2022-07-31 06:56:55,934] {logging_mixin.py:115} INFO - [2022-07-31 06:56:55,934] {dag.py:2420} INFO - Sync 1 DAGs
[2022-07-31 06:56:55,950] {logging_mixin.py:115} INFO - [2022-07-31 06:56:55,950] {dag.py:2439} INFO - Creating ORM DAG for example_branch_labels
[2022-07-31 06:56:55,975] {logging_mixin.py:115} INFO - [2022-07-31 06:56:55,975] {dag.py:2972} INFO - Setting next_dagrun for example_branch_labels to 2022-07-30T00:00:00+00:00, run_after=2022-07-31T00:00:00+00:00
[2022-07-31 06:56:56,007] {processor.py:161} INFO - Processing /home/airflow/.local/lib/python3.7/site-packages/airflow/example_dags/example_branch_labels.py took 0.306 seconds
[2022-07-31 06:57:26,318] {processor.py:153} INFO - Started process (PID=129) to work on /home/airflow/.local/lib/python3.7/site-packages/airflow/example_dags/example_branch_labels.py
[2022-07-31 06:57:26,319] {processor.py:641} INFO - Processing file /home/airflow/.local/lib/python3.7/site-packages/airflow/example_dags/example_branch_labels.py for tasks to queue
[2022-07-31 06:57:26,320] {logging_mixin.py:115} INFO - [2022-07-31 06:57:26,320] {dagbag.py:508} INFO - Filling up the DagBag from /home/airflow/.local/lib/python3.7/site-packages/airflow/example_dags/example_branch_labels.py
[2022-07-31 06:57:26,333] {processor.py:651} INFO - DAG(s) dict_keys(['example_branch_labels']) retrieved from /home/airflow/.local/lib/python3.7/site-packages/airflow/example_dags/example_branch_labels.py
[2022-07-31 06:57:26,367] {logging_mixin.py:115} INFO - [2022-07-31 06:57:26,367] {dag.py:2420} INFO - Sync 1 DAGs
[2022-07-31 06:57:26,395] {logging_mixin.py:115} INFO - [2022-07-31 06:57:26,395] {dag.py:2972} INFO - Setting next_dagrun for example_branch_labels to 2022-07-30T00:00:00+00:00, run_after=2022-07-31T00:00:00+00:00
[2022-07-31 06:57:26,410] {processor.py:161} INFO - Processing /home/airflow/.local/lib/python3.7/site-packages/airflow/example_dags/example_branch_labels.py took 0.096 seconds
[2022-07-31 06:57:57,194] {processor.py:153} INFO - Started process (PID=190) to work on /home/airflow/.local/lib/python3.7/site-packages/airflow/example_dags/example_branch_labels.py
[2022-07-31 06:57:57,195] {processor.py:641} INFO - Processing file /home/airflow/.local/lib/python3.7/site-packages/airflow/example_dags/example_branch_labels.py for tasks to queue
[2022-07-31 06:57:57,196] {logging_mixin.py:115} INFO - [2022-07-31 06:57:57,195] {dagbag.py:508} INFO - Filling up the DagBag from /home/airflow/.local/lib/python3.7/site-packages/airflow/example_dags/example_branch_labels.py
[2022-07-31 06:57:57,206] {processor.py:651} INFO - DAG(s) dict_keys(['example_branch_labels']) retrieved from /home/airflow/.local/lib/python3.7/site-packages/airflow/example_dags/example_branch_labels.py
[2022-07-31 06:57:57,238] {logging_mixin.py:115} INFO - [2022-07-31 06:57:57,237] {dag.py:2420} INFO - Sync 1 DAGs
[2022-07-31 06:57:57,267] {logging_mixin.py:115} INFO - [2022-07-31 06:57:57,267] {dag.py:2972} INFO - Setting next_dagrun for example_branch_labels to 2022-07-30T00:00:00+00:00, run_after=2022-07-31T00:00:00+00:00
[2022-07-31 06:57:57,286] {processor.py:161} INFO - Processing /home/airflow/.local/lib/python3.7/site-packages/airflow/example_dags/example_branch_labels.py took 0.097 seconds
[2022-07-31 06:58:28,446] {processor.py:153} INFO - Started process (PID=242) to work on /home/airflow/.local/lib/python3.7/site-packages/airflow/example_dags/example_branch_labels.py
[2022-07-31 06:58:28,448] {processor.py:641} INFO - Processing file /home/airflow/.local/lib/python3.7/site-packages/airflow/example_dags/example_branch_labels.py for tasks to queue
[2022-07-31 06:58:28,451] {logging_mixin.py:115} INFO - [2022-07-31 06:58:28,450] {dagbag.py:508} INFO - Filling up the DagBag from /home/airflow/.local/lib/python3.7/site-packages/airflow/example_dags/example_branch_labels.py
[2022-07-31 06:58:28,474] {processor.py:651} INFO - DAG(s) dict_keys(['example_branch_labels']) retrieved from /home/airflow/.local/lib/python3.7/site-packages/airflow/example_dags/example_branch_labels.py
[2022-07-31 06:58:28,541] {logging_mixin.py:115} INFO - [2022-07-31 06:58:28,540] {dag.py:2420} INFO - Sync 1 DAGs
[2022-07-31 06:58:28,596] {logging_mixin.py:115} INFO - [2022-07-31 06:58:28,596] {dag.py:2972} INFO - Setting next_dagrun for example_branch_labels to 2022-07-30T00:00:00+00:00, run_after=2022-07-31T00:00:00+00:00
[2022-07-31 06:58:28,633] {processor.py:161} INFO - Processing /home/airflow/.local/lib/python3.7/site-packages/airflow/example_dags/example_branch_labels.py took 0.195 seconds
[2022-07-31 06:58:59,514] {processor.py:153} INFO - Started process (PID=303) to work on /home/airflow/.local/lib/python3.7/site-packages/airflow/example_dags/example_branch_labels.py
[2022-07-31 06:58:59,516] {processor.py:641} INFO - Processing file /home/airflow/.local/lib/python3.7/site-packages/airflow/example_dags/example_branch_labels.py for tasks to queue
[2022-07-31 06:58:59,519] {logging_mixin.py:115} INFO - [2022-07-31 06:58:59,518] {dagbag.py:508} INFO - Filling up the DagBag from /home/airflow/.local/lib/python3.7/site-packages/airflow/example_dags/example_branch_labels.py
[2022-07-31 06:58:59,553] {processor.py:651} INFO - DAG(s) dict_keys(['example_branch_labels']) retrieved from /home/airflow/.local/lib/python3.7/site-packages/airflow/example_dags/example_branch_labels.py
[2022-07-31 06:58:59,596] {logging_mixin.py:115} INFO - [2022-07-31 06:58:59,596] {dag.py:2420} INFO - Sync 1 DAGs
[2022-07-31 06:58:59,631] {logging_mixin.py:115} INFO - [2022-07-31 06:58:59,631] {dag.py:2972} INFO - Setting next_dagrun for example_branch_labels to 2022-07-30T00:00:00+00:00, run_after=2022-07-31T00:00:00+00:00
[2022-07-31 06:58:59,646] {processor.py:161} INFO - Processing /home/airflow/.local/lib/python3.7/site-packages/airflow/example_dags/example_branch_labels.py took 0.146 seconds
[2022-07-31 06:59:29,704] {processor.py:153} INFO - Started process (PID=363) to work on /home/airflow/.local/lib/python3.7/site-packages/airflow/example_dags/example_branch_labels.py
[2022-07-31 06:59:29,705] {processor.py:641} INFO - Processing file /home/airflow/.local/lib/python3.7/site-packages/airflow/example_dags/example_branch_labels.py for tasks to queue
[2022-07-31 06:59:29,706] {logging_mixin.py:115} INFO - [2022-07-31 06:59:29,706] {dagbag.py:508} INFO - Filling up the DagBag from /home/airflow/.local/lib/python3.7/site-packages/airflow/example_dags/example_branch_labels.py
[2022-07-31 06:59:29,715] {processor.py:651} INFO - DAG(s) dict_keys(['example_branch_labels']) retrieved from /home/airflow/.local/lib/python3.7/site-packages/airflow/example_dags/example_branch_labels.py
[2022-07-31 06:59:29,747] {logging_mixin.py:115} INFO - [2022-07-31 06:59:29,747] {dag.py:2420} INFO - Sync 1 DAGs
[2022-07-31 06:59:29,775] {logging_mixin.py:115} INFO - [2022-07-31 06:59:29,775] {dag.py:2972} INFO - Setting next_dagrun for example_branch_labels to 2022-07-30T00:00:00+00:00, run_after=2022-07-31T00:00:00+00:00
[2022-07-31 06:59:29,789] {processor.py:161} INFO - Processing /home/airflow/.local/lib/python3.7/site-packages/airflow/example_dags/example_branch_labels.py took 0.089 seconds
[2022-07-31 07:00:00,560] {processor.py:153} INFO - Started process (PID=416) to work on /home/airflow/.local/lib/python3.7/site-packages/airflow/example_dags/example_branch_labels.py
[2022-07-31 07:00:00,560] {processor.py:641} INFO - Processing file /home/airflow/.local/lib/python3.7/site-packages/airflow/example_dags/example_branch_labels.py for tasks to queue
[2022-07-31 07:00:00,561] {logging_mixin.py:115} INFO - [2022-07-31 07:00:00,561] {dagbag.py:508} INFO - Filling up the DagBag from /home/airflow/.local/lib/python3.7/site-packages/airflow/example_dags/example_branch_labels.py
[2022-07-31 07:00:00,570] {processor.py:651} INFO - DAG(s) dict_keys(['example_branch_labels']) retrieved from /home/airflow/.local/lib/python3.7/site-packages/airflow/example_dags/example_branch_labels.py
[2022-07-31 07:00:00,603] {logging_mixin.py:115} INFO - [2022-07-31 07:00:00,603] {dag.py:2420} INFO - Sync 1 DAGs
[2022-07-31 07:00:00,632] {logging_mixin.py:115} INFO - [2022-07-31 07:00:00,632] {dag.py:2972} INFO - Setting next_dagrun for example_branch_labels to 2022-07-30T00:00:00+00:00, run_after=2022-07-31T00:00:00+00:00
[2022-07-31 07:00:00,644] {processor.py:161} INFO - Processing /home/airflow/.local/lib/python3.7/site-packages/airflow/example_dags/example_branch_labels.py took 0.089 seconds
[2022-07-31 07:00:31,372] {processor.py:153} INFO - Started process (PID=478) to work on /home/airflow/.local/lib/python3.7/site-packages/airflow/example_dags/example_branch_labels.py
[2022-07-31 07:00:31,374] {processor.py:641} INFO - Processing file /home/airflow/.local/lib/python3.7/site-packages/airflow/example_dags/example_branch_labels.py for tasks to queue
[2022-07-31 07:00:31,375] {logging_mixin.py:115} INFO - [2022-07-31 07:00:31,375] {dagbag.py:508} INFO - Filling up the DagBag from /home/airflow/.local/lib/python3.7/site-packages/airflow/example_dags/example_branch_labels.py
[2022-07-31 07:00:31,392] {processor.py:651} INFO - DAG(s) dict_keys(['example_branch_labels']) retrieved from /home/airflow/.local/lib/python3.7/site-packages/airflow/example_dags/example_branch_labels.py
[2022-07-31 07:00:31,452] {logging_mixin.py:115} INFO - [2022-07-31 07:00:31,452] {dag.py:2420} INFO - Sync 1 DAGs
[2022-07-31 07:00:31,503] {logging_mixin.py:115} INFO - [2022-07-31 07:00:31,503] {dag.py:2972} INFO - Setting next_dagrun for example_branch_labels to 2022-07-30T00:00:00+00:00, run_after=2022-07-31T00:00:00+00:00
[2022-07-31 07:00:31,524] {processor.py:161} INFO - Processing /home/airflow/.local/lib/python3.7/site-packages/airflow/example_dags/example_branch_labels.py took 0.157 seconds
[2022-07-31 07:01:02,416] {processor.py:153} INFO - Started process (PID=530) to work on /home/airflow/.local/lib/python3.7/site-packages/airflow/example_dags/example_branch_labels.py
[2022-07-31 07:01:02,418] {processor.py:641} INFO - Processing file /home/airflow/.local/lib/python3.7/site-packages/airflow/example_dags/example_branch_labels.py for tasks to queue
[2022-07-31 07:01:02,419] {logging_mixin.py:115} INFO - [2022-07-31 07:01:02,419] {dagbag.py:508} INFO - Filling up the DagBag from /home/airflow/.local/lib/python3.7/site-packages/airflow/example_dags/example_branch_labels.py
[2022-07-31 07:01:02,440] {processor.py:651} INFO - DAG(s) dict_keys(['example_branch_labels']) retrieved from /home/airflow/.local/lib/python3.7/site-packages/airflow/example_dags/example_branch_labels.py
[2022-07-31 07:01:02,486] {logging_mixin.py:115} INFO - [2022-07-31 07:01:02,486] {dag.py:2420} INFO - Sync 1 DAGs
[2022-07-31 07:01:02,529] {logging_mixin.py:115} INFO - [2022-07-31 07:01:02,529] {dag.py:2972} INFO - Setting next_dagrun for example_branch_labels to 2022-07-30T00:00:00+00:00, run_after=2022-07-31T00:00:00+00:00
[2022-07-31 07:01:02,549] {processor.py:161} INFO - Processing /home/airflow/.local/lib/python3.7/site-packages/airflow/example_dags/example_branch_labels.py took 0.141 seconds
[2022-07-31 07:01:33,112] {processor.py:153} INFO - Started process (PID=591) to work on /home/airflow/.local/lib/python3.7/site-packages/airflow/example_dags/example_branch_labels.py
[2022-07-31 07:01:33,114] {processor.py:641} INFO - Processing file /home/airflow/.local/lib/python3.7/site-packages/airflow/example_dags/example_branch_labels.py for tasks to queue
[2022-07-31 07:01:33,115] {logging_mixin.py:115} INFO - [2022-07-31 07:01:33,114] {dagbag.py:508} INFO - Filling up the DagBag from /home/airflow/.local/lib/python3.7/site-packages/airflow/example_dags/example_branch_labels.py
[2022-07-31 07:01:33,129] {processor.py:651} INFO - DAG(s) dict_keys(['example_branch_labels']) retrieved from /home/airflow/.local/lib/python3.7/site-packages/airflow/example_dags/example_branch_labels.py
[2022-07-31 07:01:33,164] {logging_mixin.py:115} INFO - [2022-07-31 07:01:33,164] {dag.py:2420} INFO - Sync 1 DAGs
[2022-07-31 07:01:33,192] {logging_mixin.py:115} INFO - [2022-07-31 07:01:33,192] {dag.py:2972} INFO - Setting next_dagrun for example_branch_labels to 2022-07-30T00:00:00+00:00, run_after=2022-07-31T00:00:00+00:00
[2022-07-31 07:01:33,205] {processor.py:161} INFO - Processing /home/airflow/.local/lib/python3.7/site-packages/airflow/example_dags/example_branch_labels.py took 0.100 seconds
[2022-07-31 07:02:03,726] {processor.py:153} INFO - Started process (PID=652) to work on /home/airflow/.local/lib/python3.7/site-packages/airflow/example_dags/example_branch_labels.py
[2022-07-31 07:02:03,727] {processor.py:641} INFO - Processing file /home/airflow/.local/lib/python3.7/site-packages/airflow/example_dags/example_branch_labels.py for tasks to queue
[2022-07-31 07:02:03,728] {logging_mixin.py:115} INFO - [2022-07-31 07:02:03,728] {dagbag.py:508} INFO - Filling up the DagBag from /home/airflow/.local/lib/python3.7/site-packages/airflow/example_dags/example_branch_labels.py
[2022-07-31 07:02:03,744] {processor.py:651} INFO - DAG(s) dict_keys(['example_branch_labels']) retrieved from /home/airflow/.local/lib/python3.7/site-packages/airflow/example_dags/example_branch_labels.py
[2022-07-31 07:02:03,784] {logging_mixin.py:115} INFO - [2022-07-31 07:02:03,784] {dag.py:2420} INFO - Sync 1 DAGs
[2022-07-31 07:02:03,823] {logging_mixin.py:115} INFO - [2022-07-31 07:02:03,823] {dag.py:2972} INFO - Setting next_dagrun for example_branch_labels to 2022-07-30T00:00:00+00:00, run_after=2022-07-31T00:00:00+00:00
[2022-07-31 07:02:03,844] {processor.py:161} INFO - Processing /home/airflow/.local/lib/python3.7/site-packages/airflow/example_dags/example_branch_labels.py took 0.126 seconds
[2022-07-31 07:02:34,516] {processor.py:153} INFO - Started process (PID=704) to work on /home/airflow/.local/lib/python3.7/site-packages/airflow/example_dags/example_branch_labels.py
[2022-07-31 07:02:34,517] {processor.py:641} INFO - Processing file /home/airflow/.local/lib/python3.7/site-packages/airflow/example_dags/example_branch_labels.py for tasks to queue
[2022-07-31 07:02:34,518] {logging_mixin.py:115} INFO - [2022-07-31 07:02:34,518] {dagbag.py:508} INFO - Filling up the DagBag from /home/airflow/.local/lib/python3.7/site-packages/airflow/example_dags/example_branch_labels.py
[2022-07-31 07:02:34,536] {processor.py:651} INFO - DAG(s) dict_keys(['example_branch_labels']) retrieved from /home/airflow/.local/lib/python3.7/site-packages/airflow/example_dags/example_branch_labels.py
[2022-07-31 07:02:34,596] {logging_mixin.py:115} INFO - [2022-07-31 07:02:34,596] {dag.py:2420} INFO - Sync 1 DAGs
[2022-07-31 07:02:34,641] {logging_mixin.py:115} INFO - [2022-07-31 07:02:34,641] {dag.py:2972} INFO - Setting next_dagrun for example_branch_labels to 2022-07-30T00:00:00+00:00, run_after=2022-07-31T00:00:00+00:00
[2022-07-31 07:02:34,661] {processor.py:161} INFO - Processing /home/airflow/.local/lib/python3.7/site-packages/airflow/example_dags/example_branch_labels.py took 0.154 seconds
[2022-07-31 07:03:05,563] {processor.py:153} INFO - Started process (PID=765) to work on /home/airflow/.local/lib/python3.7/site-packages/airflow/example_dags/example_branch_labels.py
[2022-07-31 07:03:05,565] {processor.py:641} INFO - Processing file /home/airflow/.local/lib/python3.7/site-packages/airflow/example_dags/example_branch_labels.py for tasks to queue
[2022-07-31 07:03:05,566] {logging_mixin.py:115} INFO - [2022-07-31 07:03:05,566] {dagbag.py:508} INFO - Filling up the DagBag from /home/airflow/.local/lib/python3.7/site-packages/airflow/example_dags/example_branch_labels.py
[2022-07-31 07:03:05,579] {processor.py:651} INFO - DAG(s) dict_keys(['example_branch_labels']) retrieved from /home/airflow/.local/lib/python3.7/site-packages/airflow/example_dags/example_branch_labels.py
[2022-07-31 07:03:05,633] {logging_mixin.py:115} INFO - [2022-07-31 07:03:05,633] {dag.py:2420} INFO - Sync 1 DAGs
[2022-07-31 07:03:05,682] {logging_mixin.py:115} INFO - [2022-07-31 07:03:05,682] {dag.py:2972} INFO - Setting next_dagrun for example_branch_labels to 2022-07-30T00:00:00+00:00, run_after=2022-07-31T00:00:00+00:00
[2022-07-31 07:03:05,704] {processor.py:161} INFO - Processing /home/airflow/.local/lib/python3.7/site-packages/airflow/example_dags/example_branch_labels.py took 0.151 seconds
[2022-07-31 07:03:35,971] {processor.py:153} INFO - Started process (PID=817) to work on /home/airflow/.local/lib/python3.7/site-packages/airflow/example_dags/example_branch_labels.py
[2022-07-31 07:03:35,972] {processor.py:641} INFO - Processing file /home/airflow/.local/lib/python3.7/site-packages/airflow/example_dags/example_branch_labels.py for tasks to queue
[2022-07-31 07:03:35,973] {logging_mixin.py:115} INFO - [2022-07-31 07:03:35,973] {dagbag.py:508} INFO - Filling up the DagBag from /home/airflow/.local/lib/python3.7/site-packages/airflow/example_dags/example_branch_labels.py
[2022-07-31 07:03:35,986] {processor.py:651} INFO - DAG(s) dict_keys(['example_branch_labels']) retrieved from /home/airflow/.local/lib/python3.7/site-packages/airflow/example_dags/example_branch_labels.py
[2022-07-31 07:03:36,038] {logging_mixin.py:115} INFO - [2022-07-31 07:03:36,038] {dag.py:2420} INFO - Sync 1 DAGs
[2022-07-31 07:03:36,087] {logging_mixin.py:115} INFO - [2022-07-31 07:03:36,087] {dag.py:2972} INFO - Setting next_dagrun for example_branch_labels to 2022-07-30T00:00:00+00:00, run_after=2022-07-31T00:00:00+00:00
[2022-07-31 07:03:36,110] {processor.py:161} INFO - Processing /home/airflow/.local/lib/python3.7/site-packages/airflow/example_dags/example_branch_labels.py took 0.144 seconds
[2022-07-31 07:04:07,002] {processor.py:153} INFO - Started process (PID=869) to work on /home/airflow/.local/lib/python3.7/site-packages/airflow/example_dags/example_branch_labels.py
[2022-07-31 07:04:07,003] {processor.py:641} INFO - Processing file /home/airflow/.local/lib/python3.7/site-packages/airflow/example_dags/example_branch_labels.py for tasks to queue
[2022-07-31 07:04:07,004] {logging_mixin.py:115} INFO - [2022-07-31 07:04:07,004] {dagbag.py:508} INFO - Filling up the DagBag from /home/airflow/.local/lib/python3.7/site-packages/airflow/example_dags/example_branch_labels.py
[2022-07-31 07:04:07,015] {processor.py:651} INFO - DAG(s) dict_keys(['example_branch_labels']) retrieved from /home/airflow/.local/lib/python3.7/site-packages/airflow/example_dags/example_branch_labels.py
[2022-07-31 07:04:07,055] {logging_mixin.py:115} INFO - [2022-07-31 07:04:07,055] {dag.py:2420} INFO - Sync 1 DAGs
[2022-07-31 07:04:07,089] {logging_mixin.py:115} INFO - [2022-07-31 07:04:07,089] {dag.py:2972} INFO - Setting next_dagrun for example_branch_labels to 2022-07-30T00:00:00+00:00, run_after=2022-07-31T00:00:00+00:00
[2022-07-31 07:04:07,102] {processor.py:161} INFO - Processing /home/airflow/.local/lib/python3.7/site-packages/airflow/example_dags/example_branch_labels.py took 0.105 seconds
[2022-07-31 07:04:37,229] {processor.py:153} INFO - Started process (PID=930) to work on /home/airflow/.local/lib/python3.7/site-packages/airflow/example_dags/example_branch_labels.py
[2022-07-31 07:04:37,231] {processor.py:641} INFO - Processing file /home/airflow/.local/lib/python3.7/site-packages/airflow/example_dags/example_branch_labels.py for tasks to queue
[2022-07-31 07:04:37,232] {logging_mixin.py:115} INFO - [2022-07-31 07:04:37,232] {dagbag.py:508} INFO - Filling up the DagBag from /home/airflow/.local/lib/python3.7/site-packages/airflow/example_dags/example_branch_labels.py
[2022-07-31 07:04:37,249] {processor.py:651} INFO - DAG(s) dict_keys(['example_branch_labels']) retrieved from /home/airflow/.local/lib/python3.7/site-packages/airflow/example_dags/example_branch_labels.py
[2022-07-31 07:04:37,304] {logging_mixin.py:115} INFO - [2022-07-31 07:04:37,304] {dag.py:2420} INFO - Sync 1 DAGs
[2022-07-31 07:04:37,357] {logging_mixin.py:115} INFO - [2022-07-31 07:04:37,357] {dag.py:2972} INFO - Setting next_dagrun for example_branch_labels to 2022-07-30T00:00:00+00:00, run_after=2022-07-31T00:00:00+00:00
[2022-07-31 07:04:37,383] {processor.py:161} INFO - Processing /home/airflow/.local/lib/python3.7/site-packages/airflow/example_dags/example_branch_labels.py took 0.164 seconds
[2022-07-31 07:05:07,475] {processor.py:153} INFO - Started process (PID=990) to work on /home/airflow/.local/lib/python3.7/site-packages/airflow/example_dags/example_branch_labels.py
[2022-07-31 07:05:07,476] {processor.py:641} INFO - Processing file /home/airflow/.local/lib/python3.7/site-packages/airflow/example_dags/example_branch_labels.py for tasks to queue
[2022-07-31 07:05:07,477] {logging_mixin.py:115} INFO - [2022-07-31 07:05:07,477] {dagbag.py:508} INFO - Filling up the DagBag from /home/airflow/.local/lib/python3.7/site-packages/airflow/example_dags/example_branch_labels.py
[2022-07-31 07:05:07,488] {processor.py:651} INFO - DAG(s) dict_keys(['example_branch_labels']) retrieved from /home/airflow/.local/lib/python3.7/site-packages/airflow/example_dags/example_branch_labels.py
[2022-07-31 07:05:07,530] {logging_mixin.py:115} INFO - [2022-07-31 07:05:07,530] {dag.py:2420} INFO - Sync 1 DAGs
[2022-07-31 07:05:07,569] {logging_mixin.py:115} INFO - [2022-07-31 07:05:07,569] {dag.py:2972} INFO - Setting next_dagrun for example_branch_labels to 2022-07-30T00:00:00+00:00, run_after=2022-07-31T00:00:00+00:00
[2022-07-31 07:05:07,588] {processor.py:161} INFO - Processing /home/airflow/.local/lib/python3.7/site-packages/airflow/example_dags/example_branch_labels.py took 0.118 seconds
[2022-07-31 07:05:37,957] {processor.py:153} INFO - Started process (PID=1043) to work on /home/airflow/.local/lib/python3.7/site-packages/airflow/example_dags/example_branch_labels.py
[2022-07-31 07:05:37,958] {processor.py:641} INFO - Processing file /home/airflow/.local/lib/python3.7/site-packages/airflow/example_dags/example_branch_labels.py for tasks to queue
[2022-07-31 07:05:37,958] {logging_mixin.py:115} INFO - [2022-07-31 07:05:37,958] {dagbag.py:508} INFO - Filling up the DagBag from /home/airflow/.local/lib/python3.7/site-packages/airflow/example_dags/example_branch_labels.py
[2022-07-31 07:05:37,967] {processor.py:651} INFO - DAG(s) dict_keys(['example_branch_labels']) retrieved from /home/airflow/.local/lib/python3.7/site-packages/airflow/example_dags/example_branch_labels.py
[2022-07-31 07:05:38,004] {logging_mixin.py:115} INFO - [2022-07-31 07:05:38,004] {dag.py:2420} INFO - Sync 1 DAGs
[2022-07-31 07:05:38,031] {logging_mixin.py:115} INFO - [2022-07-31 07:05:38,031] {dag.py:2972} INFO - Setting next_dagrun for example_branch_labels to 2022-07-30T00:00:00+00:00, run_after=2022-07-31T00:00:00+00:00
[2022-07-31 07:05:38,045] {processor.py:161} INFO - Processing /home/airflow/.local/lib/python3.7/site-packages/airflow/example_dags/example_branch_labels.py took 0.093 seconds
[2022-07-31 07:06:08,438] {processor.py:153} INFO - Started process (PID=1105) to work on /home/airflow/.local/lib/python3.7/site-packages/airflow/example_dags/example_branch_labels.py
[2022-07-31 07:06:08,439] {processor.py:641} INFO - Processing file /home/airflow/.local/lib/python3.7/site-packages/airflow/example_dags/example_branch_labels.py for tasks to queue
[2022-07-31 07:06:08,440] {logging_mixin.py:115} INFO - [2022-07-31 07:06:08,440] {dagbag.py:508} INFO - Filling up the DagBag from /home/airflow/.local/lib/python3.7/site-packages/airflow/example_dags/example_branch_labels.py
[2022-07-31 07:06:08,452] {processor.py:651} INFO - DAG(s) dict_keys(['example_branch_labels']) retrieved from /home/airflow/.local/lib/python3.7/site-packages/airflow/example_dags/example_branch_labels.py
[2022-07-31 07:06:08,493] {logging_mixin.py:115} INFO - [2022-07-31 07:06:08,493] {dag.py:2420} INFO - Sync 1 DAGs
[2022-07-31 07:06:08,530] {logging_mixin.py:115} INFO - [2022-07-31 07:06:08,530] {dag.py:2972} INFO - Setting next_dagrun for example_branch_labels to 2022-07-30T00:00:00+00:00, run_after=2022-07-31T00:00:00+00:00
[2022-07-31 07:06:08,551] {processor.py:161} INFO - Processing /home/airflow/.local/lib/python3.7/site-packages/airflow/example_dags/example_branch_labels.py took 0.119 seconds
[2022-07-31 07:06:39,002] {processor.py:153} INFO - Started process (PID=1166) to work on /home/airflow/.local/lib/python3.7/site-packages/airflow/example_dags/example_branch_labels.py
[2022-07-31 07:06:39,003] {processor.py:641} INFO - Processing file /home/airflow/.local/lib/python3.7/site-packages/airflow/example_dags/example_branch_labels.py for tasks to queue
[2022-07-31 07:06:39,005] {logging_mixin.py:115} INFO - [2022-07-31 07:06:39,004] {dagbag.py:508} INFO - Filling up the DagBag from /home/airflow/.local/lib/python3.7/site-packages/airflow/example_dags/example_branch_labels.py
[2022-07-31 07:06:39,021] {processor.py:651} INFO - DAG(s) dict_keys(['example_branch_labels']) retrieved from /home/airflow/.local/lib/python3.7/site-packages/airflow/example_dags/example_branch_labels.py
[2022-07-31 07:06:39,105] {logging_mixin.py:115} INFO - [2022-07-31 07:06:39,105] {dag.py:2420} INFO - Sync 1 DAGs
[2022-07-31 07:06:39,155] {logging_mixin.py:115} INFO - [2022-07-31 07:06:39,155] {dag.py:2972} INFO - Setting next_dagrun for example_branch_labels to 2022-07-30T00:00:00+00:00, run_after=2022-07-31T00:00:00+00:00
[2022-07-31 07:06:39,177] {processor.py:161} INFO - Processing /home/airflow/.local/lib/python3.7/site-packages/airflow/example_dags/example_branch_labels.py took 0.185 seconds
[2022-07-31 07:07:09,270] {processor.py:153} INFO - Started process (PID=1218) to work on /home/airflow/.local/lib/python3.7/site-packages/airflow/example_dags/example_branch_labels.py
[2022-07-31 07:07:09,271] {processor.py:641} INFO - Processing file /home/airflow/.local/lib/python3.7/site-packages/airflow/example_dags/example_branch_labels.py for tasks to queue
[2022-07-31 07:07:09,271] {logging_mixin.py:115} INFO - [2022-07-31 07:07:09,271] {dagbag.py:508} INFO - Filling up the DagBag from /home/airflow/.local/lib/python3.7/site-packages/airflow/example_dags/example_branch_labels.py
[2022-07-31 07:07:09,282] {processor.py:651} INFO - DAG(s) dict_keys(['example_branch_labels']) retrieved from /home/airflow/.local/lib/python3.7/site-packages/airflow/example_dags/example_branch_labels.py
[2022-07-31 07:07:09,324] {logging_mixin.py:115} INFO - [2022-07-31 07:07:09,323] {dag.py:2420} INFO - Sync 1 DAGs
[2022-07-31 07:07:09,352] {logging_mixin.py:115} INFO - [2022-07-31 07:07:09,352] {dag.py:2972} INFO - Setting next_dagrun for example_branch_labels to 2022-07-30T00:00:00+00:00, run_after=2022-07-31T00:00:00+00:00
[2022-07-31 07:07:09,367] {processor.py:161} INFO - Processing /home/airflow/.local/lib/python3.7/site-packages/airflow/example_dags/example_branch_labels.py took 0.102 seconds
[2022-07-31 07:07:39,638] {processor.py:153} INFO - Started process (PID=1279) to work on /home/airflow/.local/lib/python3.7/site-packages/airflow/example_dags/example_branch_labels.py
[2022-07-31 07:07:39,641] {processor.py:641} INFO - Processing file /home/airflow/.local/lib/python3.7/site-packages/airflow/example_dags/example_branch_labels.py for tasks to queue
[2022-07-31 07:07:39,643] {logging_mixin.py:115} INFO - [2022-07-31 07:07:39,643] {dagbag.py:508} INFO - Filling up the DagBag from /home/airflow/.local/lib/python3.7/site-packages/airflow/example_dags/example_branch_labels.py
[2022-07-31 07:07:39,656] {processor.py:651} INFO - DAG(s) dict_keys(['example_branch_labels']) retrieved from /home/airflow/.local/lib/python3.7/site-packages/airflow/example_dags/example_branch_labels.py
[2022-07-31 07:07:39,692] {logging_mixin.py:115} INFO - [2022-07-31 07:07:39,692] {dag.py:2420} INFO - Sync 1 DAGs
[2022-07-31 07:07:39,721] {logging_mixin.py:115} INFO - [2022-07-31 07:07:39,720] {dag.py:2972} INFO - Setting next_dagrun for example_branch_labels to 2022-07-30T00:00:00+00:00, run_after=2022-07-31T00:00:00+00:00
[2022-07-31 07:07:39,733] {processor.py:161} INFO - Processing /home/airflow/.local/lib/python3.7/site-packages/airflow/example_dags/example_branch_labels.py took 0.101 seconds
