[2022-07-31 06:56:52,470] {processor.py:153} INFO - Started process (PID=65) to work on /home/airflow/.local/lib/python3.7/site-packages/airflow/example_dags/example_nested_branch_dag.py
[2022-07-31 06:56:52,471] {processor.py:641} INFO - Processing file /home/airflow/.local/lib/python3.7/site-packages/airflow/example_dags/example_nested_branch_dag.py for tasks to queue
[2022-07-31 06:56:52,472] {logging_mixin.py:115} INFO - [2022-07-31 06:56:52,472] {dagbag.py:508} INFO - Filling up the DagBag from /home/airflow/.local/lib/python3.7/site-packages/airflow/example_dags/example_nested_branch_dag.py
[2022-07-31 06:56:52,503] {processor.py:651} INFO - DAG(s) dict_keys(['example_nested_branch_dag']) retrieved from /home/airflow/.local/lib/python3.7/site-packages/airflow/example_dags/example_nested_branch_dag.py
[2022-07-31 06:56:52,762] {logging_mixin.py:115} INFO - [2022-07-31 06:56:52,762] {manager.py:508} INFO - Created Permission View: can edit on DAG:example_nested_branch_dag
[2022-07-31 06:56:52,792] {logging_mixin.py:115} INFO - [2022-07-31 06:56:52,792] {manager.py:508} INFO - Created Permission View: can read on DAG:example_nested_branch_dag
[2022-07-31 06:56:52,811] {logging_mixin.py:115} INFO - [2022-07-31 06:56:52,811] {manager.py:508} INFO - Created Permission View: can delete on DAG:example_nested_branch_dag
[2022-07-31 06:56:52,815] {logging_mixin.py:115} INFO - [2022-07-31 06:56:52,815] {dag.py:2420} INFO - Sync 1 DAGs
[2022-07-31 06:56:52,832] {logging_mixin.py:115} INFO - [2022-07-31 06:56:52,832] {dag.py:2439} INFO - Creating ORM DAG for example_nested_branch_dag
[2022-07-31 06:56:52,850] {logging_mixin.py:115} INFO - [2022-07-31 06:56:52,850] {dag.py:2972} INFO - Setting next_dagrun for example_nested_branch_dag to 2022-07-30T00:00:00+00:00, run_after=2022-07-31T00:00:00+00:00
[2022-07-31 06:56:52,889] {processor.py:161} INFO - Processing /home/airflow/.local/lib/python3.7/site-packages/airflow/example_dags/example_nested_branch_dag.py took 0.433 seconds
[2022-07-31 06:57:23,011] {processor.py:153} INFO - Started process (PID=117) to work on /home/airflow/.local/lib/python3.7/site-packages/airflow/example_dags/example_nested_branch_dag.py
[2022-07-31 06:57:23,012] {processor.py:641} INFO - Processing file /home/airflow/.local/lib/python3.7/site-packages/airflow/example_dags/example_nested_branch_dag.py for tasks to queue
[2022-07-31 06:57:23,012] {logging_mixin.py:115} INFO - [2022-07-31 06:57:23,012] {dagbag.py:508} INFO - Filling up the DagBag from /home/airflow/.local/lib/python3.7/site-packages/airflow/example_dags/example_nested_branch_dag.py
[2022-07-31 06:57:23,027] {processor.py:651} INFO - DAG(s) dict_keys(['example_nested_branch_dag']) retrieved from /home/airflow/.local/lib/python3.7/site-packages/airflow/example_dags/example_nested_branch_dag.py
[2022-07-31 06:57:23,058] {logging_mixin.py:115} INFO - [2022-07-31 06:57:23,058] {dag.py:2420} INFO - Sync 1 DAGs
[2022-07-31 06:57:23,084] {logging_mixin.py:115} INFO - [2022-07-31 06:57:23,084] {dag.py:2972} INFO - Setting next_dagrun for example_nested_branch_dag to 2022-07-30T00:00:00+00:00, run_after=2022-07-31T00:00:00+00:00
[2022-07-31 06:57:23,099] {processor.py:161} INFO - Processing /home/airflow/.local/lib/python3.7/site-packages/airflow/example_dags/example_nested_branch_dag.py took 0.093 seconds
[2022-07-31 06:57:53,156] {processor.py:153} INFO - Started process (PID=177) to work on /home/airflow/.local/lib/python3.7/site-packages/airflow/example_dags/example_nested_branch_dag.py
[2022-07-31 06:57:53,157] {processor.py:641} INFO - Processing file /home/airflow/.local/lib/python3.7/site-packages/airflow/example_dags/example_nested_branch_dag.py for tasks to queue
[2022-07-31 06:57:53,158] {logging_mixin.py:115} INFO - [2022-07-31 06:57:53,158] {dagbag.py:508} INFO - Filling up the DagBag from /home/airflow/.local/lib/python3.7/site-packages/airflow/example_dags/example_nested_branch_dag.py
[2022-07-31 06:57:53,171] {processor.py:651} INFO - DAG(s) dict_keys(['example_nested_branch_dag']) retrieved from /home/airflow/.local/lib/python3.7/site-packages/airflow/example_dags/example_nested_branch_dag.py
[2022-07-31 06:57:53,211] {logging_mixin.py:115} INFO - [2022-07-31 06:57:53,211] {dag.py:2420} INFO - Sync 1 DAGs
[2022-07-31 06:57:53,242] {logging_mixin.py:115} INFO - [2022-07-31 06:57:53,242] {dag.py:2972} INFO - Setting next_dagrun for example_nested_branch_dag to 2022-07-30T00:00:00+00:00, run_after=2022-07-31T00:00:00+00:00
[2022-07-31 06:57:53,256] {processor.py:161} INFO - Processing /home/airflow/.local/lib/python3.7/site-packages/airflow/example_dags/example_nested_branch_dag.py took 0.104 seconds
[2022-07-31 06:58:23,963] {processor.py:153} INFO - Started process (PID=230) to work on /home/airflow/.local/lib/python3.7/site-packages/airflow/example_dags/example_nested_branch_dag.py
[2022-07-31 06:58:23,964] {processor.py:641} INFO - Processing file /home/airflow/.local/lib/python3.7/site-packages/airflow/example_dags/example_nested_branch_dag.py for tasks to queue
[2022-07-31 06:58:23,965] {logging_mixin.py:115} INFO - [2022-07-31 06:58:23,965] {dagbag.py:508} INFO - Filling up the DagBag from /home/airflow/.local/lib/python3.7/site-packages/airflow/example_dags/example_nested_branch_dag.py
[2022-07-31 06:58:23,988] {processor.py:651} INFO - DAG(s) dict_keys(['example_nested_branch_dag']) retrieved from /home/airflow/.local/lib/python3.7/site-packages/airflow/example_dags/example_nested_branch_dag.py
[2022-07-31 06:58:24,033] {logging_mixin.py:115} INFO - [2022-07-31 06:58:24,033] {dag.py:2420} INFO - Sync 1 DAGs
[2022-07-31 06:58:24,066] {logging_mixin.py:115} INFO - [2022-07-31 06:58:24,066] {dag.py:2972} INFO - Setting next_dagrun for example_nested_branch_dag to 2022-07-30T00:00:00+00:00, run_after=2022-07-31T00:00:00+00:00
[2022-07-31 06:58:24,081] {processor.py:161} INFO - Processing /home/airflow/.local/lib/python3.7/site-packages/airflow/example_dags/example_nested_branch_dag.py took 0.122 seconds
[2022-07-31 06:58:54,527] {processor.py:153} INFO - Started process (PID=291) to work on /home/airflow/.local/lib/python3.7/site-packages/airflow/example_dags/example_nested_branch_dag.py
[2022-07-31 06:58:54,528] {processor.py:641} INFO - Processing file /home/airflow/.local/lib/python3.7/site-packages/airflow/example_dags/example_nested_branch_dag.py for tasks to queue
[2022-07-31 06:58:54,529] {logging_mixin.py:115} INFO - [2022-07-31 06:58:54,529] {dagbag.py:508} INFO - Filling up the DagBag from /home/airflow/.local/lib/python3.7/site-packages/airflow/example_dags/example_nested_branch_dag.py
[2022-07-31 06:58:54,549] {processor.py:651} INFO - DAG(s) dict_keys(['example_nested_branch_dag']) retrieved from /home/airflow/.local/lib/python3.7/site-packages/airflow/example_dags/example_nested_branch_dag.py
[2022-07-31 06:58:54,595] {logging_mixin.py:115} INFO - [2022-07-31 06:58:54,595] {dag.py:2420} INFO - Sync 1 DAGs
[2022-07-31 06:58:54,633] {logging_mixin.py:115} INFO - [2022-07-31 06:58:54,633] {dag.py:2972} INFO - Setting next_dagrun for example_nested_branch_dag to 2022-07-30T00:00:00+00:00, run_after=2022-07-31T00:00:00+00:00
[2022-07-31 06:58:54,651] {processor.py:161} INFO - Processing /home/airflow/.local/lib/python3.7/site-packages/airflow/example_dags/example_nested_branch_dag.py took 0.132 seconds
[2022-07-31 06:59:24,818] {processor.py:153} INFO - Started process (PID=343) to work on /home/airflow/.local/lib/python3.7/site-packages/airflow/example_dags/example_nested_branch_dag.py
[2022-07-31 06:59:24,819] {processor.py:641} INFO - Processing file /home/airflow/.local/lib/python3.7/site-packages/airflow/example_dags/example_nested_branch_dag.py for tasks to queue
[2022-07-31 06:59:24,820] {logging_mixin.py:115} INFO - [2022-07-31 06:59:24,820] {dagbag.py:508} INFO - Filling up the DagBag from /home/airflow/.local/lib/python3.7/site-packages/airflow/example_dags/example_nested_branch_dag.py
[2022-07-31 06:59:24,834] {processor.py:651} INFO - DAG(s) dict_keys(['example_nested_branch_dag']) retrieved from /home/airflow/.local/lib/python3.7/site-packages/airflow/example_dags/example_nested_branch_dag.py
[2022-07-31 06:59:24,876] {logging_mixin.py:115} INFO - [2022-07-31 06:59:24,876] {dag.py:2420} INFO - Sync 1 DAGs
[2022-07-31 06:59:24,907] {logging_mixin.py:115} INFO - [2022-07-31 06:59:24,906] {dag.py:2972} INFO - Setting next_dagrun for example_nested_branch_dag to 2022-07-30T00:00:00+00:00, run_after=2022-07-31T00:00:00+00:00
[2022-07-31 06:59:24,921] {processor.py:161} INFO - Processing /home/airflow/.local/lib/python3.7/site-packages/airflow/example_dags/example_nested_branch_dag.py took 0.108 seconds
[2022-07-31 06:59:55,712] {processor.py:153} INFO - Started process (PID=404) to work on /home/airflow/.local/lib/python3.7/site-packages/airflow/example_dags/example_nested_branch_dag.py
[2022-07-31 06:59:55,713] {processor.py:641} INFO - Processing file /home/airflow/.local/lib/python3.7/site-packages/airflow/example_dags/example_nested_branch_dag.py for tasks to queue
[2022-07-31 06:59:55,714] {logging_mixin.py:115} INFO - [2022-07-31 06:59:55,714] {dagbag.py:508} INFO - Filling up the DagBag from /home/airflow/.local/lib/python3.7/site-packages/airflow/example_dags/example_nested_branch_dag.py
[2022-07-31 06:59:55,727] {processor.py:651} INFO - DAG(s) dict_keys(['example_nested_branch_dag']) retrieved from /home/airflow/.local/lib/python3.7/site-packages/airflow/example_dags/example_nested_branch_dag.py
[2022-07-31 06:59:55,767] {logging_mixin.py:115} INFO - [2022-07-31 06:59:55,767] {dag.py:2420} INFO - Sync 1 DAGs
[2022-07-31 06:59:55,797] {logging_mixin.py:115} INFO - [2022-07-31 06:59:55,796] {dag.py:2972} INFO - Setting next_dagrun for example_nested_branch_dag to 2022-07-30T00:00:00+00:00, run_after=2022-07-31T00:00:00+00:00
[2022-07-31 06:59:55,810] {processor.py:161} INFO - Processing /home/airflow/.local/lib/python3.7/site-packages/airflow/example_dags/example_nested_branch_dag.py took 0.102 seconds
[2022-07-31 07:00:26,267] {processor.py:153} INFO - Started process (PID=457) to work on /home/airflow/.local/lib/python3.7/site-packages/airflow/example_dags/example_nested_branch_dag.py
[2022-07-31 07:00:26,268] {processor.py:641} INFO - Processing file /home/airflow/.local/lib/python3.7/site-packages/airflow/example_dags/example_nested_branch_dag.py for tasks to queue
[2022-07-31 07:00:26,269] {logging_mixin.py:115} INFO - [2022-07-31 07:00:26,269] {dagbag.py:508} INFO - Filling up the DagBag from /home/airflow/.local/lib/python3.7/site-packages/airflow/example_dags/example_nested_branch_dag.py
[2022-07-31 07:00:26,287] {processor.py:651} INFO - DAG(s) dict_keys(['example_nested_branch_dag']) retrieved from /home/airflow/.local/lib/python3.7/site-packages/airflow/example_dags/example_nested_branch_dag.py
[2022-07-31 07:00:26,329] {logging_mixin.py:115} INFO - [2022-07-31 07:00:26,329] {dag.py:2420} INFO - Sync 1 DAGs
[2022-07-31 07:00:26,366] {logging_mixin.py:115} INFO - [2022-07-31 07:00:26,366] {dag.py:2972} INFO - Setting next_dagrun for example_nested_branch_dag to 2022-07-30T00:00:00+00:00, run_after=2022-07-31T00:00:00+00:00
[2022-07-31 07:00:26,386] {processor.py:161} INFO - Processing /home/airflow/.local/lib/python3.7/site-packages/airflow/example_dags/example_nested_branch_dag.py took 0.125 seconds
[2022-07-31 07:00:57,290] {processor.py:153} INFO - Started process (PID=518) to work on /home/airflow/.local/lib/python3.7/site-packages/airflow/example_dags/example_nested_branch_dag.py
[2022-07-31 07:00:57,291] {processor.py:641} INFO - Processing file /home/airflow/.local/lib/python3.7/site-packages/airflow/example_dags/example_nested_branch_dag.py for tasks to queue
[2022-07-31 07:00:57,292] {logging_mixin.py:115} INFO - [2022-07-31 07:00:57,292] {dagbag.py:508} INFO - Filling up the DagBag from /home/airflow/.local/lib/python3.7/site-packages/airflow/example_dags/example_nested_branch_dag.py
[2022-07-31 07:00:57,312] {processor.py:651} INFO - DAG(s) dict_keys(['example_nested_branch_dag']) retrieved from /home/airflow/.local/lib/python3.7/site-packages/airflow/example_dags/example_nested_branch_dag.py
[2022-07-31 07:00:57,358] {logging_mixin.py:115} INFO - [2022-07-31 07:00:57,358] {dag.py:2420} INFO - Sync 1 DAGs
[2022-07-31 07:00:57,402] {logging_mixin.py:115} INFO - [2022-07-31 07:00:57,402] {dag.py:2972} INFO - Setting next_dagrun for example_nested_branch_dag to 2022-07-30T00:00:00+00:00, run_after=2022-07-31T00:00:00+00:00
[2022-07-31 07:00:57,422] {processor.py:161} INFO - Processing /home/airflow/.local/lib/python3.7/site-packages/airflow/example_dags/example_nested_branch_dag.py took 0.138 seconds
[2022-07-31 07:01:28,288] {processor.py:153} INFO - Started process (PID=579) to work on /home/airflow/.local/lib/python3.7/site-packages/airflow/example_dags/example_nested_branch_dag.py
[2022-07-31 07:01:28,289] {processor.py:641} INFO - Processing file /home/airflow/.local/lib/python3.7/site-packages/airflow/example_dags/example_nested_branch_dag.py for tasks to queue
[2022-07-31 07:01:28,290] {logging_mixin.py:115} INFO - [2022-07-31 07:01:28,289] {dagbag.py:508} INFO - Filling up the DagBag from /home/airflow/.local/lib/python3.7/site-packages/airflow/example_dags/example_nested_branch_dag.py
[2022-07-31 07:01:28,303] {processor.py:651} INFO - DAG(s) dict_keys(['example_nested_branch_dag']) retrieved from /home/airflow/.local/lib/python3.7/site-packages/airflow/example_dags/example_nested_branch_dag.py
[2022-07-31 07:01:28,334] {logging_mixin.py:115} INFO - [2022-07-31 07:01:28,334] {dag.py:2420} INFO - Sync 1 DAGs
[2022-07-31 07:01:28,361] {logging_mixin.py:115} INFO - [2022-07-31 07:01:28,361] {dag.py:2972} INFO - Setting next_dagrun for example_nested_branch_dag to 2022-07-30T00:00:00+00:00, run_after=2022-07-31T00:00:00+00:00
[2022-07-31 07:01:28,374] {processor.py:161} INFO - Processing /home/airflow/.local/lib/python3.7/site-packages/airflow/example_dags/example_nested_branch_dag.py took 0.091 seconds
[2022-07-31 07:01:58,641] {processor.py:153} INFO - Started process (PID=631) to work on /home/airflow/.local/lib/python3.7/site-packages/airflow/example_dags/example_nested_branch_dag.py
[2022-07-31 07:01:58,642] {processor.py:641} INFO - Processing file /home/airflow/.local/lib/python3.7/site-packages/airflow/example_dags/example_nested_branch_dag.py for tasks to queue
[2022-07-31 07:01:58,643] {logging_mixin.py:115} INFO - [2022-07-31 07:01:58,642] {dagbag.py:508} INFO - Filling up the DagBag from /home/airflow/.local/lib/python3.7/site-packages/airflow/example_dags/example_nested_branch_dag.py
[2022-07-31 07:01:58,659] {processor.py:651} INFO - DAG(s) dict_keys(['example_nested_branch_dag']) retrieved from /home/airflow/.local/lib/python3.7/site-packages/airflow/example_dags/example_nested_branch_dag.py
[2022-07-31 07:01:58,695] {logging_mixin.py:115} INFO - [2022-07-31 07:01:58,695] {dag.py:2420} INFO - Sync 1 DAGs
[2022-07-31 07:01:58,726] {logging_mixin.py:115} INFO - [2022-07-31 07:01:58,726] {dag.py:2972} INFO - Setting next_dagrun for example_nested_branch_dag to 2022-07-30T00:00:00+00:00, run_after=2022-07-31T00:00:00+00:00
[2022-07-31 07:01:58,741] {processor.py:161} INFO - Processing /home/airflow/.local/lib/python3.7/site-packages/airflow/example_dags/example_nested_branch_dag.py took 0.105 seconds
[2022-07-31 07:02:29,176] {processor.py:153} INFO - Started process (PID=692) to work on /home/airflow/.local/lib/python3.7/site-packages/airflow/example_dags/example_nested_branch_dag.py
[2022-07-31 07:02:29,178] {processor.py:641} INFO - Processing file /home/airflow/.local/lib/python3.7/site-packages/airflow/example_dags/example_nested_branch_dag.py for tasks to queue
[2022-07-31 07:02:29,179] {logging_mixin.py:115} INFO - [2022-07-31 07:02:29,179] {dagbag.py:508} INFO - Filling up the DagBag from /home/airflow/.local/lib/python3.7/site-packages/airflow/example_dags/example_nested_branch_dag.py
[2022-07-31 07:02:29,208] {processor.py:651} INFO - DAG(s) dict_keys(['example_nested_branch_dag']) retrieved from /home/airflow/.local/lib/python3.7/site-packages/airflow/example_dags/example_nested_branch_dag.py
[2022-07-31 07:02:29,277] {logging_mixin.py:115} INFO - [2022-07-31 07:02:29,276] {dag.py:2420} INFO - Sync 1 DAGs
[2022-07-31 07:02:29,329] {logging_mixin.py:115} INFO - [2022-07-31 07:02:29,328] {dag.py:2972} INFO - Setting next_dagrun for example_nested_branch_dag to 2022-07-30T00:00:00+00:00, run_after=2022-07-31T00:00:00+00:00
[2022-07-31 07:02:29,357] {processor.py:161} INFO - Processing /home/airflow/.local/lib/python3.7/site-packages/airflow/example_dags/example_nested_branch_dag.py took 0.190 seconds
[2022-07-31 07:02:59,954] {processor.py:153} INFO - Started process (PID=744) to work on /home/airflow/.local/lib/python3.7/site-packages/airflow/example_dags/example_nested_branch_dag.py
[2022-07-31 07:02:59,955] {processor.py:641} INFO - Processing file /home/airflow/.local/lib/python3.7/site-packages/airflow/example_dags/example_nested_branch_dag.py for tasks to queue
[2022-07-31 07:02:59,956] {logging_mixin.py:115} INFO - [2022-07-31 07:02:59,956] {dagbag.py:508} INFO - Filling up the DagBag from /home/airflow/.local/lib/python3.7/site-packages/airflow/example_dags/example_nested_branch_dag.py
[2022-07-31 07:02:59,977] {processor.py:651} INFO - DAG(s) dict_keys(['example_nested_branch_dag']) retrieved from /home/airflow/.local/lib/python3.7/site-packages/airflow/example_dags/example_nested_branch_dag.py
[2022-07-31 07:03:00,035] {logging_mixin.py:115} INFO - [2022-07-31 07:03:00,035] {dag.py:2420} INFO - Sync 1 DAGs
[2022-07-31 07:03:00,099] {logging_mixin.py:115} INFO - [2022-07-31 07:03:00,098] {dag.py:2972} INFO - Setting next_dagrun for example_nested_branch_dag to 2022-07-30T00:00:00+00:00, run_after=2022-07-31T00:00:00+00:00
[2022-07-31 07:03:00,125] {processor.py:161} INFO - Processing /home/airflow/.local/lib/python3.7/site-packages/airflow/example_dags/example_nested_branch_dag.py took 0.177 seconds
[2022-07-31 07:03:30,190] {processor.py:153} INFO - Started process (PID=805) to work on /home/airflow/.local/lib/python3.7/site-packages/airflow/example_dags/example_nested_branch_dag.py
[2022-07-31 07:03:30,192] {processor.py:641} INFO - Processing file /home/airflow/.local/lib/python3.7/site-packages/airflow/example_dags/example_nested_branch_dag.py for tasks to queue
[2022-07-31 07:03:30,194] {logging_mixin.py:115} INFO - [2022-07-31 07:03:30,193] {dagbag.py:508} INFO - Filling up the DagBag from /home/airflow/.local/lib/python3.7/site-packages/airflow/example_dags/example_nested_branch_dag.py
[2022-07-31 07:03:30,222] {processor.py:651} INFO - DAG(s) dict_keys(['example_nested_branch_dag']) retrieved from /home/airflow/.local/lib/python3.7/site-packages/airflow/example_dags/example_nested_branch_dag.py
[2022-07-31 07:03:30,276] {logging_mixin.py:115} INFO - [2022-07-31 07:03:30,276] {dag.py:2420} INFO - Sync 1 DAGs
[2022-07-31 07:03:30,329] {logging_mixin.py:115} INFO - [2022-07-31 07:03:30,328] {dag.py:2972} INFO - Setting next_dagrun for example_nested_branch_dag to 2022-07-30T00:00:00+00:00, run_after=2022-07-31T00:00:00+00:00
[2022-07-31 07:03:30,358] {processor.py:161} INFO - Processing /home/airflow/.local/lib/python3.7/site-packages/airflow/example_dags/example_nested_branch_dag.py took 0.176 seconds
[2022-07-31 07:04:00,943] {processor.py:153} INFO - Started process (PID=857) to work on /home/airflow/.local/lib/python3.7/site-packages/airflow/example_dags/example_nested_branch_dag.py
[2022-07-31 07:04:00,944] {processor.py:641} INFO - Processing file /home/airflow/.local/lib/python3.7/site-packages/airflow/example_dags/example_nested_branch_dag.py for tasks to queue
[2022-07-31 07:04:00,945] {logging_mixin.py:115} INFO - [2022-07-31 07:04:00,945] {dagbag.py:508} INFO - Filling up the DagBag from /home/airflow/.local/lib/python3.7/site-packages/airflow/example_dags/example_nested_branch_dag.py
[2022-07-31 07:04:00,959] {processor.py:651} INFO - DAG(s) dict_keys(['example_nested_branch_dag']) retrieved from /home/airflow/.local/lib/python3.7/site-packages/airflow/example_dags/example_nested_branch_dag.py
[2022-07-31 07:04:00,993] {logging_mixin.py:115} INFO - [2022-07-31 07:04:00,993] {dag.py:2420} INFO - Sync 1 DAGs
[2022-07-31 07:04:01,021] {logging_mixin.py:115} INFO - [2022-07-31 07:04:01,021] {dag.py:2972} INFO - Setting next_dagrun for example_nested_branch_dag to 2022-07-30T00:00:00+00:00, run_after=2022-07-31T00:00:00+00:00
[2022-07-31 07:04:01,043] {processor.py:161} INFO - Processing /home/airflow/.local/lib/python3.7/site-packages/airflow/example_dags/example_nested_branch_dag.py took 0.105 seconds
[2022-07-31 07:04:31,809] {processor.py:153} INFO - Started process (PID=918) to work on /home/airflow/.local/lib/python3.7/site-packages/airflow/example_dags/example_nested_branch_dag.py
[2022-07-31 07:04:31,810] {processor.py:641} INFO - Processing file /home/airflow/.local/lib/python3.7/site-packages/airflow/example_dags/example_nested_branch_dag.py for tasks to queue
[2022-07-31 07:04:31,810] {logging_mixin.py:115} INFO - [2022-07-31 07:04:31,810] {dagbag.py:508} INFO - Filling up the DagBag from /home/airflow/.local/lib/python3.7/site-packages/airflow/example_dags/example_nested_branch_dag.py
[2022-07-31 07:04:31,828] {processor.py:651} INFO - DAG(s) dict_keys(['example_nested_branch_dag']) retrieved from /home/airflow/.local/lib/python3.7/site-packages/airflow/example_dags/example_nested_branch_dag.py
[2022-07-31 07:04:31,877] {logging_mixin.py:115} INFO - [2022-07-31 07:04:31,876] {dag.py:2420} INFO - Sync 1 DAGs
[2022-07-31 07:04:31,938] {logging_mixin.py:115} INFO - [2022-07-31 07:04:31,938] {dag.py:2972} INFO - Setting next_dagrun for example_nested_branch_dag to 2022-07-30T00:00:00+00:00, run_after=2022-07-31T00:00:00+00:00
[2022-07-31 07:04:31,956] {processor.py:161} INFO - Processing /home/airflow/.local/lib/python3.7/site-packages/airflow/example_dags/example_nested_branch_dag.py took 0.152 seconds
[2022-07-31 07:05:02,495] {processor.py:153} INFO - Started process (PID=970) to work on /home/airflow/.local/lib/python3.7/site-packages/airflow/example_dags/example_nested_branch_dag.py
[2022-07-31 07:05:02,496] {processor.py:641} INFO - Processing file /home/airflow/.local/lib/python3.7/site-packages/airflow/example_dags/example_nested_branch_dag.py for tasks to queue
[2022-07-31 07:05:02,496] {logging_mixin.py:115} INFO - [2022-07-31 07:05:02,496] {dagbag.py:508} INFO - Filling up the DagBag from /home/airflow/.local/lib/python3.7/site-packages/airflow/example_dags/example_nested_branch_dag.py
[2022-07-31 07:05:02,512] {processor.py:651} INFO - DAG(s) dict_keys(['example_nested_branch_dag']) retrieved from /home/airflow/.local/lib/python3.7/site-packages/airflow/example_dags/example_nested_branch_dag.py
[2022-07-31 07:05:02,551] {logging_mixin.py:115} INFO - [2022-07-31 07:05:02,551] {dag.py:2420} INFO - Sync 1 DAGs
[2022-07-31 07:05:02,595] {logging_mixin.py:115} INFO - [2022-07-31 07:05:02,594] {dag.py:2972} INFO - Setting next_dagrun for example_nested_branch_dag to 2022-07-30T00:00:00+00:00, run_after=2022-07-31T00:00:00+00:00
[2022-07-31 07:05:02,627] {processor.py:161} INFO - Processing /home/airflow/.local/lib/python3.7/site-packages/airflow/example_dags/example_nested_branch_dag.py took 0.139 seconds
[2022-07-31 07:05:33,038] {processor.py:153} INFO - Started process (PID=1032) to work on /home/airflow/.local/lib/python3.7/site-packages/airflow/example_dags/example_nested_branch_dag.py
[2022-07-31 07:05:33,039] {processor.py:641} INFO - Processing file /home/airflow/.local/lib/python3.7/site-packages/airflow/example_dags/example_nested_branch_dag.py for tasks to queue
[2022-07-31 07:05:33,040] {logging_mixin.py:115} INFO - [2022-07-31 07:05:33,040] {dagbag.py:508} INFO - Filling up the DagBag from /home/airflow/.local/lib/python3.7/site-packages/airflow/example_dags/example_nested_branch_dag.py
[2022-07-31 07:05:33,057] {processor.py:651} INFO - DAG(s) dict_keys(['example_nested_branch_dag']) retrieved from /home/airflow/.local/lib/python3.7/site-packages/airflow/example_dags/example_nested_branch_dag.py
[2022-07-31 07:05:33,094] {logging_mixin.py:115} INFO - [2022-07-31 07:05:33,094] {dag.py:2420} INFO - Sync 1 DAGs
[2022-07-31 07:05:33,125] {logging_mixin.py:115} INFO - [2022-07-31 07:05:33,125] {dag.py:2972} INFO - Setting next_dagrun for example_nested_branch_dag to 2022-07-30T00:00:00+00:00, run_after=2022-07-31T00:00:00+00:00
[2022-07-31 07:05:33,149] {processor.py:161} INFO - Processing /home/airflow/.local/lib/python3.7/site-packages/airflow/example_dags/example_nested_branch_dag.py took 0.117 seconds
[2022-07-31 07:06:03,717] {processor.py:153} INFO - Started process (PID=1092) to work on /home/airflow/.local/lib/python3.7/site-packages/airflow/example_dags/example_nested_branch_dag.py
[2022-07-31 07:06:03,718] {processor.py:641} INFO - Processing file /home/airflow/.local/lib/python3.7/site-packages/airflow/example_dags/example_nested_branch_dag.py for tasks to queue
[2022-07-31 07:06:03,718] {logging_mixin.py:115} INFO - [2022-07-31 07:06:03,718] {dagbag.py:508} INFO - Filling up the DagBag from /home/airflow/.local/lib/python3.7/site-packages/airflow/example_dags/example_nested_branch_dag.py
[2022-07-31 07:06:03,732] {processor.py:651} INFO - DAG(s) dict_keys(['example_nested_branch_dag']) retrieved from /home/airflow/.local/lib/python3.7/site-packages/airflow/example_dags/example_nested_branch_dag.py
[2022-07-31 07:06:03,770] {logging_mixin.py:115} INFO - [2022-07-31 07:06:03,770] {dag.py:2420} INFO - Sync 1 DAGs
[2022-07-31 07:06:03,798] {logging_mixin.py:115} INFO - [2022-07-31 07:06:03,798] {dag.py:2972} INFO - Setting next_dagrun for example_nested_branch_dag to 2022-07-30T00:00:00+00:00, run_after=2022-07-31T00:00:00+00:00
[2022-07-31 07:06:03,812] {processor.py:161} INFO - Processing /home/airflow/.local/lib/python3.7/site-packages/airflow/example_dags/example_nested_branch_dag.py took 0.100 seconds
[2022-07-31 07:06:34,125] {processor.py:153} INFO - Started process (PID=1146) to work on /home/airflow/.local/lib/python3.7/site-packages/airflow/example_dags/example_nested_branch_dag.py
[2022-07-31 07:06:34,126] {processor.py:641} INFO - Processing file /home/airflow/.local/lib/python3.7/site-packages/airflow/example_dags/example_nested_branch_dag.py for tasks to queue
[2022-07-31 07:06:34,127] {logging_mixin.py:115} INFO - [2022-07-31 07:06:34,127] {dagbag.py:508} INFO - Filling up the DagBag from /home/airflow/.local/lib/python3.7/site-packages/airflow/example_dags/example_nested_branch_dag.py
[2022-07-31 07:06:34,140] {processor.py:651} INFO - DAG(s) dict_keys(['example_nested_branch_dag']) retrieved from /home/airflow/.local/lib/python3.7/site-packages/airflow/example_dags/example_nested_branch_dag.py
[2022-07-31 07:06:34,171] {logging_mixin.py:115} INFO - [2022-07-31 07:06:34,171] {dag.py:2420} INFO - Sync 1 DAGs
[2022-07-31 07:06:34,198] {logging_mixin.py:115} INFO - [2022-07-31 07:06:34,197] {dag.py:2972} INFO - Setting next_dagrun for example_nested_branch_dag to 2022-07-30T00:00:00+00:00, run_after=2022-07-31T00:00:00+00:00
[2022-07-31 07:06:34,210] {processor.py:161} INFO - Processing /home/airflow/.local/lib/python3.7/site-packages/airflow/example_dags/example_nested_branch_dag.py took 0.090 seconds
[2022-07-31 07:07:04,381] {processor.py:153} INFO - Started process (PID=1207) to work on /home/airflow/.local/lib/python3.7/site-packages/airflow/example_dags/example_nested_branch_dag.py
[2022-07-31 07:07:04,382] {processor.py:641} INFO - Processing file /home/airflow/.local/lib/python3.7/site-packages/airflow/example_dags/example_nested_branch_dag.py for tasks to queue
[2022-07-31 07:07:04,383] {logging_mixin.py:115} INFO - [2022-07-31 07:07:04,383] {dagbag.py:508} INFO - Filling up the DagBag from /home/airflow/.local/lib/python3.7/site-packages/airflow/example_dags/example_nested_branch_dag.py
[2022-07-31 07:07:04,398] {processor.py:651} INFO - DAG(s) dict_keys(['example_nested_branch_dag']) retrieved from /home/airflow/.local/lib/python3.7/site-packages/airflow/example_dags/example_nested_branch_dag.py
[2022-07-31 07:07:04,439] {logging_mixin.py:115} INFO - [2022-07-31 07:07:04,439] {dag.py:2420} INFO - Sync 1 DAGs
[2022-07-31 07:07:04,468] {logging_mixin.py:115} INFO - [2022-07-31 07:07:04,468] {dag.py:2972} INFO - Setting next_dagrun for example_nested_branch_dag to 2022-07-30T00:00:00+00:00, run_after=2022-07-31T00:00:00+00:00
[2022-07-31 07:07:04,483] {processor.py:161} INFO - Processing /home/airflow/.local/lib/python3.7/site-packages/airflow/example_dags/example_nested_branch_dag.py took 0.107 seconds
[2022-07-31 07:07:34,964] {processor.py:153} INFO - Started process (PID=1259) to work on /home/airflow/.local/lib/python3.7/site-packages/airflow/example_dags/example_nested_branch_dag.py
[2022-07-31 07:07:34,964] {processor.py:641} INFO - Processing file /home/airflow/.local/lib/python3.7/site-packages/airflow/example_dags/example_nested_branch_dag.py for tasks to queue
[2022-07-31 07:07:34,965] {logging_mixin.py:115} INFO - [2022-07-31 07:07:34,965] {dagbag.py:508} INFO - Filling up the DagBag from /home/airflow/.local/lib/python3.7/site-packages/airflow/example_dags/example_nested_branch_dag.py
[2022-07-31 07:07:34,979] {processor.py:651} INFO - DAG(s) dict_keys(['example_nested_branch_dag']) retrieved from /home/airflow/.local/lib/python3.7/site-packages/airflow/example_dags/example_nested_branch_dag.py
[2022-07-31 07:07:35,010] {logging_mixin.py:115} INFO - [2022-07-31 07:07:35,010] {dag.py:2420} INFO - Sync 1 DAGs
[2022-07-31 07:07:35,037] {logging_mixin.py:115} INFO - [2022-07-31 07:07:35,037] {dag.py:2972} INFO - Setting next_dagrun for example_nested_branch_dag to 2022-07-30T00:00:00+00:00, run_after=2022-07-31T00:00:00+00:00
[2022-07-31 07:07:35,050] {processor.py:161} INFO - Processing /home/airflow/.local/lib/python3.7/site-packages/airflow/example_dags/example_nested_branch_dag.py took 0.091 seconds
