[2022-07-31 06:56:55,959] {processor.py:153} INFO - Started process (PID=78) to work on /home/airflow/.local/lib/python3.7/site-packages/airflow/example_dags/tutorial_etl_dag.py
[2022-07-31 06:56:55,962] {processor.py:641} INFO - Processing file /home/airflow/.local/lib/python3.7/site-packages/airflow/example_dags/tutorial_etl_dag.py for tasks to queue
[2022-07-31 06:56:55,964] {logging_mixin.py:115} INFO - [2022-07-31 06:56:55,963] {dagbag.py:508} INFO - Filling up the DagBag from /home/airflow/.local/lib/python3.7/site-packages/airflow/example_dags/tutorial_etl_dag.py
[2022-07-31 06:56:55,980] {processor.py:651} INFO - DAG(s) dict_keys(['tutorial_etl_dag']) retrieved from /home/airflow/.local/lib/python3.7/site-packages/airflow/example_dags/tutorial_etl_dag.py
[2022-07-31 06:56:56,210] {logging_mixin.py:115} INFO - [2022-07-31 06:56:56,210] {manager.py:508} INFO - Created Permission View: can edit on DAG:tutorial_etl_dag
[2022-07-31 06:56:56,233] {logging_mixin.py:115} INFO - [2022-07-31 06:56:56,233] {manager.py:508} INFO - Created Permission View: can read on DAG:tutorial_etl_dag
[2022-07-31 06:56:56,255] {logging_mixin.py:115} INFO - [2022-07-31 06:56:56,255] {manager.py:508} INFO - Created Permission View: can delete on DAG:tutorial_etl_dag
[2022-07-31 06:56:56,256] {logging_mixin.py:115} INFO - [2022-07-31 06:56:56,256] {dag.py:2420} INFO - Sync 1 DAGs
[2022-07-31 06:56:56,277] {logging_mixin.py:115} INFO - [2022-07-31 06:56:56,277] {dag.py:2439} INFO - Creating ORM DAG for tutorial_etl_dag
[2022-07-31 06:56:56,302] {logging_mixin.py:115} INFO - [2022-07-31 06:56:56,302] {dag.py:2972} INFO - Setting next_dagrun for tutorial_etl_dag to None, run_after=None
[2022-07-31 06:56:56,333] {processor.py:161} INFO - Processing /home/airflow/.local/lib/python3.7/site-packages/airflow/example_dags/tutorial_etl_dag.py took 0.380 seconds
[2022-07-31 06:57:26,430] {processor.py:153} INFO - Started process (PID=130) to work on /home/airflow/.local/lib/python3.7/site-packages/airflow/example_dags/tutorial_etl_dag.py
[2022-07-31 06:57:26,431] {processor.py:641} INFO - Processing file /home/airflow/.local/lib/python3.7/site-packages/airflow/example_dags/tutorial_etl_dag.py for tasks to queue
[2022-07-31 06:57:26,432] {logging_mixin.py:115} INFO - [2022-07-31 06:57:26,432] {dagbag.py:508} INFO - Filling up the DagBag from /home/airflow/.local/lib/python3.7/site-packages/airflow/example_dags/tutorial_etl_dag.py
[2022-07-31 06:57:26,442] {processor.py:651} INFO - DAG(s) dict_keys(['tutorial_etl_dag']) retrieved from /home/airflow/.local/lib/python3.7/site-packages/airflow/example_dags/tutorial_etl_dag.py
[2022-07-31 06:57:26,482] {logging_mixin.py:115} INFO - [2022-07-31 06:57:26,482] {dag.py:2420} INFO - Sync 1 DAGs
[2022-07-31 06:57:26,524] {logging_mixin.py:115} INFO - [2022-07-31 06:57:26,523] {dag.py:2972} INFO - Setting next_dagrun for tutorial_etl_dag to None, run_after=None
[2022-07-31 06:57:26,544] {processor.py:161} INFO - Processing /home/airflow/.local/lib/python3.7/site-packages/airflow/example_dags/tutorial_etl_dag.py took 0.119 seconds
[2022-07-31 06:57:57,317] {processor.py:153} INFO - Started process (PID=191) to work on /home/airflow/.local/lib/python3.7/site-packages/airflow/example_dags/tutorial_etl_dag.py
[2022-07-31 06:57:57,317] {processor.py:641} INFO - Processing file /home/airflow/.local/lib/python3.7/site-packages/airflow/example_dags/tutorial_etl_dag.py for tasks to queue
[2022-07-31 06:57:57,318] {logging_mixin.py:115} INFO - [2022-07-31 06:57:57,318] {dagbag.py:508} INFO - Filling up the DagBag from /home/airflow/.local/lib/python3.7/site-packages/airflow/example_dags/tutorial_etl_dag.py
[2022-07-31 06:57:57,329] {processor.py:651} INFO - DAG(s) dict_keys(['tutorial_etl_dag']) retrieved from /home/airflow/.local/lib/python3.7/site-packages/airflow/example_dags/tutorial_etl_dag.py
[2022-07-31 06:57:57,360] {logging_mixin.py:115} INFO - [2022-07-31 06:57:57,360] {dag.py:2420} INFO - Sync 1 DAGs
[2022-07-31 06:57:57,385] {logging_mixin.py:115} INFO - [2022-07-31 06:57:57,385] {dag.py:2972} INFO - Setting next_dagrun for tutorial_etl_dag to None, run_after=None
[2022-07-31 06:57:57,406] {processor.py:161} INFO - Processing /home/airflow/.local/lib/python3.7/site-packages/airflow/example_dags/tutorial_etl_dag.py took 0.095 seconds
[2022-07-31 06:58:28,673] {processor.py:153} INFO - Started process (PID=250) to work on /home/airflow/.local/lib/python3.7/site-packages/airflow/example_dags/tutorial_etl_dag.py
[2022-07-31 06:58:28,676] {processor.py:641} INFO - Processing file /home/airflow/.local/lib/python3.7/site-packages/airflow/example_dags/tutorial_etl_dag.py for tasks to queue
[2022-07-31 06:58:28,677] {logging_mixin.py:115} INFO - [2022-07-31 06:58:28,677] {dagbag.py:508} INFO - Filling up the DagBag from /home/airflow/.local/lib/python3.7/site-packages/airflow/example_dags/tutorial_etl_dag.py
[2022-07-31 06:58:28,698] {processor.py:651} INFO - DAG(s) dict_keys(['tutorial_etl_dag']) retrieved from /home/airflow/.local/lib/python3.7/site-packages/airflow/example_dags/tutorial_etl_dag.py
[2022-07-31 06:58:28,748] {logging_mixin.py:115} INFO - [2022-07-31 06:58:28,747] {dag.py:2420} INFO - Sync 1 DAGs
[2022-07-31 06:58:28,786] {logging_mixin.py:115} INFO - [2022-07-31 06:58:28,786] {dag.py:2972} INFO - Setting next_dagrun for tutorial_etl_dag to None, run_after=None
[2022-07-31 06:58:28,808] {processor.py:161} INFO - Processing /home/airflow/.local/lib/python3.7/site-packages/airflow/example_dags/tutorial_etl_dag.py took 0.142 seconds
[2022-07-31 06:58:59,679] {processor.py:153} INFO - Started process (PID=304) to work on /home/airflow/.local/lib/python3.7/site-packages/airflow/example_dags/tutorial_etl_dag.py
[2022-07-31 06:58:59,680] {processor.py:641} INFO - Processing file /home/airflow/.local/lib/python3.7/site-packages/airflow/example_dags/tutorial_etl_dag.py for tasks to queue
[2022-07-31 06:58:59,681] {logging_mixin.py:115} INFO - [2022-07-31 06:58:59,681] {dagbag.py:508} INFO - Filling up the DagBag from /home/airflow/.local/lib/python3.7/site-packages/airflow/example_dags/tutorial_etl_dag.py
[2022-07-31 06:58:59,692] {processor.py:651} INFO - DAG(s) dict_keys(['tutorial_etl_dag']) retrieved from /home/airflow/.local/lib/python3.7/site-packages/airflow/example_dags/tutorial_etl_dag.py
[2022-07-31 06:58:59,740] {logging_mixin.py:115} INFO - [2022-07-31 06:58:59,740] {dag.py:2420} INFO - Sync 1 DAGs
[2022-07-31 06:58:59,789] {logging_mixin.py:115} INFO - [2022-07-31 06:58:59,789] {dag.py:2972} INFO - Setting next_dagrun for tutorial_etl_dag to None, run_after=None
[2022-07-31 06:58:59,815] {processor.py:161} INFO - Processing /home/airflow/.local/lib/python3.7/site-packages/airflow/example_dags/tutorial_etl_dag.py took 0.142 seconds
[2022-07-31 06:59:29,987] {processor.py:153} INFO - Started process (PID=365) to work on /home/airflow/.local/lib/python3.7/site-packages/airflow/example_dags/tutorial_etl_dag.py
[2022-07-31 06:59:29,988] {processor.py:641} INFO - Processing file /home/airflow/.local/lib/python3.7/site-packages/airflow/example_dags/tutorial_etl_dag.py for tasks to queue
[2022-07-31 06:59:29,989] {logging_mixin.py:115} INFO - [2022-07-31 06:59:29,989] {dagbag.py:508} INFO - Filling up the DagBag from /home/airflow/.local/lib/python3.7/site-packages/airflow/example_dags/tutorial_etl_dag.py
[2022-07-31 06:59:30,001] {processor.py:651} INFO - DAG(s) dict_keys(['tutorial_etl_dag']) retrieved from /home/airflow/.local/lib/python3.7/site-packages/airflow/example_dags/tutorial_etl_dag.py
[2022-07-31 06:59:30,035] {logging_mixin.py:115} INFO - [2022-07-31 06:59:30,035] {dag.py:2420} INFO - Sync 1 DAGs
[2022-07-31 06:59:30,062] {logging_mixin.py:115} INFO - [2022-07-31 06:59:30,062] {dag.py:2972} INFO - Setting next_dagrun for tutorial_etl_dag to None, run_after=None
[2022-07-31 06:59:30,079] {processor.py:161} INFO - Processing /home/airflow/.local/lib/python3.7/site-packages/airflow/example_dags/tutorial_etl_dag.py took 0.099 seconds
[2022-07-31 07:00:00,669] {processor.py:153} INFO - Started process (PID=417) to work on /home/airflow/.local/lib/python3.7/site-packages/airflow/example_dags/tutorial_etl_dag.py
[2022-07-31 07:00:00,670] {processor.py:641} INFO - Processing file /home/airflow/.local/lib/python3.7/site-packages/airflow/example_dags/tutorial_etl_dag.py for tasks to queue
[2022-07-31 07:00:00,671] {logging_mixin.py:115} INFO - [2022-07-31 07:00:00,671] {dagbag.py:508} INFO - Filling up the DagBag from /home/airflow/.local/lib/python3.7/site-packages/airflow/example_dags/tutorial_etl_dag.py
[2022-07-31 07:00:00,680] {processor.py:651} INFO - DAG(s) dict_keys(['tutorial_etl_dag']) retrieved from /home/airflow/.local/lib/python3.7/site-packages/airflow/example_dags/tutorial_etl_dag.py
[2022-07-31 07:00:00,713] {logging_mixin.py:115} INFO - [2022-07-31 07:00:00,713] {dag.py:2420} INFO - Sync 1 DAGs
[2022-07-31 07:00:00,741] {logging_mixin.py:115} INFO - [2022-07-31 07:00:00,741] {dag.py:2972} INFO - Setting next_dagrun for tutorial_etl_dag to None, run_after=None
[2022-07-31 07:00:00,755] {processor.py:161} INFO - Processing /home/airflow/.local/lib/python3.7/site-packages/airflow/example_dags/tutorial_etl_dag.py took 0.090 seconds
[2022-07-31 07:00:31,563] {processor.py:153} INFO - Started process (PID=479) to work on /home/airflow/.local/lib/python3.7/site-packages/airflow/example_dags/tutorial_etl_dag.py
[2022-07-31 07:00:31,564] {processor.py:641} INFO - Processing file /home/airflow/.local/lib/python3.7/site-packages/airflow/example_dags/tutorial_etl_dag.py for tasks to queue
[2022-07-31 07:00:31,566] {logging_mixin.py:115} INFO - [2022-07-31 07:00:31,565] {dagbag.py:508} INFO - Filling up the DagBag from /home/airflow/.local/lib/python3.7/site-packages/airflow/example_dags/tutorial_etl_dag.py
[2022-07-31 07:00:31,581] {processor.py:651} INFO - DAG(s) dict_keys(['tutorial_etl_dag']) retrieved from /home/airflow/.local/lib/python3.7/site-packages/airflow/example_dags/tutorial_etl_dag.py
[2022-07-31 07:00:31,632] {logging_mixin.py:115} INFO - [2022-07-31 07:00:31,632] {dag.py:2420} INFO - Sync 1 DAGs
[2022-07-31 07:00:31,675] {logging_mixin.py:115} INFO - [2022-07-31 07:00:31,675] {dag.py:2972} INFO - Setting next_dagrun for tutorial_etl_dag to None, run_after=None
[2022-07-31 07:00:31,704] {processor.py:161} INFO - Processing /home/airflow/.local/lib/python3.7/site-packages/airflow/example_dags/tutorial_etl_dag.py took 0.147 seconds
[2022-07-31 07:01:02,589] {processor.py:153} INFO - Started process (PID=531) to work on /home/airflow/.local/lib/python3.7/site-packages/airflow/example_dags/tutorial_etl_dag.py
[2022-07-31 07:01:02,590] {processor.py:641} INFO - Processing file /home/airflow/.local/lib/python3.7/site-packages/airflow/example_dags/tutorial_etl_dag.py for tasks to queue
[2022-07-31 07:01:02,591] {logging_mixin.py:115} INFO - [2022-07-31 07:01:02,591] {dagbag.py:508} INFO - Filling up the DagBag from /home/airflow/.local/lib/python3.7/site-packages/airflow/example_dags/tutorial_etl_dag.py
[2022-07-31 07:01:02,603] {processor.py:651} INFO - DAG(s) dict_keys(['tutorial_etl_dag']) retrieved from /home/airflow/.local/lib/python3.7/site-packages/airflow/example_dags/tutorial_etl_dag.py
[2022-07-31 07:01:02,648] {logging_mixin.py:115} INFO - [2022-07-31 07:01:02,648] {dag.py:2420} INFO - Sync 1 DAGs
[2022-07-31 07:01:02,681] {logging_mixin.py:115} INFO - [2022-07-31 07:01:02,681] {dag.py:2972} INFO - Setting next_dagrun for tutorial_etl_dag to None, run_after=None
[2022-07-31 07:01:02,697] {processor.py:161} INFO - Processing /home/airflow/.local/lib/python3.7/site-packages/airflow/example_dags/tutorial_etl_dag.py took 0.114 seconds
[2022-07-31 07:01:33,234] {processor.py:153} INFO - Started process (PID=592) to work on /home/airflow/.local/lib/python3.7/site-packages/airflow/example_dags/tutorial_etl_dag.py
[2022-07-31 07:01:33,236] {processor.py:641} INFO - Processing file /home/airflow/.local/lib/python3.7/site-packages/airflow/example_dags/tutorial_etl_dag.py for tasks to queue
[2022-07-31 07:01:33,244] {logging_mixin.py:115} INFO - [2022-07-31 07:01:33,244] {dagbag.py:508} INFO - Filling up the DagBag from /home/airflow/.local/lib/python3.7/site-packages/airflow/example_dags/tutorial_etl_dag.py
[2022-07-31 07:01:33,254] {processor.py:651} INFO - DAG(s) dict_keys(['tutorial_etl_dag']) retrieved from /home/airflow/.local/lib/python3.7/site-packages/airflow/example_dags/tutorial_etl_dag.py
[2022-07-31 07:01:33,292] {logging_mixin.py:115} INFO - [2022-07-31 07:01:33,292] {dag.py:2420} INFO - Sync 1 DAGs
[2022-07-31 07:01:33,324] {logging_mixin.py:115} INFO - [2022-07-31 07:01:33,324] {dag.py:2972} INFO - Setting next_dagrun for tutorial_etl_dag to None, run_after=None
[2022-07-31 07:01:33,340] {processor.py:161} INFO - Processing /home/airflow/.local/lib/python3.7/site-packages/airflow/example_dags/tutorial_etl_dag.py took 0.111 seconds
[2022-07-31 07:02:03,908] {processor.py:153} INFO - Started process (PID=653) to work on /home/airflow/.local/lib/python3.7/site-packages/airflow/example_dags/tutorial_etl_dag.py
[2022-07-31 07:02:03,909] {processor.py:641} INFO - Processing file /home/airflow/.local/lib/python3.7/site-packages/airflow/example_dags/tutorial_etl_dag.py for tasks to queue
[2022-07-31 07:02:03,910] {logging_mixin.py:115} INFO - [2022-07-31 07:02:03,910] {dagbag.py:508} INFO - Filling up the DagBag from /home/airflow/.local/lib/python3.7/site-packages/airflow/example_dags/tutorial_etl_dag.py
[2022-07-31 07:02:03,928] {processor.py:651} INFO - DAG(s) dict_keys(['tutorial_etl_dag']) retrieved from /home/airflow/.local/lib/python3.7/site-packages/airflow/example_dags/tutorial_etl_dag.py
[2022-07-31 07:02:03,980] {logging_mixin.py:115} INFO - [2022-07-31 07:02:03,980] {dag.py:2420} INFO - Sync 1 DAGs
[2022-07-31 07:02:04,045] {logging_mixin.py:115} INFO - [2022-07-31 07:02:04,045] {dag.py:2972} INFO - Setting next_dagrun for tutorial_etl_dag to None, run_after=None
[2022-07-31 07:02:04,080] {processor.py:161} INFO - Processing /home/airflow/.local/lib/python3.7/site-packages/airflow/example_dags/tutorial_etl_dag.py took 0.181 seconds
[2022-07-31 07:02:34,704] {processor.py:153} INFO - Started process (PID=705) to work on /home/airflow/.local/lib/python3.7/site-packages/airflow/example_dags/tutorial_etl_dag.py
[2022-07-31 07:02:34,706] {processor.py:641} INFO - Processing file /home/airflow/.local/lib/python3.7/site-packages/airflow/example_dags/tutorial_etl_dag.py for tasks to queue
[2022-07-31 07:02:34,707] {logging_mixin.py:115} INFO - [2022-07-31 07:02:34,707] {dagbag.py:508} INFO - Filling up the DagBag from /home/airflow/.local/lib/python3.7/site-packages/airflow/example_dags/tutorial_etl_dag.py
[2022-07-31 07:02:34,720] {processor.py:651} INFO - DAG(s) dict_keys(['tutorial_etl_dag']) retrieved from /home/airflow/.local/lib/python3.7/site-packages/airflow/example_dags/tutorial_etl_dag.py
[2022-07-31 07:02:34,785] {logging_mixin.py:115} INFO - [2022-07-31 07:02:34,785] {dag.py:2420} INFO - Sync 1 DAGs
[2022-07-31 07:02:34,837] {logging_mixin.py:115} INFO - [2022-07-31 07:02:34,837] {dag.py:2972} INFO - Setting next_dagrun for tutorial_etl_dag to None, run_after=None
[2022-07-31 07:02:34,868] {processor.py:161} INFO - Processing /home/airflow/.local/lib/python3.7/site-packages/airflow/example_dags/tutorial_etl_dag.py took 0.170 seconds
[2022-07-31 07:03:05,756] {processor.py:153} INFO - Started process (PID=766) to work on /home/airflow/.local/lib/python3.7/site-packages/airflow/example_dags/tutorial_etl_dag.py
[2022-07-31 07:03:05,758] {processor.py:641} INFO - Processing file /home/airflow/.local/lib/python3.7/site-packages/airflow/example_dags/tutorial_etl_dag.py for tasks to queue
[2022-07-31 07:03:05,759] {logging_mixin.py:115} INFO - [2022-07-31 07:03:05,759] {dagbag.py:508} INFO - Filling up the DagBag from /home/airflow/.local/lib/python3.7/site-packages/airflow/example_dags/tutorial_etl_dag.py
[2022-07-31 07:03:05,778] {processor.py:651} INFO - DAG(s) dict_keys(['tutorial_etl_dag']) retrieved from /home/airflow/.local/lib/python3.7/site-packages/airflow/example_dags/tutorial_etl_dag.py
[2022-07-31 07:03:05,835] {logging_mixin.py:115} INFO - [2022-07-31 07:03:05,835] {dag.py:2420} INFO - Sync 1 DAGs
[2022-07-31 07:03:05,918] {logging_mixin.py:115} INFO - [2022-07-31 07:03:05,918] {dag.py:2972} INFO - Setting next_dagrun for tutorial_etl_dag to None, run_after=None
[2022-07-31 07:03:05,962] {processor.py:161} INFO - Processing /home/airflow/.local/lib/python3.7/site-packages/airflow/example_dags/tutorial_etl_dag.py took 0.215 seconds
[2022-07-31 07:03:36,159] {processor.py:153} INFO - Started process (PID=818) to work on /home/airflow/.local/lib/python3.7/site-packages/airflow/example_dags/tutorial_etl_dag.py
[2022-07-31 07:03:36,160] {processor.py:641} INFO - Processing file /home/airflow/.local/lib/python3.7/site-packages/airflow/example_dags/tutorial_etl_dag.py for tasks to queue
[2022-07-31 07:03:36,161] {logging_mixin.py:115} INFO - [2022-07-31 07:03:36,161] {dagbag.py:508} INFO - Filling up the DagBag from /home/airflow/.local/lib/python3.7/site-packages/airflow/example_dags/tutorial_etl_dag.py
[2022-07-31 07:03:36,174] {processor.py:651} INFO - DAG(s) dict_keys(['tutorial_etl_dag']) retrieved from /home/airflow/.local/lib/python3.7/site-packages/airflow/example_dags/tutorial_etl_dag.py
[2022-07-31 07:03:36,230] {logging_mixin.py:115} INFO - [2022-07-31 07:03:36,229] {dag.py:2420} INFO - Sync 1 DAGs
[2022-07-31 07:03:36,273] {logging_mixin.py:115} INFO - [2022-07-31 07:03:36,273] {dag.py:2972} INFO - Setting next_dagrun for tutorial_etl_dag to None, run_after=None
[2022-07-31 07:03:36,298] {processor.py:161} INFO - Processing /home/airflow/.local/lib/python3.7/site-packages/airflow/example_dags/tutorial_etl_dag.py took 0.146 seconds
[2022-07-31 07:04:07,131] {processor.py:153} INFO - Started process (PID=870) to work on /home/airflow/.local/lib/python3.7/site-packages/airflow/example_dags/tutorial_etl_dag.py
[2022-07-31 07:04:07,132] {processor.py:641} INFO - Processing file /home/airflow/.local/lib/python3.7/site-packages/airflow/example_dags/tutorial_etl_dag.py for tasks to queue
[2022-07-31 07:04:07,133] {logging_mixin.py:115} INFO - [2022-07-31 07:04:07,133] {dagbag.py:508} INFO - Filling up the DagBag from /home/airflow/.local/lib/python3.7/site-packages/airflow/example_dags/tutorial_etl_dag.py
[2022-07-31 07:04:07,142] {processor.py:651} INFO - DAG(s) dict_keys(['tutorial_etl_dag']) retrieved from /home/airflow/.local/lib/python3.7/site-packages/airflow/example_dags/tutorial_etl_dag.py
[2022-07-31 07:04:07,174] {logging_mixin.py:115} INFO - [2022-07-31 07:04:07,174] {dag.py:2420} INFO - Sync 1 DAGs
[2022-07-31 07:04:07,206] {logging_mixin.py:115} INFO - [2022-07-31 07:04:07,206] {dag.py:2972} INFO - Setting next_dagrun for tutorial_etl_dag to None, run_after=None
[2022-07-31 07:04:07,220] {processor.py:161} INFO - Processing /home/airflow/.local/lib/python3.7/site-packages/airflow/example_dags/tutorial_etl_dag.py took 0.093 seconds
[2022-07-31 07:04:37,433] {processor.py:153} INFO - Started process (PID=931) to work on /home/airflow/.local/lib/python3.7/site-packages/airflow/example_dags/tutorial_etl_dag.py
[2022-07-31 07:04:37,435] {processor.py:641} INFO - Processing file /home/airflow/.local/lib/python3.7/site-packages/airflow/example_dags/tutorial_etl_dag.py for tasks to queue
[2022-07-31 07:04:37,437] {logging_mixin.py:115} INFO - [2022-07-31 07:04:37,437] {dagbag.py:508} INFO - Filling up the DagBag from /home/airflow/.local/lib/python3.7/site-packages/airflow/example_dags/tutorial_etl_dag.py
[2022-07-31 07:04:37,456] {processor.py:651} INFO - DAG(s) dict_keys(['tutorial_etl_dag']) retrieved from /home/airflow/.local/lib/python3.7/site-packages/airflow/example_dags/tutorial_etl_dag.py
[2022-07-31 07:04:37,516] {logging_mixin.py:115} INFO - [2022-07-31 07:04:37,515] {dag.py:2420} INFO - Sync 1 DAGs
[2022-07-31 07:04:37,562] {logging_mixin.py:115} INFO - [2022-07-31 07:04:37,562] {dag.py:2972} INFO - Setting next_dagrun for tutorial_etl_dag to None, run_after=None
[2022-07-31 07:04:37,586] {processor.py:161} INFO - Processing /home/airflow/.local/lib/python3.7/site-packages/airflow/example_dags/tutorial_etl_dag.py took 0.160 seconds
[2022-07-31 07:05:07,630] {processor.py:153} INFO - Started process (PID=992) to work on /home/airflow/.local/lib/python3.7/site-packages/airflow/example_dags/tutorial_etl_dag.py
[2022-07-31 07:05:07,631] {processor.py:641} INFO - Processing file /home/airflow/.local/lib/python3.7/site-packages/airflow/example_dags/tutorial_etl_dag.py for tasks to queue
[2022-07-31 07:05:07,633] {logging_mixin.py:115} INFO - [2022-07-31 07:05:07,632] {dagbag.py:508} INFO - Filling up the DagBag from /home/airflow/.local/lib/python3.7/site-packages/airflow/example_dags/tutorial_etl_dag.py
[2022-07-31 07:05:07,645] {processor.py:651} INFO - DAG(s) dict_keys(['tutorial_etl_dag']) retrieved from /home/airflow/.local/lib/python3.7/site-packages/airflow/example_dags/tutorial_etl_dag.py
[2022-07-31 07:05:07,715] {logging_mixin.py:115} INFO - [2022-07-31 07:05:07,714] {dag.py:2420} INFO - Sync 1 DAGs
[2022-07-31 07:05:07,775] {logging_mixin.py:115} INFO - [2022-07-31 07:05:07,774] {dag.py:2972} INFO - Setting next_dagrun for tutorial_etl_dag to None, run_after=None
[2022-07-31 07:05:07,800] {processor.py:161} INFO - Processing /home/airflow/.local/lib/python3.7/site-packages/airflow/example_dags/tutorial_etl_dag.py took 0.175 seconds
[2022-07-31 07:05:38,079] {processor.py:153} INFO - Started process (PID=1045) to work on /home/airflow/.local/lib/python3.7/site-packages/airflow/example_dags/tutorial_etl_dag.py
[2022-07-31 07:05:38,080] {processor.py:641} INFO - Processing file /home/airflow/.local/lib/python3.7/site-packages/airflow/example_dags/tutorial_etl_dag.py for tasks to queue
[2022-07-31 07:05:38,081] {logging_mixin.py:115} INFO - [2022-07-31 07:05:38,081] {dagbag.py:508} INFO - Filling up the DagBag from /home/airflow/.local/lib/python3.7/site-packages/airflow/example_dags/tutorial_etl_dag.py
[2022-07-31 07:05:38,093] {processor.py:651} INFO - DAG(s) dict_keys(['tutorial_etl_dag']) retrieved from /home/airflow/.local/lib/python3.7/site-packages/airflow/example_dags/tutorial_etl_dag.py
[2022-07-31 07:05:38,126] {logging_mixin.py:115} INFO - [2022-07-31 07:05:38,126] {dag.py:2420} INFO - Sync 1 DAGs
[2022-07-31 07:05:38,151] {logging_mixin.py:115} INFO - [2022-07-31 07:05:38,151] {dag.py:2972} INFO - Setting next_dagrun for tutorial_etl_dag to None, run_after=None
[2022-07-31 07:05:38,168] {processor.py:161} INFO - Processing /home/airflow/.local/lib/python3.7/site-packages/airflow/example_dags/tutorial_etl_dag.py took 0.095 seconds
[2022-07-31 07:06:08,555] {processor.py:153} INFO - Started process (PID=1106) to work on /home/airflow/.local/lib/python3.7/site-packages/airflow/example_dags/tutorial_etl_dag.py
[2022-07-31 07:06:08,556] {processor.py:641} INFO - Processing file /home/airflow/.local/lib/python3.7/site-packages/airflow/example_dags/tutorial_etl_dag.py for tasks to queue
[2022-07-31 07:06:08,559] {logging_mixin.py:115} INFO - [2022-07-31 07:06:08,558] {dagbag.py:508} INFO - Filling up the DagBag from /home/airflow/.local/lib/python3.7/site-packages/airflow/example_dags/tutorial_etl_dag.py
[2022-07-31 07:06:08,574] {processor.py:651} INFO - DAG(s) dict_keys(['tutorial_etl_dag']) retrieved from /home/airflow/.local/lib/python3.7/site-packages/airflow/example_dags/tutorial_etl_dag.py
[2022-07-31 07:06:08,615] {logging_mixin.py:115} INFO - [2022-07-31 07:06:08,615] {dag.py:2420} INFO - Sync 1 DAGs
[2022-07-31 07:06:08,646] {logging_mixin.py:115} INFO - [2022-07-31 07:06:08,646] {dag.py:2972} INFO - Setting next_dagrun for tutorial_etl_dag to None, run_after=None
[2022-07-31 07:06:08,664] {processor.py:161} INFO - Processing /home/airflow/.local/lib/python3.7/site-packages/airflow/example_dags/tutorial_etl_dag.py took 0.115 seconds
[2022-07-31 07:06:39,235] {processor.py:153} INFO - Started process (PID=1168) to work on /home/airflow/.local/lib/python3.7/site-packages/airflow/example_dags/tutorial_etl_dag.py
[2022-07-31 07:06:39,236] {processor.py:641} INFO - Processing file /home/airflow/.local/lib/python3.7/site-packages/airflow/example_dags/tutorial_etl_dag.py for tasks to queue
[2022-07-31 07:06:39,237] {logging_mixin.py:115} INFO - [2022-07-31 07:06:39,237] {dagbag.py:508} INFO - Filling up the DagBag from /home/airflow/.local/lib/python3.7/site-packages/airflow/example_dags/tutorial_etl_dag.py
[2022-07-31 07:06:39,249] {processor.py:651} INFO - DAG(s) dict_keys(['tutorial_etl_dag']) retrieved from /home/airflow/.local/lib/python3.7/site-packages/airflow/example_dags/tutorial_etl_dag.py
[2022-07-31 07:06:39,359] {logging_mixin.py:115} INFO - [2022-07-31 07:06:39,358] {dag.py:2420} INFO - Sync 1 DAGs
[2022-07-31 07:06:39,419] {logging_mixin.py:115} INFO - [2022-07-31 07:06:39,419] {dag.py:2972} INFO - Setting next_dagrun for tutorial_etl_dag to None, run_after=None
[2022-07-31 07:06:39,454] {processor.py:161} INFO - Processing /home/airflow/.local/lib/python3.7/site-packages/airflow/example_dags/tutorial_etl_dag.py took 0.225 seconds
[2022-07-31 07:07:10,313] {processor.py:153} INFO - Started process (PID=1220) to work on /home/airflow/.local/lib/python3.7/site-packages/airflow/example_dags/tutorial_etl_dag.py
[2022-07-31 07:07:10,314] {processor.py:641} INFO - Processing file /home/airflow/.local/lib/python3.7/site-packages/airflow/example_dags/tutorial_etl_dag.py for tasks to queue
[2022-07-31 07:07:10,315] {logging_mixin.py:115} INFO - [2022-07-31 07:07:10,315] {dagbag.py:508} INFO - Filling up the DagBag from /home/airflow/.local/lib/python3.7/site-packages/airflow/example_dags/tutorial_etl_dag.py
[2022-07-31 07:07:10,325] {processor.py:651} INFO - DAG(s) dict_keys(['tutorial_etl_dag']) retrieved from /home/airflow/.local/lib/python3.7/site-packages/airflow/example_dags/tutorial_etl_dag.py
[2022-07-31 07:07:10,357] {logging_mixin.py:115} INFO - [2022-07-31 07:07:10,357] {dag.py:2420} INFO - Sync 1 DAGs
[2022-07-31 07:07:10,384] {logging_mixin.py:115} INFO - [2022-07-31 07:07:10,384] {dag.py:2972} INFO - Setting next_dagrun for tutorial_etl_dag to None, run_after=None
[2022-07-31 07:07:10,397] {processor.py:161} INFO - Processing /home/airflow/.local/lib/python3.7/site-packages/airflow/example_dags/tutorial_etl_dag.py took 0.090 seconds
[2022-07-31 07:07:40,681] {processor.py:153} INFO - Started process (PID=1281) to work on /home/airflow/.local/lib/python3.7/site-packages/airflow/example_dags/tutorial_etl_dag.py
[2022-07-31 07:07:40,682] {processor.py:641} INFO - Processing file /home/airflow/.local/lib/python3.7/site-packages/airflow/example_dags/tutorial_etl_dag.py for tasks to queue
[2022-07-31 07:07:40,684] {logging_mixin.py:115} INFO - [2022-07-31 07:07:40,684] {dagbag.py:508} INFO - Filling up the DagBag from /home/airflow/.local/lib/python3.7/site-packages/airflow/example_dags/tutorial_etl_dag.py
[2022-07-31 07:07:40,700] {processor.py:651} INFO - DAG(s) dict_keys(['tutorial_etl_dag']) retrieved from /home/airflow/.local/lib/python3.7/site-packages/airflow/example_dags/tutorial_etl_dag.py
[2022-07-31 07:07:40,738] {logging_mixin.py:115} INFO - [2022-07-31 07:07:40,738] {dag.py:2420} INFO - Sync 1 DAGs
[2022-07-31 07:07:40,766] {logging_mixin.py:115} INFO - [2022-07-31 07:07:40,766] {dag.py:2972} INFO - Setting next_dagrun for tutorial_etl_dag to None, run_after=None
[2022-07-31 07:07:40,781] {processor.py:161} INFO - Processing /home/airflow/.local/lib/python3.7/site-packages/airflow/example_dags/tutorial_etl_dag.py took 0.108 seconds
