

============================== 2022-07-31 22:18:19.140681 | ea849c25-031f-4db7-81f7-c3913f4221ab ==============================
22:18:19.140692 [info ] [MainThread]: Running with dbt=1.1.1
22:18:19.141073 [debug] [MainThread]: running dbt with arguments {'write_json': True, 'use_colors': True, 'printer_width': 80, 'version_check': True, 'partial_parse': True, 'static_parser': True, 'profiles_dir': '/root/.dbt', 'send_anonymous_usage_stats': True, 'event_buffer_size': 100000, 'quiet': False, 'no_print': False, 'config_dir': False, 'which': 'debug', 'indirect_selection': 'eager'}
22:18:19.141426 [debug] [MainThread]: Tracking: tracking
22:18:19.146085 [debug] [MainThread]: Sending event: {'category': 'dbt', 'action': 'invocation', 'label': 'start', 'context': [<snowplow_tracker.self_describing_json.SelfDescribingJson object at 0x7f16184b2400>, <snowplow_tracker.self_describing_json.SelfDescribingJson object at 0x7f16184b2610>, <snowplow_tracker.self_describing_json.SelfDescribingJson object at 0x7f16184b2550>]}
22:18:19.193776 [debug] [MainThread]: Executing "git --help"
22:18:19.198845 [debug] [MainThread]: STDOUT: "b"usage: git [--version] [--help] [-C <path>] [-c <name>=<value>]\n           [--exec-path[=<path>]] [--html-path] [--man-path] [--info-path]\n           [-p | --paginate | -P | --no-pager] [--no-replace-objects] [--bare]\n           [--git-dir=<path>] [--work-tree=<path>] [--namespace=<name>]\n           <command> [<args>]\n\nThese are common Git commands used in various situations:\n\nstart a working area (see also: git help tutorial)\n   clone      Clone a repository into a new directory\n   init       Create an empty Git repository or reinitialize an existing one\n\nwork on the current change (see also: git help everyday)\n   add        Add file contents to the index\n   mv         Move or rename a file, a directory, or a symlink\n   reset      Reset current HEAD to the specified state\n   rm         Remove files from the working tree and from the index\n\nexamine the history and state (see also: git help revisions)\n   bisect     Use binary search to find the commit that introduced a bug\n   grep       Print lines matching a pattern\n   log        Show commit logs\n   show       Show various types of objects\n   status     Show the working tree status\n\ngrow, mark and tweak your common history\n   branch     List, create, or delete branches\n   checkout    Switch branches or restore working tree files\n   commit     Record changes to the repository\n   diff       Show changes between commits, commit and working tree, etc\n   merge      Join two or more development histories together\n   rebase     Reapply commits on top of another base tip\n   tag        Create, list, delete or verify a tag object signed with GPG\n\ncollaborate (see also: git help workflows)\n   fetch      Download objects and refs from another repository\n   pull       Fetch from and integrate with another repository or a local branch\n   push       Update remote refs along with associated objects\n\n'git help -a' and 'git help -g' list available subcommands and some\nconcept guides. See 'git help <command>' or 'git help <concept>'\nto read about a specific subcommand or concept.\n""
22:18:19.199438 [debug] [MainThread]: STDERR: "b''"
22:18:19.206431 [debug] [MainThread]: Acquiring new postgres connection "debug"
22:18:19.207446 [debug] [MainThread]: Using postgres connection "debug"
22:18:19.207864 [debug] [MainThread]: On debug: select 1 as id
22:18:19.208116 [debug] [MainThread]: Opening a new connection, currently in state init
22:18:19.213576 [debug] [MainThread]: Postgres adapter: Got an error when attempting to open a postgres connection: 'could not translate host name "pg_analytics" to address: Name or service not known
'
22:18:19.214011 [debug] [MainThread]: Postgres adapter: Error running SQL: select 1 as id
22:18:19.214253 [debug] [MainThread]: Postgres adapter: Rolling back transaction.
22:18:19.214492 [debug] [MainThread]: On debug: No close available on handle
22:18:19.214888 [debug] [MainThread]: Sending event: {'category': 'dbt', 'action': 'invocation', 'label': 'end', 'context': [<snowplow_tracker.self_describing_json.SelfDescribingJson object at 0x7f1616ca7fd0>, <snowplow_tracker.self_describing_json.SelfDescribingJson object at 0x7f1616ca7a30>, <snowplow_tracker.self_describing_json.SelfDescribingJson object at 0x7f1616ca7a90>]}
22:18:20.341660 [debug] [MainThread]: Connection 'debug' was properly closed.


============================== 2022-07-31 23:42:07.285883 | 9f572bf1-d1c1-41b2-8fc9-2f0825dca0a5 ==============================
23:42:07.285902 [info ] [MainThread]: Running with dbt=1.1.1
23:42:07.305913 [debug] [MainThread]: running dbt with arguments {'write_json': True, 'use_colors': True, 'printer_width': 80, 'version_check': True, 'partial_parse': True, 'static_parser': True, 'profiles_dir': '/root/.dbt', 'send_anonymous_usage_stats': True, 'event_buffer_size': 100000, 'quiet': False, 'no_print': False, 'config_dir': False, 'which': 'debug', 'indirect_selection': 'eager'}
23:42:07.306361 [debug] [MainThread]: Tracking: tracking
23:42:07.312262 [debug] [MainThread]: Sending event: {'category': 'dbt', 'action': 'invocation', 'label': 'start', 'context': [<snowplow_tracker.self_describing_json.SelfDescribingJson object at 0x7f49da8a1400>, <snowplow_tracker.self_describing_json.SelfDescribingJson object at 0x7f49da8a1610>, <snowplow_tracker.self_describing_json.SelfDescribingJson object at 0x7f49da8a1550>]}
23:42:07.413031 [debug] [MainThread]: Executing "git --help"
23:42:07.438892 [debug] [MainThread]: STDOUT: "b"usage: git [--version] [--help] [-C <path>] [-c <name>=<value>]\n           [--exec-path[=<path>]] [--html-path] [--man-path] [--info-path]\n           [-p | --paginate | -P | --no-pager] [--no-replace-objects] [--bare]\n           [--git-dir=<path>] [--work-tree=<path>] [--namespace=<name>]\n           <command> [<args>]\n\nThese are common Git commands used in various situations:\n\nstart a working area (see also: git help tutorial)\n   clone      Clone a repository into a new directory\n   init       Create an empty Git repository or reinitialize an existing one\n\nwork on the current change (see also: git help everyday)\n   add        Add file contents to the index\n   mv         Move or rename a file, a directory, or a symlink\n   reset      Reset current HEAD to the specified state\n   rm         Remove files from the working tree and from the index\n\nexamine the history and state (see also: git help revisions)\n   bisect     Use binary search to find the commit that introduced a bug\n   grep       Print lines matching a pattern\n   log        Show commit logs\n   show       Show various types of objects\n   status     Show the working tree status\n\ngrow, mark and tweak your common history\n   branch     List, create, or delete branches\n   checkout    Switch branches or restore working tree files\n   commit     Record changes to the repository\n   diff       Show changes between commits, commit and working tree, etc\n   merge      Join two or more development histories together\n   rebase     Reapply commits on top of another base tip\n   tag        Create, list, delete or verify a tag object signed with GPG\n\ncollaborate (see also: git help workflows)\n   fetch      Download objects and refs from another repository\n   pull       Fetch from and integrate with another repository or a local branch\n   push       Update remote refs along with associated objects\n\n'git help -a' and 'git help -g' list available subcommands and some\nconcept guides. See 'git help <command>' or 'git help <concept>'\nto read about a specific subcommand or concept.\n""
23:42:07.439776 [debug] [MainThread]: STDERR: "b''"
23:42:07.447112 [debug] [MainThread]: Acquiring new postgres connection "debug"
23:42:07.448509 [debug] [MainThread]: Using postgres connection "debug"
23:42:07.449011 [debug] [MainThread]: On debug: select 1 as id
23:42:07.449364 [debug] [MainThread]: Opening a new connection, currently in state init
23:42:07.455604 [debug] [MainThread]: Postgres adapter: Got an error when attempting to open a postgres connection: 'could not translate host name "pg_analytics" to address: Name or service not known
'
23:42:07.456326 [debug] [MainThread]: Postgres adapter: Error running SQL: select 1 as id
23:42:07.456762 [debug] [MainThread]: Postgres adapter: Rolling back transaction.
23:42:07.457162 [debug] [MainThread]: On debug: No close available on handle
23:42:07.457609 [debug] [MainThread]: Sending event: {'category': 'dbt', 'action': 'invocation', 'label': 'end', 'context': [<snowplow_tracker.self_describing_json.SelfDescribingJson object at 0x7f49d9097f10>, <snowplow_tracker.self_describing_json.SelfDescribingJson object at 0x7f49d9097af0>, <snowplow_tracker.self_describing_json.SelfDescribingJson object at 0x7f49d9097bb0>]}
23:42:08.539801 [debug] [MainThread]: Connection 'debug' was properly closed.
