

============================== 2022-08-01 00:52:24.404455 | 74a84cd5-2eb2-4a64-9daf-a4a85b0400ee ==============================
00:52:24.404484 [info ] [MainThread]: Running with dbt=1.1.1
00:52:24.405280 [debug] [MainThread]: running dbt with arguments {'write_json': True, 'use_colors': True, 'printer_width': 80, 'version_check': True, 'partial_parse': True, 'static_parser': True, 'profiles_dir': '/root/.dbt', 'send_anonymous_usage_stats': True, 'event_buffer_size': 100000, 'quiet': False, 'no_print': False, 'config_dir': False, 'which': 'debug', 'indirect_selection': 'eager'}
00:52:24.405702 [debug] [MainThread]: Tracking: tracking
00:52:24.413877 [debug] [MainThread]: Sending event: {'category': 'dbt', 'action': 'invocation', 'label': 'start', 'context': [<snowplow_tracker.self_describing_json.SelfDescribingJson object at 0x7fead2f70400>, <snowplow_tracker.self_describing_json.SelfDescribingJson object at 0x7fead2f70610>, <snowplow_tracker.self_describing_json.SelfDescribingJson object at 0x7fead2f70550>]}
00:52:24.500734 [debug] [MainThread]: Executing "git --help"
00:52:24.509172 [debug] [MainThread]: STDOUT: "b"usage: git [--version] [--help] [-C <path>] [-c <name>=<value>]\n           [--exec-path[=<path>]] [--html-path] [--man-path] [--info-path]\n           [-p | --paginate | -P | --no-pager] [--no-replace-objects] [--bare]\n           [--git-dir=<path>] [--work-tree=<path>] [--namespace=<name>]\n           <command> [<args>]\n\nThese are common Git commands used in various situations:\n\nstart a working area (see also: git help tutorial)\n   clone      Clone a repository into a new directory\n   init       Create an empty Git repository or reinitialize an existing one\n\nwork on the current change (see also: git help everyday)\n   add        Add file contents to the index\n   mv         Move or rename a file, a directory, or a symlink\n   reset      Reset current HEAD to the specified state\n   rm         Remove files from the working tree and from the index\n\nexamine the history and state (see also: git help revisions)\n   bisect     Use binary search to find the commit that introduced a bug\n   grep       Print lines matching a pattern\n   log        Show commit logs\n   show       Show various types of objects\n   status     Show the working tree status\n\ngrow, mark and tweak your common history\n   branch     List, create, or delete branches\n   checkout    Switch branches or restore working tree files\n   commit     Record changes to the repository\n   diff       Show changes between commits, commit and working tree, etc\n   merge      Join two or more development histories together\n   rebase     Reapply commits on top of another base tip\n   tag        Create, list, delete or verify a tag object signed with GPG\n\ncollaborate (see also: git help workflows)\n   fetch      Download objects and refs from another repository\n   pull       Fetch from and integrate with another repository or a local branch\n   push       Update remote refs along with associated objects\n\n'git help -a' and 'git help -g' list available subcommands and some\nconcept guides. See 'git help <command>' or 'git help <concept>'\nto read about a specific subcommand or concept.\n""
00:52:24.509802 [debug] [MainThread]: STDERR: "b''"
00:52:24.516339 [debug] [MainThread]: Acquiring new postgres connection "debug"
00:52:24.517558 [debug] [MainThread]: Using postgres connection "debug"
00:52:24.517911 [debug] [MainThread]: On debug: select 1 as id
00:52:24.518181 [debug] [MainThread]: Opening a new connection, currently in state init
00:52:24.534306 [debug] [MainThread]: SQL status: SELECT 1 in 0.02 seconds
00:52:24.536919 [debug] [MainThread]: On debug: Close
00:52:24.540687 [debug] [MainThread]: Sending event: {'category': 'dbt', 'action': 'invocation', 'label': 'end', 'context': [<snowplow_tracker.self_describing_json.SelfDescribingJson object at 0x7fead1765e50>, <snowplow_tracker.self_describing_json.SelfDescribingJson object at 0x7fead1765970>, <snowplow_tracker.self_describing_json.SelfDescribingJson object at 0x7fead1765460>]}
00:52:25.537220 [debug] [MainThread]: Connection 'debug' was properly closed.


============================== 2022-08-01 01:15:18.029674 | aaa5ece9-4f29-475d-a65b-d0a5381b2510 ==============================
01:15:18.029685 [info ] [MainThread]: Running with dbt=1.1.1
01:15:18.030103 [debug] [MainThread]: running dbt with arguments {'write_json': True, 'use_colors': True, 'printer_width': 80, 'version_check': True, 'partial_parse': True, 'static_parser': True, 'profiles_dir': '/root/.dbt', 'send_anonymous_usage_stats': True, 'event_buffer_size': 100000, 'quiet': False, 'no_print': False, 'config_dir': False, 'which': 'debug', 'indirect_selection': 'eager'}
01:15:18.030570 [debug] [MainThread]: Tracking: tracking
01:15:18.036652 [debug] [MainThread]: Sending event: {'category': 'dbt', 'action': 'invocation', 'label': 'start', 'context': [<snowplow_tracker.self_describing_json.SelfDescribingJson object at 0x7f0bee1b0760>, <snowplow_tracker.self_describing_json.SelfDescribingJson object at 0x7f0bee1b09a0>, <snowplow_tracker.self_describing_json.SelfDescribingJson object at 0x7f0bee1b0820>]}
01:15:18.106288 [debug] [MainThread]: Executing "git --help"
01:15:18.113685 [debug] [MainThread]: STDOUT: "b"usage: git [--version] [--help] [-C <path>] [-c <name>=<value>]\n           [--exec-path[=<path>]] [--html-path] [--man-path] [--info-path]\n           [-p | --paginate | -P | --no-pager] [--no-replace-objects] [--bare]\n           [--git-dir=<path>] [--work-tree=<path>] [--namespace=<name>]\n           <command> [<args>]\n\nThese are common Git commands used in various situations:\n\nstart a working area (see also: git help tutorial)\n   clone      Clone a repository into a new directory\n   init       Create an empty Git repository or reinitialize an existing one\n\nwork on the current change (see also: git help everyday)\n   add        Add file contents to the index\n   mv         Move or rename a file, a directory, or a symlink\n   reset      Reset current HEAD to the specified state\n   rm         Remove files from the working tree and from the index\n\nexamine the history and state (see also: git help revisions)\n   bisect     Use binary search to find the commit that introduced a bug\n   grep       Print lines matching a pattern\n   log        Show commit logs\n   show       Show various types of objects\n   status     Show the working tree status\n\ngrow, mark and tweak your common history\n   branch     List, create, or delete branches\n   checkout    Switch branches or restore working tree files\n   commit     Record changes to the repository\n   diff       Show changes between commits, commit and working tree, etc\n   merge      Join two or more development histories together\n   rebase     Reapply commits on top of another base tip\n   tag        Create, list, delete or verify a tag object signed with GPG\n\ncollaborate (see also: git help workflows)\n   fetch      Download objects and refs from another repository\n   pull       Fetch from and integrate with another repository or a local branch\n   push       Update remote refs along with associated objects\n\n'git help -a' and 'git help -g' list available subcommands and some\nconcept guides. See 'git help <command>' or 'git help <concept>'\nto read about a specific subcommand or concept.\n""
01:15:18.114299 [debug] [MainThread]: STDERR: "b''"
01:15:18.118519 [debug] [MainThread]: Acquiring new postgres connection "debug"
01:15:18.119369 [debug] [MainThread]: Using postgres connection "debug"
01:15:18.119662 [debug] [MainThread]: On debug: select 1 as id
01:15:18.119971 [debug] [MainThread]: Opening a new connection, currently in state init
01:15:18.125077 [debug] [MainThread]: SQL status: SELECT 1 in 0.01 seconds
01:15:18.126482 [debug] [MainThread]: On debug: Close
01:15:18.128864 [debug] [MainThread]: Sending event: {'category': 'dbt', 'action': 'invocation', 'label': 'end', 'context': [<snowplow_tracker.self_describing_json.SelfDescribingJson object at 0x7f0bec93e5b0>, <snowplow_tracker.self_describing_json.SelfDescribingJson object at 0x7f0bec93e6d0>, <snowplow_tracker.self_describing_json.SelfDescribingJson object at 0x7f0bec93e670>]}
01:15:19.175838 [debug] [MainThread]: Connection 'debug' was properly closed.
